2018-12-17 11:13:52,339 - INFO - redcrab - main : Starting new RedCRAB optimization run
2018-12-17 11:13:52,339 - INFO - redcrab - main : Initialization...
2018-12-17 11:13:52,361 - INFO - redcrab - main : User Job id is: 21
2018-12-17 11:13:52,361 - INFO - redcrab - main : Internal User Job id is: 154504163234121
2018-12-17 11:13:52,361 - INFO - redcrab - main : Manage logging...
2018-12-17 11:13:52,361 - INFO - redcrab - main : Logging handled
2018-12-17 11:13:52,361 - INFO - redcrab - main : Establish server connection...
2018-12-17 11:13:52,361 - INFO - remote_module - ssh_connect: Trying to connect to granat.physik.uni-ulm.de (1/10)
2018-12-17 11:13:52,877 - INFO - remote_module - ssh_connect: Connected to granat.physik.uni-ulm.de
2018-12-17 11:13:54,346 - INFO - remote_module - sftp_connect: Opened ftp channel
2018-12-17 11:13:54,346 - INFO - remote_module - set_ftp_channel_timeout: set ftp channel timeout to: 15
2018-12-17 11:13:54,346 - INFO - redcrab - main : Checking server status
2018-12-17 11:13:54,428 - INFO - redcrab - main : Server status ok
2018-12-17 11:13:54,428 - INFO - redcrab - main : Sending config file to server...
2018-12-17 11:13:54,609 - INFO - redcrab - main : Config file sent sucessfully...
2018-12-17 11:13:54,609 - INFO - redcrab - main : Waiting for server answer...
2018-12-17 11:13:58,376 - INFO - redcrab - main : Server job id is: 18
2018-12-17 11:13:58,376 - INFO - redcrab - main : Server answer recieved
2018-12-17 11:13:58,384 - INFO - redcrab - main : Doing final preparations...
2018-12-17 11:14:00,719 - INFO - redcrab - main : Preparations finished...
2018-12-17 11:14:00,719 - INFO - redcrab - stopper_instance : Starting stopper instance.
2018-12-17 11:14:00,719 - INFO - redcrab - opti_instance : Initializing transmission...
2018-12-17 11:14:05,272 - INFO - redcrab - opti_instance : Starting transmission.
2018-12-17 11:14:05,316 - INFO - opti_instance - opti_loop : Waiting for pulse update...
2018-12-17 11:14:05,394 - INFO - opti_instance - _check_server_message : New server message
2018-12-17 11:14:05,610 - INFO - opti_instance - _read_server_message : Superiteration: 1, NM iteration: 0, NM function evaluation: 1, Total function evaluations: 1
2018-12-17 11:14:05,610 - INFO - opti_instance - opti_loop : Pulse updated
2018-12-17 11:14:05,610 - INFO - opti_instance - opti_loop : Downloading pulse...
2018-12-17 11:14:05,921 - INFO - opti_instance - opti_loop : Pulse downloaded
2018-12-17 11:14:05,928 - INFO - opti_instance - opti_loop : Preparing figure of merit evaluation...
2018-12-17 11:14:06,151 - INFO - opti_instance - opti_loop : Preparations complete
2018-12-17 11:14:06,151 - INFO - opti_instance - opti_loop : Waiting for figure of merit evaluation...
2018-12-17 11:14:08,856 - INFO - opti_instance - opti_loop : Figure of merit recieved
2018-12-17 11:14:08,856 - INFO - opti_instance - opti_loop : Checking server status
2018-12-17 11:14:08,979 - INFO - opti_instance - opti_loop : Status checked successfully
2018-12-17 11:14:08,979 - INFO - opti_instance - opti_loop : Sending figure of merit to server
2018-12-17 11:14:09,153 - INFO - opti_instance - _update_user_message : Had to create Msg_u.txt on client side
2018-12-17 11:14:09,255 - INFO - opti_instance - opti_loop : Figure of merit was sent
2018-12-17 11:14:09,255 - INFO - opti_instance - opti_loop : Checking if figure of merit record is reached
2018-12-17 11:14:09,286 - WARNING - remote_module - _re_exists: OSError: ./RedCRAB/exchange/exchangejob18/fom_record.txt does not exist, exit code -3
2018-12-17 11:14:09,755 - INFO - opti_instance - opti_loop : Fom_record reached. Update record file. 
2018-12-17 11:14:09,784 - INFO - opti_instance - opti_loop : Waiting for pulse update...
2018-12-17 11:14:09,847 - INFO - opti_instance - _check_server_message : New server message
2018-12-17 11:14:10,069 - INFO - opti_instance - _read_server_message : Superiteration: 1, NM iteration: 0, NM function evaluation: 2, Total function evaluations: 2
2018-12-17 11:14:10,069 - INFO - opti_instance - opti_loop : Pulse updated
2018-12-17 11:14:10,070 - INFO - opti_instance - opti_loop : Downloading pulse...
2018-12-17 11:14:10,427 - INFO - opti_instance - opti_loop : Pulse downloaded
2018-12-17 11:14:10,427 - INFO - opti_instance - opti_loop : Preparing figure of merit evaluation...
2018-12-17 11:14:10,598 - INFO - opti_instance - opti_loop : Preparations complete
2018-12-17 11:14:10,600 - INFO - opti_instance - opti_loop : Waiting for figure of merit evaluation...
2018-12-17 11:14:10,734 - INFO - opti_instance - opti_loop : Figure of merit recieved
2018-12-17 11:14:10,734 - INFO - opti_instance - opti_loop : Checking server status
2018-12-17 11:14:10,852 - INFO - opti_instance - opti_loop : Status checked successfully
2018-12-17 11:14:10,852 - INFO - opti_instance - opti_loop : Sending figure of merit to server
2018-12-17 11:14:11,165 - INFO - opti_instance - opti_loop : Figure of merit was sent
2018-12-17 11:14:11,165 - INFO - opti_instance - opti_loop : Checking if figure of merit record is reached
2018-12-17 11:14:11,195 - WARNING - remote_module - _re_exists: OSError: ./RedCRAB/exchange/exchangejob18/fom_record.txt does not exist, exit code -3
2018-12-17 11:14:11,335 - WARNING - remote_module - _re_exists: OSError: ./RedCRAB/exchange/exchangejob18/fom_record.txt does not exist, exit code -3
2018-12-17 11:14:11,815 - INFO - opti_instance - opti_loop : Record not reached 
2018-12-17 11:14:11,823 - INFO - opti_instance - opti_loop : Waiting for pulse update...
2018-12-17 11:14:11,893 - INFO - opti_instance - _check_server_message : New server message
2018-12-17 11:14:12,140 - INFO - opti_instance - _read_server_message : Superiteration: 1, NM iteration: 0, NM function evaluation: 3, Total function evaluations: 3
2018-12-17 11:14:12,140 - INFO - opti_instance - opti_loop : Pulse updated
2018-12-17 11:14:12,140 - INFO - opti_instance - opti_loop : Downloading pulse...
2018-12-17 11:14:12,437 - INFO - opti_instance - opti_loop : Pulse downloaded
2018-12-17 11:14:12,437 - INFO - opti_instance - opti_loop : Preparing figure of merit evaluation...
2018-12-17 11:14:12,651 - INFO - opti_instance - opti_loop : Preparations complete
2018-12-17 11:14:12,651 - INFO - opti_instance - opti_loop : Waiting for figure of merit evaluation...
2018-12-17 11:14:12,781 - INFO - opti_instance - opti_loop : Figure of merit recieved
2018-12-17 11:14:12,781 - INFO - opti_instance - opti_loop : Checking server status
2018-12-17 11:14:12,896 - INFO - opti_instance - opti_loop : Status checked successfully
2018-12-17 11:14:12,896 - INFO - opti_instance - opti_loop : Sending figure of merit to server
2018-12-17 11:14:13,196 - INFO - opti_instance - opti_loop : Figure of merit was sent
2018-12-17 11:14:13,196 - INFO - opti_instance - opti_loop : Checking if figure of merit record is reached
2018-12-17 11:14:13,234 - WARNING - remote_module - _re_exists: OSError: ./RedCRAB/exchange/exchangejob18/fom_record.txt does not exist, exit code -3
2018-12-17 11:14:13,381 - WARNING - remote_module - _re_exists: OSError: ./RedCRAB/exchange/exchangejob18/fom_record.txt does not exist, exit code -3
2018-12-17 11:14:13,852 - INFO - opti_instance - opti_loop : Record not reached 
2018-12-17 11:14:13,868 - INFO - opti_instance - opti_loop : Waiting for pulse update...
2018-12-17 11:14:13,930 - INFO - opti_instance - _check_server_message : New server message
2018-12-17 11:14:14,153 - INFO - opti_instance - _read_server_message : Superiteration: 1, NM iteration: 0, NM function evaluation: 4, Total function evaluations: 4
2018-12-17 11:14:14,153 - INFO - opti_instance - opti_loop : Pulse updated
2018-12-17 11:14:14,153 - INFO - opti_instance - opti_loop : Downloading pulse...
2018-12-17 11:14:14,439 - INFO - opti_instance - opti_loop : Pulse downloaded
2018-12-17 11:14:14,439 - INFO - opti_instance - opti_loop : Preparing figure of merit evaluation...
2018-12-17 11:14:14,618 - INFO - opti_instance - opti_loop : Preparations complete
2018-12-17 11:14:14,618 - INFO - opti_instance - opti_loop : Waiting for figure of merit evaluation...
2018-12-17 11:14:14,733 - INFO - opti_instance - opti_loop : Figure of merit recieved
2018-12-17 11:14:14,733 - INFO - opti_instance - opti_loop : Checking server status
2018-12-17 11:14:14,840 - INFO - opti_instance - opti_loop : Status checked successfully
2018-12-17 11:14:14,840 - INFO - opti_instance - opti_loop : Sending figure of merit to server
2018-12-17 11:14:15,141 - INFO - opti_instance - opti_loop : Figure of merit was sent
2018-12-17 11:14:15,157 - INFO - opti_instance - opti_loop : Checking if figure of merit record is reached
2018-12-17 11:14:15,188 - WARNING - remote_module - _re_exists: OSError: ./RedCRAB/exchange/exchangejob18/fom_record.txt does not exist, exit code -3
2018-12-17 11:14:15,659 - INFO - opti_instance - opti_loop : Record not reached 
2018-12-17 11:14:15,690 - INFO - opti_instance - opti_loop : Waiting for pulse update...
2018-12-17 11:14:15,759 - INFO - opti_instance - _check_server_message : New server message
2018-12-17 11:14:15,992 - INFO - opti_instance - _read_server_message : Superiteration: 1, NM iteration: 1, NM function evaluation: 5, Total function evaluations: 5
2018-12-17 11:14:15,992 - INFO - opti_instance - opti_loop : Pulse updated
2018-12-17 11:14:15,992 - INFO - opti_instance - opti_loop : Downloading pulse...
2018-12-17 11:14:16,308 - INFO - opti_instance - opti_loop : Pulse downloaded
2018-12-17 11:14:16,323 - INFO - opti_instance - opti_loop : Preparing figure of merit evaluation...
2018-12-17 11:14:16,493 - INFO - opti_instance - opti_loop : Preparations complete
2018-12-17 11:14:16,493 - INFO - opti_instance - opti_loop : Waiting for figure of merit evaluation...
2018-12-17 11:14:16,678 - INFO - opti_instance - opti_loop : Figure of merit recieved
2018-12-17 11:14:16,678 - INFO - opti_instance - opti_loop : Checking server status
2018-12-17 11:14:16,794 - INFO - opti_instance - opti_loop : Status checked successfully
2018-12-17 11:14:16,794 - INFO - opti_instance - opti_loop : Sending figure of merit to server
2018-12-17 11:14:17,095 - INFO - opti_instance - opti_loop : Figure of merit was sent
2018-12-17 11:14:17,095 - INFO - opti_instance - opti_loop : Checking if figure of merit record is reached
2018-12-17 11:14:17,126 - WARNING - remote_module - _re_exists: OSError: ./RedCRAB/exchange/exchangejob18/fom_record.txt does not exist, exit code -3
2018-12-17 11:14:17,612 - INFO - opti_instance - opti_loop : Record not reached 
2018-12-17 11:14:17,644 - INFO - opti_instance - opti_loop : Waiting for pulse update...
2018-12-17 11:14:17,712 - INFO - opti_instance - _check_server_message : New server message
2018-12-17 11:14:17,937 - INFO - opti_instance - _read_server_message : Superiteration: 1, NM iteration: 1, NM function evaluation: 6, Total function evaluations: 6
2018-12-17 11:14:17,938 - INFO - opti_instance - opti_loop : Pulse updated
2018-12-17 11:14:17,939 - INFO - opti_instance - opti_loop : Downloading pulse...
2018-12-17 11:14:18,246 - INFO - opti_instance - opti_loop : Pulse downloaded
2018-12-17 11:14:18,246 - INFO - opti_instance - opti_loop : Preparing figure of merit evaluation...
2018-12-17 11:14:18,415 - INFO - opti_instance - opti_loop : Preparations complete
2018-12-17 11:14:18,415 - INFO - opti_instance - opti_loop : Waiting for figure of merit evaluation...
2018-12-17 11:14:18,532 - INFO - opti_instance - opti_loop : Figure of merit recieved
2018-12-17 11:14:18,533 - INFO - opti_instance - opti_loop : Checking server status
2018-12-17 11:14:18,645 - INFO - opti_instance - opti_loop : Status checked successfully
2018-12-17 11:14:18,645 - INFO - opti_instance - opti_loop : Sending figure of merit to server
2018-12-17 11:14:18,932 - INFO - opti_instance - opti_loop : Figure of merit was sent
2018-12-17 11:14:18,932 - INFO - opti_instance - opti_loop : Checking if figure of merit record is reached
2018-12-17 11:14:19,302 - INFO - opti_instance - opti_loop : Record not reached 
2018-12-17 11:14:19,317 - INFO - opti_instance - opti_loop : Waiting for pulse update...
2018-12-17 11:14:19,371 - INFO - opti_instance - _check_server_message : New server message
2018-12-17 11:14:19,603 - INFO - opti_instance - _read_server_message : Superiteration: 1, NM iteration: 2, NM function evaluation: 7, Total function evaluations: 7
2018-12-17 11:14:19,603 - INFO - opti_instance - opti_loop : Pulse updated
2018-12-17 11:14:19,603 - INFO - opti_instance - opti_loop : Downloading pulse...
2018-12-17 11:14:19,920 - INFO - opti_instance - opti_loop : Pulse downloaded
2018-12-17 11:14:19,920 - INFO - opti_instance - opti_loop : Preparing figure of merit evaluation...
2018-12-17 11:14:20,106 - INFO - opti_instance - opti_loop : Preparations complete
2018-12-17 11:14:20,106 - INFO - opti_instance - opti_loop : Waiting for figure of merit evaluation...
2018-12-17 11:14:20,221 - INFO - opti_instance - opti_loop : Figure of merit recieved
2018-12-17 11:14:20,221 - INFO - opti_instance - opti_loop : Checking server status
2018-12-17 11:14:20,341 - INFO - opti_instance - opti_loop : Status checked successfully
2018-12-17 11:14:20,342 - INFO - opti_instance - opti_loop : Sending figure of merit to server
2018-12-17 11:14:20,639 - INFO - opti_instance - opti_loop : Figure of merit was sent
2018-12-17 11:14:20,639 - INFO - opti_instance - opti_loop : Checking if figure of merit record is reached
2018-12-17 11:14:20,677 - WARNING - remote_module - _re_exists: OSError: ./RedCRAB/exchange/exchangejob18/fom_record.txt does not exist, exit code -3
2018-12-17 11:14:21,157 - INFO - opti_instance - opti_loop : Record not reached 
2018-12-17 11:14:21,179 - INFO - opti_instance - opti_loop : Waiting for pulse update...
2018-12-17 11:14:21,242 - INFO - opti_instance - _check_server_message : New server message
2018-12-17 11:14:21,480 - INFO - opti_instance - _read_server_message : Superiteration: 1, NM iteration: 2, NM function evaluation: 8, Total function evaluations: 8
2018-12-17 11:14:21,480 - INFO - opti_instance - opti_loop : Pulse updated
2018-12-17 11:14:21,480 - INFO - opti_instance - opti_loop : Downloading pulse...
2018-12-17 11:14:21,812 - INFO - opti_instance - opti_loop : Pulse downloaded
2018-12-17 11:14:21,812 - INFO - opti_instance - opti_loop : Preparing figure of merit evaluation...
2018-12-17 11:14:21,966 - INFO - opti_instance - opti_loop : Preparations complete
2018-12-17 11:14:21,981 - INFO - opti_instance - opti_loop : Waiting for figure of merit evaluation...
2018-12-17 11:14:22,113 - INFO - opti_instance - opti_loop : Figure of merit recieved
2018-12-17 11:14:22,113 - INFO - opti_instance - opti_loop : Checking server status
2018-12-17 11:14:22,231 - INFO - opti_instance - opti_loop : Status checked successfully
2018-12-17 11:14:22,231 - INFO - opti_instance - opti_loop : Sending figure of merit to server
2018-12-17 11:14:22,530 - INFO - opti_instance - opti_loop : Figure of merit was sent
2018-12-17 11:14:22,530 - INFO - opti_instance - opti_loop : Checking if figure of merit record is reached
2018-12-17 11:14:22,568 - WARNING - remote_module - _re_exists: OSError: ./RedCRAB/exchange/exchangejob18/fom_record.txt does not exist, exit code -3
2018-12-17 11:14:22,716 - WARNING - remote_module - _re_exists: OSError: ./RedCRAB/exchange/exchangejob18/fom_record.txt does not exist, exit code -3
2018-12-17 11:14:23,186 - INFO - opti_instance - opti_loop : Record not reached 
2018-12-17 11:14:23,217 - INFO - opti_instance - opti_loop : Waiting for pulse update...
2018-12-17 11:14:23,286 - INFO - opti_instance - _check_server_message : New server message
2018-12-17 11:14:23,519 - INFO - opti_instance - _read_server_message : Superiteration: 1, NM iteration: 3, NM function evaluation: 9, Total function evaluations: 9
2018-12-17 11:14:23,519 - INFO - opti_instance - opti_loop : Pulse updated
2018-12-17 11:14:23,519 - INFO - opti_instance - opti_loop : Downloading pulse...
2018-12-17 11:14:23,851 - INFO - opti_instance - opti_loop : Pulse downloaded
2018-12-17 11:14:23,851 - INFO - opti_instance - opti_loop : Preparing figure of merit evaluation...
2018-12-17 11:14:24,018 - INFO - opti_instance - opti_loop : Preparations complete
2018-12-17 11:14:24,018 - INFO - opti_instance - opti_loop : Waiting for figure of merit evaluation...
2018-12-17 11:14:24,136 - INFO - opti_instance - opti_loop : Figure of merit recieved
2018-12-17 11:14:24,136 - INFO - opti_instance - opti_loop : Checking server status
2018-12-17 11:14:24,268 - INFO - opti_instance - opti_loop : Status checked successfully
2018-12-17 11:14:24,268 - INFO - opti_instance - opti_loop : Sending figure of merit to server
2018-12-17 11:14:24,574 - INFO - opti_instance - opti_loop : Figure of merit was sent
2018-12-17 11:14:24,575 - INFO - opti_instance - opti_loop : Checking if figure of merit record is reached
2018-12-17 11:14:24,603 - WARNING - remote_module - _re_exists: OSError: ./RedCRAB/exchange/exchangejob18/fom_record.txt does not exist, exit code -3
2018-12-17 11:14:25,076 - INFO - opti_instance - opti_loop : Record not reached 
2018-12-17 11:14:25,108 - INFO - opti_instance - opti_loop : Waiting for pulse update...
2018-12-17 11:14:25,176 - INFO - opti_instance - _check_server_message : New server message
2018-12-17 11:14:25,409 - INFO - opti_instance - _read_server_message : Superiteration: 1, NM iteration: 3, NM function evaluation: 10, Total function evaluations: 10
2018-12-17 11:14:25,409 - INFO - opti_instance - opti_loop : Pulse updated
2018-12-17 11:14:25,409 - INFO - opti_instance - opti_loop : Downloading pulse...
2018-12-17 11:14:25,726 - INFO - opti_instance - opti_loop : Pulse downloaded
2018-12-17 11:14:25,726 - INFO - opti_instance - opti_loop : Preparing figure of merit evaluation...
2018-12-17 11:14:25,895 - INFO - opti_instance - opti_loop : Preparations complete
2018-12-17 11:14:25,895 - INFO - opti_instance - opti_loop : Waiting for figure of merit evaluation...
2018-12-17 11:14:26,027 - INFO - opti_instance - opti_loop : Figure of merit recieved
2018-12-17 11:14:26,027 - INFO - opti_instance - opti_loop : Checking server status
2018-12-17 11:14:26,143 - INFO - opti_instance - opti_loop : Status checked successfully
2018-12-17 11:14:26,143 - INFO - opti_instance - opti_loop : Sending figure of merit to server
2018-12-17 11:14:26,442 - INFO - opti_instance - opti_loop : Figure of merit was sent
2018-12-17 11:14:26,442 - INFO - opti_instance - opti_loop : Checking if figure of merit record is reached
2018-12-17 11:14:26,481 - WARNING - remote_module - _re_exists: OSError: ./RedCRAB/exchange/exchangejob18/fom_record.txt does not exist, exit code -3
2018-12-17 11:14:26,967 - INFO - opti_instance - opti_loop : Record not reached 
2018-12-17 11:14:26,988 - INFO - opti_instance - opti_loop : Waiting for pulse update...
2018-12-17 11:14:27,059 - INFO - opti_instance - _check_server_message : New server message
2018-12-17 11:14:27,279 - INFO - opti_instance - _read_server_message : Superiteration: 2, NM iteration: 0, NM function evaluation: 1, Total function evaluations: 11
2018-12-17 11:14:27,279 - INFO - opti_instance - opti_loop : Pulse updated
2018-12-17 11:14:27,279 - INFO - opti_instance - opti_loop : Downloading pulse...
2018-12-17 11:14:27,614 - INFO - opti_instance - opti_loop : Pulse downloaded
2018-12-17 11:14:27,614 - INFO - opti_instance - opti_loop : Preparing figure of merit evaluation...
2018-12-17 11:14:27,834 - INFO - opti_instance - opti_loop : Preparations complete
2018-12-17 11:14:27,834 - INFO - opti_instance - opti_loop : Waiting for figure of merit evaluation...
2018-12-17 11:14:27,981 - INFO - opti_instance - opti_loop : Figure of merit recieved
2018-12-17 11:14:27,981 - INFO - opti_instance - opti_loop : Checking server status
2018-12-17 11:14:28,088 - INFO - opti_instance - opti_loop : Status checked successfully
2018-12-17 11:14:28,088 - INFO - opti_instance - opti_loop : Sending figure of merit to server
2018-12-17 11:14:28,404 - INFO - opti_instance - opti_loop : Figure of merit was sent
2018-12-17 11:14:28,404 - INFO - opti_instance - opti_loop : Checking if figure of merit record is reached
2018-12-17 11:14:28,435 - WARNING - remote_module - _re_exists: OSError: ./RedCRAB/exchange/exchangejob18/fom_record.txt does not exist, exit code -3
2018-12-17 11:14:28,906 - INFO - opti_instance - opti_loop : Record not reached 
2018-12-17 11:14:28,937 - INFO - opti_instance - opti_loop : Waiting for pulse update...
2018-12-17 11:14:28,991 - INFO - opti_instance - _check_server_message : New server message
2018-12-17 11:14:29,239 - INFO - opti_instance - _read_server_message : Superiteration: 2, NM iteration: 0, NM function evaluation: 2, Total function evaluations: 12
2018-12-17 11:14:29,239 - INFO - opti_instance - opti_loop : Pulse updated
2018-12-17 11:14:29,239 - INFO - opti_instance - opti_loop : Downloading pulse...
2018-12-17 11:14:29,587 - INFO - opti_instance - opti_loop : Pulse downloaded
2018-12-17 11:14:29,587 - INFO - opti_instance - opti_loop : Preparing figure of merit evaluation...
2018-12-17 11:14:29,756 - INFO - opti_instance - opti_loop : Preparations complete
2018-12-17 11:14:29,756 - INFO - opti_instance - opti_loop : Waiting for figure of merit evaluation...
2018-12-17 11:14:29,872 - INFO - opti_instance - opti_loop : Figure of merit recieved
2018-12-17 11:14:29,872 - INFO - opti_instance - opti_loop : Checking server status
2018-12-17 11:14:29,992 - INFO - opti_instance - opti_loop : Status checked successfully
2018-12-17 11:14:29,995 - INFO - opti_instance - opti_loop : Sending figure of merit to server
2018-12-17 11:14:30,289 - INFO - opti_instance - opti_loop : Figure of merit was sent
2018-12-17 11:14:30,295 - INFO - opti_instance - opti_loop : Checking if figure of merit record is reached
2018-12-17 11:14:30,326 - WARNING - remote_module - _re_exists: OSError: ./RedCRAB/exchange/exchangejob18/fom_record.txt does not exist, exit code -3
2018-12-17 11:14:30,474 - WARNING - remote_module - _re_exists: OSError: ./RedCRAB/exchange/exchangejob18/fom_record.txt does not exist, exit code -3
2018-12-17 11:14:30,945 - INFO - opti_instance - opti_loop : Record not reached 
2018-12-17 11:14:30,960 - INFO - opti_instance - opti_loop : Waiting for pulse update...
2018-12-17 11:14:31,029 - INFO - opti_instance - _check_server_message : New server message
2018-12-17 11:14:31,263 - INFO - opti_instance - _read_server_message : Superiteration: 2, NM iteration: 0, NM function evaluation: 3, Total function evaluations: 13
2018-12-17 11:14:31,263 - INFO - opti_instance - opti_loop : Pulse updated
2018-12-17 11:14:31,263 - INFO - opti_instance - opti_loop : Downloading pulse...
2018-12-17 11:14:31,599 - INFO - opti_instance - opti_loop : Pulse downloaded
2018-12-17 11:14:31,599 - INFO - opti_instance - opti_loop : Preparing figure of merit evaluation...
2018-12-17 11:14:31,797 - INFO - opti_instance - opti_loop : Preparations complete
2018-12-17 11:14:31,798 - INFO - opti_instance - opti_loop : Waiting for figure of merit evaluation...
2018-12-17 11:14:31,916 - INFO - opti_instance - opti_loop : Figure of merit recieved
2018-12-17 11:14:31,916 - INFO - opti_instance - opti_loop : Checking server status
2018-12-17 11:14:32,048 - INFO - opti_instance - opti_loop : Status checked successfully
2018-12-17 11:14:32,048 - INFO - opti_instance - opti_loop : Sending figure of merit to server
2018-12-17 11:14:32,365 - INFO - opti_instance - opti_loop : Figure of merit was sent
2018-12-17 11:14:32,365 - INFO - opti_instance - opti_loop : Checking if figure of merit record is reached
2018-12-17 11:14:32,400 - WARNING - remote_module - _re_exists: OSError: ./RedCRAB/exchange/exchangejob18/fom_record.txt does not exist, exit code -3
2018-12-17 11:14:32,883 - INFO - opti_instance - opti_loop : Record not reached 
2018-12-17 11:14:32,899 - INFO - opti_instance - opti_loop : Waiting for pulse update...
2018-12-17 11:14:32,968 - INFO - opti_instance - _check_server_message : New server message
2018-12-17 11:14:33,184 - INFO - opti_instance - _read_server_message : Superiteration: 2, NM iteration: 0, NM function evaluation: 4, Total function evaluations: 14
2018-12-17 11:14:33,184 - INFO - opti_instance - opti_loop : Pulse updated
2018-12-17 11:14:33,184 - INFO - opti_instance - opti_loop : Downloading pulse...
2018-12-17 11:14:33,523 - INFO - opti_instance - opti_loop : Pulse downloaded
2018-12-17 11:14:33,523 - INFO - opti_instance - opti_loop : Preparing figure of merit evaluation...
2018-12-17 11:14:33,756 - INFO - opti_instance - opti_loop : Preparations complete
2018-12-17 11:14:33,756 - INFO - opti_instance - opti_loop : Waiting for figure of merit evaluation...
2018-12-17 11:14:33,871 - INFO - opti_instance - opti_loop : Figure of merit recieved
2018-12-17 11:14:33,871 - INFO - opti_instance - opti_loop : Checking server status
2018-12-17 11:14:33,988 - INFO - opti_instance - opti_loop : Status checked successfully
2018-12-17 11:14:33,988 - INFO - opti_instance - opti_loop : Sending figure of merit to server
2018-12-17 11:14:34,286 - INFO - opti_instance - opti_loop : Figure of merit was sent
2018-12-17 11:14:34,286 - INFO - opti_instance - opti_loop : Checking if figure of merit record is reached
2018-12-17 11:14:34,628 - INFO - opti_instance - opti_loop : Record not reached 
2018-12-17 11:14:34,675 - INFO - opti_instance - opti_loop : Waiting for pulse update...
2018-12-17 11:14:34,744 - INFO - opti_instance - _check_server_message : New server message
2018-12-17 11:14:34,976 - INFO - opti_instance - _read_server_message : Superiteration: 2, NM iteration: 1, NM function evaluation: 5, Total function evaluations: 15
2018-12-17 11:14:34,976 - INFO - opti_instance - opti_loop : Pulse updated
2018-12-17 11:14:34,976 - INFO - opti_instance - opti_loop : Downloading pulse...
2018-12-17 11:14:35,293 - INFO - opti_instance - opti_loop : Pulse downloaded
2018-12-17 11:14:35,293 - INFO - opti_instance - opti_loop : Preparing figure of merit evaluation...
2018-12-17 11:14:35,464 - INFO - opti_instance - opti_loop : Preparations complete
2018-12-17 11:14:35,464 - INFO - opti_instance - opti_loop : Waiting for figure of merit evaluation...
2018-12-17 11:14:35,593 - INFO - opti_instance - opti_loop : Figure of merit recieved
2018-12-17 11:14:35,593 - INFO - opti_instance - opti_loop : Checking server status
2018-12-17 11:14:35,709 - INFO - opti_instance - opti_loop : Status checked successfully
2018-12-17 11:14:35,716 - INFO - opti_instance - opti_loop : Sending figure of merit to server
2018-12-17 11:14:36,018 - INFO - opti_instance - opti_loop : Figure of merit was sent
2018-12-17 11:14:36,019 - INFO - opti_instance - opti_loop : Checking if figure of merit record is reached
2018-12-17 11:14:36,381 - INFO - opti_instance - opti_loop : Record not reached 
2018-12-17 11:14:36,412 - INFO - opti_instance - opti_loop : Waiting for pulse update...
2018-12-17 11:14:36,466 - INFO - opti_instance - _check_server_message : New server message
2018-12-17 11:14:36,711 - INFO - opti_instance - _read_server_message : Superiteration: 2, NM iteration: 2, NM function evaluation: 6, Total function evaluations: 16
2018-12-17 11:14:36,711 - INFO - opti_instance - opti_loop : Pulse updated
2018-12-17 11:14:36,711 - INFO - opti_instance - opti_loop : Downloading pulse...
2018-12-17 11:14:37,037 - INFO - opti_instance - opti_loop : Pulse downloaded
2018-12-17 11:14:37,037 - INFO - opti_instance - opti_loop : Preparing figure of merit evaluation...
2018-12-17 11:14:37,204 - INFO - opti_instance - opti_loop : Preparations complete
2018-12-17 11:14:37,206 - INFO - opti_instance - opti_loop : Waiting for figure of merit evaluation...
2018-12-17 11:14:37,337 - INFO - opti_instance - opti_loop : Figure of merit recieved
2018-12-17 11:14:37,337 - INFO - opti_instance - opti_loop : Checking server status
2018-12-17 11:14:37,468 - INFO - opti_instance - opti_loop : Status checked successfully
2018-12-17 11:14:37,468 - INFO - opti_instance - opti_loop : Sending figure of merit to server
2018-12-17 11:14:37,781 - INFO - opti_instance - opti_loop : Figure of merit was sent
2018-12-17 11:14:37,783 - INFO - opti_instance - opti_loop : Checking if figure of merit record is reached
2018-12-17 11:14:38,139 - INFO - opti_instance - opti_loop : Record not reached 
2018-12-17 11:14:38,171 - INFO - opti_instance - opti_loop : Waiting for pulse update...
2018-12-17 11:14:38,239 - INFO - opti_instance - _check_server_message : New server message
2018-12-17 11:14:38,468 - INFO - opti_instance - _read_server_message : Superiteration: 2, NM iteration: 2, NM function evaluation: 7, Total function evaluations: 17
2018-12-17 11:14:38,468 - INFO - opti_instance - opti_loop : Pulse updated
2018-12-17 11:14:38,468 - INFO - opti_instance - opti_loop : Downloading pulse...
2018-12-17 11:14:38,804 - INFO - opti_instance - opti_loop : Pulse downloaded
2018-12-17 11:14:38,804 - INFO - opti_instance - opti_loop : Preparing figure of merit evaluation...
2018-12-17 11:14:38,974 - INFO - opti_instance - opti_loop : Preparations complete
2018-12-17 11:14:38,975 - INFO - opti_instance - opti_loop : Waiting for figure of merit evaluation...
2018-12-17 11:14:39,098 - INFO - opti_instance - opti_loop : Figure of merit recieved
2018-12-17 11:14:39,098 - INFO - opti_instance - opti_loop : Checking server status
2018-12-17 11:14:39,221 - INFO - opti_instance - opti_loop : Status checked successfully
2018-12-17 11:14:39,221 - INFO - opti_instance - opti_loop : Sending figure of merit to server
2018-12-17 11:14:39,506 - INFO - opti_instance - opti_loop : Figure of merit was sent
2018-12-17 11:14:39,506 - INFO - opti_instance - opti_loop : Checking if figure of merit record is reached
2018-12-17 11:14:39,877 - INFO - opti_instance - opti_loop : Record not reached 
2018-12-17 11:14:39,892 - INFO - opti_instance - opti_loop : Waiting for pulse update...
2018-12-17 11:14:39,961 - INFO - opti_instance - _check_server_message : New server message
2018-12-17 11:14:40,186 - INFO - opti_instance - _read_server_message : Superiteration: 2, NM iteration: 3, NM function evaluation: 8, Total function evaluations: 18
2018-12-17 11:14:40,186 - INFO - opti_instance - opti_loop : Pulse updated
2018-12-17 11:14:40,188 - INFO - opti_instance - opti_loop : Downloading pulse...
2018-12-17 11:14:40,509 - INFO - opti_instance - opti_loop : Pulse downloaded
2018-12-17 11:14:40,525 - INFO - opti_instance - opti_loop : Preparing figure of merit evaluation...
2018-12-17 11:14:40,748 - INFO - opti_instance - opti_loop : Preparations complete
2018-12-17 11:14:40,748 - INFO - opti_instance - opti_loop : Waiting for figure of merit evaluation...
2018-12-17 11:14:40,881 - INFO - opti_instance - opti_loop : Figure of merit recieved
2018-12-17 11:14:40,881 - INFO - opti_instance - opti_loop : Checking server status
2018-12-17 11:14:40,996 - INFO - opti_instance - opti_loop : Status checked successfully
2018-12-17 11:14:40,996 - INFO - opti_instance - opti_loop : Sending figure of merit to server
2018-12-17 11:14:41,282 - INFO - opti_instance - opti_loop : Figure of merit was sent
2018-12-17 11:14:41,282 - INFO - opti_instance - opti_loop : Checking if figure of merit record is reached
2018-12-17 11:14:41,313 - WARNING - remote_module - _re_exists: OSError: ./RedCRAB/exchange/exchangejob18/fom_record.txt does not exist, exit code -3
2018-12-17 11:14:41,452 - WARNING - remote_module - _re_exists: OSError: ./RedCRAB/exchange/exchangejob18/fom_record.txt does not exist, exit code -3
2018-12-17 11:14:41,931 - INFO - opti_instance - opti_loop : Record not reached 
2018-12-17 11:14:41,953 - INFO - opti_instance - opti_loop : Waiting for pulse update...
2018-12-17 11:14:42,021 - INFO - opti_instance - _check_server_message : New server message
2018-12-17 11:14:42,254 - INFO - opti_instance - _read_server_message : Superiteration: 3, NM iteration: 0, NM function evaluation: 1, Total function evaluations: 19
2018-12-17 11:14:42,254 - INFO - opti_instance - opti_loop : Pulse updated
2018-12-17 11:14:42,254 - INFO - opti_instance - opti_loop : Downloading pulse...
2018-12-17 11:14:42,517 - INFO - opti_instance - opti_loop : Pulse downloaded
2018-12-17 11:14:42,517 - INFO - opti_instance - opti_loop : Preparing figure of merit evaluation...
2018-12-17 11:14:42,686 - INFO - opti_instance - opti_loop : Preparations complete
2018-12-17 11:14:42,686 - INFO - opti_instance - opti_loop : Waiting for figure of merit evaluation...
2018-12-17 11:14:42,817 - INFO - opti_instance - opti_loop : Figure of merit recieved
2018-12-17 11:14:42,817 - INFO - opti_instance - opti_loop : Checking server status
2018-12-17 11:14:42,933 - INFO - opti_instance - opti_loop : Status checked successfully
2018-12-17 11:14:42,940 - INFO - opti_instance - opti_loop : Sending figure of merit to server
2018-12-17 11:14:43,245 - INFO - opti_instance - opti_loop : Figure of merit was sent
2018-12-17 11:14:43,247 - INFO - opti_instance - opti_loop : Checking if figure of merit record is reached
2018-12-17 11:14:43,604 - INFO - opti_instance - opti_loop : Record not reached 
2018-12-17 11:14:43,636 - INFO - opti_instance - opti_loop : Waiting for pulse update...
2018-12-17 11:14:43,704 - INFO - opti_instance - _check_server_message : New server message
2018-12-17 11:14:43,921 - INFO - opti_instance - _read_server_message : Superiteration: 3, NM iteration: 0, NM function evaluation: 2, Total function evaluations: 20
2018-12-17 11:14:43,921 - INFO - opti_instance - opti_loop : Pulse updated
2018-12-17 11:14:43,921 - INFO - opti_instance - opti_loop : Downloading pulse...
2018-12-17 11:14:44,238 - INFO - opti_instance - opti_loop : Pulse downloaded
2018-12-17 11:14:44,244 - INFO - opti_instance - opti_loop : Preparing figure of merit evaluation...
2018-12-17 11:14:44,411 - INFO - opti_instance - opti_loop : Preparations complete
2018-12-17 11:14:44,412 - INFO - opti_instance - opti_loop : Waiting for figure of merit evaluation...
2018-12-17 11:14:44,523 - INFO - opti_instance - opti_loop : Figure of merit recieved
2018-12-17 11:14:44,523 - INFO - opti_instance - opti_loop : Checking server status
2018-12-17 11:14:44,639 - INFO - opti_instance - opti_loop : Status checked successfully
2018-12-17 11:14:44,639 - INFO - opti_instance - opti_loop : Sending figure of merit to server
2018-12-17 11:14:44,940 - INFO - opti_instance - opti_loop : Figure of merit was sent
2018-12-17 11:14:44,940 - INFO - opti_instance - opti_loop : Checking if figure of merit record is reached
2018-12-17 11:14:44,978 - WARNING - remote_module - _re_exists: OSError: ./RedCRAB/exchange/exchangejob18/fom_record.txt does not exist, exit code -3
2018-12-17 11:14:45,464 - INFO - opti_instance - opti_loop : Record not reached 
2018-12-17 11:14:45,480 - INFO - opti_instance - opti_loop : Waiting for pulse update...
2018-12-17 11:14:45,549 - INFO - opti_instance - _check_server_message : New server message
2018-12-17 11:14:45,780 - INFO - opti_instance - _read_server_message : Superiteration: 3, NM iteration: 0, NM function evaluation: 3, Total function evaluations: 21
2018-12-17 11:14:45,780 - INFO - opti_instance - opti_loop : Pulse updated
2018-12-17 11:14:45,780 - INFO - opti_instance - opti_loop : Downloading pulse...
2018-12-17 11:14:46,113 - INFO - opti_instance - opti_loop : Pulse downloaded
2018-12-17 11:14:46,113 - INFO - opti_instance - opti_loop : Preparing figure of merit evaluation...
2018-12-17 11:14:46,328 - INFO - opti_instance - opti_loop : Preparations complete
2018-12-17 11:14:46,328 - INFO - opti_instance - opti_loop : Waiting for figure of merit evaluation...
2018-12-17 11:14:46,444 - INFO - opti_instance - opti_loop : Figure of merit recieved
2018-12-17 11:14:46,444 - INFO - opti_instance - opti_loop : Checking server status
2018-12-17 11:14:46,551 - INFO - opti_instance - opti_loop : Status checked successfully
2018-12-17 11:14:46,551 - INFO - opti_instance - opti_loop : Sending figure of merit to server
2018-12-17 11:14:46,867 - INFO - opti_instance - opti_loop : Figure of merit was sent
2018-12-17 11:14:46,867 - INFO - opti_instance - opti_loop : Checking if figure of merit record is reached
2018-12-17 11:14:46,899 - WARNING - remote_module - _re_exists: OSError: ./RedCRAB/exchange/exchangejob18/fom_record.txt does not exist, exit code -3
2018-12-17 11:14:47,369 - INFO - opti_instance - opti_loop : Record not reached 
2018-12-17 11:14:47,400 - INFO - opti_instance - opti_loop : Waiting for pulse update...
2018-12-17 11:14:47,469 - INFO - opti_instance - _check_server_message : New server message
2018-12-17 11:14:47,700 - INFO - opti_instance - _read_server_message : Superiteration: 3, NM iteration: 0, NM function evaluation: 4, Total function evaluations: 22
2018-12-17 11:14:47,700 - INFO - opti_instance - opti_loop : Pulse updated
2018-12-17 11:14:47,700 - INFO - opti_instance - opti_loop : Downloading pulse...
2018-12-17 11:14:48,024 - INFO - opti_instance - opti_loop : Pulse downloaded
2018-12-17 11:14:48,024 - INFO - opti_instance - opti_loop : Preparing figure of merit evaluation...
2018-12-17 11:14:48,202 - INFO - opti_instance - opti_loop : Preparations complete
2018-12-17 11:14:48,202 - INFO - opti_instance - opti_loop : Waiting for figure of merit evaluation...
2018-12-17 11:14:48,317 - INFO - opti_instance - opti_loop : Figure of merit recieved
2018-12-17 11:14:48,317 - INFO - opti_instance - opti_loop : Checking server status
2018-12-17 11:14:48,434 - INFO - opti_instance - opti_loop : Status checked successfully
2018-12-17 11:14:48,434 - INFO - opti_instance - opti_loop : Sending figure of merit to server
2018-12-17 11:14:48,719 - INFO - opti_instance - opti_loop : Figure of merit was sent
2018-12-17 11:14:48,719 - INFO - opti_instance - opti_loop : Checking if figure of merit record is reached
2018-12-17 11:14:48,757 - WARNING - remote_module - _re_exists: OSError: ./RedCRAB/exchange/exchangejob18/fom_record.txt does not exist, exit code -3
2018-12-17 11:14:49,250 - INFO - opti_instance - opti_loop : Record not reached 
2018-12-17 11:14:49,275 - INFO - opti_instance - opti_loop : Waiting for pulse update...
2018-12-17 11:14:49,337 - INFO - opti_instance - _check_server_message : New server message
2018-12-17 11:14:49,576 - INFO - opti_instance - _read_server_message : Superiteration: 3, NM iteration: 1, NM function evaluation: 5, Total function evaluations: 23
2018-12-17 11:14:49,576 - INFO - opti_instance - opti_loop : Pulse updated
2018-12-17 11:14:49,576 - INFO - opti_instance - opti_loop : Downloading pulse...
2018-12-17 11:14:49,893 - INFO - opti_instance - opti_loop : Pulse downloaded
2018-12-17 11:14:49,893 - INFO - opti_instance - opti_loop : Preparing figure of merit evaluation...
2018-12-17 11:14:50,062 - INFO - opti_instance - opti_loop : Preparations complete
2018-12-17 11:14:50,078 - INFO - opti_instance - opti_loop : Waiting for figure of merit evaluation...
2018-12-17 11:14:50,194 - INFO - opti_instance - opti_loop : Figure of merit recieved
2018-12-17 11:14:50,194 - INFO - opti_instance - opti_loop : Checking server status
2018-12-17 11:14:50,310 - INFO - opti_instance - opti_loop : Status checked successfully
2018-12-17 11:14:50,310 - INFO - opti_instance - opti_loop : Sending figure of merit to server
2018-12-17 11:14:50,612 - INFO - opti_instance - opti_loop : Figure of merit was sent
2018-12-17 11:14:50,612 - INFO - opti_instance - opti_loop : Checking if figure of merit record is reached
2018-12-17 11:14:50,643 - WARNING - remote_module - _re_exists: OSError: ./RedCRAB/exchange/exchangejob18/fom_record.txt does not exist, exit code -3
2018-12-17 11:14:50,781 - WARNING - remote_module - _re_exists: OSError: ./RedCRAB/exchange/exchangejob18/fom_record.txt does not exist, exit code -3
2018-12-17 11:14:51,262 - INFO - opti_instance - opti_loop : Record not reached 
2018-12-17 11:14:51,284 - INFO - opti_instance - opti_loop : Waiting for pulse update...
2018-12-17 11:14:51,346 - INFO - opti_instance - _check_server_message : New server message
2018-12-17 11:14:51,584 - INFO - opti_instance - _read_server_message : Superiteration: 3, NM iteration: 2, NM function evaluation: 6, Total function evaluations: 24
2018-12-17 11:14:51,584 - INFO - opti_instance - opti_loop : Pulse updated
2018-12-17 11:14:51,584 - INFO - opti_instance - opti_loop : Downloading pulse...
2018-12-17 11:14:51,901 - INFO - opti_instance - opti_loop : Pulse downloaded
2018-12-17 11:14:51,901 - INFO - opti_instance - opti_loop : Preparing figure of merit evaluation...
2018-12-17 11:14:52,086 - INFO - opti_instance - opti_loop : Preparations complete
2018-12-17 11:14:52,086 - INFO - opti_instance - opti_loop : Waiting for figure of merit evaluation...
2018-12-17 11:14:52,202 - INFO - opti_instance - opti_loop : Figure of merit recieved
2018-12-17 11:14:52,202 - INFO - opti_instance - opti_loop : Checking server status
2018-12-17 11:14:52,318 - INFO - opti_instance - opti_loop : Status checked successfully
2018-12-17 11:14:52,318 - INFO - opti_instance - opti_loop : Sending figure of merit to server
2018-12-17 11:14:52,619 - INFO - opti_instance - opti_loop : Figure of merit was sent
2018-12-17 11:14:52,619 - INFO - opti_instance - opti_loop : Checking if figure of merit record is reached
2018-12-17 11:14:52,666 - WARNING - remote_module - _re_exists: OSError: ./RedCRAB/exchange/exchangejob18/fom_record.txt does not exist, exit code -3
2018-12-17 11:14:53,152 - INFO - opti_instance - opti_loop : Record not reached 
2018-12-17 11:14:53,168 - INFO - opti_instance - opti_loop : Waiting for pulse update...
2018-12-17 11:14:53,222 - INFO - opti_instance - _check_server_message : New server message
2018-12-17 11:14:53,449 - INFO - opti_instance - _read_server_message : Superiteration: 3, NM iteration: 2, NM function evaluation: 7, Total function evaluations: 25
2018-12-17 11:14:53,449 - INFO - opti_instance - opti_loop : Pulse updated
2018-12-17 11:14:53,450 - INFO - opti_instance - opti_loop : Downloading pulse...
2018-12-17 11:14:53,755 - INFO - opti_instance - opti_loop : Pulse downloaded
2018-12-17 11:14:53,755 - INFO - opti_instance - opti_loop : Preparing figure of merit evaluation...
2018-12-17 11:14:53,972 - INFO - opti_instance - opti_loop : Preparations complete
2018-12-17 11:14:53,972 - INFO - opti_instance - opti_loop : Waiting for figure of merit evaluation...
2018-12-17 11:14:54,093 - INFO - opti_instance - opti_loop : Figure of merit recieved
2018-12-17 11:14:54,093 - INFO - opti_instance - opti_loop : Checking server status
2018-12-17 11:14:54,225 - INFO - opti_instance - opti_loop : Status checked successfully
2018-12-17 11:14:54,225 - INFO - opti_instance - opti_loop : Sending figure of merit to server
2018-12-17 11:14:54,527 - INFO - opti_instance - opti_loop : Figure of merit was sent
2018-12-17 11:14:54,527 - INFO - opti_instance - opti_loop : Checking if figure of merit record is reached
2018-12-17 11:14:54,897 - INFO - opti_instance - opti_loop : Record not reached 
2018-12-17 11:14:54,928 - INFO - opti_instance - opti_loop : Waiting for pulse update...
2018-12-17 11:14:54,982 - INFO - opti_instance - _check_server_message : New server message
2018-12-17 11:14:55,229 - INFO - opti_instance - _read_server_message : Superiteration: 3, NM iteration: 3, NM function evaluation: 8, Total function evaluations: 26
2018-12-17 11:14:55,229 - INFO - opti_instance - opti_loop : Pulse updated
2018-12-17 11:14:55,229 - INFO - opti_instance - opti_loop : Downloading pulse...
2018-12-17 11:14:55,545 - INFO - opti_instance - opti_loop : Pulse downloaded
2018-12-17 11:14:55,545 - INFO - opti_instance - opti_loop : Preparing figure of merit evaluation...
2018-12-17 11:14:55,730 - INFO - opti_instance - opti_loop : Preparations complete
2018-12-17 11:14:55,730 - INFO - opti_instance - opti_loop : Waiting for figure of merit evaluation...
2018-12-17 11:14:55,847 - INFO - opti_instance - opti_loop : Figure of merit recieved
2018-12-17 11:14:55,848 - INFO - opti_instance - opti_loop : Checking server status
2018-12-17 11:14:55,952 - INFO - opti_instance - opti_loop : Status checked successfully
2018-12-17 11:14:55,967 - INFO - opti_instance - opti_loop : Sending figure of merit to server
2018-12-17 11:14:56,278 - INFO - opti_instance - opti_loop : Figure of merit was sent
2018-12-17 11:14:56,278 - INFO - opti_instance - opti_loop : Checking if figure of merit record is reached
2018-12-17 11:14:56,633 - INFO - opti_instance - opti_loop : Record not reached 
2018-12-17 11:14:56,649 - INFO - opti_instance - opti_loop : Waiting for pulse update...
2018-12-17 11:14:56,718 - INFO - opti_instance - _check_server_message : New server message
2018-12-17 11:14:56,950 - INFO - opti_instance - _read_server_message : Superiteration: 3, NM iteration: 3, NM function evaluation: 9, Total function evaluations: 27
2018-12-17 11:14:56,950 - INFO - opti_instance - opti_loop : Pulse updated
2018-12-17 11:14:56,950 - INFO - opti_instance - opti_loop : Downloading pulse...
2018-12-17 11:14:57,267 - INFO - opti_instance - opti_loop : Pulse downloaded
2018-12-17 11:14:57,267 - INFO - opti_instance - opti_loop : Preparing figure of merit evaluation...
2018-12-17 11:14:57,436 - INFO - opti_instance - opti_loop : Preparations complete
2018-12-17 11:14:57,436 - INFO - opti_instance - opti_loop : Waiting for figure of merit evaluation...
2018-12-17 11:14:57,584 - INFO - opti_instance - opti_loop : Figure of merit recieved
2018-12-17 11:14:57,584 - INFO - opti_instance - opti_loop : Checking server status
2018-12-17 11:14:57,700 - INFO - opti_instance - opti_loop : Status checked successfully
2018-12-17 11:14:57,700 - INFO - opti_instance - opti_loop : Sending figure of merit to server
2018-12-17 11:14:58,007 - INFO - opti_instance - opti_loop : Figure of merit was sent
2018-12-17 11:14:58,007 - INFO - opti_instance - opti_loop : Checking if figure of merit record is reached
2018-12-17 11:14:58,039 - WARNING - remote_module - _re_exists: OSError: ./RedCRAB/exchange/exchangejob18/fom_record.txt does not exist, exit code -3
2018-12-17 11:14:58,525 - INFO - opti_instance - opti_loop : Record not reached 
2018-12-17 11:14:58,541 - INFO - opti_instance - opti_loop : Waiting for pulse update...
2018-12-17 11:14:58,610 - INFO - opti_instance - _check_server_message : New server message
2018-12-17 11:14:58,842 - INFO - opti_instance - _read_server_message : Optimization finished without errors
2018-12-17 11:14:58,842 - INFO - redcrab - opti_instance : Handling exit.
2018-12-17 11:14:59,397 - INFO - remote_module - close_sftp_connection: SFTP connection closed
2018-12-17 11:14:59,413 - INFO - remote_module - close_ssh_connection: SSH connection closed
2018-12-17 11:14:59,413 - INFO - redcrab - opti_instance : Exit handled successfully.
2018-12-17 11:14:59,413 - INFO - redcrab - opti_instance : RedCRAB transmission ended.
