2018-12-17 12:13:56,201 - INFO - redcrab - main : Starting new RedCRAB optimization run
2018-12-17 12:13:56,201 - INFO - redcrab - main : Initialization...
2018-12-17 12:13:56,217 - WARNING - redcrab - _prepare_config_send : Job with ID: 223 already exists. Renaming to: 223_20181217_121356
2018-12-17 12:13:56,217 - INFO - redcrab - main : User Job id is: 223_20181217_121356
2018-12-17 12:13:56,217 - INFO - redcrab - main : Internal User Job id is: 1545045236217223
2018-12-17 12:13:56,217 - INFO - redcrab - main : Manage logging...
2018-12-17 12:13:56,223 - INFO - redcrab - main : Logging handled
2018-12-17 12:13:56,223 - INFO - redcrab - main : Establish server connection...
2018-12-17 12:13:56,223 - INFO - remote_module - ssh_connect: Trying to connect to granat.physik.uni-ulm.de (1/10)
2018-12-17 12:13:56,524 - INFO - remote_module - ssh_connect: Connected to granat.physik.uni-ulm.de
2018-12-17 12:13:56,819 - INFO - remote_module - sftp_connect: Opened ftp channel
2018-12-17 12:13:56,825 - INFO - remote_module - set_ftp_channel_timeout: set ftp channel timeout to: 15
2018-12-17 12:13:56,825 - INFO - redcrab - main : Checking server status
2018-12-17 12:13:56,904 - INFO - redcrab - main : Server status ok
2018-12-17 12:13:56,904 - INFO - redcrab - main : Sending config file to server...
2018-12-17 12:13:57,073 - INFO - redcrab - main : Config file sent sucessfully...
2018-12-17 12:13:57,073 - INFO - redcrab - main : Waiting for server answer...
2018-12-17 12:14:00,783 - INFO - redcrab - main : Server job id is: 23
2018-12-17 12:14:00,783 - INFO - redcrab - main : Server answer recieved
2018-12-17 12:14:00,783 - INFO - redcrab - main : Doing final preparations...
2018-12-17 12:14:03,038 - INFO - redcrab - main : Preparations finished...
2018-12-17 12:14:03,038 - INFO - redcrab - stopper_instance : Starting stopper instance.
2018-12-17 12:14:03,038 - INFO - redcrab - opti_instance : Initializing transmission...
2018-12-17 12:14:07,383 - INFO - redcrab - opti_instance : Starting transmission.
2018-12-17 12:14:07,383 - INFO - opti_instance - opti_loop : Waiting for pulse update...
2018-12-17 12:14:07,452 - INFO - opti_instance - _check_server_message : New server message
2018-12-17 12:14:07,684 - INFO - opti_instance - _read_server_message : Superiteration: 1, NM iteration: 0, NM function evaluation: 1, Total function evaluations: 1
2018-12-17 12:14:07,684 - INFO - opti_instance - opti_loop : Pulse updated
2018-12-17 12:14:07,684 - INFO - opti_instance - opti_loop : Downloading pulse...
2018-12-17 12:14:07,884 - INFO - opti_instance - opti_loop : Pulse downloaded
2018-12-17 12:14:07,884 - INFO - opti_instance - opti_loop : Preparing figure of merit evaluation...
2018-12-17 12:14:08,017 - INFO - opti_instance - opti_loop : Preparations complete
2018-12-17 12:14:08,019 - INFO - opti_instance - opti_loop : Waiting for figure of merit evaluation...
2018-12-17 12:14:08,617 - INFO - opti_instance - opti_loop : Figure of merit recieved
2018-12-17 12:14:08,619 - INFO - opti_instance - opti_loop : Checking server status
2018-12-17 12:14:08,732 - INFO - opti_instance - opti_loop : Status checked successfully
2018-12-17 12:14:08,732 - INFO - opti_instance - opti_loop : Sending figure of merit to server
2018-12-17 12:14:08,942 - INFO - opti_instance - _update_user_message : Had to create Msg_u.txt on client side
2018-12-17 12:14:09,045 - INFO - opti_instance - opti_loop : Figure of merit was sent
2018-12-17 12:14:09,045 - INFO - opti_instance - opti_loop : Checking if figure of merit record is reached
2018-12-17 12:14:09,408 - INFO - opti_instance - opti_loop : Fom_record reached. Update record file. 
2018-12-17 12:14:09,424 - INFO - opti_instance - opti_loop : Waiting for pulse update...
2018-12-17 12:14:09,477 - INFO - opti_instance - _check_server_message : New server message
2018-12-17 12:14:09,725 - INFO - opti_instance - _read_server_message : Superiteration: 1, NM iteration: 0, NM function evaluation: 2, Total function evaluations: 2
2018-12-17 12:14:09,725 - INFO - opti_instance - opti_loop : Pulse updated
2018-12-17 12:14:09,725 - INFO - opti_instance - opti_loop : Downloading pulse...
2018-12-17 12:14:09,932 - INFO - opti_instance - opti_loop : Pulse downloaded
2018-12-17 12:14:09,932 - INFO - opti_instance - opti_loop : Preparing figure of merit evaluation...
2018-12-17 12:14:10,048 - INFO - opti_instance - opti_loop : Preparations complete
2018-12-17 12:14:10,048 - INFO - opti_instance - opti_loop : Waiting for figure of merit evaluation...
2018-12-17 12:14:10,227 - INFO - opti_instance - opti_loop : Figure of merit recieved
2018-12-17 12:14:10,227 - INFO - opti_instance - opti_loop : Checking server status
2018-12-17 12:14:10,333 - INFO - opti_instance - opti_loop : Status checked successfully
2018-12-17 12:14:10,333 - INFO - opti_instance - opti_loop : Sending figure of merit to server
2018-12-17 12:14:10,632 - WARNING - remote_module - _file_put: OSError: Local file: D:\Work\Redcrab\RedCRAB_Client\bin\..\exchange\exchangejob23\Msg_u.txt or the folder to which the file: ./RedCRAB/exchange/exchangejob23/Msg_u.txt is to be transferred does not exist, exit code 3
2018-12-17 12:14:10,632 - WARNING - remote_module - file_put: OSError while calling _file_put in try: 1/3
2018-12-17 12:14:10,726 - INFO - remote_module - file_put: And file: ./RedCRAB/exchange/exchangejob23/Msg_u.txt does not exist (this is okay, as transmission raised an error).
2018-12-17 12:14:11,036 - INFO - opti_instance - opti_loop : Figure of merit was sent
2018-12-17 12:14:11,036 - INFO - opti_instance - opti_loop : Checking if figure of merit record is reached
2018-12-17 12:14:11,400 - INFO - opti_instance - opti_loop : Record not reached 
2018-12-17 12:14:11,431 - INFO - opti_instance - opti_loop : Waiting for pulse update...
2018-12-17 12:14:11,500 - INFO - opti_instance - _check_server_message : New server message
2018-12-17 12:14:11,732 - INFO - opti_instance - _read_server_message : Superiteration: 1, NM iteration: 0, NM function evaluation: 3, Total function evaluations: 3
2018-12-17 12:14:11,732 - INFO - opti_instance - opti_loop : Pulse updated
2018-12-17 12:14:11,732 - INFO - opti_instance - opti_loop : Downloading pulse...
2018-12-17 12:14:11,949 - INFO - opti_instance - opti_loop : Pulse downloaded
2018-12-17 12:14:11,950 - INFO - opti_instance - opti_loop : Preparing figure of merit evaluation...
2018-12-17 12:14:12,055 - ERROR - opti_instance - _check_for_user_message : Error: User message still exists, when it should not. Count = 1
2018-12-17 12:14:12,102 - ERROR - opti_instance - _check_for_user_message : Error: User message still exists, when it should not. Count = 2
2018-12-17 12:14:12,155 - ERROR - opti_instance - _check_for_user_message : Error: User message still exists, when it should not. Count = 3
2018-12-17 12:14:12,202 - ERROR - opti_instance - _check_for_user_message : Error: User message still exists, when it should not. Count = 4
2018-12-17 12:14:12,256 - ERROR - opti_instance - _check_for_user_message : Error: User message still exists, when it should not. Count = 5
2018-12-17 12:14:12,334 - INFO - opti_instance - opti_loop : Preparations complete
2018-12-17 12:14:12,340 - INFO - opti_instance - opti_loop : Waiting for figure of merit evaluation...
2018-12-17 12:14:12,472 - INFO - opti_instance - opti_loop : Figure of merit recieved
2018-12-17 12:14:12,472 - INFO - opti_instance - opti_loop : Checking server status
2018-12-17 12:14:12,604 - INFO - opti_instance - opti_loop : Status checked successfully
2018-12-17 12:14:12,604 - INFO - opti_instance - opti_loop : Sending figure of merit to server
2018-12-17 12:14:12,920 - INFO - opti_instance - opti_loop : Figure of merit was sent
2018-12-17 12:14:12,920 - INFO - opti_instance - opti_loop : Checking if figure of merit record is reached
2018-12-17 12:14:12,958 - WARNING - remote_module - _re_exists: OSError: ./RedCRAB/exchange/exchangejob23/fom_record.txt does not exist, exit code -3
2018-12-17 12:14:13,460 - INFO - opti_instance - opti_loop : Record not reached 
2018-12-17 12:14:13,475 - INFO - opti_instance - opti_loop : Waiting for pulse update...
2018-12-17 12:14:13,545 - INFO - opti_instance - _check_server_message : New server message
2018-12-17 12:14:13,790 - INFO - opti_instance - _read_server_message : Superiteration: 1, NM iteration: 0, NM function evaluation: 4, Total function evaluations: 4
2018-12-17 12:14:13,790 - INFO - opti_instance - opti_loop : Pulse updated
2018-12-17 12:14:13,790 - INFO - opti_instance - opti_loop : Downloading pulse...
2018-12-17 12:14:13,994 - INFO - opti_instance - opti_loop : Pulse downloaded
2018-12-17 12:14:13,994 - INFO - opti_instance - opti_loop : Preparing figure of merit evaluation...
2018-12-17 12:14:14,125 - INFO - opti_instance - opti_loop : Preparations complete
2018-12-17 12:14:14,125 - INFO - opti_instance - opti_loop : Waiting for figure of merit evaluation...
2018-12-17 12:14:14,241 - INFO - opti_instance - opti_loop : Figure of merit recieved
2018-12-17 12:14:14,241 - INFO - opti_instance - opti_loop : Checking server status
2018-12-17 12:14:14,360 - INFO - opti_instance - opti_loop : Status checked successfully
2018-12-17 12:14:14,361 - INFO - opti_instance - opti_loop : Sending figure of merit to server
2018-12-17 12:14:14,648 - INFO - opti_instance - opti_loop : Figure of merit was sent
2018-12-17 12:14:14,648 - INFO - opti_instance - opti_loop : Checking if figure of merit record is reached
2018-12-17 12:14:14,695 - WARNING - remote_module - _re_exists: OSError: ./RedCRAB/exchange/exchangejob23/fom_record.txt does not exist, exit code -3
2018-12-17 12:14:15,166 - INFO - opti_instance - opti_loop : Record not reached 
2018-12-17 12:14:15,197 - INFO - opti_instance - opti_loop : Waiting for pulse update...
2018-12-17 12:14:15,266 - INFO - opti_instance - _check_server_message : New server message
2018-12-17 12:14:15,499 - INFO - opti_instance - _read_server_message : Superiteration: 2, NM iteration: 0, NM function evaluation: 1, Total function evaluations: 5
2018-12-17 12:14:15,499 - INFO - opti_instance - opti_loop : Pulse updated
2018-12-17 12:14:15,499 - INFO - opti_instance - opti_loop : Downloading pulse...
2018-12-17 12:14:15,699 - INFO - opti_instance - opti_loop : Pulse downloaded
2018-12-17 12:14:15,699 - INFO - opti_instance - opti_loop : Preparing figure of merit evaluation...
2018-12-17 12:14:15,830 - INFO - opti_instance - opti_loop : Preparations complete
2018-12-17 12:14:15,830 - INFO - opti_instance - opti_loop : Waiting for figure of merit evaluation...
2018-12-17 12:14:15,984 - INFO - opti_instance - opti_loop : Figure of merit recieved
2018-12-17 12:14:15,984 - INFO - opti_instance - opti_loop : Checking server status
2018-12-17 12:14:16,100 - INFO - opti_instance - opti_loop : Status checked successfully
2018-12-17 12:14:16,100 - INFO - opti_instance - opti_loop : Sending figure of merit to server
2018-12-17 12:14:16,432 - WARNING - remote_module - _file_put: OSError: Local file: D:\Work\Redcrab\RedCRAB_Client\bin\..\exchange\exchangejob23\Msg_u.txt or the folder to which the file: ./RedCRAB/exchange/exchangejob23/Msg_u.txt is to be transferred does not exist, exit code 3
2018-12-17 12:14:16,432 - WARNING - remote_module - file_put: OSError while calling _file_put in try: 1/3
2018-12-17 12:14:16,533 - INFO - remote_module - file_put: And file: ./RedCRAB/exchange/exchangejob23/Msg_u.txt does not exist (this is okay, as transmission raised an error).
2018-12-17 12:14:16,836 - INFO - opti_instance - opti_loop : Figure of merit was sent
2018-12-17 12:14:16,836 - INFO - opti_instance - opti_loop : Checking if figure of merit record is reached
2018-12-17 12:14:17,204 - INFO - opti_instance - opti_loop : Record not reached 
2018-12-17 12:14:17,235 - INFO - opti_instance - opti_loop : Waiting for pulse update...
2018-12-17 12:14:17,304 - INFO - opti_instance - _check_server_message : New server message
2018-12-17 12:14:17,535 - INFO - opti_instance - _read_server_message : Superiteration: 2, NM iteration: 0, NM function evaluation: 2, Total function evaluations: 6
2018-12-17 12:14:17,535 - INFO - opti_instance - opti_loop : Pulse updated
2018-12-17 12:14:17,535 - INFO - opti_instance - opti_loop : Downloading pulse...
2018-12-17 12:14:17,736 - INFO - opti_instance - opti_loop : Pulse downloaded
2018-12-17 12:14:17,736 - INFO - opti_instance - opti_loop : Preparing figure of merit evaluation...
2018-12-17 12:14:17,836 - ERROR - opti_instance - _check_for_user_message : Error: User message still exists, when it should not. Count = 1
2018-12-17 12:14:17,890 - ERROR - opti_instance - _check_for_user_message : Error: User message still exists, when it should not. Count = 2
2018-12-17 12:14:17,938 - ERROR - opti_instance - _check_for_user_message : Error: User message still exists, when it should not. Count = 3
2018-12-17 12:14:17,985 - ERROR - opti_instance - _check_for_user_message : Error: User message still exists, when it should not. Count = 4
2018-12-17 12:14:18,059 - INFO - opti_instance - opti_loop : Preparations complete
2018-12-17 12:14:18,059 - INFO - opti_instance - opti_loop : Waiting for figure of merit evaluation...
2018-12-17 12:14:18,175 - INFO - opti_instance - opti_loop : Figure of merit recieved
2018-12-17 12:14:18,175 - INFO - opti_instance - opti_loop : Checking server status
2018-12-17 12:14:18,307 - INFO - opti_instance - opti_loop : Status checked successfully
2018-12-17 12:14:18,307 - INFO - opti_instance - opti_loop : Sending figure of merit to server
2018-12-17 12:14:18,619 - INFO - opti_instance - opti_loop : Figure of merit was sent
2018-12-17 12:14:18,619 - INFO - opti_instance - opti_loop : Checking if figure of merit record is reached
2018-12-17 12:14:18,661 - WARNING - remote_module - _re_exists: OSError: ./RedCRAB/exchange/exchangejob23/fom_record.txt does not exist, exit code -3
2018-12-17 12:14:19,146 - INFO - opti_instance - opti_loop : Record not reached 
2018-12-17 12:14:19,170 - INFO - opti_instance - opti_loop : Waiting for pulse update...
2018-12-17 12:14:19,236 - INFO - opti_instance - _check_server_message : New server message
2018-12-17 12:14:19,479 - INFO - opti_instance - _read_server_message : Superiteration: 2, NM iteration: 0, NM function evaluation: 3, Total function evaluations: 7
2018-12-17 12:14:19,479 - INFO - opti_instance - opti_loop : Pulse updated
2018-12-17 12:14:19,479 - INFO - opti_instance - opti_loop : Downloading pulse...
2018-12-17 12:14:19,695 - INFO - opti_instance - opti_loop : Pulse downloaded
2018-12-17 12:14:19,695 - INFO - opti_instance - opti_loop : Preparing figure of merit evaluation...
2018-12-17 12:14:19,821 - INFO - opti_instance - opti_loop : Preparations complete
2018-12-17 12:14:19,821 - INFO - opti_instance - opti_loop : Waiting for figure of merit evaluation...
2018-12-17 12:14:19,926 - INFO - opti_instance - opti_loop : Figure of merit recieved
2018-12-17 12:14:19,926 - INFO - opti_instance - opti_loop : Checking server status
2018-12-17 12:14:20,042 - INFO - opti_instance - opti_loop : Status checked successfully
2018-12-17 12:14:20,042 - INFO - opti_instance - opti_loop : Sending figure of merit to server
2018-12-17 12:14:20,362 - WARNING - remote_module - _file_put: OSError: Local file: D:\Work\Redcrab\RedCRAB_Client\bin\..\exchange\exchangejob23\Msg_u.txt or the folder to which the file: ./RedCRAB/exchange/exchangejob23/Msg_u.txt is to be transferred does not exist, exit code 3
2018-12-17 12:14:20,362 - WARNING - remote_module - file_put: OSError while calling _file_put in try: 1/3
2018-12-17 12:14:20,453 - INFO - remote_module - file_put: And file: ./RedCRAB/exchange/exchangejob23/Msg_u.txt does not exist (this is okay, as transmission raised an error).
2018-12-17 12:14:20,767 - INFO - opti_instance - opti_loop : Figure of merit was sent
2018-12-17 12:14:20,767 - INFO - opti_instance - opti_loop : Checking if figure of merit record is reached
2018-12-17 12:14:21,146 - INFO - opti_instance - opti_loop : Record not reached 
2018-12-17 12:14:21,183 - INFO - opti_instance - opti_loop : Waiting for pulse update...
2018-12-17 12:14:21,246 - INFO - opti_instance - _check_server_message : New server message
2018-12-17 12:14:21,484 - INFO - opti_instance - _read_server_message : Superiteration: 2, NM iteration: 0, NM function evaluation: 4, Total function evaluations: 8
2018-12-17 12:14:21,484 - INFO - opti_instance - opti_loop : Pulse updated
2018-12-17 12:14:21,484 - INFO - opti_instance - opti_loop : Downloading pulse...
2018-12-17 12:14:21,700 - INFO - opti_instance - opti_loop : Pulse downloaded
2018-12-17 12:14:21,700 - INFO - opti_instance - opti_loop : Preparing figure of merit evaluation...
2018-12-17 12:14:21,800 - ERROR - opti_instance - _check_for_user_message : Error: User message still exists, when it should not. Count = 1
2018-12-17 12:14:21,847 - ERROR - opti_instance - _check_for_user_message : Error: User message still exists, when it should not. Count = 2
2018-12-17 12:14:21,901 - ERROR - opti_instance - _check_for_user_message : Error: User message still exists, when it should not. Count = 3
2018-12-17 12:14:21,948 - ERROR - opti_instance - _check_for_user_message : Error: User message still exists, when it should not. Count = 4
2018-12-17 12:14:22,032 - INFO - opti_instance - opti_loop : Preparations complete
2018-12-17 12:14:22,032 - INFO - opti_instance - opti_loop : Waiting for figure of merit evaluation...
2018-12-17 12:14:22,148 - INFO - opti_instance - opti_loop : Figure of merit recieved
2018-12-17 12:14:22,149 - INFO - opti_instance - opti_loop : Checking server status
2018-12-17 12:14:22,271 - INFO - opti_instance - opti_loop : Status checked successfully
2018-12-17 12:14:22,271 - INFO - opti_instance - opti_loop : Sending figure of merit to server
2018-12-17 12:14:22,550 - INFO - opti_instance - opti_loop : Figure of merit was sent
2018-12-17 12:14:22,550 - INFO - opti_instance - opti_loop : Checking if figure of merit record is reached
2018-12-17 12:14:22,588 - WARNING - remote_module - _re_exists: OSError: ./RedCRAB/exchange/exchangejob23/fom_record.txt does not exist, exit code -3
2018-12-17 12:14:23,066 - INFO - opti_instance - opti_loop : Record not reached 
2018-12-17 12:14:23,088 - INFO - opti_instance - opti_loop : Waiting for pulse update...
2018-12-17 12:14:23,150 - INFO - opti_instance - _check_server_message : New server message
2018-12-17 12:14:23,390 - INFO - opti_instance - _read_server_message : Superiteration: 3, NM iteration: 0, NM function evaluation: 1, Total function evaluations: 9
2018-12-17 12:14:23,390 - INFO - opti_instance - opti_loop : Pulse updated
2018-12-17 12:14:23,390 - INFO - opti_instance - opti_loop : Downloading pulse...
2018-12-17 12:14:23,589 - INFO - opti_instance - opti_loop : Pulse downloaded
2018-12-17 12:14:23,605 - INFO - opti_instance - opti_loop : Preparing figure of merit evaluation...
2018-12-17 12:14:23,737 - INFO - opti_instance - opti_loop : Preparations complete
2018-12-17 12:14:23,737 - INFO - opti_instance - opti_loop : Waiting for figure of merit evaluation...
2018-12-17 12:14:23,853 - INFO - opti_instance - opti_loop : Figure of merit recieved
2018-12-17 12:14:23,853 - INFO - opti_instance - opti_loop : Checking server status
2018-12-17 12:14:23,974 - INFO - opti_instance - opti_loop : Status checked successfully
2018-12-17 12:14:23,975 - INFO - opti_instance - opti_loop : Sending figure of merit to server
2018-12-17 12:14:24,276 - INFO - opti_instance - opti_loop : Figure of merit was sent
2018-12-17 12:14:24,276 - INFO - opti_instance - opti_loop : Checking if figure of merit record is reached
2018-12-17 12:14:24,655 - INFO - opti_instance - opti_loop : Record not reached 
2018-12-17 12:14:24,693 - INFO - opti_instance - opti_loop : Waiting for pulse update...
2018-12-17 12:14:24,755 - INFO - opti_instance - _check_server_message : New server message
2018-12-17 12:14:24,994 - INFO - opti_instance - _read_server_message : Superiteration: 3, NM iteration: 0, NM function evaluation: 2, Total function evaluations: 10
2018-12-17 12:14:24,994 - INFO - opti_instance - opti_loop : Pulse updated
2018-12-17 12:14:24,994 - INFO - opti_instance - opti_loop : Downloading pulse...
2018-12-17 12:14:25,190 - INFO - opti_instance - opti_loop : Pulse downloaded
2018-12-17 12:14:25,190 - INFO - opti_instance - opti_loop : Preparing figure of merit evaluation...
2018-12-17 12:14:25,326 - INFO - opti_instance - opti_loop : Preparations complete
2018-12-17 12:14:25,326 - INFO - opti_instance - opti_loop : Waiting for figure of merit evaluation...
2018-12-17 12:14:25,458 - INFO - opti_instance - opti_loop : Figure of merit recieved
2018-12-17 12:14:25,458 - INFO - opti_instance - opti_loop : Checking server status
2018-12-17 12:14:25,574 - INFO - opti_instance - opti_loop : Status checked successfully
2018-12-17 12:14:25,574 - INFO - opti_instance - opti_loop : Sending figure of merit to server
2018-12-17 12:14:25,869 - WARNING - remote_module - _file_put: OSError: Local file: D:\Work\Redcrab\RedCRAB_Client\bin\..\exchange\exchangejob23\Msg_u.txt or the folder to which the file: ./RedCRAB/exchange/exchangejob23/Msg_u.txt is to be transferred does not exist, exit code 3
2018-12-17 12:14:25,869 - WARNING - remote_module - file_put: OSError while calling _file_put in try: 1/3
2018-12-17 12:14:25,959 - INFO - remote_module - file_put: And file: ./RedCRAB/exchange/exchangejob23/Msg_u.txt does not exist (this is okay, as transmission raised an error).
2018-12-17 12:14:26,276 - INFO - opti_instance - opti_loop : Figure of merit was sent
2018-12-17 12:14:26,276 - INFO - opti_instance - opti_loop : Checking if figure of merit record is reached
2018-12-17 12:14:26,646 - INFO - opti_instance - opti_loop : Record not reached 
2018-12-17 12:14:26,677 - INFO - opti_instance - opti_loop : Waiting for pulse update...
2018-12-17 12:14:26,746 - INFO - opti_instance - _check_server_message : New server message
2018-12-17 12:14:26,972 - INFO - opti_instance - _read_server_message : Superiteration: 3, NM iteration: 0, NM function evaluation: 3, Total function evaluations: 11
2018-12-17 12:14:26,972 - INFO - opti_instance - opti_loop : Pulse updated
2018-12-17 12:14:26,975 - INFO - opti_instance - opti_loop : Downloading pulse...
2018-12-17 12:14:27,185 - INFO - opti_instance - opti_loop : Pulse downloaded
2018-12-17 12:14:27,185 - INFO - opti_instance - opti_loop : Preparing figure of merit evaluation...
2018-12-17 12:14:27,301 - ERROR - opti_instance - _check_for_user_message : Error: User message still exists, when it should not. Count = 1
2018-12-17 12:14:27,348 - ERROR - opti_instance - _check_for_user_message : Error: User message still exists, when it should not. Count = 2
2018-12-17 12:14:27,401 - ERROR - opti_instance - _check_for_user_message : Error: User message still exists, when it should not. Count = 3
2018-12-17 12:14:27,448 - ERROR - opti_instance - _check_for_user_message : Error: User message still exists, when it should not. Count = 4
2018-12-17 12:14:27,532 - INFO - opti_instance - opti_loop : Preparations complete
2018-12-17 12:14:27,532 - INFO - opti_instance - opti_loop : Waiting for figure of merit evaluation...
2018-12-17 12:14:27,637 - INFO - opti_instance - opti_loop : Figure of merit recieved
2018-12-17 12:14:27,637 - INFO - opti_instance - opti_loop : Checking server status
2018-12-17 12:14:27,764 - INFO - opti_instance - opti_loop : Status checked successfully
2018-12-17 12:14:27,764 - INFO - opti_instance - opti_loop : Sending figure of merit to server
2018-12-17 12:14:28,065 - INFO - opti_instance - opti_loop : Figure of merit was sent
2018-12-17 12:14:28,065 - INFO - opti_instance - opti_loop : Checking if figure of merit record is reached
2018-12-17 12:14:28,103 - WARNING - remote_module - _re_exists: OSError: ./RedCRAB/exchange/exchangejob23/fom_record.txt does not exist, exit code -3
2018-12-17 12:14:28,589 - INFO - opti_instance - opti_loop : Record not reached 
2018-12-17 12:14:28,620 - INFO - opti_instance - opti_loop : Waiting for pulse update...
2018-12-17 12:14:28,689 - INFO - opti_instance - _check_server_message : New server message
2018-12-17 12:14:28,921 - INFO - opti_instance - _read_server_message : Superiteration: 3, NM iteration: 0, NM function evaluation: 4, Total function evaluations: 12
2018-12-17 12:14:28,921 - INFO - opti_instance - opti_loop : Pulse updated
2018-12-17 12:14:28,921 - INFO - opti_instance - opti_loop : Downloading pulse...
2018-12-17 12:14:29,122 - INFO - opti_instance - opti_loop : Pulse downloaded
2018-12-17 12:14:29,122 - INFO - opti_instance - opti_loop : Preparing figure of merit evaluation...
2018-12-17 12:14:29,254 - INFO - opti_instance - opti_loop : Preparations complete
2018-12-17 12:14:29,254 - INFO - opti_instance - opti_loop : Waiting for figure of merit evaluation...
2018-12-17 12:14:29,354 - INFO - opti_instance - opti_loop : Figure of merit recieved
2018-12-17 12:14:29,354 - INFO - opti_instance - opti_loop : Checking server status
2018-12-17 12:14:29,486 - INFO - opti_instance - opti_loop : Status checked successfully
2018-12-17 12:14:29,486 - INFO - opti_instance - opti_loop : Sending figure of merit to server
2018-12-17 12:14:29,771 - INFO - opti_instance - opti_loop : Figure of merit was sent
2018-12-17 12:14:29,771 - INFO - opti_instance - opti_loop : Checking if figure of merit record is reached
2018-12-17 12:14:30,157 - INFO - opti_instance - opti_loop : Record not reached 
2018-12-17 12:14:30,172 - INFO - opti_instance - opti_loop : Waiting for pulse update...
2018-12-17 12:14:30,242 - INFO - opti_instance - _check_server_message : New server message
2018-12-17 12:14:30,473 - INFO - opti_instance - _read_server_message : Superiteration: 4, NM iteration: 0, NM function evaluation: 1, Total function evaluations: 13
2018-12-17 12:14:30,473 - INFO - opti_instance - opti_loop : Pulse updated
2018-12-17 12:14:30,473 - INFO - opti_instance - opti_loop : Downloading pulse...
2018-12-17 12:14:30,685 - INFO - opti_instance - opti_loop : Pulse downloaded
2018-12-17 12:14:30,685 - INFO - opti_instance - opti_loop : Preparing figure of merit evaluation...
2018-12-17 12:14:30,812 - INFO - opti_instance - opti_loop : Preparations complete
2018-12-17 12:14:30,828 - INFO - opti_instance - opti_loop : Waiting for figure of merit evaluation...
2018-12-17 12:14:30,944 - INFO - opti_instance - opti_loop : Figure of merit recieved
2018-12-17 12:14:30,944 - INFO - opti_instance - opti_loop : Checking server status
2018-12-17 12:14:31,075 - INFO - opti_instance - opti_loop : Status checked successfully
2018-12-17 12:14:31,075 - INFO - opti_instance - opti_loop : Sending figure of merit to server
2018-12-17 12:14:31,399 - WARNING - remote_module - _file_put: OSError: Local file: D:\Work\Redcrab\RedCRAB_Client\bin\..\exchange\exchangejob23\Msg_u.txt or the folder to which the file: ./RedCRAB/exchange/exchangejob23/Msg_u.txt is to be transferred does not exist, exit code 3
2018-12-17 12:14:31,399 - WARNING - remote_module - file_put: OSError while calling _file_put in try: 1/3
2018-12-17 12:14:31,482 - INFO - remote_module - file_put: And file: ./RedCRAB/exchange/exchangejob23/Msg_u.txt does not exist (this is okay, as transmission raised an error).
2018-12-17 12:14:31,824 - INFO - opti_instance - opti_loop : Figure of merit was sent
2018-12-17 12:14:31,824 - INFO - opti_instance - opti_loop : Checking if figure of merit record is reached
2018-12-17 12:14:32,249 - INFO - opti_instance - opti_loop : Record not reached 
2018-12-17 12:14:32,297 - INFO - opti_instance - opti_loop : Waiting for pulse update...
2018-12-17 12:14:32,365 - INFO - opti_instance - _check_server_message : New server message
2018-12-17 12:14:32,620 - INFO - opti_instance - _read_server_message : Superiteration: 4, NM iteration: 0, NM function evaluation: 2, Total function evaluations: 14
2018-12-17 12:14:32,620 - INFO - opti_instance - opti_loop : Pulse updated
2018-12-17 12:14:32,620 - INFO - opti_instance - opti_loop : Downloading pulse...
2018-12-17 12:14:32,839 - INFO - opti_instance - opti_loop : Pulse downloaded
2018-12-17 12:14:32,839 - INFO - opti_instance - opti_loop : Preparing figure of merit evaluation...
2018-12-17 12:14:32,952 - ERROR - opti_instance - _check_for_user_message : Error: User message still exists, when it should not. Count = 1
2018-12-17 12:14:33,023 - INFO - opti_instance - opti_loop : Preparations complete
2018-12-17 12:14:33,023 - INFO - opti_instance - opti_loop : Waiting for figure of merit evaluation...
2018-12-17 12:14:33,139 - INFO - opti_instance - opti_loop : Figure of merit recieved
2018-12-17 12:14:33,139 - INFO - opti_instance - opti_loop : Checking server status
2018-12-17 12:14:33,270 - INFO - opti_instance - opti_loop : Status checked successfully
2018-12-17 12:14:33,270 - INFO - opti_instance - opti_loop : Sending figure of merit to server
2018-12-17 12:14:33,587 - INFO - opti_instance - opti_loop : Figure of merit was sent
2018-12-17 12:14:33,604 - INFO - opti_instance - opti_loop : Checking if figure of merit record is reached
2018-12-17 12:14:33,640 - WARNING - remote_module - _re_exists: OSError: ./RedCRAB/exchange/exchangejob23/fom_record.txt does not exist, exit code -3
2018-12-17 12:14:34,125 - INFO - opti_instance - opti_loop : Record not reached 
2018-12-17 12:14:34,157 - INFO - opti_instance - opti_loop : Waiting for pulse update...
2018-12-17 12:14:34,229 - INFO - opti_instance - _check_server_message : New server message
2018-12-17 12:14:34,473 - INFO - opti_instance - _read_server_message : Superiteration: 4, NM iteration: 0, NM function evaluation: 3, Total function evaluations: 15
2018-12-17 12:14:34,473 - INFO - opti_instance - opti_loop : Pulse updated
2018-12-17 12:14:34,473 - INFO - opti_instance - opti_loop : Downloading pulse...
2018-12-17 12:14:34,689 - INFO - opti_instance - opti_loop : Pulse downloaded
2018-12-17 12:14:34,689 - INFO - opti_instance - opti_loop : Preparing figure of merit evaluation...
2018-12-17 12:14:34,842 - INFO - opti_instance - opti_loop : Preparations complete
2018-12-17 12:14:34,847 - INFO - opti_instance - opti_loop : Waiting for figure of merit evaluation...
2018-12-17 12:14:34,943 - INFO - opti_instance - opti_loop : Figure of merit recieved
2018-12-17 12:14:34,943 - INFO - opti_instance - opti_loop : Checking server status
2018-12-17 12:14:35,075 - INFO - opti_instance - opti_loop : Status checked successfully
2018-12-17 12:14:35,075 - INFO - opti_instance - opti_loop : Sending figure of merit to server
2018-12-17 12:14:35,408 - INFO - opti_instance - opti_loop : Figure of merit was sent
2018-12-17 12:14:35,414 - INFO - opti_instance - opti_loop : Checking if figure of merit record is reached
2018-12-17 12:14:35,455 - WARNING - remote_module - _re_exists: OSError: ./RedCRAB/exchange/exchangejob23/fom_record.txt does not exist, exit code -3
2018-12-17 12:14:35,947 - INFO - opti_instance - opti_loop : Record not reached 
2018-12-17 12:14:35,963 - INFO - opti_instance - opti_loop : Waiting for pulse update...
2018-12-17 12:14:36,032 - INFO - opti_instance - _check_server_message : New server message
2018-12-17 12:14:36,264 - INFO - opti_instance - _read_server_message : Superiteration: 4, NM iteration: 0, NM function evaluation: 4, Total function evaluations: 16
2018-12-17 12:14:36,264 - INFO - opti_instance - opti_loop : Pulse updated
2018-12-17 12:14:36,264 - INFO - opti_instance - opti_loop : Downloading pulse...
2018-12-17 12:14:36,465 - INFO - opti_instance - opti_loop : Pulse downloaded
2018-12-17 12:14:36,465 - INFO - opti_instance - opti_loop : Preparing figure of merit evaluation...
2018-12-17 12:14:36,596 - INFO - opti_instance - opti_loop : Preparations complete
2018-12-17 12:14:36,596 - INFO - opti_instance - opti_loop : Waiting for figure of merit evaluation...
2018-12-17 12:14:36,689 - INFO - opti_instance - opti_loop : Figure of merit recieved
2018-12-17 12:14:36,689 - INFO - opti_instance - opti_loop : Checking server status
2018-12-17 12:14:36,812 - INFO - opti_instance - opti_loop : Status checked successfully
2018-12-17 12:14:36,812 - INFO - opti_instance - opti_loop : Sending figure of merit to server
2018-12-17 12:14:37,098 - INFO - opti_instance - opti_loop : Figure of merit was sent
2018-12-17 12:14:37,098 - INFO - opti_instance - opti_loop : Checking if figure of merit record is reached
2018-12-17 12:14:37,484 - INFO - opti_instance - opti_loop : Record not reached 
2018-12-17 12:14:37,500 - INFO - opti_instance - opti_loop : Waiting for pulse update...
2018-12-17 12:14:37,554 - INFO - opti_instance - _check_server_message : New server message
2018-12-17 12:14:37,801 - INFO - opti_instance - _read_server_message : Superiteration: 5, NM iteration: 0, NM function evaluation: 1, Total function evaluations: 17
2018-12-17 12:14:37,801 - INFO - opti_instance - opti_loop : Pulse updated
2018-12-17 12:14:37,801 - INFO - opti_instance - opti_loop : Downloading pulse...
2018-12-17 12:14:38,018 - INFO - opti_instance - opti_loop : Pulse downloaded
2018-12-17 12:14:38,018 - INFO - opti_instance - opti_loop : Preparing figure of merit evaluation...
2018-12-17 12:14:38,125 - INFO - opti_instance - opti_loop : Preparations complete
2018-12-17 12:14:38,125 - INFO - opti_instance - opti_loop : Waiting for figure of merit evaluation...
2018-12-17 12:14:38,272 - INFO - opti_instance - opti_loop : Figure of merit recieved
2018-12-17 12:14:38,272 - INFO - opti_instance - opti_loop : Checking server status
2018-12-17 12:14:38,388 - INFO - opti_instance - opti_loop : Status checked successfully
2018-12-17 12:14:38,388 - INFO - opti_instance - opti_loop : Sending figure of merit to server
2018-12-17 12:14:38,674 - INFO - opti_instance - opti_loop : Figure of merit was sent
2018-12-17 12:14:38,674 - INFO - opti_instance - opti_loop : Checking if figure of merit record is reached
2018-12-17 12:14:39,057 - INFO - opti_instance - opti_loop : Record not reached 
2018-12-17 12:14:39,090 - INFO - opti_instance - opti_loop : Waiting for pulse update...
2018-12-17 12:14:39,144 - INFO - opti_instance - _check_server_message : New server message
2018-12-17 12:14:39,376 - INFO - opti_instance - _read_server_message : Superiteration: 5, NM iteration: 0, NM function evaluation: 2, Total function evaluations: 18
2018-12-17 12:14:39,376 - INFO - opti_instance - opti_loop : Pulse updated
2018-12-17 12:14:39,376 - INFO - opti_instance - opti_loop : Downloading pulse...
2018-12-17 12:14:39,577 - INFO - opti_instance - opti_loop : Pulse downloaded
2018-12-17 12:14:39,577 - INFO - opti_instance - opti_loop : Preparing figure of merit evaluation...
2018-12-17 12:14:39,704 - INFO - opti_instance - opti_loop : Preparations complete
2018-12-17 12:14:39,704 - INFO - opti_instance - opti_loop : Waiting for figure of merit evaluation...
2018-12-17 12:14:39,808 - INFO - opti_instance - opti_loop : Figure of merit recieved
2018-12-17 12:14:39,808 - INFO - opti_instance - opti_loop : Checking server status
2018-12-17 12:14:39,925 - INFO - opti_instance - opti_loop : Status checked successfully
2018-12-17 12:14:39,925 - INFO - opti_instance - opti_loop : Sending figure of merit to server
2018-12-17 12:14:40,210 - INFO - opti_instance - opti_loop : Figure of merit was sent
2018-12-17 12:14:40,210 - INFO - opti_instance - opti_loop : Checking if figure of merit record is reached
2018-12-17 12:14:40,253 - WARNING - remote_module - _re_exists: OSError: ./RedCRAB/exchange/exchangejob23/fom_record.txt does not exist, exit code -3
2018-12-17 12:14:40,727 - INFO - opti_instance - opti_loop : Record not reached 
2018-12-17 12:14:40,749 - INFO - opti_instance - opti_loop : Waiting for pulse update...
2018-12-17 12:14:40,812 - INFO - opti_instance - _check_server_message : New server message
2018-12-17 12:14:41,050 - INFO - opti_instance - _read_server_message : Superiteration: 5, NM iteration: 0, NM function evaluation: 3, Total function evaluations: 19
2018-12-17 12:14:41,050 - INFO - opti_instance - opti_loop : Pulse updated
2018-12-17 12:14:41,050 - INFO - opti_instance - opti_loop : Downloading pulse...
2018-12-17 12:14:41,266 - INFO - opti_instance - opti_loop : Pulse downloaded
2018-12-17 12:14:41,266 - INFO - opti_instance - opti_loop : Preparing figure of merit evaluation...
2018-12-17 12:14:41,383 - INFO - opti_instance - opti_loop : Preparations complete
2018-12-17 12:14:41,383 - INFO - opti_instance - opti_loop : Waiting for figure of merit evaluation...
2018-12-17 12:14:41,506 - INFO - opti_instance - opti_loop : Figure of merit recieved
2018-12-17 12:14:41,506 - INFO - opti_instance - opti_loop : Checking server status
2018-12-17 12:14:41,630 - INFO - opti_instance - opti_loop : Status checked successfully
2018-12-17 12:14:41,630 - INFO - opti_instance - opti_loop : Sending figure of merit to server
2018-12-17 12:14:41,937 - INFO - opti_instance - opti_loop : Figure of merit was sent
2018-12-17 12:14:41,937 - INFO - opti_instance - opti_loop : Checking if figure of merit record is reached
2018-12-17 12:14:41,969 - WARNING - remote_module - _re_exists: OSError: ./RedCRAB/exchange/exchangejob23/fom_record.txt does not exist, exit code -3
2018-12-17 12:14:42,439 - INFO - opti_instance - opti_loop : Record not reached 
2018-12-17 12:14:42,470 - INFO - opti_instance - opti_loop : Waiting for pulse update...
2018-12-17 12:14:42,539 - INFO - opti_instance - _check_server_message : New server message
2018-12-17 12:14:42,771 - INFO - opti_instance - _read_server_message : Superiteration: 5, NM iteration: 0, NM function evaluation: 4, Total function evaluations: 20
2018-12-17 12:14:42,771 - INFO - opti_instance - opti_loop : Pulse updated
2018-12-17 12:14:42,771 - INFO - opti_instance - opti_loop : Downloading pulse...
2018-12-17 12:14:42,988 - INFO - opti_instance - opti_loop : Pulse downloaded
2018-12-17 12:14:42,988 - INFO - opti_instance - opti_loop : Preparing figure of merit evaluation...
2018-12-17 12:14:43,119 - INFO - opti_instance - opti_loop : Preparations complete
2018-12-17 12:14:43,119 - INFO - opti_instance - opti_loop : Waiting for figure of merit evaluation...
2018-12-17 12:14:43,257 - INFO - opti_instance - opti_loop : Figure of merit recieved
2018-12-17 12:14:43,257 - INFO - opti_instance - opti_loop : Checking server status
2018-12-17 12:14:43,388 - INFO - opti_instance - opti_loop : Status checked successfully
2018-12-17 12:14:43,388 - INFO - opti_instance - opti_loop : Sending figure of merit to server
2018-12-17 12:14:43,705 - INFO - opti_instance - opti_loop : Figure of merit was sent
2018-12-17 12:14:43,720 - INFO - opti_instance - opti_loop : Checking if figure of merit record is reached
2018-12-17 12:14:43,758 - WARNING - remote_module - _re_exists: OSError: ./RedCRAB/exchange/exchangejob23/fom_record.txt does not exist, exit code -3
2018-12-17 12:14:44,244 - INFO - opti_instance - opti_loop : Record not reached 
2018-12-17 12:14:44,275 - INFO - opti_instance - opti_loop : Waiting for pulse update...
2018-12-17 12:14:44,344 - INFO - opti_instance - _check_server_message : New server message
2018-12-17 12:14:44,591 - INFO - opti_instance - _read_server_message : Superiteration: 6, NM iteration: 0, NM function evaluation: 1, Total function evaluations: 21
2018-12-17 12:14:44,591 - INFO - opti_instance - opti_loop : Pulse updated
2018-12-17 12:14:44,591 - INFO - opti_instance - opti_loop : Downloading pulse...
2018-12-17 12:14:44,807 - INFO - opti_instance - opti_loop : Pulse downloaded
2018-12-17 12:14:44,807 - INFO - opti_instance - opti_loop : Preparing figure of merit evaluation...
2018-12-17 12:14:44,938 - INFO - opti_instance - opti_loop : Preparations complete
2018-12-17 12:14:44,938 - INFO - opti_instance - opti_loop : Waiting for figure of merit evaluation...
2018-12-17 12:14:45,062 - INFO - opti_instance - opti_loop : Figure of merit recieved
2018-12-17 12:14:45,062 - INFO - opti_instance - opti_loop : Checking server status
2018-12-17 12:14:45,192 - INFO - opti_instance - opti_loop : Status checked successfully
2018-12-17 12:14:45,192 - INFO - opti_instance - opti_loop : Sending figure of merit to server
2018-12-17 12:14:45,509 - INFO - opti_instance - opti_loop : Figure of merit was sent
2018-12-17 12:14:45,509 - INFO - opti_instance - opti_loop : Checking if figure of merit record is reached
2018-12-17 12:14:45,546 - WARNING - remote_module - _re_exists: OSError: ./RedCRAB/exchange/exchangejob23/fom_record.txt does not exist, exit code -3
2018-12-17 12:14:45,694 - WARNING - remote_module - _re_exists: OSError: ./RedCRAB/exchange/exchangejob23/fom_record.txt does not exist, exit code -3
2018-12-17 12:14:46,195 - INFO - opti_instance - opti_loop : Record not reached 
2018-12-17 12:14:46,226 - INFO - opti_instance - opti_loop : Waiting for pulse update...
2018-12-17 12:14:46,298 - INFO - opti_instance - _check_server_message : New server message
2018-12-17 12:14:46,543 - INFO - opti_instance - _read_server_message : Superiteration: 6, NM iteration: 0, NM function evaluation: 2, Total function evaluations: 22
2018-12-17 12:14:46,543 - INFO - opti_instance - opti_loop : Pulse updated
2018-12-17 12:14:46,543 - INFO - opti_instance - opti_loop : Downloading pulse...
2018-12-17 12:14:46,750 - INFO - opti_instance - opti_loop : Pulse downloaded
2018-12-17 12:14:46,750 - INFO - opti_instance - opti_loop : Preparing figure of merit evaluation...
2018-12-17 12:14:46,890 - INFO - opti_instance - opti_loop : Preparations complete
2018-12-17 12:14:46,905 - INFO - opti_instance - opti_loop : Waiting for figure of merit evaluation...
2018-12-17 12:14:47,028 - INFO - opti_instance - opti_loop : Figure of merit recieved
2018-12-17 12:14:47,028 - INFO - opti_instance - opti_loop : Checking server status
2018-12-17 12:14:47,150 - INFO - opti_instance - opti_loop : Status checked successfully
2018-12-17 12:14:47,150 - INFO - opti_instance - opti_loop : Sending figure of merit to server
2018-12-17 12:14:47,468 - INFO - opti_instance - opti_loop : Figure of merit was sent
2018-12-17 12:14:47,469 - INFO - opti_instance - opti_loop : Checking if figure of merit record is reached
2018-12-17 12:14:47,499 - WARNING - remote_module - _re_exists: OSError: ./RedCRAB/exchange/exchangejob23/fom_record.txt does not exist, exit code -3
2018-12-17 12:14:47,984 - INFO - opti_instance - opti_loop : Record not reached 
2018-12-17 12:14:48,000 - INFO - opti_instance - opti_loop : Waiting for pulse update...
2018-12-17 12:14:48,069 - INFO - opti_instance - _check_server_message : New server message
2018-12-17 12:14:48,301 - INFO - opti_instance - _read_server_message : Superiteration: 6, NM iteration: 0, NM function evaluation: 3, Total function evaluations: 23
2018-12-17 12:14:48,301 - INFO - opti_instance - opti_loop : Pulse updated
2018-12-17 12:14:48,301 - INFO - opti_instance - opti_loop : Downloading pulse...
2018-12-17 12:14:48,518 - INFO - opti_instance - opti_loop : Pulse downloaded
2018-12-17 12:14:48,518 - INFO - opti_instance - opti_loop : Preparing figure of merit evaluation...
2018-12-17 12:14:48,649 - INFO - opti_instance - opti_loop : Preparations complete
2018-12-17 12:14:48,655 - INFO - opti_instance - opti_loop : Waiting for figure of merit evaluation...
2018-12-17 12:14:48,771 - INFO - opti_instance - opti_loop : Figure of merit recieved
2018-12-17 12:14:48,771 - INFO - opti_instance - opti_loop : Checking server status
2018-12-17 12:14:48,902 - INFO - opti_instance - opti_loop : Status checked successfully
2018-12-17 12:14:48,902 - INFO - opti_instance - opti_loop : Sending figure of merit to server
2018-12-17 12:14:49,219 - INFO - opti_instance - opti_loop : Figure of merit was sent
2018-12-17 12:14:49,219 - INFO - opti_instance - opti_loop : Checking if figure of merit record is reached
2018-12-17 12:14:49,257 - WARNING - remote_module - _re_exists: OSError: ./RedCRAB/exchange/exchangejob23/fom_record.txt does not exist, exit code -3
2018-12-17 12:14:49,736 - INFO - opti_instance - opti_loop : Record not reached 
2018-12-17 12:14:49,751 - INFO - opti_instance - opti_loop : Waiting for pulse update...
2018-12-17 12:14:49,818 - INFO - opti_instance - _check_server_message : New server message
2018-12-17 12:14:50,036 - INFO - opti_instance - _read_server_message : Superiteration: 6, NM iteration: 0, NM function evaluation: 4, Total function evaluations: 24
2018-12-17 12:14:50,036 - INFO - opti_instance - opti_loop : Pulse updated
2018-12-17 12:14:50,036 - INFO - opti_instance - opti_loop : Downloading pulse...
2018-12-17 12:14:50,237 - INFO - opti_instance - opti_loop : Pulse downloaded
2018-12-17 12:14:50,237 - INFO - opti_instance - opti_loop : Preparing figure of merit evaluation...
2018-12-17 12:14:50,353 - INFO - opti_instance - opti_loop : Preparations complete
2018-12-17 12:14:50,353 - INFO - opti_instance - opti_loop : Waiting for figure of merit evaluation...
2018-12-17 12:14:50,453 - INFO - opti_instance - opti_loop : Figure of merit recieved
2018-12-17 12:14:50,453 - INFO - opti_instance - opti_loop : Checking server status
2018-12-17 12:14:50,560 - INFO - opti_instance - opti_loop : Status checked successfully
2018-12-17 12:14:50,560 - INFO - opti_instance - opti_loop : Sending figure of merit to server
2018-12-17 12:14:50,860 - INFO - opti_instance - opti_loop : Figure of merit was sent
2018-12-17 12:14:50,860 - INFO - opti_instance - opti_loop : Checking if figure of merit record is reached
2018-12-17 12:14:51,224 - INFO - opti_instance - opti_loop : Record not reached 
2018-12-17 12:14:51,255 - INFO - opti_instance - opti_loop : Waiting for pulse update...
2018-12-17 12:14:51,325 - INFO - opti_instance - _check_server_message : New server message
2018-12-17 12:14:51,579 - INFO - opti_instance - _read_server_message : Superiteration: 7, NM iteration: 0, NM function evaluation: 1, Total function evaluations: 25
2018-12-17 12:14:51,579 - INFO - opti_instance - opti_loop : Pulse updated
2018-12-17 12:14:51,579 - INFO - opti_instance - opti_loop : Downloading pulse...
2018-12-17 12:14:51,810 - INFO - opti_instance - opti_loop : Pulse downloaded
2018-12-17 12:14:51,810 - INFO - opti_instance - opti_loop : Preparing figure of merit evaluation...
2018-12-17 12:14:51,957 - INFO - opti_instance - opti_loop : Preparations complete
2018-12-17 12:14:51,957 - INFO - opti_instance - opti_loop : Waiting for figure of merit evaluation...
2018-12-17 12:14:52,080 - INFO - opti_instance - opti_loop : Figure of merit recieved
2018-12-17 12:14:52,080 - INFO - opti_instance - opti_loop : Checking server status
2018-12-17 12:14:52,211 - INFO - opti_instance - opti_loop : Status checked successfully
2018-12-17 12:14:52,211 - INFO - opti_instance - opti_loop : Sending figure of merit to server
2018-12-17 12:14:52,512 - INFO - opti_instance - opti_loop : Figure of merit was sent
2018-12-17 12:14:52,512 - INFO - opti_instance - opti_loop : Checking if figure of merit record is reached
2018-12-17 12:14:52,543 - WARNING - remote_module - _re_exists: OSError: ./RedCRAB/exchange/exchangejob23/fom_record.txt does not exist, exit code -3
2018-12-17 12:14:52,681 - WARNING - remote_module - _re_exists: OSError: ./RedCRAB/exchange/exchangejob23/fom_record.txt does not exist, exit code -3
2018-12-17 12:14:53,145 - INFO - opti_instance - opti_loop : Record not reached 
2018-12-17 12:14:53,183 - INFO - opti_instance - opti_loop : Waiting for pulse update...
2018-12-17 12:14:53,246 - INFO - opti_instance - _check_server_message : New server message
2018-12-17 12:14:53,484 - INFO - opti_instance - _read_server_message : Superiteration: 7, NM iteration: 0, NM function evaluation: 2, Total function evaluations: 26
2018-12-17 12:14:53,484 - INFO - opti_instance - opti_loop : Pulse updated
2018-12-17 12:14:53,484 - INFO - opti_instance - opti_loop : Downloading pulse...
2018-12-17 12:14:53,685 - INFO - opti_instance - opti_loop : Pulse downloaded
2018-12-17 12:14:53,685 - INFO - opti_instance - opti_loop : Preparing figure of merit evaluation...
2018-12-17 12:14:53,816 - INFO - opti_instance - opti_loop : Preparations complete
2018-12-17 12:14:53,816 - INFO - opti_instance - opti_loop : Waiting for figure of merit evaluation...
2018-12-17 12:14:53,916 - INFO - opti_instance - opti_loop : Figure of merit recieved
2018-12-17 12:14:53,916 - INFO - opti_instance - opti_loop : Checking server status
2018-12-17 12:14:54,032 - INFO - opti_instance - opti_loop : Status checked successfully
2018-12-17 12:14:54,032 - INFO - opti_instance - opti_loop : Sending figure of merit to server
2018-12-17 12:14:54,317 - INFO - opti_instance - opti_loop : Figure of merit was sent
2018-12-17 12:14:54,317 - INFO - opti_instance - opti_loop : Checking if figure of merit record is reached
2018-12-17 12:14:54,363 - WARNING - remote_module - _re_exists: OSError: ./RedCRAB/exchange/exchangejob23/fom_record.txt does not exist, exit code -3
2018-12-17 12:14:54,849 - INFO - opti_instance - opti_loop : Record not reached 
2018-12-17 12:14:54,864 - INFO - opti_instance - opti_loop : Waiting for pulse update...
2018-12-17 12:14:54,934 - INFO - opti_instance - _check_server_message : New server message
2018-12-17 12:14:55,150 - INFO - opti_instance - _read_server_message : Superiteration: 7, NM iteration: 0, NM function evaluation: 3, Total function evaluations: 27
2018-12-17 12:14:55,150 - INFO - opti_instance - opti_loop : Pulse updated
2018-12-17 12:14:55,150 - INFO - opti_instance - opti_loop : Downloading pulse...
2018-12-17 12:14:55,351 - INFO - opti_instance - opti_loop : Pulse downloaded
2018-12-17 12:14:55,351 - INFO - opti_instance - opti_loop : Preparing figure of merit evaluation...
2018-12-17 12:14:55,472 - INFO - opti_instance - opti_loop : Preparations complete
2018-12-17 12:14:55,488 - INFO - opti_instance - opti_loop : Waiting for figure of merit evaluation...
2018-12-17 12:14:55,604 - INFO - opti_instance - opti_loop : Figure of merit recieved
2018-12-17 12:14:55,604 - INFO - opti_instance - opti_loop : Checking server status
2018-12-17 12:14:55,720 - INFO - opti_instance - opti_loop : Status checked successfully
2018-12-17 12:14:55,720 - INFO - opti_instance - opti_loop : Sending figure of merit to server
2018-12-17 12:14:56,020 - INFO - opti_instance - opti_loop : Figure of merit was sent
2018-12-17 12:14:56,020 - INFO - opti_instance - opti_loop : Checking if figure of merit record is reached
2018-12-17 12:14:56,051 - WARNING - remote_module - _re_exists: OSError: ./RedCRAB/exchange/exchangejob23/fom_record.txt does not exist, exit code -3
2018-12-17 12:14:56,526 - INFO - opti_instance - opti_loop : Record not reached 
2018-12-17 12:14:56,536 - INFO - opti_instance - opti_loop : Waiting for pulse update...
2018-12-17 12:14:56,590 - INFO - opti_instance - _check_server_message : New server message
2018-12-17 12:14:56,838 - INFO - opti_instance - _read_server_message : Superiteration: 7, NM iteration: 0, NM function evaluation: 4, Total function evaluations: 28
2018-12-17 12:14:56,838 - INFO - opti_instance - opti_loop : Pulse updated
2018-12-17 12:14:56,838 - INFO - opti_instance - opti_loop : Downloading pulse...
2018-12-17 12:14:57,039 - INFO - opti_instance - opti_loop : Pulse downloaded
2018-12-17 12:14:57,039 - INFO - opti_instance - opti_loop : Preparing figure of merit evaluation...
2018-12-17 12:14:57,171 - INFO - opti_instance - opti_loop : Preparations complete
2018-12-17 12:14:57,176 - INFO - opti_instance - opti_loop : Waiting for figure of merit evaluation...
2018-12-17 12:14:57,270 - INFO - opti_instance - opti_loop : Figure of merit recieved
2018-12-17 12:14:57,270 - INFO - opti_instance - opti_loop : Checking server status
2018-12-17 12:14:57,377 - INFO - opti_instance - opti_loop : Status checked successfully
2018-12-17 12:14:57,377 - INFO - opti_instance - opti_loop : Sending figure of merit to server
2018-12-17 12:14:57,677 - WARNING - remote_module - _file_put: OSError: Local file: D:\Work\Redcrab\RedCRAB_Client\bin\..\exchange\exchangejob23\Msg_u.txt or the folder to which the file: ./RedCRAB/exchange/exchangejob23/Msg_u.txt is to be transferred does not exist, exit code 3
2018-12-17 12:14:57,677 - WARNING - remote_module - file_put: OSError while calling _file_put in try: 1/3
2018-12-17 12:14:57,756 - INFO - remote_module - file_put: And file: ./RedCRAB/exchange/exchangejob23/Msg_u.txt does not exist (this is okay, as transmission raised an error).
2018-12-17 12:14:58,071 - INFO - opti_instance - opti_loop : Figure of merit was sent
2018-12-17 12:14:58,071 - INFO - opti_instance - opti_loop : Checking if figure of merit record is reached
2018-12-17 12:14:58,427 - INFO - opti_instance - opti_loop : Record not reached 
2018-12-17 12:14:58,458 - INFO - opti_instance - opti_loop : Waiting for pulse update...
2018-12-17 12:14:58,527 - INFO - opti_instance - _check_server_message : New server message
2018-12-17 12:14:58,759 - INFO - opti_instance - _read_server_message : Superiteration: 8, NM iteration: 0, NM function evaluation: 1, Total function evaluations: 29
2018-12-17 12:14:58,759 - INFO - opti_instance - opti_loop : Pulse updated
2018-12-17 12:14:58,759 - INFO - opti_instance - opti_loop : Downloading pulse...
2018-12-17 12:14:58,960 - INFO - opti_instance - opti_loop : Pulse downloaded
2018-12-17 12:14:58,960 - INFO - opti_instance - opti_loop : Preparing figure of merit evaluation...
2018-12-17 12:14:59,061 - ERROR - opti_instance - _check_for_user_message : Error: User message still exists, when it should not. Count = 1
2018-12-17 12:14:59,114 - ERROR - opti_instance - _check_for_user_message : Error: User message still exists, when it should not. Count = 2
2018-12-17 12:14:59,161 - ERROR - opti_instance - _check_for_user_message : Error: User message still exists, when it should not. Count = 3
2018-12-17 12:14:59,215 - ERROR - opti_instance - _check_for_user_message : Error: User message still exists, when it should not. Count = 4
2018-12-17 12:14:59,283 - INFO - opti_instance - opti_loop : Preparations complete
2018-12-17 12:14:59,283 - INFO - opti_instance - opti_loop : Waiting for figure of merit evaluation...
2018-12-17 12:14:59,400 - INFO - opti_instance - opti_loop : Figure of merit recieved
2018-12-17 12:14:59,400 - INFO - opti_instance - opti_loop : Checking server status
2018-12-17 12:14:59,534 - INFO - opti_instance - opti_loop : Status checked successfully
2018-12-17 12:14:59,537 - INFO - opti_instance - opti_loop : Sending figure of merit to server
2018-12-17 12:14:59,833 - INFO - opti_instance - opti_loop : Figure of merit was sent
2018-12-17 12:14:59,833 - INFO - opti_instance - opti_loop : Checking if figure of merit record is reached
2018-12-17 12:14:59,864 - WARNING - remote_module - _re_exists: OSError: ./RedCRAB/exchange/exchangejob23/fom_record.txt does not exist, exit code -3
2018-12-17 12:15:00,003 - WARNING - remote_module - _re_exists: OSError: ./RedCRAB/exchange/exchangejob23/fom_record.txt does not exist, exit code -3
2018-12-17 12:15:00,466 - INFO - opti_instance - opti_loop : Record not reached 
2018-12-17 12:15:00,504 - INFO - opti_instance - opti_loop : Waiting for pulse update...
2018-12-17 12:15:00,566 - INFO - opti_instance - _check_server_message : New server message
2018-12-17 12:15:00,804 - INFO - opti_instance - _read_server_message : Superiteration: 8, NM iteration: 0, NM function evaluation: 2, Total function evaluations: 30
2018-12-17 12:15:00,804 - INFO - opti_instance - opti_loop : Pulse updated
2018-12-17 12:15:00,804 - INFO - opti_instance - opti_loop : Downloading pulse...
2018-12-17 12:15:01,005 - INFO - opti_instance - opti_loop : Pulse downloaded
2018-12-17 12:15:01,005 - INFO - opti_instance - opti_loop : Preparing figure of merit evaluation...
2018-12-17 12:15:01,140 - INFO - opti_instance - opti_loop : Preparations complete
2018-12-17 12:15:01,140 - INFO - opti_instance - opti_loop : Waiting for figure of merit evaluation...
2018-12-17 12:15:01,237 - INFO - opti_instance - opti_loop : Figure of merit recieved
2018-12-17 12:15:01,237 - INFO - opti_instance - opti_loop : Checking server status
2018-12-17 12:15:01,341 - INFO - opti_instance - opti_loop : Status checked successfully
2018-12-17 12:15:01,341 - INFO - opti_instance - opti_loop : Sending figure of merit to server
2018-12-17 12:15:01,639 - INFO - opti_instance - opti_loop : Figure of merit was sent
2018-12-17 12:15:01,639 - INFO - opti_instance - opti_loop : Checking if figure of merit record is reached
2018-12-17 12:15:01,670 - WARNING - remote_module - _re_exists: OSError: ./RedCRAB/exchange/exchangejob23/fom_record.txt does not exist, exit code -3
2018-12-17 12:15:01,808 - WARNING - remote_module - _re_exists: OSError: ./RedCRAB/exchange/exchangejob23/fom_record.txt does not exist, exit code -3
2018-12-17 12:15:02,273 - INFO - opti_instance - opti_loop : Record not reached 
2018-12-17 12:15:02,288 - INFO - opti_instance - opti_loop : Waiting for pulse update...
2018-12-17 12:15:02,341 - INFO - opti_instance - _check_server_message : New server message
2018-12-17 12:15:02,574 - INFO - opti_instance - _read_server_message : Superiteration: 8, NM iteration: 0, NM function evaluation: 3, Total function evaluations: 31
2018-12-17 12:15:02,574 - INFO - opti_instance - opti_loop : Pulse updated
2018-12-17 12:15:02,574 - INFO - opti_instance - opti_loop : Downloading pulse...
2018-12-17 12:15:02,790 - INFO - opti_instance - opti_loop : Pulse downloaded
2018-12-17 12:15:02,790 - INFO - opti_instance - opti_loop : Preparing figure of merit evaluation...
2018-12-17 12:15:02,912 - INFO - opti_instance - opti_loop : Preparations complete
2018-12-17 12:15:02,912 - INFO - opti_instance - opti_loop : Waiting for figure of merit evaluation...
2018-12-17 12:15:03,028 - INFO - opti_instance - opti_loop : Figure of merit recieved
2018-12-17 12:15:03,028 - INFO - opti_instance - opti_loop : Checking server status
2018-12-17 12:15:03,147 - INFO - opti_instance - opti_loop : Status checked successfully
2018-12-17 12:15:03,149 - INFO - opti_instance - opti_loop : Sending figure of merit to server
2018-12-17 12:15:03,445 - INFO - opti_instance - opti_loop : Figure of merit was sent
2018-12-17 12:15:03,445 - INFO - opti_instance - opti_loop : Checking if figure of merit record is reached
2018-12-17 12:15:03,491 - WARNING - remote_module - _re_exists: OSError: ./RedCRAB/exchange/exchangejob23/fom_record.txt does not exist, exit code -3
2018-12-17 12:15:03,961 - INFO - opti_instance - opti_loop : Record not reached 
2018-12-17 12:15:03,992 - INFO - opti_instance - opti_loop : Waiting for pulse update...
2018-12-17 12:15:04,061 - INFO - opti_instance - _check_server_message : New server message
2018-12-17 12:15:04,293 - INFO - opti_instance - _read_server_message : Superiteration: 8, NM iteration: 0, NM function evaluation: 4, Total function evaluations: 32
2018-12-17 12:15:04,293 - INFO - opti_instance - opti_loop : Pulse updated
2018-12-17 12:15:04,293 - INFO - opti_instance - opti_loop : Downloading pulse...
2018-12-17 12:15:04,500 - INFO - opti_instance - opti_loop : Pulse downloaded
2018-12-17 12:15:04,500 - INFO - opti_instance - opti_loop : Preparing figure of merit evaluation...
2018-12-17 12:15:04,617 - INFO - opti_instance - opti_loop : Preparations complete
2018-12-17 12:15:04,617 - INFO - opti_instance - opti_loop : Waiting for figure of merit evaluation...
2018-12-17 12:15:04,733 - INFO - opti_instance - opti_loop : Figure of merit recieved
2018-12-17 12:15:04,733 - INFO - opti_instance - opti_loop : Checking server status
2018-12-17 12:15:04,842 - INFO - opti_instance - opti_loop : Status checked successfully
2018-12-17 12:15:04,842 - INFO - opti_instance - opti_loop : Sending figure of merit to server
2018-12-17 12:15:05,165 - INFO - opti_instance - opti_loop : Figure of merit was sent
2018-12-17 12:15:05,165 - INFO - opti_instance - opti_loop : Checking if figure of merit record is reached
2018-12-17 12:15:05,532 - INFO - opti_instance - opti_loop : Record not reached 
2018-12-17 12:15:05,545 - INFO - opti_instance - opti_loop : Waiting for pulse update...
2018-12-17 12:15:05,604 - INFO - opti_instance - _check_server_message : New server message
2018-12-17 12:15:05,837 - INFO - opti_instance - _read_server_message : Superiteration: 9, NM iteration: 0, NM function evaluation: 1, Total function evaluations: 33
2018-12-17 12:15:05,837 - INFO - opti_instance - opti_loop : Pulse updated
2018-12-17 12:15:05,837 - INFO - opti_instance - opti_loop : Downloading pulse...
2018-12-17 12:15:06,037 - INFO - opti_instance - opti_loop : Pulse downloaded
2018-12-17 12:15:06,037 - INFO - opti_instance - opti_loop : Preparing figure of merit evaluation...
2018-12-17 12:15:06,165 - INFO - opti_instance - opti_loop : Preparations complete
2018-12-17 12:15:06,169 - INFO - opti_instance - opti_loop : Waiting for figure of merit evaluation...
2018-12-17 12:15:06,285 - INFO - opti_instance - opti_loop : Figure of merit recieved
2018-12-17 12:15:06,285 - INFO - opti_instance - opti_loop : Checking server status
2018-12-17 12:15:06,407 - INFO - opti_instance - opti_loop : Status checked successfully
2018-12-17 12:15:06,407 - INFO - opti_instance - opti_loop : Sending figure of merit to server
2018-12-17 12:15:06,702 - INFO - opti_instance - opti_loop : Figure of merit was sent
2018-12-17 12:15:06,702 - INFO - opti_instance - opti_loop : Checking if figure of merit record is reached
2018-12-17 12:15:06,741 - WARNING - remote_module - _re_exists: OSError: ./RedCRAB/exchange/exchangejob23/fom_record.txt does not exist, exit code -3
2018-12-17 12:15:07,211 - INFO - opti_instance - opti_loop : Record not reached 
2018-12-17 12:15:07,258 - INFO - opti_instance - opti_loop : Waiting for pulse update...
2018-12-17 12:15:07,312 - INFO - opti_instance - _check_server_message : New server message
2018-12-17 12:15:07,544 - INFO - opti_instance - _read_server_message : Superiteration: 9, NM iteration: 0, NM function evaluation: 2, Total function evaluations: 34
2018-12-17 12:15:07,544 - INFO - opti_instance - opti_loop : Pulse updated
2018-12-17 12:15:07,544 - INFO - opti_instance - opti_loop : Downloading pulse...
2018-12-17 12:15:07,745 - INFO - opti_instance - opti_loop : Pulse downloaded
2018-12-17 12:15:07,745 - INFO - opti_instance - opti_loop : Preparing figure of merit evaluation...
2018-12-17 12:15:07,876 - INFO - opti_instance - opti_loop : Preparations complete
2018-12-17 12:15:07,876 - INFO - opti_instance - opti_loop : Waiting for figure of merit evaluation...
2018-12-17 12:15:07,979 - INFO - opti_instance - opti_loop : Figure of merit recieved
2018-12-17 12:15:07,980 - INFO - opti_instance - opti_loop : Checking server status
2018-12-17 12:15:08,093 - INFO - opti_instance - opti_loop : Status checked successfully
2018-12-17 12:15:08,093 - INFO - opti_instance - opti_loop : Sending figure of merit to server
2018-12-17 12:15:08,378 - INFO - opti_instance - opti_loop : Figure of merit was sent
2018-12-17 12:15:08,378 - INFO - opti_instance - opti_loop : Checking if figure of merit record is reached
2018-12-17 12:15:08,416 - WARNING - remote_module - _re_exists: OSError: ./RedCRAB/exchange/exchangejob23/fom_record.txt does not exist, exit code -3
2018-12-17 12:15:08,568 - WARNING - remote_module - _re_exists: OSError: ./RedCRAB/exchange/exchangejob23/fom_record.txt does not exist, exit code -3
2018-12-17 12:15:09,033 - INFO - opti_instance - opti_loop : Record not reached 
2018-12-17 12:15:09,065 - INFO - opti_instance - opti_loop : Waiting for pulse update...
2018-12-17 12:15:09,134 - INFO - opti_instance - _check_server_message : New server message
2018-12-17 12:15:09,365 - INFO - opti_instance - _read_server_message : Superiteration: 9, NM iteration: 0, NM function evaluation: 3, Total function evaluations: 35
2018-12-17 12:15:09,365 - INFO - opti_instance - opti_loop : Pulse updated
2018-12-17 12:15:09,365 - INFO - opti_instance - opti_loop : Downloading pulse...
2018-12-17 12:15:09,582 - INFO - opti_instance - opti_loop : Pulse downloaded
2018-12-17 12:15:09,582 - INFO - opti_instance - opti_loop : Preparing figure of merit evaluation...
2018-12-17 12:15:09,698 - INFO - opti_instance - opti_loop : Preparations complete
2018-12-17 12:15:09,698 - INFO - opti_instance - opti_loop : Waiting for figure of merit evaluation...
2018-12-17 12:15:09,802 - INFO - opti_instance - opti_loop : Figure of merit recieved
2018-12-17 12:15:09,802 - INFO - opti_instance - opti_loop : Checking server status
2018-12-17 12:15:09,914 - INFO - opti_instance - opti_loop : Status checked successfully
2018-12-17 12:15:09,914 - INFO - opti_instance - opti_loop : Sending figure of merit to server
2018-12-17 12:15:10,200 - WARNING - remote_module - _file_put: OSError: Local file: D:\Work\Redcrab\RedCRAB_Client\bin\..\exchange\exchangejob23\Msg_u.txt or the folder to which the file: ./RedCRAB/exchange/exchangejob23/Msg_u.txt is to be transferred does not exist, exit code 3
2018-12-17 12:15:10,200 - WARNING - remote_module - file_put: OSError while calling _file_put in try: 1/3
2018-12-17 12:15:10,285 - INFO - remote_module - file_put: And file: ./RedCRAB/exchange/exchangejob23/Msg_u.txt does not exist (this is okay, as transmission raised an error).
2018-12-17 12:15:10,602 - INFO - opti_instance - opti_loop : Figure of merit was sent
2018-12-17 12:15:10,602 - INFO - opti_instance - opti_loop : Checking if figure of merit record is reached
2018-12-17 12:15:10,976 - INFO - opti_instance - opti_loop : Record not reached 
2018-12-17 12:15:10,983 - INFO - opti_instance - opti_loop : Waiting for pulse update...
2018-12-17 12:15:11,042 - INFO - opti_instance - _check_server_message : New server message
2018-12-17 12:15:11,274 - INFO - opti_instance - _read_server_message : Superiteration: 9, NM iteration: 0, NM function evaluation: 4, Total function evaluations: 36
2018-12-17 12:15:11,274 - INFO - opti_instance - opti_loop : Pulse updated
2018-12-17 12:15:11,274 - INFO - opti_instance - opti_loop : Downloading pulse...
2018-12-17 12:15:11,475 - INFO - opti_instance - opti_loop : Pulse downloaded
2018-12-17 12:15:11,475 - INFO - opti_instance - opti_loop : Preparing figure of merit evaluation...
2018-12-17 12:15:11,563 - ERROR - opti_instance - _check_for_user_message : Error: User message still exists, when it should not. Count = 1
2018-12-17 12:15:11,611 - ERROR - opti_instance - _check_for_user_message : Error: User message still exists, when it should not. Count = 2
2018-12-17 12:15:11,660 - ERROR - opti_instance - _check_for_user_message : Error: User message still exists, when it should not. Count = 3
2018-12-17 12:15:11,707 - ERROR - opti_instance - _check_for_user_message : Error: User message still exists, when it should not. Count = 4
2018-12-17 12:15:11,760 - ERROR - opti_instance - _check_for_user_message : Error: User message still exists, when it should not. Count = 5
2018-12-17 12:15:11,829 - INFO - opti_instance - opti_loop : Preparations complete
2018-12-17 12:15:11,829 - INFO - opti_instance - opti_loop : Waiting for figure of merit evaluation...
2018-12-17 12:15:11,945 - INFO - opti_instance - opti_loop : Figure of merit recieved
2018-12-17 12:15:11,945 - INFO - opti_instance - opti_loop : Checking server status
2018-12-17 12:15:12,077 - INFO - opti_instance - opti_loop : Status checked successfully
2018-12-17 12:15:12,077 - INFO - opti_instance - opti_loop : Sending figure of merit to server
2018-12-17 12:15:12,378 - INFO - opti_instance - opti_loop : Figure of merit was sent
2018-12-17 12:15:12,393 - INFO - opti_instance - opti_loop : Checking if figure of merit record is reached
2018-12-17 12:15:12,431 - WARNING - remote_module - _re_exists: OSError: ./RedCRAB/exchange/exchangejob23/fom_record.txt does not exist, exit code -3
2018-12-17 12:15:12,910 - INFO - opti_instance - opti_loop : Record not reached 
2018-12-17 12:15:12,948 - INFO - opti_instance - opti_loop : Waiting for pulse update...
2018-12-17 12:15:13,011 - INFO - opti_instance - _check_server_message : New server message
2018-12-17 12:15:13,249 - INFO - opti_instance - _read_server_message : Superiteration: 10, NM iteration: 0, NM function evaluation: 1, Total function evaluations: 37
2018-12-17 12:15:13,249 - INFO - opti_instance - opti_loop : Pulse updated
2018-12-17 12:15:13,249 - INFO - opti_instance - opti_loop : Downloading pulse...
2018-12-17 12:15:13,465 - INFO - opti_instance - opti_loop : Pulse downloaded
2018-12-17 12:15:13,465 - INFO - opti_instance - opti_loop : Preparing figure of merit evaluation...
2018-12-17 12:15:13,597 - INFO - opti_instance - opti_loop : Preparations complete
2018-12-17 12:15:13,597 - INFO - opti_instance - opti_loop : Waiting for figure of merit evaluation...
2018-12-17 12:15:13,728 - INFO - opti_instance - opti_loop : Figure of merit recieved
2018-12-17 12:15:13,728 - INFO - opti_instance - opti_loop : Checking server status
2018-12-17 12:15:13,835 - INFO - opti_instance - opti_loop : Status checked successfully
2018-12-17 12:15:13,835 - INFO - opti_instance - opti_loop : Sending figure of merit to server
2018-12-17 12:15:14,136 - WARNING - remote_module - _file_put: OSError: Local file: D:\Work\Redcrab\RedCRAB_Client\bin\..\exchange\exchangejob23\Msg_u.txt or the folder to which the file: ./RedCRAB/exchange/exchangejob23/Msg_u.txt is to be transferred does not exist, exit code 3
2018-12-17 12:15:14,136 - WARNING - remote_module - file_put: OSError while calling _file_put in try: 1/3
2018-12-17 12:15:14,230 - INFO - remote_module - file_put: And file: ./RedCRAB/exchange/exchangejob23/Msg_u.txt does not exist (this is okay, as transmission raised an error).
2018-12-17 12:15:14,557 - INFO - opti_instance - opti_loop : Figure of merit was sent
2018-12-17 12:15:14,558 - INFO - opti_instance - opti_loop : Checking if figure of merit record is reached
2018-12-17 12:15:14,918 - INFO - opti_instance - opti_loop : Record not reached 
2018-12-17 12:15:14,955 - INFO - opti_instance - opti_loop : Waiting for pulse update...
2018-12-17 12:15:15,018 - INFO - opti_instance - _check_server_message : New server message
2018-12-17 12:15:15,239 - INFO - opti_instance - _read_server_message : Superiteration: 10, NM iteration: 0, NM function evaluation: 2, Total function evaluations: 38
2018-12-17 12:15:15,239 - INFO - opti_instance - opti_loop : Pulse updated
2018-12-17 12:15:15,239 - INFO - opti_instance - opti_loop : Downloading pulse...
2018-12-17 12:15:15,457 - INFO - opti_instance - opti_loop : Pulse downloaded
2018-12-17 12:15:15,457 - INFO - opti_instance - opti_loop : Preparing figure of merit evaluation...
2018-12-17 12:15:15,557 - ERROR - opti_instance - _check_for_user_message : Error: User message still exists, when it should not. Count = 1
2018-12-17 12:15:15,604 - ERROR - opti_instance - _check_for_user_message : Error: User message still exists, when it should not. Count = 2
2018-12-17 12:15:15,658 - ERROR - opti_instance - _check_for_user_message : Error: User message still exists, when it should not. Count = 3
2018-12-17 12:15:15,704 - ERROR - opti_instance - _check_for_user_message : Error: User message still exists, when it should not. Count = 4
2018-12-17 12:15:15,790 - INFO - opti_instance - opti_loop : Preparations complete
2018-12-17 12:15:15,791 - INFO - opti_instance - opti_loop : Waiting for figure of merit evaluation...
2018-12-17 12:15:15,889 - INFO - opti_instance - opti_loop : Figure of merit recieved
2018-12-17 12:15:15,889 - INFO - opti_instance - opti_loop : Checking server status
2018-12-17 12:15:16,005 - INFO - opti_instance - opti_loop : Status checked successfully
2018-12-17 12:15:16,005 - INFO - opti_instance - opti_loop : Sending figure of merit to server
2018-12-17 12:15:16,323 - INFO - opti_instance - opti_loop : Figure of merit was sent
2018-12-17 12:15:16,323 - INFO - opti_instance - opti_loop : Checking if figure of merit record is reached
2018-12-17 12:15:16,369 - WARNING - remote_module - _re_exists: OSError: ./RedCRAB/exchange/exchangejob23/fom_record.txt does not exist, exit code -3
2018-12-17 12:15:16,846 - INFO - opti_instance - opti_loop : Record not reached 
2018-12-17 12:15:16,878 - INFO - opti_instance - opti_loop : Waiting for pulse update...
2018-12-17 12:15:16,947 - INFO - opti_instance - _check_server_message : New server message
2018-12-17 12:15:17,179 - INFO - opti_instance - _read_server_message : Superiteration: 10, NM iteration: 0, NM function evaluation: 3, Total function evaluations: 39
2018-12-17 12:15:17,179 - INFO - opti_instance - opti_loop : Pulse updated
2018-12-17 12:15:17,179 - INFO - opti_instance - opti_loop : Downloading pulse...
2018-12-17 12:15:17,396 - INFO - opti_instance - opti_loop : Pulse downloaded
2018-12-17 12:15:17,411 - INFO - opti_instance - opti_loop : Preparing figure of merit evaluation...
2018-12-17 12:15:17,527 - INFO - opti_instance - opti_loop : Preparations complete
2018-12-17 12:15:17,527 - INFO - opti_instance - opti_loop : Waiting for figure of merit evaluation...
2018-12-17 12:15:17,635 - INFO - opti_instance - opti_loop : Figure of merit recieved
2018-12-17 12:15:17,635 - INFO - opti_instance - opti_loop : Checking server status
2018-12-17 12:15:17,765 - INFO - opti_instance - opti_loop : Status checked successfully
2018-12-17 12:15:17,765 - INFO - opti_instance - opti_loop : Sending figure of merit to server
2018-12-17 12:15:18,065 - WARNING - remote_module - _file_put: OSError: Local file: D:\Work\Redcrab\RedCRAB_Client\bin\..\exchange\exchangejob23\Msg_u.txt or the folder to which the file: ./RedCRAB/exchange/exchangejob23/Msg_u.txt is to be transferred does not exist, exit code 3
2018-12-17 12:15:18,065 - WARNING - remote_module - file_put: OSError while calling _file_put in try: 1/3
2018-12-17 12:15:18,150 - INFO - remote_module - file_put: And file: ./RedCRAB/exchange/exchangejob23/Msg_u.txt does not exist (this is okay, as transmission raised an error).
2018-12-17 12:15:18,466 - INFO - opti_instance - opti_loop : Figure of merit was sent
2018-12-17 12:15:18,466 - INFO - opti_instance - opti_loop : Checking if figure of merit record is reached
2018-12-17 12:15:18,866 - INFO - opti_instance - opti_loop : Record not reached 
2018-12-17 12:15:18,882 - INFO - opti_instance - opti_loop : Waiting for pulse update...
2018-12-17 12:15:18,951 - INFO - opti_instance - _check_server_message : New server message
2018-12-17 12:15:19,183 - INFO - opti_instance - _read_server_message : Superiteration: 10, NM iteration: 0, NM function evaluation: 4, Total function evaluations: 40
2018-12-17 12:15:19,183 - INFO - opti_instance - opti_loop : Pulse updated
2018-12-17 12:15:19,183 - INFO - opti_instance - opti_loop : Downloading pulse...
2018-12-17 12:15:19,405 - INFO - opti_instance - opti_loop : Pulse downloaded
2018-12-17 12:15:19,407 - INFO - opti_instance - opti_loop : Preparing figure of merit evaluation...
2018-12-17 12:15:19,499 - ERROR - opti_instance - _check_for_user_message : Error: User message still exists, when it should not. Count = 1
2018-12-17 12:15:19,546 - ERROR - opti_instance - _check_for_user_message : Error: User message still exists, when it should not. Count = 2
2018-12-17 12:15:19,599 - ERROR - opti_instance - _check_for_user_message : Error: User message still exists, when it should not. Count = 3
2018-12-17 12:15:19,646 - ERROR - opti_instance - _check_for_user_message : Error: User message still exists, when it should not. Count = 4
2018-12-17 12:15:19,730 - INFO - opti_instance - opti_loop : Preparations complete
2018-12-17 12:15:19,730 - INFO - opti_instance - opti_loop : Waiting for figure of merit evaluation...
2018-12-17 12:15:19,846 - INFO - opti_instance - opti_loop : Figure of merit recieved
2018-12-17 12:15:19,846 - INFO - opti_instance - opti_loop : Checking server status
2018-12-17 12:15:19,965 - INFO - opti_instance - opti_loop : Status checked successfully
2018-12-17 12:15:19,966 - INFO - opti_instance - opti_loop : Sending figure of merit to server
2018-12-17 12:15:20,254 - INFO - opti_instance - opti_loop : Figure of merit was sent
2018-12-17 12:15:20,254 - INFO - opti_instance - opti_loop : Checking if figure of merit record is reached
2018-12-17 12:15:20,285 - WARNING - remote_module - _re_exists: OSError: ./RedCRAB/exchange/exchangejob23/fom_record.txt does not exist, exit code -3
2018-12-17 12:15:20,749 - INFO - opti_instance - opti_loop : Record not reached 
2018-12-17 12:15:20,771 - INFO - opti_instance - opti_loop : Waiting for pulse update...
2018-12-17 12:15:20,833 - INFO - opti_instance - _check_server_message : New server message
2018-12-17 12:15:21,051 - INFO - opti_instance - _read_server_message : Optimization finished without errors
2018-12-17 12:15:21,051 - INFO - redcrab - opti_instance : Handling exit.
2018-12-17 12:15:21,658 - INFO - remote_module - close_sftp_connection: SFTP connection closed
2018-12-17 12:15:21,658 - INFO - remote_module - close_ssh_connection: SSH connection closed
2018-12-17 12:15:21,658 - INFO - redcrab - opti_instance : Exit handled successfully.
2018-12-17 12:15:21,658 - INFO - redcrab - opti_instance : RedCRAB transmission ended.
