2019-04-02 14:30:35,276 - INFO - redcrab - main : Starting new RedCRAB optimization run
2019-04-02 14:30:35,276 - INFO - redcrab - main : Initialization...
2019-04-02 14:30:35,276 - WARNING - redcrab - _prepare_config_send : Job with ID: 6 already exists. Renaming to: 6_20190402_143035
2019-04-02 14:30:35,293 - INFO - redcrab - main : User Job id is: 6_20190402_143035
2019-04-02 14:30:35,293 - INFO - redcrab - main : Internal User Job id is: 15542082352766
2019-04-02 14:30:35,293 - INFO - redcrab - main : Manage logging...
2019-04-02 14:30:35,309 - INFO - redcrab - main : Logging handled
2019-04-02 14:30:35,309 - INFO - redcrab - main : Establish server connection...
2019-04-02 14:30:35,309 - INFO - remote_module - ssh_connect: Trying to connect to granat.physik.uni-ulm.de (1/10)
2019-04-02 14:30:35,694 - INFO - remote_module - ssh_connect: Connected to granat.physik.uni-ulm.de
2019-04-02 14:30:35,947 - INFO - remote_module - sftp_connect: Opened ftp channel
2019-04-02 14:30:35,947 - INFO - remote_module - set_ftp_channel_timeout: set ftp channel timeout to: 15
2019-04-02 14:30:35,947 - INFO - redcrab - main : Checking server status
2019-04-02 14:30:36,030 - INFO - redcrab - main : Server status ok
2019-04-02 14:30:36,046 - INFO - redcrab - main : Sending config file to server...
2019-04-02 14:30:36,196 - INFO - redcrab - main : Config file sent sucessfully...
2019-04-02 14:30:36,196 - INFO - redcrab - main : Waiting for server answer...
2019-04-02 14:30:39,807 - INFO - redcrab - main : Server job id is: 292
2019-04-02 14:30:39,807 - INFO - redcrab - main : Server answer recieved
2019-04-02 14:30:39,807 - INFO - redcrab - main : Doing final preparations...
2019-04-02 14:30:42,118 - INFO - redcrab - main : Preparations finished...
2019-04-02 14:30:42,118 - INFO - redcrab - stopper_instance : Starting stopper instance.
2019-04-02 14:30:42,118 - INFO - redcrab - opti_instance : Initializing transmission...
2019-04-02 14:30:48,321 - INFO - redcrab - opti_instance : Starting transmission.
2019-04-02 14:30:48,380 - INFO - opti_instance - opti_loop : Waiting for pulse update...
2019-04-02 14:30:48,427 - INFO - opti_instance - _check_server_message : New server message
2019-04-02 14:30:48,712 - INFO - opti_instance - _read_server_message : Superiteration: 1, NM iteration: 0, NM function evaluation: 1, Total function evaluations: 1
2019-04-02 14:30:48,712 - INFO - opti_instance - opti_loop : Pulse updated
2019-04-02 14:30:48,712 - INFO - opti_instance - opti_loop : Downloading pulse...
2019-04-02 14:30:48,897 - INFO - opti_instance - opti_loop : Pulse downloaded
2019-04-02 14:30:48,897 - INFO - opti_instance - opti_loop : Preparing figure of merit evaluation...
2019-04-02 14:30:49,028 - INFO - opti_instance - opti_loop : Preparations complete
2019-04-02 14:30:49,028 - INFO - opti_instance - opti_loop : Waiting for figure of merit evaluation...
2019-04-02 14:30:54,762 - INFO - opti_instance - opti_loop : Figure of merit recieved
2019-04-02 14:30:54,762 - INFO - opti_instance - opti_loop : Checking server status
2019-04-02 14:30:54,881 - INFO - opti_instance - opti_loop : Status checked successfully
2019-04-02 14:30:54,881 - INFO - opti_instance - opti_loop : Sending figure of merit to server
2019-04-02 14:30:55,069 - INFO - opti_instance - _update_user_message : Had to create Msg_u.txt on client side
2019-04-02 14:30:55,180 - WARNING - remote_module - _file_put: OSError: Local file: C:\Users\dav_8\Desktop\RedCRAB_Client_0\bin\..\exchange\exchangejob292\Msg_u.txt or the folder to which the file: ./RedCRAB/exchange/exchangejob292/Msg_u.txt is to be transferred does not exist, exit code 3
2019-04-02 14:30:55,180 - WARNING - remote_module - file_put: OSError while calling _file_put in try: 1/3
2019-04-02 14:30:55,253 - INFO - remote_module - file_put: And file: ./RedCRAB/exchange/exchangejob292/Msg_u.txt does not exist (this is okay, as transmission raised an error).
2019-04-02 14:30:55,556 - INFO - opti_instance - opti_loop : Figure of merit was sent
2019-04-02 14:30:55,556 - INFO - opti_instance - opti_loop : Checking if figure of merit record is reached
2019-04-02 14:30:55,881 - INFO - opti_instance - opti_loop : Fom_record reached. Update record file. 
2019-04-02 14:30:55,971 - INFO - opti_instance - opti_loop : Waiting for pulse update...
2019-04-02 14:30:56,036 - INFO - opti_instance - _check_server_message : New server message
2019-04-02 14:30:56,268 - INFO - opti_instance - _read_server_message : Superiteration: 1, NM iteration: 0, NM function evaluation: 2, Total function evaluations: 2
2019-04-02 14:30:56,268 - INFO - opti_instance - opti_loop : Pulse updated
2019-04-02 14:30:56,268 - INFO - opti_instance - opti_loop : Downloading pulse...
2019-04-02 14:30:56,469 - INFO - opti_instance - opti_loop : Pulse downloaded
2019-04-02 14:30:56,469 - INFO - opti_instance - opti_loop : Preparing figure of merit evaluation...
2019-04-02 14:30:56,569 - ERROR - opti_instance - _check_for_user_message : Error: User message still exists, when it should not. Count = 1
2019-04-02 14:30:56,638 - INFO - opti_instance - opti_loop : Preparations complete
2019-04-02 14:30:56,654 - INFO - opti_instance - opti_loop : Waiting for figure of merit evaluation...
2019-04-02 14:30:59,266 - INFO - opti_instance - opti_loop : Figure of merit recieved
2019-04-02 14:30:59,266 - INFO - opti_instance - opti_loop : Checking server status
2019-04-02 14:30:59,379 - INFO - opti_instance - opti_loop : Status checked successfully
2019-04-02 14:30:59,379 - INFO - opti_instance - opti_loop : Sending figure of merit to server
2019-04-02 14:30:59,633 - INFO - opti_instance - opti_loop : Figure of merit was sent
2019-04-02 14:30:59,649 - INFO - opti_instance - opti_loop : Checking if figure of merit record is reached
2019-04-02 14:30:59,680 - WARNING - remote_module - _re_exists: OSError: ./RedCRAB/exchange/exchangejob292/fom_record.txt does not exist, exit code -3
2019-04-02 14:31:00,119 - INFO - opti_instance - opti_loop : Record not reached 
2019-04-02 14:31:00,197 - INFO - opti_instance - opti_loop : Waiting for pulse update...
2019-04-02 14:31:00,266 - INFO - opti_instance - _check_server_message : New server message
2019-04-02 14:31:00,482 - INFO - opti_instance - _read_server_message : Superiteration: 1, NM iteration: 0, NM function evaluation: 3, Total function evaluations: 3
2019-04-02 14:31:00,482 - INFO - opti_instance - opti_loop : Pulse updated
2019-04-02 14:31:00,482 - INFO - opti_instance - opti_loop : Downloading pulse...
2019-04-02 14:31:00,671 - INFO - opti_instance - opti_loop : Pulse downloaded
2019-04-02 14:31:00,671 - INFO - opti_instance - opti_loop : Preparing figure of merit evaluation...
2019-04-02 14:31:00,821 - INFO - opti_instance - opti_loop : Preparations complete
2019-04-02 14:31:00,821 - INFO - opti_instance - opti_loop : Waiting for figure of merit evaluation...
2019-04-02 14:31:03,073 - INFO - opti_instance - opti_loop : Figure of merit recieved
2019-04-02 14:31:03,073 - INFO - opti_instance - opti_loop : Checking server status
2019-04-02 14:31:03,159 - INFO - opti_instance - opti_loop : Status checked successfully
2019-04-02 14:31:03,159 - INFO - opti_instance - opti_loop : Sending figure of merit to server
2019-04-02 14:31:03,444 - INFO - opti_instance - opti_loop : Figure of merit was sent
2019-04-02 14:31:03,459 - INFO - opti_instance - opti_loop : Checking if figure of merit record is reached
2019-04-02 14:31:03,475 - WARNING - remote_module - _re_exists: OSError: ./RedCRAB/exchange/exchangejob292/fom_record.txt does not exist, exit code -3
2019-04-02 14:31:03,607 - WARNING - remote_module - _re_exists: OSError: ./RedCRAB/exchange/exchangejob292/fom_record.txt does not exist, exit code -3
2019-04-02 14:31:04,045 - INFO - opti_instance - opti_loop : Fom_record reached. Update record file. 
2019-04-02 14:31:04,128 - INFO - opti_instance - opti_loop : Waiting for pulse update...
2019-04-02 14:31:04,192 - INFO - opti_instance - _check_server_message : New server message
2019-04-02 14:31:04,409 - INFO - opti_instance - _read_server_message : Superiteration: 1, NM iteration: 1, NM function evaluation: 4, Total function evaluations: 4
2019-04-02 14:31:04,409 - INFO - opti_instance - opti_loop : Pulse updated
2019-04-02 14:31:04,409 - INFO - opti_instance - opti_loop : Downloading pulse...
2019-04-02 14:31:04,640 - INFO - opti_instance - opti_loop : Pulse downloaded
2019-04-02 14:31:04,640 - INFO - opti_instance - opti_loop : Preparing figure of merit evaluation...
2019-04-02 14:31:04,763 - INFO - opti_instance - opti_loop : Preparations complete
2019-04-02 14:31:04,763 - INFO - opti_instance - opti_loop : Waiting for figure of merit evaluation...
2019-04-02 14:31:06,762 - INFO - opti_instance - opti_loop : Figure of merit recieved
2019-04-02 14:31:06,762 - INFO - opti_instance - opti_loop : Checking server status
2019-04-02 14:31:06,876 - INFO - opti_instance - opti_loop : Status checked successfully
2019-04-02 14:31:06,876 - INFO - opti_instance - opti_loop : Sending figure of merit to server
2019-04-02 14:31:07,178 - INFO - opti_instance - opti_loop : Figure of merit was sent
2019-04-02 14:31:07,178 - INFO - opti_instance - opti_loop : Checking if figure of merit record is reached
2019-04-02 14:31:07,209 - WARNING - remote_module - _re_exists: OSError: ./RedCRAB/exchange/exchangejob292/fom_record.txt does not exist, exit code -3
2019-04-02 14:31:07,647 - INFO - opti_instance - opti_loop : Record not reached 
2019-04-02 14:31:07,709 - INFO - opti_instance - opti_loop : Waiting for pulse update...
2019-04-02 14:31:07,778 - INFO - opti_instance - _check_server_message : New server message
2019-04-02 14:31:07,995 - INFO - opti_instance - _read_server_message : Superiteration: 1, NM iteration: 1, NM function evaluation: 5, Total function evaluations: 5
2019-04-02 14:31:07,995 - INFO - opti_instance - opti_loop : Pulse updated
2019-04-02 14:31:07,995 - INFO - opti_instance - opti_loop : Downloading pulse...
2019-04-02 14:31:08,180 - INFO - opti_instance - opti_loop : Pulse downloaded
2019-04-02 14:31:08,180 - INFO - opti_instance - opti_loop : Preparing figure of merit evaluation...
2019-04-02 14:31:08,311 - INFO - opti_instance - opti_loop : Preparations complete
2019-04-02 14:31:08,311 - INFO - opti_instance - opti_loop : Waiting for figure of merit evaluation...
2019-04-02 14:31:10,077 - INFO - opti_instance - opti_loop : Figure of merit recieved
2019-04-02 14:31:10,077 - INFO - opti_instance - opti_loop : Checking server status
2019-04-02 14:31:10,187 - INFO - opti_instance - opti_loop : Status checked successfully
2019-04-02 14:31:10,187 - INFO - opti_instance - opti_loop : Sending figure of merit to server
2019-04-02 14:31:10,467 - WARNING - remote_module - _file_put: OSError: Local file: C:\Users\dav_8\Desktop\RedCRAB_Client_0\bin\..\exchange\exchangejob292\Msg_u.txt or the folder to which the file: ./RedCRAB/exchange/exchangejob292/Msg_u.txt is to be transferred does not exist, exit code 3
2019-04-02 14:31:10,467 - WARNING - remote_module - file_put: OSError while calling _file_put in try: 1/3
2019-04-02 14:31:10,901 - INFO - remote_module - file_put: And file: ./RedCRAB/exchange/exchangejob292/Msg_u.txt does not exist (this is okay, as transmission raised an error).
2019-04-02 14:31:11,201 - INFO - opti_instance - opti_loop : Figure of merit was sent
2019-04-02 14:31:11,201 - INFO - opti_instance - opti_loop : Checking if figure of merit record is reached
2019-04-02 14:31:11,518 - INFO - opti_instance - opti_loop : Record not reached 
2019-04-02 14:31:11,581 - INFO - opti_instance - opti_loop : Waiting for pulse update...
2019-04-02 14:31:11,650 - INFO - opti_instance - _check_server_message : New server message
2019-04-02 14:31:11,866 - INFO - opti_instance - _read_server_message : Superiteration: 1, NM iteration: 1, NM function evaluation: 6, Total function evaluations: 6
2019-04-02 14:31:11,866 - INFO - opti_instance - opti_loop : Pulse updated
2019-04-02 14:31:11,866 - INFO - opti_instance - opti_loop : Downloading pulse...
2019-04-02 14:31:12,067 - INFO - opti_instance - opti_loop : Pulse downloaded
2019-04-02 14:31:12,067 - INFO - opti_instance - opti_loop : Preparing figure of merit evaluation...
2019-04-02 14:31:12,183 - ERROR - opti_instance - _check_for_user_message : Error: User message still exists, when it should not. Count = 1
2019-04-02 14:31:12,252 - INFO - opti_instance - opti_loop : Preparations complete
2019-04-02 14:31:12,267 - INFO - opti_instance - opti_loop : Waiting for figure of merit evaluation...
2019-04-02 14:31:14,056 - INFO - opti_instance - opti_loop : Figure of merit recieved
2019-04-02 14:31:14,056 - INFO - opti_instance - opti_loop : Checking server status
2019-04-02 14:31:14,166 - INFO - opti_instance - opti_loop : Status checked successfully
2019-04-02 14:31:14,166 - INFO - opti_instance - opti_loop : Sending figure of merit to server
2019-04-02 14:31:14,431 - INFO - opti_instance - opti_loop : Figure of merit was sent
2019-04-02 14:31:14,431 - INFO - opti_instance - opti_loop : Checking if figure of merit record is reached
2019-04-02 14:31:14,769 - INFO - opti_instance - opti_loop : Record not reached 
2019-04-02 14:31:14,832 - INFO - opti_instance - opti_loop : Waiting for pulse update...
2019-04-02 14:31:14,901 - INFO - opti_instance - _check_server_message : New server message
2019-04-02 14:31:15,114 - INFO - opti_instance - _read_server_message : Superiteration: 1, NM iteration: 1, NM function evaluation: 7, Total function evaluations: 7
2019-04-02 14:31:15,114 - INFO - opti_instance - opti_loop : Pulse updated
2019-04-02 14:31:15,114 - INFO - opti_instance - opti_loop : Downloading pulse...
2019-04-02 14:31:15,314 - INFO - opti_instance - opti_loop : Pulse downloaded
2019-04-02 14:31:15,314 - INFO - opti_instance - opti_loop : Preparing figure of merit evaluation...
2019-04-02 14:31:15,430 - INFO - opti_instance - opti_loop : Preparations complete
2019-04-02 14:31:15,445 - INFO - opti_instance - opti_loop : Waiting for figure of merit evaluation...
2019-04-02 14:31:17,226 - INFO - opti_instance - opti_loop : Figure of merit recieved
2019-04-02 14:31:17,226 - INFO - opti_instance - opti_loop : Checking server status
2019-04-02 14:31:17,326 - INFO - opti_instance - opti_loop : Status checked successfully
2019-04-02 14:31:17,326 - INFO - opti_instance - opti_loop : Sending figure of merit to server
2019-04-02 14:31:17,595 - WARNING - remote_module - _file_put: OSError: Local file: C:\Users\dav_8\Desktop\RedCRAB_Client_0\bin\..\exchange\exchangejob292\Msg_u.txt or the folder to which the file: ./RedCRAB/exchange/exchangejob292/Msg_u.txt is to be transferred does not exist, exit code 3
2019-04-02 14:31:17,595 - WARNING - remote_module - file_put: OSError while calling _file_put in try: 1/3
2019-04-02 14:31:17,664 - INFO - remote_module - file_put: And file: ./RedCRAB/exchange/exchangejob292/Msg_u.txt does not exist (this is okay, as transmission raised an error).
2019-04-02 14:31:17,966 - INFO - opti_instance - opti_loop : Figure of merit was sent
2019-04-02 14:31:17,966 - INFO - opti_instance - opti_loop : Checking if figure of merit record is reached
2019-04-02 14:31:18,285 - INFO - opti_instance - opti_loop : Record not reached 
2019-04-02 14:31:18,338 - INFO - opti_instance - opti_loop : Waiting for pulse update...
2019-04-02 14:31:18,416 - INFO - opti_instance - _check_server_message : New server message
2019-04-02 14:31:18,617 - INFO - opti_instance - _read_server_message : Superiteration: 2, NM iteration: 0, NM function evaluation: 1, Total function evaluations: 8
2019-04-02 14:31:18,617 - INFO - opti_instance - opti_loop : Pulse updated
2019-04-02 14:31:18,617 - INFO - opti_instance - opti_loop : Downloading pulse...
2019-04-02 14:31:18,817 - INFO - opti_instance - opti_loop : Pulse downloaded
2019-04-02 14:31:18,817 - INFO - opti_instance - opti_loop : Preparing figure of merit evaluation...
2019-04-02 14:31:18,922 - ERROR - opti_instance - _check_for_user_message : Error: User message still exists, when it should not. Count = 1
2019-04-02 14:31:18,970 - ERROR - opti_instance - _check_for_user_message : Error: User message still exists, when it should not. Count = 2
2019-04-02 14:31:19,017 - ERROR - opti_instance - _check_for_user_message : Error: User message still exists, when it should not. Count = 3
2019-04-02 14:31:19,102 - INFO - opti_instance - opti_loop : Preparations complete
2019-04-02 14:31:19,102 - INFO - opti_instance - opti_loop : Waiting for figure of merit evaluation...
2019-04-02 14:31:21,182 - INFO - opti_instance - opti_loop : Figure of merit recieved
2019-04-02 14:31:21,182 - INFO - opti_instance - opti_loop : Checking server status
2019-04-02 14:31:21,292 - INFO - opti_instance - opti_loop : Status checked successfully
2019-04-02 14:31:21,292 - INFO - opti_instance - opti_loop : Sending figure of merit to server
2019-04-02 14:31:21,555 - INFO - opti_instance - opti_loop : Figure of merit was sent
2019-04-02 14:31:21,555 - INFO - opti_instance - opti_loop : Checking if figure of merit record is reached
2019-04-02 14:31:22,245 - INFO - opti_instance - opti_loop : Record not reached 
2019-04-02 14:31:22,378 - INFO - opti_instance - opti_loop : Waiting for pulse update...
2019-04-02 14:31:22,446 - INFO - opti_instance - _check_server_message : New server message
2019-04-02 14:31:22,662 - INFO - opti_instance - _read_server_message : Superiteration: 2, NM iteration: 0, NM function evaluation: 2, Total function evaluations: 9
2019-04-02 14:31:22,662 - INFO - opti_instance - opti_loop : Pulse updated
2019-04-02 14:31:22,662 - INFO - opti_instance - opti_loop : Downloading pulse...
2019-04-02 14:31:22,863 - INFO - opti_instance - opti_loop : Pulse downloaded
2019-04-02 14:31:22,863 - INFO - opti_instance - opti_loop : Preparing figure of merit evaluation...
2019-04-02 14:31:22,979 - INFO - opti_instance - opti_loop : Preparations complete
2019-04-02 14:31:22,994 - INFO - opti_instance - opti_loop : Waiting for figure of merit evaluation...
2019-04-02 14:31:24,890 - INFO - opti_instance - opti_loop : Figure of merit recieved
2019-04-02 14:31:24,890 - INFO - opti_instance - opti_loop : Checking server status
2019-04-02 14:31:24,990 - INFO - opti_instance - opti_loop : Status checked successfully
2019-04-02 14:31:24,990 - INFO - opti_instance - opti_loop : Sending figure of merit to server
2019-04-02 14:31:25,259 - WARNING - remote_module - _file_put: OSError: Local file: C:\Users\dav_8\Desktop\RedCRAB_Client_0\bin\..\exchange\exchangejob292\Msg_u.txt or the folder to which the file: ./RedCRAB/exchange/exchangejob292/Msg_u.txt is to be transferred does not exist, exit code 3
2019-04-02 14:31:25,259 - WARNING - remote_module - file_put: OSError while calling _file_put in try: 1/3
2019-04-02 14:31:25,343 - INFO - remote_module - file_put: And file: ./RedCRAB/exchange/exchangejob292/Msg_u.txt does not exist (this is okay, as transmission raised an error).
2019-04-02 14:31:25,648 - INFO - opti_instance - opti_loop : Figure of merit was sent
2019-04-02 14:31:25,648 - INFO - opti_instance - opti_loop : Checking if figure of merit record is reached
2019-04-02 14:31:25,980 - INFO - opti_instance - opti_loop : Fom_record reached. Update record file. 
2019-04-02 14:31:26,579 - INFO - opti_instance - opti_loop : Waiting for pulse update...
2019-04-02 14:31:26,634 - INFO - opti_instance - _check_server_message : New server message
2019-04-02 14:31:26,850 - INFO - opti_instance - _read_server_message : Superiteration: 2, NM iteration: 0, NM function evaluation: 3, Total function evaluations: 10
2019-04-02 14:31:26,850 - INFO - opti_instance - opti_loop : Pulse updated
2019-04-02 14:31:26,850 - INFO - opti_instance - opti_loop : Downloading pulse...
2019-04-02 14:31:27,051 - INFO - opti_instance - opti_loop : Pulse downloaded
2019-04-02 14:31:27,051 - INFO - opti_instance - opti_loop : Preparing figure of merit evaluation...
2019-04-02 14:31:27,151 - ERROR - opti_instance - _check_for_user_message : Error: User message still exists, when it should not. Count = 1
2019-04-02 14:31:27,198 - ERROR - opti_instance - _check_for_user_message : Error: User message still exists, when it should not. Count = 2
2019-04-02 14:31:27,251 - ERROR - opti_instance - _check_for_user_message : Error: User message still exists, when it should not. Count = 3
2019-04-02 14:31:27,298 - ERROR - opti_instance - _check_for_user_message : Error: User message still exists, when it should not. Count = 4
2019-04-02 14:31:27,367 - INFO - opti_instance - opti_loop : Preparations complete
2019-04-02 14:31:27,383 - INFO - opti_instance - opti_loop : Waiting for figure of merit evaluation...
2019-04-02 14:31:29,295 - INFO - opti_instance - opti_loop : Figure of merit recieved
2019-04-02 14:31:29,295 - INFO - opti_instance - opti_loop : Checking server status
2019-04-02 14:31:29,410 - INFO - opti_instance - opti_loop : Status checked successfully
2019-04-02 14:31:29,410 - INFO - opti_instance - opti_loop : Sending figure of merit to server
2019-04-02 14:31:29,690 - INFO - opti_instance - opti_loop : Figure of merit was sent
2019-04-02 14:31:29,690 - INFO - opti_instance - opti_loop : Checking if figure of merit record is reached
2019-04-02 14:31:29,722 - WARNING - remote_module - _re_exists: OSError: ./RedCRAB/exchange/exchangejob292/fom_record.txt does not exist, exit code -3
2019-04-02 14:31:30,175 - INFO - opti_instance - opti_loop : Record not reached 
2019-04-02 14:31:30,255 - INFO - opti_instance - opti_loop : Waiting for pulse update...
2019-04-02 14:31:30,322 - INFO - opti_instance - _check_server_message : New server message
2019-04-02 14:31:30,539 - INFO - opti_instance - _read_server_message : Superiteration: 2, NM iteration: 1, NM function evaluation: 4, Total function evaluations: 11
2019-04-02 14:31:30,539 - INFO - opti_instance - opti_loop : Pulse updated
2019-04-02 14:31:30,539 - INFO - opti_instance - opti_loop : Downloading pulse...
2019-04-02 14:31:30,740 - INFO - opti_instance - opti_loop : Pulse downloaded
2019-04-02 14:31:30,740 - INFO - opti_instance - opti_loop : Preparing figure of merit evaluation...
2019-04-02 14:31:30,871 - INFO - opti_instance - opti_loop : Preparations complete
2019-04-02 14:31:30,871 - INFO - opti_instance - opti_loop : Waiting for figure of merit evaluation...
2019-04-02 14:31:32,439 - INFO - opti_instance - opti_loop : Figure of merit recieved
2019-04-02 14:31:32,439 - INFO - opti_instance - opti_loop : Checking server status
2019-04-02 14:31:32,529 - INFO - opti_instance - opti_loop : Status checked successfully
2019-04-02 14:31:32,529 - INFO - opti_instance - opti_loop : Sending figure of merit to server
2019-04-02 14:31:32,805 - INFO - opti_instance - opti_loop : Figure of merit was sent
2019-04-02 14:31:32,805 - INFO - opti_instance - opti_loop : Checking if figure of merit record is reached
2019-04-02 14:31:32,836 - WARNING - remote_module - _re_exists: OSError: ./RedCRAB/exchange/exchangejob292/fom_record.txt does not exist, exit code -3
2019-04-02 14:31:33,277 - INFO - opti_instance - opti_loop : Fom_record reached. Update record file. 
2019-04-02 14:31:33,355 - INFO - opti_instance - opti_loop : Waiting for pulse update...
2019-04-02 14:31:33,408 - INFO - opti_instance - _check_server_message : New server message
2019-04-02 14:31:33,625 - INFO - opti_instance - _read_server_message : Superiteration: 2, NM iteration: 1, NM function evaluation: 5, Total function evaluations: 12
2019-04-02 14:31:33,625 - INFO - opti_instance - opti_loop : Pulse updated
2019-04-02 14:31:33,625 - INFO - opti_instance - opti_loop : Downloading pulse...
2019-04-02 14:31:33,809 - INFO - opti_instance - opti_loop : Pulse downloaded
2019-04-02 14:31:33,809 - INFO - opti_instance - opti_loop : Preparing figure of merit evaluation...
2019-04-02 14:31:33,933 - INFO - opti_instance - opti_loop : Preparations complete
2019-04-02 14:31:33,949 - INFO - opti_instance - opti_loop : Waiting for figure of merit evaluation...
2019-04-02 14:31:35,536 - INFO - opti_instance - opti_loop : Figure of merit recieved
2019-04-02 14:31:35,536 - INFO - opti_instance - opti_loop : Checking server status
2019-04-02 14:31:35,640 - INFO - opti_instance - opti_loop : Status checked successfully
2019-04-02 14:31:35,656 - INFO - opti_instance - opti_loop : Sending figure of merit to server
2019-04-02 14:31:35,922 - INFO - opti_instance - opti_loop : Figure of merit was sent
2019-04-02 14:31:35,922 - INFO - opti_instance - opti_loop : Checking if figure of merit record is reached
2019-04-02 14:31:35,953 - WARNING - remote_module - _re_exists: OSError: ./RedCRAB/exchange/exchangejob292/fom_record.txt does not exist, exit code -3
2019-04-02 14:31:36,393 - INFO - opti_instance - opti_loop : Fom_record reached. Update record file. 
2019-04-02 14:31:36,455 - INFO - opti_instance - opti_loop : Waiting for pulse update...
2019-04-02 14:31:36,524 - INFO - opti_instance - _check_server_message : New server message
2019-04-02 14:31:37,114 - INFO - opti_instance - _read_server_message : Superiteration: 3, NM iteration: 0, NM function evaluation: 1, Total function evaluations: 13
2019-04-02 14:31:37,114 - INFO - opti_instance - opti_loop : Pulse updated
2019-04-02 14:31:37,114 - INFO - opti_instance - opti_loop : Downloading pulse...
2019-04-02 14:31:37,296 - INFO - opti_instance - opti_loop : Pulse downloaded
2019-04-02 14:31:37,296 - INFO - opti_instance - opti_loop : Preparing figure of merit evaluation...
2019-04-02 14:31:37,662 - INFO - opti_instance - opti_loop : Preparations complete
2019-04-02 14:31:37,677 - INFO - opti_instance - opti_loop : Waiting for figure of merit evaluation...
2019-04-02 14:31:39,320 - INFO - opti_instance - opti_loop : Figure of merit recieved
2019-04-02 14:31:39,320 - INFO - opti_instance - opti_loop : Checking server status
2019-04-02 14:31:39,420 - INFO - opti_instance - opti_loop : Status checked successfully
2019-04-02 14:31:39,420 - INFO - opti_instance - opti_loop : Sending figure of merit to server
2019-04-02 14:31:39,699 - INFO - opti_instance - opti_loop : Figure of merit was sent
2019-04-02 14:31:39,699 - INFO - opti_instance - opti_loop : Checking if figure of merit record is reached
2019-04-02 14:31:40,038 - INFO - opti_instance - opti_loop : Record not reached 
2019-04-02 14:31:40,154 - INFO - opti_instance - opti_loop : Waiting for pulse update...
2019-04-02 14:31:40,229 - INFO - opti_instance - _check_server_message : New server message
2019-04-02 14:31:40,456 - INFO - opti_instance - _read_server_message : Superiteration: 3, NM iteration: 0, NM function evaluation: 2, Total function evaluations: 14
2019-04-02 14:31:40,456 - INFO - opti_instance - opti_loop : Pulse updated
2019-04-02 14:31:40,456 - INFO - opti_instance - opti_loop : Downloading pulse...
2019-04-02 14:31:40,655 - INFO - opti_instance - opti_loop : Pulse downloaded
2019-04-02 14:31:40,655 - INFO - opti_instance - opti_loop : Preparing figure of merit evaluation...
2019-04-02 14:31:40,786 - INFO - opti_instance - opti_loop : Preparations complete
2019-04-02 14:31:40,786 - INFO - opti_instance - opti_loop : Waiting for figure of merit evaluation...
2019-04-02 14:31:42,274 - INFO - opti_instance - opti_loop : Figure of merit recieved
2019-04-02 14:31:42,274 - INFO - opti_instance - opti_loop : Checking server status
2019-04-02 14:31:42,370 - INFO - opti_instance - opti_loop : Status checked successfully
2019-04-02 14:31:42,370 - INFO - opti_instance - opti_loop : Sending figure of merit to server
2019-04-02 14:31:42,650 - INFO - opti_instance - opti_loop : Figure of merit was sent
2019-04-02 14:31:42,650 - INFO - opti_instance - opti_loop : Checking if figure of merit record is reached
2019-04-02 14:31:42,681 - WARNING - remote_module - _re_exists: OSError: ./RedCRAB/exchange/exchangejob292/fom_record.txt does not exist, exit code -3
2019-04-02 14:31:42,820 - WARNING - remote_module - _re_exists: OSError: ./RedCRAB/exchange/exchangejob292/fom_record.txt does not exist, exit code -3
2019-04-02 14:31:43,609 - INFO - opti_instance - opti_loop : Record not reached 
2019-04-02 14:31:43,675 - INFO - opti_instance - opti_loop : Waiting for pulse update...
2019-04-02 14:31:43,740 - INFO - opti_instance - _check_server_message : New server message
2019-04-02 14:31:43,957 - INFO - opti_instance - _read_server_message : Superiteration: 3, NM iteration: 0, NM function evaluation: 3, Total function evaluations: 15
2019-04-02 14:31:43,957 - INFO - opti_instance - opti_loop : Pulse updated
2019-04-02 14:31:43,957 - INFO - opti_instance - opti_loop : Downloading pulse...
2019-04-02 14:31:44,156 - INFO - opti_instance - opti_loop : Pulse downloaded
2019-04-02 14:31:44,156 - INFO - opti_instance - opti_loop : Preparing figure of merit evaluation...
2019-04-02 14:31:44,288 - INFO - opti_instance - opti_loop : Preparations complete
2019-04-02 14:31:44,288 - INFO - opti_instance - opti_loop : Waiting for figure of merit evaluation...
2019-04-02 14:31:45,832 - INFO - opti_instance - opti_loop : Figure of merit recieved
2019-04-02 14:31:45,832 - INFO - opti_instance - opti_loop : Checking server status
2019-04-02 14:31:45,919 - INFO - opti_instance - opti_loop : Status checked successfully
2019-04-02 14:31:45,919 - INFO - opti_instance - opti_loop : Sending figure of merit to server
2019-04-02 14:31:46,454 - INFO - opti_instance - opti_loop : Figure of merit was sent
2019-04-02 14:31:46,454 - INFO - opti_instance - opti_loop : Checking if figure of merit record is reached
2019-04-02 14:31:46,490 - WARNING - remote_module - _re_exists: OSError: ./RedCRAB/exchange/exchangejob292/fom_record.txt does not exist, exit code -3
2019-04-02 14:31:46,946 - INFO - opti_instance - opti_loop : Record not reached 
2019-04-02 14:31:47,023 - INFO - opti_instance - opti_loop : Waiting for pulse update...
2019-04-02 14:31:47,092 - INFO - opti_instance - _check_server_message : New server message
2019-04-02 14:31:47,293 - INFO - opti_instance - _read_server_message : Superiteration: 3, NM iteration: 1, NM function evaluation: 4, Total function evaluations: 16
2019-04-02 14:31:47,293 - INFO - opti_instance - opti_loop : Pulse updated
2019-04-02 14:31:47,293 - INFO - opti_instance - opti_loop : Downloading pulse...
2019-04-02 14:31:47,477 - INFO - opti_instance - opti_loop : Pulse downloaded
2019-04-02 14:31:47,477 - INFO - opti_instance - opti_loop : Preparing figure of merit evaluation...
2019-04-02 14:31:47,624 - INFO - opti_instance - opti_loop : Preparations complete
2019-04-02 14:31:47,624 - INFO - opti_instance - opti_loop : Waiting for figure of merit evaluation...
2019-04-02 14:31:49,185 - INFO - opti_instance - opti_loop : Figure of merit recieved
2019-04-02 14:31:49,185 - INFO - opti_instance - opti_loop : Checking server status
2019-04-02 14:31:49,321 - INFO - opti_instance - opti_loop : Status checked successfully
2019-04-02 14:31:49,321 - INFO - opti_instance - opti_loop : Sending figure of merit to server
2019-04-02 14:31:49,622 - INFO - opti_instance - opti_loop : Figure of merit was sent
2019-04-02 14:31:49,622 - INFO - opti_instance - opti_loop : Checking if figure of merit record is reached
2019-04-02 14:31:49,961 - INFO - opti_instance - opti_loop : Fom_record reached. Update record file. 
2019-04-02 14:31:50,023 - INFO - opti_instance - opti_loop : Waiting for pulse update...
2019-04-02 14:31:50,095 - INFO - opti_instance - _check_server_message : New server message
2019-04-02 14:31:50,281 - INFO - opti_instance - _read_server_message : Superiteration: 3, NM iteration: 1, NM function evaluation: 5, Total function evaluations: 17
2019-04-02 14:31:50,281 - INFO - opti_instance - opti_loop : Pulse updated
2019-04-02 14:31:50,282 - INFO - opti_instance - opti_loop : Downloading pulse...
2019-04-02 14:31:50,469 - INFO - opti_instance - opti_loop : Pulse downloaded
2019-04-02 14:31:50,469 - INFO - opti_instance - opti_loop : Preparing figure of merit evaluation...
2019-04-02 14:31:50,579 - INFO - opti_instance - opti_loop : Preparations complete
2019-04-02 14:31:50,579 - INFO - opti_instance - opti_loop : Waiting for figure of merit evaluation...
2019-04-02 14:31:52,767 - INFO - opti_instance - opti_loop : Figure of merit recieved
2019-04-02 14:31:52,767 - INFO - opti_instance - opti_loop : Checking server status
2019-04-02 14:31:52,870 - INFO - opti_instance - opti_loop : Status checked successfully
2019-04-02 14:31:52,870 - INFO - opti_instance - opti_loop : Sending figure of merit to server
2019-04-02 14:31:53,140 - INFO - opti_instance - opti_loop : Figure of merit was sent
2019-04-02 14:31:53,140 - INFO - opti_instance - opti_loop : Checking if figure of merit record is reached
2019-04-02 14:31:53,187 - WARNING - remote_module - _re_exists: OSError: ./RedCRAB/exchange/exchangejob292/fom_record.txt does not exist, exit code -3
2019-04-02 14:31:53,610 - INFO - opti_instance - opti_loop : Fom_record reached. Update record file. 
2019-04-02 14:31:53,693 - INFO - opti_instance - opti_loop : Waiting for pulse update...
2019-04-02 14:31:53,757 - INFO - opti_instance - _check_server_message : New server message
2019-04-02 14:31:53,988 - INFO - opti_instance - _read_server_message : Superiteration: 4, NM iteration: 0, NM function evaluation: 1, Total function evaluations: 18
2019-04-02 14:31:53,988 - INFO - opti_instance - opti_loop : Pulse updated
2019-04-02 14:31:53,988 - INFO - opti_instance - opti_loop : Downloading pulse...
2019-04-02 14:31:54,173 - INFO - opti_instance - opti_loop : Pulse downloaded
2019-04-02 14:31:54,173 - INFO - opti_instance - opti_loop : Preparing figure of merit evaluation...
2019-04-02 14:31:54,274 - INFO - opti_instance - opti_loop : Preparations complete
2019-04-02 14:31:54,289 - INFO - opti_instance - opti_loop : Waiting for figure of merit evaluation...
2019-04-02 14:31:55,965 - INFO - opti_instance - opti_loop : Figure of merit recieved
2019-04-02 14:31:55,965 - INFO - opti_instance - opti_loop : Checking server status
2019-04-02 14:31:56,063 - INFO - opti_instance - opti_loop : Status checked successfully
2019-04-02 14:31:56,063 - INFO - opti_instance - opti_loop : Sending figure of merit to server
2019-04-02 14:31:56,349 - INFO - opti_instance - opti_loop : Figure of merit was sent
2019-04-02 14:31:56,349 - INFO - opti_instance - opti_loop : Checking if figure of merit record is reached
2019-04-02 14:31:56,380 - WARNING - remote_module - _re_exists: OSError: ./RedCRAB/exchange/exchangejob292/fom_record.txt does not exist, exit code -3
2019-04-02 14:31:56,806 - INFO - opti_instance - opti_loop : Record not reached 
2019-04-02 14:31:56,885 - INFO - opti_instance - opti_loop : Waiting for pulse update...
2019-04-02 14:31:57,287 - INFO - opti_instance - _check_server_message : New server message
2019-04-02 14:31:57,503 - INFO - opti_instance - _read_server_message : Superiteration: 4, NM iteration: 0, NM function evaluation: 2, Total function evaluations: 19
2019-04-02 14:31:57,503 - INFO - opti_instance - opti_loop : Pulse updated
2019-04-02 14:31:57,503 - INFO - opti_instance - opti_loop : Downloading pulse...
2019-04-02 14:31:57,692 - INFO - opti_instance - opti_loop : Pulse downloaded
2019-04-02 14:31:57,692 - INFO - opti_instance - opti_loop : Preparing figure of merit evaluation...
2019-04-02 14:31:57,823 - INFO - opti_instance - opti_loop : Preparations complete
2019-04-02 14:31:57,830 - INFO - opti_instance - opti_loop : Waiting for figure of merit evaluation...
2019-04-02 14:31:59,324 - INFO - opti_instance - opti_loop : Figure of merit recieved
2019-04-02 14:31:59,324 - INFO - opti_instance - opti_loop : Checking server status
2019-04-02 14:31:59,487 - INFO - opti_instance - opti_loop : Status checked successfully
2019-04-02 14:31:59,487 - INFO - opti_instance - opti_loop : Sending figure of merit to server
2019-04-02 14:31:59,784 - INFO - opti_instance - opti_loop : Figure of merit was sent
2019-04-02 14:31:59,784 - INFO - opti_instance - opti_loop : Checking if figure of merit record is reached
2019-04-02 14:32:00,139 - INFO - opti_instance - opti_loop : Record not reached 
2019-04-02 14:32:00,170 - INFO - opti_instance - opti_loop : Waiting for pulse update...
2019-04-02 14:32:00,233 - INFO - opti_instance - _check_server_message : New server message
2019-04-02 14:32:00,456 - INFO - opti_instance - _read_server_message : Superiteration: 4, NM iteration: 0, NM function evaluation: 3, Total function evaluations: 20
2019-04-02 14:32:00,456 - INFO - opti_instance - opti_loop : Pulse updated
2019-04-02 14:32:00,456 - INFO - opti_instance - opti_loop : Downloading pulse...
2019-04-02 14:32:00,671 - INFO - opti_instance - opti_loop : Pulse downloaded
2019-04-02 14:32:00,671 - INFO - opti_instance - opti_loop : Preparing figure of merit evaluation...
2019-04-02 14:32:00,773 - INFO - opti_instance - opti_loop : Preparations complete
2019-04-02 14:32:00,789 - INFO - opti_instance - opti_loop : Waiting for figure of merit evaluation...
2019-04-02 14:32:02,327 - INFO - opti_instance - opti_loop : Figure of merit recieved
2019-04-02 14:32:02,327 - INFO - opti_instance - opti_loop : Checking server status
2019-04-02 14:32:02,442 - INFO - opti_instance - opti_loop : Status checked successfully
2019-04-02 14:32:02,442 - INFO - opti_instance - opti_loop : Sending figure of merit to server
2019-04-02 14:32:02,710 - INFO - opti_instance - opti_loop : Figure of merit was sent
2019-04-02 14:32:02,710 - INFO - opti_instance - opti_loop : Checking if figure of merit record is reached
2019-04-02 14:32:02,743 - WARNING - remote_module - _re_exists: OSError: ./RedCRAB/exchange/exchangejob292/fom_record.txt does not exist, exit code -3
2019-04-02 14:32:02,875 - WARNING - remote_module - _re_exists: OSError: ./RedCRAB/exchange/exchangejob292/fom_record.txt does not exist, exit code -3
2019-04-02 14:32:03,348 - INFO - opti_instance - opti_loop : Record not reached 
2019-04-02 14:32:03,380 - INFO - opti_instance - opti_loop : Waiting for pulse update...
2019-04-02 14:32:03,435 - INFO - opti_instance - _check_server_message : New server message
2019-04-02 14:32:03,667 - INFO - opti_instance - _read_server_message : Superiteration: 4, NM iteration: 1, NM function evaluation: 4, Total function evaluations: 21
2019-04-02 14:32:03,667 - INFO - opti_instance - opti_loop : Pulse updated
2019-04-02 14:32:03,667 - INFO - opti_instance - opti_loop : Downloading pulse...
2019-04-02 14:32:03,868 - INFO - opti_instance - opti_loop : Pulse downloaded
2019-04-02 14:32:03,868 - INFO - opti_instance - opti_loop : Preparing figure of merit evaluation...
2019-04-02 14:32:03,984 - INFO - opti_instance - opti_loop : Preparations complete
2019-04-02 14:32:04,000 - INFO - opti_instance - opti_loop : Waiting for figure of merit evaluation...
2019-04-02 14:32:05,708 - INFO - opti_instance - opti_loop : Figure of merit recieved
2019-04-02 14:32:05,708 - INFO - opti_instance - opti_loop : Checking server status
2019-04-02 14:32:05,864 - INFO - opti_instance - opti_loop : Status checked successfully
2019-04-02 14:32:05,864 - INFO - opti_instance - opti_loop : Sending figure of merit to server
2019-04-02 14:32:06,234 - INFO - opti_instance - opti_loop : Figure of merit was sent
2019-04-02 14:32:06,234 - INFO - opti_instance - opti_loop : Checking if figure of merit record is reached
2019-04-02 14:32:06,265 - WARNING - remote_module - _re_exists: OSError: ./RedCRAB/exchange/exchangejob292/fom_record.txt does not exist, exit code -3
2019-04-02 14:32:06,706 - INFO - opti_instance - opti_loop : Fom_record reached. Update record file. 
2019-04-02 14:32:06,754 - INFO - opti_instance - opti_loop : Waiting for pulse update...
2019-04-02 14:32:06,806 - INFO - opti_instance - _check_server_message : New server message
2019-04-02 14:32:07,054 - INFO - opti_instance - _read_server_message : Superiteration: 4, NM iteration: 1, NM function evaluation: 5, Total function evaluations: 22
2019-04-02 14:32:07,054 - INFO - opti_instance - opti_loop : Pulse updated
2019-04-02 14:32:07,054 - INFO - opti_instance - opti_loop : Downloading pulse...
2019-04-02 14:32:07,260 - INFO - opti_instance - opti_loop : Pulse downloaded
2019-04-02 14:32:07,260 - INFO - opti_instance - opti_loop : Preparing figure of merit evaluation...
2019-04-02 14:32:07,376 - INFO - opti_instance - opti_loop : Preparations complete
2019-04-02 14:32:07,376 - INFO - opti_instance - opti_loop : Waiting for figure of merit evaluation...
2019-04-02 14:32:09,018 - INFO - opti_instance - opti_loop : Figure of merit recieved
2019-04-02 14:32:09,018 - INFO - opti_instance - opti_loop : Checking server status
2019-04-02 14:32:09,145 - INFO - opti_instance - opti_loop : Status checked successfully
2019-04-02 14:32:09,145 - INFO - opti_instance - opti_loop : Sending figure of merit to server
2019-04-02 14:32:09,445 - INFO - opti_instance - opti_loop : Figure of merit was sent
2019-04-02 14:32:09,445 - INFO - opti_instance - opti_loop : Checking if figure of merit record is reached
2019-04-02 14:32:09,779 - INFO - opti_instance - opti_loop : Fom_record reached. Update record file. 
2019-04-02 14:32:09,815 - INFO - opti_instance - opti_loop : Waiting for pulse update...
2019-04-02 14:32:09,862 - INFO - opti_instance - _check_server_message : New server message
2019-04-02 14:32:10,098 - INFO - opti_instance - _read_server_message : Superiteration: 5, NM iteration: 0, NM function evaluation: 1, Total function evaluations: 23
2019-04-02 14:32:10,098 - INFO - opti_instance - opti_loop : Pulse updated
2019-04-02 14:32:10,098 - INFO - opti_instance - opti_loop : Downloading pulse...
2019-04-02 14:32:10,283 - INFO - opti_instance - opti_loop : Pulse downloaded
2019-04-02 14:32:10,283 - INFO - opti_instance - opti_loop : Preparing figure of merit evaluation...
2019-04-02 14:32:10,405 - INFO - opti_instance - opti_loop : Preparations complete
2019-04-02 14:32:10,405 - INFO - opti_instance - opti_loop : Waiting for figure of merit evaluation...
2019-04-02 14:32:12,112 - INFO - opti_instance - opti_loop : Figure of merit recieved
2019-04-02 14:32:12,112 - INFO - opti_instance - opti_loop : Checking server status
2019-04-02 14:32:12,231 - INFO - opti_instance - opti_loop : Status checked successfully
2019-04-02 14:32:12,231 - INFO - opti_instance - opti_loop : Sending figure of merit to server
2019-04-02 14:32:12,533 - INFO - opti_instance - opti_loop : Figure of merit was sent
2019-04-02 14:32:12,533 - INFO - opti_instance - opti_loop : Checking if figure of merit record is reached
2019-04-02 14:32:12,884 - INFO - opti_instance - opti_loop : Record not reached 
2019-04-02 14:32:12,935 - INFO - opti_instance - opti_loop : Waiting for pulse update...
2019-04-02 14:32:12,989 - INFO - opti_instance - _check_server_message : New server message
2019-04-02 14:32:13,221 - INFO - opti_instance - _read_server_message : Superiteration: 5, NM iteration: 0, NM function evaluation: 2, Total function evaluations: 24
2019-04-02 14:32:13,221 - INFO - opti_instance - opti_loop : Pulse updated
2019-04-02 14:32:13,221 - INFO - opti_instance - opti_loop : Downloading pulse...
2019-04-02 14:32:13,452 - INFO - opti_instance - opti_loop : Pulse downloaded
2019-04-02 14:32:13,452 - INFO - opti_instance - opti_loop : Preparing figure of merit evaluation...
2019-04-02 14:32:13,569 - INFO - opti_instance - opti_loop : Preparations complete
2019-04-02 14:32:13,569 - INFO - opti_instance - opti_loop : Waiting for figure of merit evaluation...
2019-04-02 14:32:15,294 - INFO - opti_instance - opti_loop : Figure of merit recieved
2019-04-02 14:32:15,294 - INFO - opti_instance - opti_loop : Checking server status
2019-04-02 14:32:15,396 - INFO - opti_instance - opti_loop : Status checked successfully
2019-04-02 14:32:15,412 - INFO - opti_instance - opti_loop : Sending figure of merit to server
2019-04-02 14:32:15,698 - WARNING - remote_module - _file_put: OSError: Local file: C:\Users\dav_8\Desktop\RedCRAB_Client_0\bin\..\exchange\exchangejob292\Msg_u.txt or the folder to which the file: ./RedCRAB/exchange/exchangejob292/Msg_u.txt is to be transferred does not exist, exit code 3
2019-04-02 14:32:15,698 - WARNING - remote_module - file_put: OSError while calling _file_put in try: 1/3
2019-04-02 14:32:15,767 - INFO - remote_module - file_put: And file: ./RedCRAB/exchange/exchangejob292/Msg_u.txt does not exist (this is okay, as transmission raised an error).
2019-04-02 14:32:16,073 - INFO - opti_instance - opti_loop : Figure of merit was sent
2019-04-02 14:32:16,073 - INFO - opti_instance - opti_loop : Checking if figure of merit record is reached
2019-04-02 14:32:16,410 - INFO - opti_instance - opti_loop : Fom_record reached. Update record file. 
2019-04-02 14:32:16,441 - INFO - opti_instance - opti_loop : Waiting for pulse update...
2019-04-02 14:32:16,490 - INFO - opti_instance - _check_server_message : New server message
2019-04-02 14:32:16,722 - INFO - opti_instance - _read_server_message : Superiteration: 5, NM iteration: 0, NM function evaluation: 3, Total function evaluations: 25
2019-04-02 14:32:16,722 - INFO - opti_instance - opti_loop : Pulse updated
2019-04-02 14:32:16,722 - INFO - opti_instance - opti_loop : Downloading pulse...
2019-04-02 14:32:16,923 - INFO - opti_instance - opti_loop : Pulse downloaded
2019-04-02 14:32:16,923 - INFO - opti_instance - opti_loop : Preparing figure of merit evaluation...
2019-04-02 14:32:17,023 - ERROR - opti_instance - _check_for_user_message : Error: User message still exists, when it should not. Count = 1
2019-04-02 14:32:17,070 - ERROR - opti_instance - _check_for_user_message : Error: User message still exists, when it should not. Count = 2
2019-04-02 14:32:17,123 - ERROR - opti_instance - _check_for_user_message : Error: User message still exists, when it should not. Count = 3
2019-04-02 14:32:17,193 - INFO - opti_instance - opti_loop : Preparations complete
2019-04-02 14:32:17,193 - INFO - opti_instance - opti_loop : Waiting for figure of merit evaluation...
2019-04-02 14:32:18,856 - INFO - opti_instance - opti_loop : Figure of merit recieved
2019-04-02 14:32:18,856 - INFO - opti_instance - opti_loop : Checking server status
2019-04-02 14:32:18,971 - INFO - opti_instance - opti_loop : Status checked successfully
2019-04-02 14:32:18,971 - INFO - opti_instance - opti_loop : Sending figure of merit to server
2019-04-02 14:32:19,272 - INFO - opti_instance - opti_loop : Figure of merit was sent
2019-04-02 14:32:19,272 - INFO - opti_instance - opti_loop : Checking if figure of merit record is reached
2019-04-02 14:32:19,303 - WARNING - remote_module - _re_exists: OSError: ./RedCRAB/exchange/exchangejob292/fom_record.txt does not exist, exit code -3
2019-04-02 14:32:19,758 - INFO - opti_instance - opti_loop : Record not reached 
2019-04-02 14:32:19,789 - INFO - opti_instance - opti_loop : Waiting for pulse update...
2019-04-02 14:32:19,837 - INFO - opti_instance - _check_server_message : New server message
2019-04-02 14:32:20,075 - INFO - opti_instance - _read_server_message : Superiteration: 5, NM iteration: 1, NM function evaluation: 4, Total function evaluations: 26
2019-04-02 14:32:20,075 - INFO - opti_instance - opti_loop : Pulse updated
2019-04-02 14:32:20,075 - INFO - opti_instance - opti_loop : Downloading pulse...
2019-04-02 14:32:20,276 - INFO - opti_instance - opti_loop : Pulse downloaded
2019-04-02 14:32:20,276 - INFO - opti_instance - opti_loop : Preparing figure of merit evaluation...
2019-04-02 14:32:20,407 - INFO - opti_instance - opti_loop : Preparations complete
2019-04-02 14:32:20,407 - INFO - opti_instance - opti_loop : Waiting for figure of merit evaluation...
2019-04-02 14:32:22,040 - INFO - opti_instance - opti_loop : Figure of merit recieved
2019-04-02 14:32:22,040 - INFO - opti_instance - opti_loop : Checking server status
2019-04-02 14:32:22,159 - INFO - opti_instance - opti_loop : Status checked successfully
2019-04-02 14:32:22,159 - INFO - opti_instance - opti_loop : Sending figure of merit to server
2019-04-02 14:32:22,443 - INFO - opti_instance - opti_loop : Figure of merit was sent
2019-04-02 14:32:22,443 - INFO - opti_instance - opti_loop : Checking if figure of merit record is reached
2019-04-02 14:32:22,474 - WARNING - remote_module - _re_exists: OSError: ./RedCRAB/exchange/exchangejob292/fom_record.txt does not exist, exit code -3
2019-04-02 14:32:22,920 - INFO - opti_instance - opti_loop : Record not reached 
2019-04-02 14:32:22,960 - INFO - opti_instance - opti_loop : Waiting for pulse update...
2019-04-02 14:32:23,020 - INFO - opti_instance - _check_server_message : New server message
2019-04-02 14:32:23,237 - INFO - opti_instance - _read_server_message : Superiteration: 5, NM iteration: 1, NM function evaluation: 5, Total function evaluations: 27
2019-04-02 14:32:23,237 - INFO - opti_instance - opti_loop : Pulse updated
2019-04-02 14:32:23,237 - INFO - opti_instance - opti_loop : Downloading pulse...
2019-04-02 14:32:23,439 - INFO - opti_instance - opti_loop : Pulse downloaded
2019-04-02 14:32:23,439 - INFO - opti_instance - opti_loop : Preparing figure of merit evaluation...
2019-04-02 14:32:23,569 - INFO - opti_instance - opti_loop : Preparations complete
2019-04-02 14:32:23,569 - INFO - opti_instance - opti_loop : Waiting for figure of merit evaluation...
2019-04-02 14:32:25,117 - INFO - opti_instance - opti_loop : Figure of merit recieved
2019-04-02 14:32:25,117 - INFO - opti_instance - opti_loop : Checking server status
2019-04-02 14:32:25,238 - INFO - opti_instance - opti_loop : Status checked successfully
2019-04-02 14:32:25,238 - INFO - opti_instance - opti_loop : Sending figure of merit to server
2019-04-02 14:32:25,507 - INFO - opti_instance - opti_loop : Figure of merit was sent
2019-04-02 14:32:25,507 - INFO - opti_instance - opti_loop : Checking if figure of merit record is reached
2019-04-02 14:32:25,555 - WARNING - remote_module - _re_exists: OSError: ./RedCRAB/exchange/exchangejob292/fom_record.txt does not exist, exit code -3
2019-04-02 14:32:26,009 - INFO - opti_instance - opti_loop : Record not reached 
2019-04-02 14:32:26,025 - INFO - opti_instance - opti_loop : Waiting for pulse update...
2019-04-02 14:32:26,087 - INFO - opti_instance - _check_server_message : New server message
2019-04-02 14:32:26,288 - INFO - opti_instance - _read_server_message : Superiteration: 5, NM iteration: 1, NM function evaluation: 6, Total function evaluations: 28
2019-04-02 14:32:26,288 - INFO - opti_instance - opti_loop : Pulse updated
2019-04-02 14:32:26,288 - INFO - opti_instance - opti_loop : Downloading pulse...
2019-04-02 14:32:26,488 - INFO - opti_instance - opti_loop : Pulse downloaded
2019-04-02 14:32:26,488 - INFO - opti_instance - opti_loop : Preparing figure of merit evaluation...
2019-04-02 14:32:26,611 - INFO - opti_instance - opti_loop : Preparations complete
2019-04-02 14:32:26,611 - INFO - opti_instance - opti_loop : Waiting for figure of merit evaluation...
2019-04-02 14:32:28,245 - INFO - opti_instance - opti_loop : Figure of merit recieved
2019-04-02 14:32:28,245 - INFO - opti_instance - opti_loop : Checking server status
2019-04-02 14:32:28,371 - INFO - opti_instance - opti_loop : Status checked successfully
2019-04-02 14:32:28,371 - INFO - opti_instance - opti_loop : Sending figure of merit to server
2019-04-02 14:32:28,677 - INFO - opti_instance - opti_loop : Figure of merit was sent
2019-04-02 14:32:28,677 - INFO - opti_instance - opti_loop : Checking if figure of merit record is reached
2019-04-02 14:32:28,708 - WARNING - remote_module - _re_exists: OSError: ./RedCRAB/exchange/exchangejob292/fom_record.txt does not exist, exit code -3
2019-04-02 14:32:29,175 - INFO - opti_instance - opti_loop : Record not reached 
2019-04-02 14:32:29,222 - INFO - opti_instance - opti_loop : Waiting for pulse update...
2019-04-02 14:32:29,292 - INFO - opti_instance - _check_server_message : New server message
2019-04-02 14:32:29,525 - INFO - opti_instance - _read_server_message : Superiteration: 5, NM iteration: 1, NM function evaluation: 7, Total function evaluations: 29
2019-04-02 14:32:29,525 - INFO - opti_instance - opti_loop : Pulse updated
2019-04-02 14:32:29,525 - INFO - opti_instance - opti_loop : Downloading pulse...
2019-04-02 14:32:29,730 - INFO - opti_instance - opti_loop : Pulse downloaded
2019-04-02 14:32:29,730 - INFO - opti_instance - opti_loop : Preparing figure of merit evaluation...
2019-04-02 14:32:29,846 - INFO - opti_instance - opti_loop : Preparations complete
2019-04-02 14:32:29,846 - INFO - opti_instance - opti_loop : Waiting for figure of merit evaluation...
2019-04-02 14:32:31,522 - INFO - opti_instance - opti_loop : Figure of merit recieved
2019-04-02 14:32:31,522 - INFO - opti_instance - opti_loop : Checking server status
2019-04-02 14:32:31,624 - INFO - opti_instance - opti_loop : Status checked successfully
2019-04-02 14:32:31,624 - INFO - opti_instance - opti_loop : Sending figure of merit to server
2019-04-02 14:32:31,924 - INFO - opti_instance - opti_loop : Figure of merit was sent
2019-04-02 14:32:31,924 - INFO - opti_instance - opti_loop : Checking if figure of merit record is reached
2019-04-02 14:32:31,955 - WARNING - remote_module - _re_exists: OSError: ./RedCRAB/exchange/exchangejob292/fom_record.txt does not exist, exit code -3
2019-04-02 14:32:32,095 - WARNING - remote_module - _re_exists: OSError: ./RedCRAB/exchange/exchangejob292/fom_record.txt does not exist, exit code -3
2019-04-02 14:32:32,559 - INFO - opti_instance - opti_loop : Record not reached 
2019-04-02 14:32:32,590 - INFO - opti_instance - opti_loop : Waiting for pulse update...
2019-04-02 14:32:32,644 - INFO - opti_instance - _check_server_message : New server message
2019-04-02 14:32:32,876 - INFO - opti_instance - _read_server_message : Optimization finished without errors
2019-04-02 14:32:32,876 - INFO - redcrab - opti_instance : Handling exit.
2019-04-02 14:32:33,406 - INFO - remote_module - close_sftp_connection: SFTP connection closed
2019-04-02 14:32:33,406 - INFO - remote_module - close_ssh_connection: SSH connection closed
2019-04-02 14:32:33,406 - INFO - redcrab - opti_instance : Exit handled successfully.
2019-04-02 14:32:33,406 - INFO - redcrab - opti_instance : RedCRAB transmission ended.
