2018-12-17 12:08:38,742 - INFO - redcrab - main : Starting new RedCRAB optimization run
2018-12-17 12:08:38,742 - INFO - redcrab - main : Initialization...
2018-12-17 12:08:38,758 - INFO - redcrab - main : User Job id is: 223
2018-12-17 12:08:38,758 - INFO - redcrab - main : Internal User Job id is: 1545044918743223
2018-12-17 12:08:38,758 - INFO - redcrab - main : Manage logging...
2018-12-17 12:08:38,758 - INFO - redcrab - main : Logging handled
2018-12-17 12:08:38,758 - INFO - redcrab - main : Establish server connection...
2018-12-17 12:08:38,758 - INFO - remote_module - ssh_connect: Trying to connect to granat.physik.uni-ulm.de (1/10)
2018-12-17 12:08:39,096 - INFO - remote_module - ssh_connect: Connected to granat.physik.uni-ulm.de
2018-12-17 12:08:39,375 - INFO - remote_module - sftp_connect: Opened ftp channel
2018-12-17 12:08:39,375 - INFO - remote_module - set_ftp_channel_timeout: set ftp channel timeout to: 15
2018-12-17 12:08:39,375 - INFO - redcrab - main : Checking server status
2018-12-17 12:08:39,460 - INFO - redcrab - main : Server status ok
2018-12-17 12:08:39,460 - INFO - redcrab - main : Sending config file to server...
2018-12-17 12:08:39,638 - INFO - redcrab - main : Config file sent sucessfully...
2018-12-17 12:08:39,638 - INFO - redcrab - main : Waiting for server answer...
2018-12-17 12:08:59,699 - INFO - redcrab - main : Server job id is: 22
2018-12-17 12:08:59,699 - INFO - redcrab - main : Server answer recieved
2018-12-17 12:08:59,699 - INFO - redcrab - main : Doing final preparations...
2018-12-17 12:09:01,974 - INFO - redcrab - main : Preparations finished...
2018-12-17 12:09:01,974 - INFO - redcrab - stopper_instance : Starting stopper instance.
2018-12-17 12:09:01,974 - INFO - redcrab - opti_instance : Initializing transmission...
2018-12-17 12:09:06,346 - INFO - redcrab - opti_instance : Starting transmission.
2018-12-17 12:09:06,384 - INFO - opti_instance - opti_loop : Waiting for pulse update...
2018-12-17 12:09:06,462 - INFO - opti_instance - _check_server_message : New server message
2018-12-17 12:09:06,701 - INFO - opti_instance - _read_server_message : Superiteration: 1, NM iteration: 0, NM function evaluation: 1, Total function evaluations: 1
2018-12-17 12:09:06,701 - INFO - opti_instance - opti_loop : Pulse updated
2018-12-17 12:09:06,701 - INFO - opti_instance - opti_loop : Downloading pulse...
2018-12-17 12:09:06,948 - INFO - opti_instance - opti_loop : Pulse downloaded
2018-12-17 12:09:06,948 - INFO - opti_instance - opti_loop : Preparing figure of merit evaluation...
2018-12-17 12:09:07,069 - INFO - opti_instance - opti_loop : Preparations complete
2018-12-17 12:09:07,069 - INFO - opti_instance - opti_loop : Waiting for figure of merit evaluation...
2018-12-17 12:09:07,625 - INFO - opti_instance - opti_loop : Figure of merit recieved
2018-12-17 12:09:07,625 - INFO - opti_instance - opti_loop : Checking server status
2018-12-17 12:09:07,758 - INFO - opti_instance - opti_loop : Status checked successfully
2018-12-17 12:09:07,758 - INFO - opti_instance - opti_loop : Sending figure of merit to server
2018-12-17 12:09:07,954 - INFO - opti_instance - _update_user_message : Had to create Msg_u.txt on client side
2018-12-17 12:09:08,077 - INFO - opti_instance - opti_loop : Figure of merit was sent
2018-12-17 12:09:08,077 - INFO - opti_instance - opti_loop : Checking if figure of merit record is reached
2018-12-17 12:09:08,115 - WARNING - remote_module - _re_exists: OSError: ./RedCRAB/exchange/exchangejob22/fom_record.txt does not exist, exit code -3
2018-12-17 12:09:08,585 - INFO - opti_instance - opti_loop : Fom_record reached. Update record file. 
2018-12-17 12:09:08,600 - INFO - opti_instance - opti_loop : Waiting for pulse update...
2018-12-17 12:09:08,664 - INFO - opti_instance - _check_server_message : New server message
2018-12-17 12:09:08,896 - INFO - opti_instance - _read_server_message : Superiteration: 1, NM iteration: 0, NM function evaluation: 2, Total function evaluations: 2
2018-12-17 12:09:08,896 - INFO - opti_instance - opti_loop : Pulse updated
2018-12-17 12:09:08,896 - INFO - opti_instance - opti_loop : Downloading pulse...
2018-12-17 12:09:09,114 - INFO - opti_instance - opti_loop : Pulse downloaded
2018-12-17 12:09:09,117 - INFO - opti_instance - opti_loop : Preparing figure of merit evaluation...
2018-12-17 12:09:09,236 - INFO - opti_instance - opti_loop : Preparations complete
2018-12-17 12:09:09,236 - INFO - opti_instance - opti_loop : Waiting for figure of merit evaluation...
2018-12-17 12:09:09,314 - INFO - opti_instance - opti_loop : Figure of merit recieved
2018-12-17 12:09:09,314 - INFO - opti_instance - opti_loop : Checking server status
2018-12-17 12:09:09,420 - INFO - opti_instance - opti_loop : Status checked successfully
2018-12-17 12:09:09,436 - INFO - opti_instance - opti_loop : Sending figure of merit to server
2018-12-17 12:09:09,733 - INFO - opti_instance - opti_loop : Figure of merit was sent
2018-12-17 12:09:09,734 - INFO - opti_instance - opti_loop : Checking if figure of merit record is reached
2018-12-17 12:09:09,753 - WARNING - remote_module - _re_exists: OSError: ./RedCRAB/exchange/exchangejob22/fom_record.txt does not exist, exit code -3
2018-12-17 12:09:10,238 - INFO - opti_instance - opti_loop : Record not reached 
2018-12-17 12:09:10,270 - INFO - opti_instance - opti_loop : Waiting for pulse update...
2018-12-17 12:09:10,338 - INFO - opti_instance - _check_server_message : New server message
2018-12-17 12:09:10,572 - INFO - opti_instance - _read_server_message : Superiteration: 1, NM iteration: 0, NM function evaluation: 3, Total function evaluations: 3
2018-12-17 12:09:10,572 - INFO - opti_instance - opti_loop : Pulse updated
2018-12-17 12:09:10,572 - INFO - opti_instance - opti_loop : Downloading pulse...
2018-12-17 12:09:10,773 - INFO - opti_instance - opti_loop : Pulse downloaded
2018-12-17 12:09:10,773 - INFO - opti_instance - opti_loop : Preparing figure of merit evaluation...
2018-12-17 12:09:10,889 - INFO - opti_instance - opti_loop : Preparations complete
2018-12-17 12:09:10,889 - INFO - opti_instance - opti_loop : Waiting for figure of merit evaluation...
2018-12-17 12:09:10,958 - INFO - opti_instance - opti_loop : Figure of merit recieved
2018-12-17 12:09:10,959 - INFO - opti_instance - opti_loop : Checking server status
2018-12-17 12:09:11,074 - INFO - opti_instance - opti_loop : Status checked successfully
2018-12-17 12:09:11,074 - INFO - opti_instance - opti_loop : Sending figure of merit to server
2018-12-17 12:09:11,391 - INFO - opti_instance - opti_loop : Figure of merit was sent
2018-12-17 12:09:11,391 - INFO - opti_instance - opti_loop : Checking if figure of merit record is reached
2018-12-17 12:09:11,429 - WARNING - remote_module - _re_exists: OSError: ./RedCRAB/exchange/exchangejob22/fom_record.txt does not exist, exit code -3
2018-12-17 12:09:11,908 - INFO - opti_instance - opti_loop : Record not reached 
2018-12-17 12:09:11,923 - INFO - opti_instance - opti_loop : Waiting for pulse update...
2018-12-17 12:09:11,992 - INFO - opti_instance - _check_server_message : New server message
2018-12-17 12:09:12,217 - INFO - opti_instance - _read_server_message : Superiteration: 1, NM iteration: 0, NM function evaluation: 4, Total function evaluations: 4
2018-12-17 12:09:12,217 - INFO - opti_instance - opti_loop : Pulse updated
2018-12-17 12:09:12,217 - INFO - opti_instance - opti_loop : Downloading pulse...
2018-12-17 12:09:12,425 - INFO - opti_instance - opti_loop : Pulse downloaded
2018-12-17 12:09:12,425 - INFO - opti_instance - opti_loop : Preparing figure of merit evaluation...
2018-12-17 12:09:12,548 - INFO - opti_instance - opti_loop : Preparations complete
2018-12-17 12:09:12,548 - INFO - opti_instance - opti_loop : Waiting for figure of merit evaluation...
2018-12-17 12:09:12,625 - INFO - opti_instance - opti_loop : Figure of merit recieved
2018-12-17 12:09:12,625 - INFO - opti_instance - opti_loop : Checking server status
2018-12-17 12:09:12,745 - INFO - opti_instance - opti_loop : Status checked successfully
2018-12-17 12:09:12,746 - INFO - opti_instance - opti_loop : Sending figure of merit to server
2018-12-17 12:09:13,033 - INFO - opti_instance - opti_loop : Figure of merit was sent
2018-12-17 12:09:13,033 - INFO - opti_instance - opti_loop : Checking if figure of merit record is reached
2018-12-17 12:09:13,080 - WARNING - remote_module - _re_exists: OSError: ./RedCRAB/exchange/exchangejob22/fom_record.txt does not exist, exit code -3
2018-12-17 12:09:13,551 - INFO - opti_instance - opti_loop : Record not reached 
2018-12-17 12:09:13,567 - INFO - opti_instance - opti_loop : Waiting for pulse update...
2018-12-17 12:09:13,629 - INFO - opti_instance - _check_server_message : New server message
2018-12-17 12:09:13,852 - INFO - opti_instance - _read_server_message : Superiteration: 2, NM iteration: 0, NM function evaluation: 1, Total function evaluations: 5
2018-12-17 12:09:13,852 - INFO - opti_instance - opti_loop : Pulse updated
2018-12-17 12:09:13,852 - INFO - opti_instance - opti_loop : Downloading pulse...
2018-12-17 12:09:14,054 - INFO - opti_instance - opti_loop : Pulse downloaded
2018-12-17 12:09:14,054 - INFO - opti_instance - opti_loop : Preparing figure of merit evaluation...
2018-12-17 12:09:14,185 - INFO - opti_instance - opti_loop : Preparations complete
2018-12-17 12:09:14,185 - INFO - opti_instance - opti_loop : Waiting for figure of merit evaluation...
2018-12-17 12:09:14,301 - INFO - opti_instance - opti_loop : Figure of merit recieved
2018-12-17 12:09:14,301 - INFO - opti_instance - opti_loop : Checking server status
2018-12-17 12:09:14,417 - INFO - opti_instance - opti_loop : Status checked successfully
2018-12-17 12:09:14,417 - INFO - opti_instance - opti_loop : Sending figure of merit to server
2018-12-17 12:09:14,719 - INFO - opti_instance - opti_loop : Figure of merit was sent
2018-12-17 12:09:14,734 - INFO - opti_instance - opti_loop : Checking if figure of merit record is reached
2018-12-17 12:09:14,772 - WARNING - remote_module - _re_exists: OSError: ./RedCRAB/exchange/exchangejob22/fom_record.txt does not exist, exit code -3
2018-12-17 12:09:15,243 - INFO - opti_instance - opti_loop : Record not reached 
2018-12-17 12:09:15,290 - INFO - opti_instance - opti_loop : Waiting for pulse update...
2018-12-17 12:09:15,344 - INFO - opti_instance - _check_server_message : New server message
2018-12-17 12:09:15,576 - INFO - opti_instance - _read_server_message : Superiteration: 2, NM iteration: 0, NM function evaluation: 2, Total function evaluations: 6
2018-12-17 12:09:15,576 - INFO - opti_instance - opti_loop : Pulse updated
2018-12-17 12:09:15,576 - INFO - opti_instance - opti_loop : Downloading pulse...
2018-12-17 12:09:15,784 - INFO - opti_instance - opti_loop : Pulse downloaded
2018-12-17 12:09:15,784 - INFO - opti_instance - opti_loop : Preparing figure of merit evaluation...
2018-12-17 12:09:15,908 - INFO - opti_instance - opti_loop : Preparations complete
2018-12-17 12:09:15,908 - INFO - opti_instance - opti_loop : Waiting for figure of merit evaluation...
2018-12-17 12:09:15,961 - INFO - opti_instance - opti_loop : Figure of merit recieved
2018-12-17 12:09:15,961 - INFO - opti_instance - opti_loop : Checking server status
2018-12-17 12:09:16,093 - INFO - opti_instance - opti_loop : Status checked successfully
2018-12-17 12:09:16,093 - INFO - opti_instance - opti_loop : Sending figure of merit to server
2018-12-17 12:09:16,401 - INFO - opti_instance - opti_loop : Figure of merit was sent
2018-12-17 12:09:16,401 - INFO - opti_instance - opti_loop : Checking if figure of merit record is reached
2018-12-17 12:09:16,764 - INFO - opti_instance - opti_loop : Record not reached 
2018-12-17 12:09:16,795 - INFO - opti_instance - opti_loop : Waiting for pulse update...
2018-12-17 12:09:16,865 - INFO - opti_instance - _check_server_message : New server message
2018-12-17 12:09:17,097 - INFO - opti_instance - _read_server_message : Superiteration: 2, NM iteration: 0, NM function evaluation: 3, Total function evaluations: 7
2018-12-17 12:09:17,097 - INFO - opti_instance - opti_loop : Pulse updated
2018-12-17 12:09:17,097 - INFO - opti_instance - opti_loop : Downloading pulse...
2018-12-17 12:09:17,298 - INFO - opti_instance - opti_loop : Pulse downloaded
2018-12-17 12:09:17,298 - INFO - opti_instance - opti_loop : Preparing figure of merit evaluation...
2018-12-17 12:09:17,430 - INFO - opti_instance - opti_loop : Preparations complete
2018-12-17 12:09:17,430 - INFO - opti_instance - opti_loop : Waiting for figure of merit evaluation...
2018-12-17 12:09:17,483 - INFO - opti_instance - opti_loop : Figure of merit recieved
2018-12-17 12:09:17,483 - INFO - opti_instance - opti_loop : Checking server status
2018-12-17 12:09:17,585 - INFO - opti_instance - opti_loop : Status checked successfully
2018-12-17 12:09:17,601 - INFO - opti_instance - opti_loop : Sending figure of merit to server
2018-12-17 12:09:17,901 - INFO - opti_instance - opti_loop : Figure of merit was sent
2018-12-17 12:09:17,916 - INFO - opti_instance - opti_loop : Checking if figure of merit record is reached
2018-12-17 12:09:17,948 - WARNING - remote_module - _re_exists: OSError: ./RedCRAB/exchange/exchangejob22/fom_record.txt does not exist, exit code -3
2018-12-17 12:09:18,434 - INFO - opti_instance - opti_loop : Record not reached 
2018-12-17 12:09:18,472 - INFO - opti_instance - opti_loop : Waiting for pulse update...
2018-12-17 12:09:18,534 - INFO - opti_instance - _check_server_message : New server message
2018-12-17 12:09:18,755 - INFO - opti_instance - _read_server_message : Superiteration: 2, NM iteration: 0, NM function evaluation: 4, Total function evaluations: 8
2018-12-17 12:09:18,755 - INFO - opti_instance - opti_loop : Pulse updated
2018-12-17 12:09:18,755 - INFO - opti_instance - opti_loop : Downloading pulse...
2018-12-17 12:09:18,957 - INFO - opti_instance - opti_loop : Pulse downloaded
2018-12-17 12:09:18,957 - INFO - opti_instance - opti_loop : Preparing figure of merit evaluation...
2018-12-17 12:09:19,074 - INFO - opti_instance - opti_loop : Preparations complete
2018-12-17 12:09:19,089 - INFO - opti_instance - opti_loop : Waiting for figure of merit evaluation...
2018-12-17 12:09:19,151 - INFO - opti_instance - opti_loop : Figure of merit recieved
2018-12-17 12:09:19,151 - INFO - opti_instance - opti_loop : Checking server status
2018-12-17 12:09:19,258 - INFO - opti_instance - opti_loop : Status checked successfully
2018-12-17 12:09:19,258 - INFO - opti_instance - opti_loop : Sending figure of merit to server
2018-12-17 12:09:19,559 - INFO - opti_instance - opti_loop : Figure of merit was sent
2018-12-17 12:09:19,559 - INFO - opti_instance - opti_loop : Checking if figure of merit record is reached
2018-12-17 12:09:19,591 - WARNING - remote_module - _re_exists: OSError: ./RedCRAB/exchange/exchangejob22/fom_record.txt does not exist, exit code -3
2018-12-17 12:09:20,077 - INFO - opti_instance - opti_loop : Record not reached 
2018-12-17 12:09:20,093 - INFO - opti_instance - opti_loop : Waiting for pulse update...
2018-12-17 12:09:20,162 - INFO - opti_instance - _check_server_message : New server message
2018-12-17 12:09:20,393 - INFO - opti_instance - _read_server_message : Superiteration: 3, NM iteration: 0, NM function evaluation: 1, Total function evaluations: 9
2018-12-17 12:09:20,393 - INFO - opti_instance - opti_loop : Pulse updated
2018-12-17 12:09:20,393 - INFO - opti_instance - opti_loop : Downloading pulse...
2018-12-17 12:09:20,586 - INFO - opti_instance - opti_loop : Pulse downloaded
2018-12-17 12:09:20,586 - INFO - opti_instance - opti_loop : Preparing figure of merit evaluation...
2018-12-17 12:09:20,726 - INFO - opti_instance - opti_loop : Preparations complete
2018-12-17 12:09:20,726 - INFO - opti_instance - opti_loop : Waiting for figure of merit evaluation...
2018-12-17 12:09:20,796 - INFO - opti_instance - opti_loop : Figure of merit recieved
2018-12-17 12:09:20,796 - INFO - opti_instance - opti_loop : Checking server status
2018-12-17 12:09:20,911 - INFO - opti_instance - opti_loop : Status checked successfully
2018-12-17 12:09:20,911 - INFO - opti_instance - opti_loop : Sending figure of merit to server
2018-12-17 12:09:21,218 - INFO - opti_instance - opti_loop : Figure of merit was sent
2018-12-17 12:09:21,218 - INFO - opti_instance - opti_loop : Checking if figure of merit record is reached
2018-12-17 12:09:21,249 - WARNING - remote_module - _re_exists: OSError: ./RedCRAB/exchange/exchangejob22/fom_record.txt does not exist, exit code -3
2018-12-17 12:09:21,746 - INFO - opti_instance - opti_loop : Record not reached 
2018-12-17 12:09:21,770 - INFO - opti_instance - opti_loop : Waiting for pulse update...
2018-12-17 12:09:21,833 - INFO - opti_instance - _check_server_message : New server message
2018-12-17 12:09:22,063 - INFO - opti_instance - _read_server_message : Superiteration: 3, NM iteration: 0, NM function evaluation: 2, Total function evaluations: 10
2018-12-17 12:09:22,063 - INFO - opti_instance - opti_loop : Pulse updated
2018-12-17 12:09:22,063 - INFO - opti_instance - opti_loop : Downloading pulse...
2018-12-17 12:09:22,286 - INFO - opti_instance - opti_loop : Pulse downloaded
2018-12-17 12:09:22,286 - INFO - opti_instance - opti_loop : Preparing figure of merit evaluation...
2018-12-17 12:09:22,403 - INFO - opti_instance - opti_loop : Preparations complete
2018-12-17 12:09:22,403 - INFO - opti_instance - opti_loop : Waiting for figure of merit evaluation...
2018-12-17 12:09:22,450 - INFO - opti_instance - opti_loop : Figure of merit recieved
2018-12-17 12:09:22,450 - INFO - opti_instance - opti_loop : Checking server status
2018-12-17 12:09:22,566 - INFO - opti_instance - opti_loop : Status checked successfully
2018-12-17 12:09:22,566 - INFO - opti_instance - opti_loop : Sending figure of merit to server
2018-12-17 12:09:22,852 - INFO - opti_instance - opti_loop : Figure of merit was sent
2018-12-17 12:09:22,852 - INFO - opti_instance - opti_loop : Checking if figure of merit record is reached
2018-12-17 12:09:22,889 - WARNING - remote_module - _re_exists: OSError: ./RedCRAB/exchange/exchangejob22/fom_record.txt does not exist, exit code -3
2018-12-17 12:09:23,369 - INFO - opti_instance - opti_loop : Record not reached 
2018-12-17 12:09:23,391 - INFO - opti_instance - opti_loop : Waiting for pulse update...
2018-12-17 12:09:23,453 - INFO - opti_instance - _check_server_message : New server message
2018-12-17 12:09:23,691 - INFO - opti_instance - _read_server_message : Superiteration: 3, NM iteration: 0, NM function evaluation: 3, Total function evaluations: 11
2018-12-17 12:09:23,691 - INFO - opti_instance - opti_loop : Pulse updated
2018-12-17 12:09:23,691 - INFO - opti_instance - opti_loop : Downloading pulse...
2018-12-17 12:09:23,892 - INFO - opti_instance - opti_loop : Pulse downloaded
2018-12-17 12:09:23,908 - INFO - opti_instance - opti_loop : Preparing figure of merit evaluation...
2018-12-17 12:09:24,040 - INFO - opti_instance - opti_loop : Preparations complete
2018-12-17 12:09:24,040 - INFO - opti_instance - opti_loop : Waiting for figure of merit evaluation...
2018-12-17 12:09:24,109 - INFO - opti_instance - opti_loop : Figure of merit recieved
2018-12-17 12:09:24,109 - INFO - opti_instance - opti_loop : Checking server status
2018-12-17 12:09:24,209 - INFO - opti_instance - opti_loop : Status checked successfully
2018-12-17 12:09:24,225 - INFO - opti_instance - opti_loop : Sending figure of merit to server
2018-12-17 12:09:24,527 - INFO - opti_instance - opti_loop : Figure of merit was sent
2018-12-17 12:09:24,527 - INFO - opti_instance - opti_loop : Checking if figure of merit record is reached
2018-12-17 12:09:24,573 - WARNING - remote_module - _re_exists: OSError: ./RedCRAB/exchange/exchangejob22/fom_record.txt does not exist, exit code -3
2018-12-17 12:09:25,028 - INFO - opti_instance - opti_loop : Record not reached 
2018-12-17 12:09:25,044 - INFO - opti_instance - opti_loop : Waiting for pulse update...
2018-12-17 12:09:25,097 - INFO - opti_instance - _check_server_message : New server message
2018-12-17 12:09:25,345 - INFO - opti_instance - _read_server_message : Superiteration: 3, NM iteration: 0, NM function evaluation: 4, Total function evaluations: 12
2018-12-17 12:09:25,345 - INFO - opti_instance - opti_loop : Pulse updated
2018-12-17 12:09:25,345 - INFO - opti_instance - opti_loop : Downloading pulse...
2018-12-17 12:09:25,561 - INFO - opti_instance - opti_loop : Pulse downloaded
2018-12-17 12:09:25,561 - INFO - opti_instance - opti_loop : Preparing figure of merit evaluation...
2018-12-17 12:09:25,684 - INFO - opti_instance - opti_loop : Preparations complete
2018-12-17 12:09:25,700 - INFO - opti_instance - opti_loop : Waiting for figure of merit evaluation...
2018-12-17 12:09:25,747 - INFO - opti_instance - opti_loop : Figure of merit recieved
2018-12-17 12:09:25,747 - INFO - opti_instance - opti_loop : Checking server status
2018-12-17 12:09:25,863 - INFO - opti_instance - opti_loop : Status checked successfully
2018-12-17 12:09:25,863 - INFO - opti_instance - opti_loop : Sending figure of merit to server
2018-12-17 12:09:26,164 - INFO - opti_instance - opti_loop : Figure of merit was sent
2018-12-17 12:09:26,164 - INFO - opti_instance - opti_loop : Checking if figure of merit record is reached
2018-12-17 12:09:26,202 - WARNING - remote_module - _re_exists: OSError: ./RedCRAB/exchange/exchangejob22/fom_record.txt does not exist, exit code -3
2018-12-17 12:09:26,680 - INFO - opti_instance - opti_loop : Record not reached 
2018-12-17 12:09:26,704 - INFO - opti_instance - opti_loop : Waiting for pulse update...
2018-12-17 12:09:26,766 - INFO - opti_instance - _check_server_message : New server message
2018-12-17 12:09:27,006 - INFO - opti_instance - _read_server_message : Superiteration: 4, NM iteration: 0, NM function evaluation: 1, Total function evaluations: 13
2018-12-17 12:09:27,006 - INFO - opti_instance - opti_loop : Pulse updated
2018-12-17 12:09:27,006 - INFO - opti_instance - opti_loop : Downloading pulse...
2018-12-17 12:09:27,210 - INFO - opti_instance - opti_loop : Pulse downloaded
2018-12-17 12:09:27,211 - INFO - opti_instance - opti_loop : Preparing figure of merit evaluation...
2018-12-17 12:09:27,337 - INFO - opti_instance - opti_loop : Preparations complete
2018-12-17 12:09:27,337 - INFO - opti_instance - opti_loop : Waiting for figure of merit evaluation...
2018-12-17 12:09:27,406 - INFO - opti_instance - opti_loop : Figure of merit recieved
2018-12-17 12:09:27,406 - INFO - opti_instance - opti_loop : Checking server status
2018-12-17 12:09:27,538 - INFO - opti_instance - opti_loop : Status checked successfully
2018-12-17 12:09:27,538 - INFO - opti_instance - opti_loop : Sending figure of merit to server
2018-12-17 12:09:27,852 - INFO - opti_instance - opti_loop : Figure of merit was sent
2018-12-17 12:09:27,852 - INFO - opti_instance - opti_loop : Checking if figure of merit record is reached
2018-12-17 12:09:27,883 - WARNING - remote_module - _re_exists: OSError: ./RedCRAB/exchange/exchangejob22/fom_record.txt does not exist, exit code -3
2018-12-17 12:09:28,356 - INFO - opti_instance - opti_loop : Record not reached 
2018-12-17 12:09:28,388 - INFO - opti_instance - opti_loop : Waiting for pulse update...
2018-12-17 12:09:28,455 - INFO - opti_instance - _check_server_message : New server message
2018-12-17 12:09:28,673 - INFO - opti_instance - _read_server_message : Superiteration: 4, NM iteration: 0, NM function evaluation: 2, Total function evaluations: 14
2018-12-17 12:09:28,673 - INFO - opti_instance - opti_loop : Pulse updated
2018-12-17 12:09:28,673 - INFO - opti_instance - opti_loop : Downloading pulse...
2018-12-17 12:09:28,895 - INFO - opti_instance - opti_loop : Pulse downloaded
2018-12-17 12:09:28,895 - INFO - opti_instance - opti_loop : Preparing figure of merit evaluation...
2018-12-17 12:09:29,026 - INFO - opti_instance - opti_loop : Preparations complete
2018-12-17 12:09:29,030 - INFO - opti_instance - opti_loop : Waiting for figure of merit evaluation...
2018-12-17 12:09:29,088 - INFO - opti_instance - opti_loop : Figure of merit recieved
2018-12-17 12:09:29,088 - INFO - opti_instance - opti_loop : Checking server status
2018-12-17 12:09:29,213 - INFO - opti_instance - opti_loop : Status checked successfully
2018-12-17 12:09:29,213 - INFO - opti_instance - opti_loop : Sending figure of merit to server
2018-12-17 12:09:29,515 - INFO - opti_instance - opti_loop : Figure of merit was sent
2018-12-17 12:09:29,515 - INFO - opti_instance - opti_loop : Checking if figure of merit record is reached
2018-12-17 12:09:29,546 - WARNING - remote_module - _re_exists: OSError: ./RedCRAB/exchange/exchangejob22/fom_record.txt does not exist, exit code -3
2018-12-17 12:09:30,017 - INFO - opti_instance - opti_loop : Record not reached 
2018-12-17 12:09:30,048 - INFO - opti_instance - opti_loop : Waiting for pulse update...
2018-12-17 12:09:30,102 - INFO - opti_instance - _check_server_message : New server message
2018-12-17 12:09:30,350 - INFO - opti_instance - _read_server_message : Superiteration: 4, NM iteration: 0, NM function evaluation: 3, Total function evaluations: 15
2018-12-17 12:09:30,350 - INFO - opti_instance - opti_loop : Pulse updated
2018-12-17 12:09:30,350 - INFO - opti_instance - opti_loop : Downloading pulse...
2018-12-17 12:09:30,567 - INFO - opti_instance - opti_loop : Pulse downloaded
2018-12-17 12:09:30,567 - INFO - opti_instance - opti_loop : Preparing figure of merit evaluation...
2018-12-17 12:09:30,682 - INFO - opti_instance - opti_loop : Preparations complete
2018-12-17 12:09:30,682 - INFO - opti_instance - opti_loop : Waiting for figure of merit evaluation...
2018-12-17 12:09:30,736 - INFO - opti_instance - opti_loop : Figure of merit recieved
2018-12-17 12:09:30,736 - INFO - opti_instance - opti_loop : Checking server status
2018-12-17 12:09:30,847 - INFO - opti_instance - opti_loop : Status checked successfully
2018-12-17 12:09:30,847 - INFO - opti_instance - opti_loop : Sending figure of merit to server
2018-12-17 12:09:31,130 - INFO - opti_instance - opti_loop : Figure of merit was sent
2018-12-17 12:09:31,130 - INFO - opti_instance - opti_loop : Checking if figure of merit record is reached
2018-12-17 12:09:31,177 - WARNING - remote_module - _re_exists: OSError: ./RedCRAB/exchange/exchangejob22/fom_record.txt does not exist, exit code -3
2018-12-17 12:09:31,654 - INFO - opti_instance - opti_loop : Record not reached 
2018-12-17 12:09:31,686 - INFO - opti_instance - opti_loop : Waiting for pulse update...
2018-12-17 12:09:31,739 - INFO - opti_instance - _check_server_message : New server message
2018-12-17 12:09:31,987 - INFO - opti_instance - _read_server_message : Superiteration: 4, NM iteration: 0, NM function evaluation: 4, Total function evaluations: 16
2018-12-17 12:09:31,987 - INFO - opti_instance - opti_loop : Pulse updated
2018-12-17 12:09:31,987 - INFO - opti_instance - opti_loop : Downloading pulse...
2018-12-17 12:09:32,211 - INFO - opti_instance - opti_loop : Pulse downloaded
2018-12-17 12:09:32,214 - INFO - opti_instance - opti_loop : Preparing figure of merit evaluation...
2018-12-17 12:09:32,342 - INFO - opti_instance - opti_loop : Preparations complete
2018-12-17 12:09:32,342 - INFO - opti_instance - opti_loop : Waiting for figure of merit evaluation...
2018-12-17 12:09:32,405 - INFO - opti_instance - opti_loop : Figure of merit recieved
2018-12-17 12:09:32,405 - INFO - opti_instance - opti_loop : Checking server status
2018-12-17 12:09:32,512 - INFO - opti_instance - opti_loop : Status checked successfully
2018-12-17 12:09:32,512 - INFO - opti_instance - opti_loop : Sending figure of merit to server
2018-12-17 12:09:32,813 - INFO - opti_instance - opti_loop : Figure of merit was sent
2018-12-17 12:09:32,829 - INFO - opti_instance - opti_loop : Checking if figure of merit record is reached
2018-12-17 12:09:32,860 - WARNING - remote_module - _re_exists: OSError: ./RedCRAB/exchange/exchangejob22/fom_record.txt does not exist, exit code -3
2018-12-17 12:09:33,331 - INFO - opti_instance - opti_loop : Record not reached 
2018-12-17 12:09:33,363 - INFO - opti_instance - opti_loop : Waiting for pulse update...
2018-12-17 12:09:33,416 - INFO - opti_instance - _check_server_message : New server message
2018-12-17 12:09:33,664 - INFO - opti_instance - _read_server_message : Superiteration: 5, NM iteration: 0, NM function evaluation: 1, Total function evaluations: 17
2018-12-17 12:09:33,664 - INFO - opti_instance - opti_loop : Pulse updated
2018-12-17 12:09:33,664 - INFO - opti_instance - opti_loop : Downloading pulse...
2018-12-17 12:09:33,862 - INFO - opti_instance - opti_loop : Pulse downloaded
2018-12-17 12:09:33,862 - INFO - opti_instance - opti_loop : Preparing figure of merit evaluation...
2018-12-17 12:09:33,996 - INFO - opti_instance - opti_loop : Preparations complete
2018-12-17 12:09:33,996 - INFO - opti_instance - opti_loop : Waiting for figure of merit evaluation...
2018-12-17 12:09:34,065 - INFO - opti_instance - opti_loop : Figure of merit recieved
2018-12-17 12:09:34,065 - INFO - opti_instance - opti_loop : Checking server status
2018-12-17 12:09:34,182 - INFO - opti_instance - opti_loop : Status checked successfully
2018-12-17 12:09:34,182 - INFO - opti_instance - opti_loop : Sending figure of merit to server
2018-12-17 12:09:34,467 - INFO - opti_instance - opti_loop : Figure of merit was sent
2018-12-17 12:09:34,467 - INFO - opti_instance - opti_loop : Checking if figure of merit record is reached
2018-12-17 12:09:34,521 - WARNING - remote_module - _re_exists: OSError: ./RedCRAB/exchange/exchangejob22/fom_record.txt does not exist, exit code -3
2018-12-17 12:09:34,984 - INFO - opti_instance - opti_loop : Record not reached 
2018-12-17 12:09:35,037 - INFO - opti_instance - opti_loop : Waiting for pulse update...
2018-12-17 12:09:35,098 - INFO - opti_instance - _check_server_message : New server message
2018-12-17 12:09:35,339 - INFO - opti_instance - _read_server_message : Superiteration: 5, NM iteration: 0, NM function evaluation: 2, Total function evaluations: 18
2018-12-17 12:09:35,339 - INFO - opti_instance - opti_loop : Pulse updated
2018-12-17 12:09:35,339 - INFO - opti_instance - opti_loop : Downloading pulse...
2018-12-17 12:09:35,541 - INFO - opti_instance - opti_loop : Pulse downloaded
2018-12-17 12:09:35,541 - INFO - opti_instance - opti_loop : Preparing figure of merit evaluation...
2018-12-17 12:09:35,668 - INFO - opti_instance - opti_loop : Preparations complete
2018-12-17 12:09:35,668 - INFO - opti_instance - opti_loop : Waiting for figure of merit evaluation...
2018-12-17 12:09:35,715 - INFO - opti_instance - opti_loop : Figure of merit recieved
2018-12-17 12:09:35,715 - INFO - opti_instance - opti_loop : Checking server status
2018-12-17 12:09:35,827 - INFO - opti_instance - opti_loop : Status checked successfully
2018-12-17 12:09:35,827 - INFO - opti_instance - opti_loop : Sending figure of merit to server
2018-12-17 12:09:36,128 - INFO - opti_instance - opti_loop : Figure of merit was sent
2018-12-17 12:09:36,128 - INFO - opti_instance - opti_loop : Checking if figure of merit record is reached
2018-12-17 12:09:36,159 - WARNING - remote_module - _re_exists: OSError: ./RedCRAB/exchange/exchangejob22/fom_record.txt does not exist, exit code -3
2018-12-17 12:09:36,624 - INFO - opti_instance - opti_loop : Record not reached 
2018-12-17 12:09:36,646 - INFO - opti_instance - opti_loop : Waiting for pulse update...
2018-12-17 12:09:36,708 - INFO - opti_instance - _check_server_message : New server message
2018-12-17 12:09:36,947 - INFO - opti_instance - _read_server_message : Superiteration: 5, NM iteration: 0, NM function evaluation: 3, Total function evaluations: 19
2018-12-17 12:09:36,947 - INFO - opti_instance - opti_loop : Pulse updated
2018-12-17 12:09:36,947 - INFO - opti_instance - opti_loop : Downloading pulse...
2018-12-17 12:09:37,163 - INFO - opti_instance - opti_loop : Pulse downloaded
2018-12-17 12:09:37,163 - INFO - opti_instance - opti_loop : Preparing figure of merit evaluation...
2018-12-17 12:09:37,295 - INFO - opti_instance - opti_loop : Preparations complete
2018-12-17 12:09:37,295 - INFO - opti_instance - opti_loop : Waiting for figure of merit evaluation...
2018-12-17 12:09:37,364 - INFO - opti_instance - opti_loop : Figure of merit recieved
2018-12-17 12:09:37,364 - INFO - opti_instance - opti_loop : Checking server status
2018-12-17 12:09:37,477 - INFO - opti_instance - opti_loop : Status checked successfully
2018-12-17 12:09:37,477 - INFO - opti_instance - opti_loop : Sending figure of merit to server
2018-12-17 12:09:37,781 - INFO - opti_instance - opti_loop : Figure of merit was sent
2018-12-17 12:09:37,781 - INFO - opti_instance - opti_loop : Checking if figure of merit record is reached
2018-12-17 12:09:37,813 - WARNING - remote_module - _re_exists: OSError: ./RedCRAB/exchange/exchangejob22/fom_record.txt does not exist, exit code -3
2018-12-17 12:09:38,283 - INFO - opti_instance - opti_loop : Record not reached 
2018-12-17 12:09:38,315 - INFO - opti_instance - opti_loop : Waiting for pulse update...
2018-12-17 12:09:38,368 - INFO - opti_instance - _check_server_message : New server message
2018-12-17 12:09:38,615 - INFO - opti_instance - _read_server_message : Superiteration: 5, NM iteration: 0, NM function evaluation: 4, Total function evaluations: 20
2018-12-17 12:09:38,615 - INFO - opti_instance - opti_loop : Pulse updated
2018-12-17 12:09:38,615 - INFO - opti_instance - opti_loop : Downloading pulse...
2018-12-17 12:09:38,816 - INFO - opti_instance - opti_loop : Pulse downloaded
2018-12-17 12:09:38,816 - INFO - opti_instance - opti_loop : Preparing figure of merit evaluation...
2018-12-17 12:09:38,938 - INFO - opti_instance - opti_loop : Preparations complete
2018-12-17 12:09:38,954 - INFO - opti_instance - opti_loop : Waiting for figure of merit evaluation...
2018-12-17 12:09:39,017 - INFO - opti_instance - opti_loop : Figure of merit recieved
2018-12-17 12:09:39,017 - INFO - opti_instance - opti_loop : Checking server status
2018-12-17 12:09:39,130 - INFO - opti_instance - opti_loop : Status checked successfully
2018-12-17 12:09:39,130 - INFO - opti_instance - opti_loop : Sending figure of merit to server
2018-12-17 12:09:39,457 - INFO - opti_instance - opti_loop : Figure of merit was sent
2018-12-17 12:09:39,457 - INFO - opti_instance - opti_loop : Checking if figure of merit record is reached
2018-12-17 12:09:39,488 - WARNING - remote_module - _re_exists: OSError: ./RedCRAB/exchange/exchangejob22/fom_record.txt does not exist, exit code -3
2018-12-17 12:09:39,942 - INFO - opti_instance - opti_loop : Record not reached 
2018-12-17 12:09:39,958 - INFO - opti_instance - opti_loop : Waiting for pulse update...
2018-12-17 12:09:40,020 - INFO - opti_instance - _check_server_message : New server message
2018-12-17 12:09:40,259 - INFO - opti_instance - _read_server_message : Superiteration: 6, NM iteration: 0, NM function evaluation: 1, Total function evaluations: 21
2018-12-17 12:09:40,259 - INFO - opti_instance - opti_loop : Pulse updated
2018-12-17 12:09:40,259 - INFO - opti_instance - opti_loop : Downloading pulse...
2018-12-17 12:09:40,474 - INFO - opti_instance - opti_loop : Pulse downloaded
2018-12-17 12:09:40,476 - INFO - opti_instance - opti_loop : Preparing figure of merit evaluation...
2018-12-17 12:09:40,592 - INFO - opti_instance - opti_loop : Preparations complete
2018-12-17 12:09:40,592 - INFO - opti_instance - opti_loop : Waiting for figure of merit evaluation...
2018-12-17 12:09:40,661 - INFO - opti_instance - opti_loop : Figure of merit recieved
2018-12-17 12:09:40,661 - INFO - opti_instance - opti_loop : Checking server status
2018-12-17 12:09:40,793 - INFO - opti_instance - opti_loop : Status checked successfully
2018-12-17 12:09:40,793 - INFO - opti_instance - opti_loop : Sending figure of merit to server
2018-12-17 12:09:41,100 - INFO - opti_instance - opti_loop : Figure of merit was sent
2018-12-17 12:09:41,100 - INFO - opti_instance - opti_loop : Checking if figure of merit record is reached
2018-12-17 12:09:41,131 - WARNING - remote_module - _re_exists: OSError: ./RedCRAB/exchange/exchangejob22/fom_record.txt does not exist, exit code -3
2018-12-17 12:09:41,628 - INFO - opti_instance - opti_loop : Record not reached 
2018-12-17 12:09:41,654 - INFO - opti_instance - opti_loop : Waiting for pulse update...
2018-12-17 12:09:41,709 - INFO - opti_instance - _check_server_message : New server message
2018-12-17 12:09:41,966 - INFO - opti_instance - _read_server_message : Superiteration: 6, NM iteration: 0, NM function evaluation: 2, Total function evaluations: 22
2018-12-17 12:09:41,966 - INFO - opti_instance - opti_loop : Pulse updated
2018-12-17 12:09:41,966 - INFO - opti_instance - opti_loop : Downloading pulse...
2018-12-17 12:09:42,167 - INFO - opti_instance - opti_loop : Pulse downloaded
2018-12-17 12:09:42,167 - INFO - opti_instance - opti_loop : Preparing figure of merit evaluation...
2018-12-17 12:09:42,284 - INFO - opti_instance - opti_loop : Preparations complete
2018-12-17 12:09:42,284 - INFO - opti_instance - opti_loop : Waiting for figure of merit evaluation...
2018-12-17 12:09:42,347 - INFO - opti_instance - opti_loop : Figure of merit recieved
2018-12-17 12:09:42,347 - INFO - opti_instance - opti_loop : Checking server status
2018-12-17 12:09:42,452 - INFO - opti_instance - opti_loop : Status checked successfully
2018-12-17 12:09:42,452 - INFO - opti_instance - opti_loop : Sending figure of merit to server
2018-12-17 12:09:42,753 - INFO - opti_instance - opti_loop : Figure of merit was sent
2018-12-17 12:09:42,753 - INFO - opti_instance - opti_loop : Checking if figure of merit record is reached
2018-12-17 12:09:42,784 - WARNING - remote_module - _re_exists: OSError: ./RedCRAB/exchange/exchangejob22/fom_record.txt does not exist, exit code -3
2018-12-17 12:09:43,270 - INFO - opti_instance - opti_loop : Record not reached 
2018-12-17 12:09:43,286 - INFO - opti_instance - opti_loop : Waiting for pulse update...
2018-12-17 12:09:43,355 - INFO - opti_instance - _check_server_message : New server message
2018-12-17 12:09:43,587 - INFO - opti_instance - _read_server_message : Superiteration: 6, NM iteration: 0, NM function evaluation: 3, Total function evaluations: 23
2018-12-17 12:09:43,587 - INFO - opti_instance - opti_loop : Pulse updated
2018-12-17 12:09:43,587 - INFO - opti_instance - opti_loop : Downloading pulse...
2018-12-17 12:09:43,803 - INFO - opti_instance - opti_loop : Pulse downloaded
2018-12-17 12:09:43,803 - INFO - opti_instance - opti_loop : Preparing figure of merit evaluation...
2018-12-17 12:09:43,935 - INFO - opti_instance - opti_loop : Preparations complete
2018-12-17 12:09:43,935 - INFO - opti_instance - opti_loop : Waiting for figure of merit evaluation...
2018-12-17 12:09:43,989 - INFO - opti_instance - opti_loop : Figure of merit recieved
2018-12-17 12:09:43,989 - INFO - opti_instance - opti_loop : Checking server status
2018-12-17 12:09:44,102 - INFO - opti_instance - opti_loop : Status checked successfully
2018-12-17 12:09:44,102 - INFO - opti_instance - opti_loop : Sending figure of merit to server
2018-12-17 12:09:44,406 - INFO - opti_instance - opti_loop : Figure of merit was sent
2018-12-17 12:09:44,406 - INFO - opti_instance - opti_loop : Checking if figure of merit record is reached
2018-12-17 12:09:44,437 - WARNING - remote_module - _re_exists: OSError: ./RedCRAB/exchange/exchangejob22/fom_record.txt does not exist, exit code -3
2018-12-17 12:09:44,909 - INFO - opti_instance - opti_loop : Record not reached 
2018-12-17 12:09:44,924 - INFO - opti_instance - opti_loop : Waiting for pulse update...
2018-12-17 12:09:44,993 - INFO - opti_instance - _check_server_message : New server message
2018-12-17 12:09:45,241 - INFO - opti_instance - _read_server_message : Superiteration: 6, NM iteration: 0, NM function evaluation: 4, Total function evaluations: 24
2018-12-17 12:09:45,241 - INFO - opti_instance - opti_loop : Pulse updated
2018-12-17 12:09:45,241 - INFO - opti_instance - opti_loop : Downloading pulse...
2018-12-17 12:09:45,442 - INFO - opti_instance - opti_loop : Pulse downloaded
2018-12-17 12:09:45,442 - INFO - opti_instance - opti_loop : Preparing figure of merit evaluation...
2018-12-17 12:09:45,564 - INFO - opti_instance - opti_loop : Preparations complete
2018-12-17 12:09:45,564 - INFO - opti_instance - opti_loop : Waiting for figure of merit evaluation...
2018-12-17 12:09:45,627 - INFO - opti_instance - opti_loop : Figure of merit recieved
2018-12-17 12:09:45,627 - INFO - opti_instance - opti_loop : Checking server status
2018-12-17 12:09:45,743 - INFO - opti_instance - opti_loop : Status checked successfully
2018-12-17 12:09:45,743 - INFO - opti_instance - opti_loop : Sending figure of merit to server
2018-12-17 12:09:46,029 - INFO - opti_instance - opti_loop : Figure of merit was sent
2018-12-17 12:09:46,029 - INFO - opti_instance - opti_loop : Checking if figure of merit record is reached
2018-12-17 12:09:46,060 - WARNING - remote_module - _re_exists: OSError: ./RedCRAB/exchange/exchangejob22/fom_record.txt does not exist, exit code -3
2018-12-17 12:09:46,556 - INFO - opti_instance - opti_loop : Record not reached 
2018-12-17 12:09:46,583 - INFO - opti_instance - opti_loop : Waiting for pulse update...
2018-12-17 12:09:46,646 - INFO - opti_instance - _check_server_message : New server message
2018-12-17 12:09:46,885 - INFO - opti_instance - _read_server_message : Superiteration: 7, NM iteration: 0, NM function evaluation: 1, Total function evaluations: 25
2018-12-17 12:09:46,885 - INFO - opti_instance - opti_loop : Pulse updated
2018-12-17 12:09:46,885 - INFO - opti_instance - opti_loop : Downloading pulse...
2018-12-17 12:09:47,100 - INFO - opti_instance - opti_loop : Pulse downloaded
2018-12-17 12:09:47,101 - INFO - opti_instance - opti_loop : Preparing figure of merit evaluation...
2018-12-17 12:09:47,220 - INFO - opti_instance - opti_loop : Preparations complete
2018-12-17 12:09:47,221 - INFO - opti_instance - opti_loop : Waiting for figure of merit evaluation...
2018-12-17 12:09:47,286 - INFO - opti_instance - opti_loop : Figure of merit recieved
2018-12-17 12:09:47,286 - INFO - opti_instance - opti_loop : Checking server status
2018-12-17 12:09:47,418 - INFO - opti_instance - opti_loop : Status checked successfully
2018-12-17 12:09:47,418 - INFO - opti_instance - opti_loop : Sending figure of merit to server
2018-12-17 12:09:47,716 - INFO - opti_instance - opti_loop : Figure of merit was sent
2018-12-17 12:09:47,732 - INFO - opti_instance - opti_loop : Checking if figure of merit record is reached
2018-12-17 12:09:47,763 - WARNING - remote_module - _re_exists: OSError: ./RedCRAB/exchange/exchangejob22/fom_record.txt does not exist, exit code -3
2018-12-17 12:09:48,236 - INFO - opti_instance - opti_loop : Record not reached 
2018-12-17 12:09:48,268 - INFO - opti_instance - opti_loop : Waiting for pulse update...
2018-12-17 12:09:48,332 - INFO - opti_instance - _check_server_message : New server message
2018-12-17 12:09:48,569 - INFO - opti_instance - _read_server_message : Superiteration: 7, NM iteration: 0, NM function evaluation: 2, Total function evaluations: 26
2018-12-17 12:09:48,569 - INFO - opti_instance - opti_loop : Pulse updated
2018-12-17 12:09:48,569 - INFO - opti_instance - opti_loop : Downloading pulse...
2018-12-17 12:09:48,776 - INFO - opti_instance - opti_loop : Pulse downloaded
2018-12-17 12:09:48,776 - INFO - opti_instance - opti_loop : Preparing figure of merit evaluation...
2018-12-17 12:09:48,886 - INFO - opti_instance - opti_loop : Preparations complete
2018-12-17 12:09:48,886 - INFO - opti_instance - opti_loop : Waiting for figure of merit evaluation...
2018-12-17 12:09:48,948 - INFO - opti_instance - opti_loop : Figure of merit recieved
2018-12-17 12:09:48,948 - INFO - opti_instance - opti_loop : Checking server status
2018-12-17 12:09:49,071 - INFO - opti_instance - opti_loop : Status checked successfully
2018-12-17 12:09:49,077 - INFO - opti_instance - opti_loop : Sending figure of merit to server
2018-12-17 12:09:49,378 - INFO - opti_instance - opti_loop : Figure of merit was sent
2018-12-17 12:09:49,378 - INFO - opti_instance - opti_loop : Checking if figure of merit record is reached
2018-12-17 12:09:49,425 - WARNING - remote_module - _re_exists: OSError: ./RedCRAB/exchange/exchangejob22/fom_record.txt does not exist, exit code -3
2018-12-17 12:09:49,880 - INFO - opti_instance - opti_loop : Record not reached 
2018-12-17 12:09:49,912 - INFO - opti_instance - opti_loop : Waiting for pulse update...
2018-12-17 12:09:49,981 - INFO - opti_instance - _check_server_message : New server message
2018-12-17 12:09:50,212 - INFO - opti_instance - _read_server_message : Superiteration: 7, NM iteration: 0, NM function evaluation: 3, Total function evaluations: 27
2018-12-17 12:09:50,212 - INFO - opti_instance - opti_loop : Pulse updated
2018-12-17 12:09:50,212 - INFO - opti_instance - opti_loop : Downloading pulse...
2018-12-17 12:09:50,413 - INFO - opti_instance - opti_loop : Pulse downloaded
2018-12-17 12:09:50,413 - INFO - opti_instance - opti_loop : Preparing figure of merit evaluation...
2018-12-17 12:09:50,560 - INFO - opti_instance - opti_loop : Preparations complete
2018-12-17 12:09:50,560 - INFO - opti_instance - opti_loop : Waiting for figure of merit evaluation...
2018-12-17 12:09:50,629 - INFO - opti_instance - opti_loop : Figure of merit recieved
2018-12-17 12:09:50,629 - INFO - opti_instance - opti_loop : Checking server status
2018-12-17 12:09:50,745 - INFO - opti_instance - opti_loop : Status checked successfully
2018-12-17 12:09:50,745 - INFO - opti_instance - opti_loop : Sending figure of merit to server
2018-12-17 12:09:51,030 - INFO - opti_instance - opti_loop : Figure of merit was sent
2018-12-17 12:09:51,030 - INFO - opti_instance - opti_loop : Checking if figure of merit record is reached
2018-12-17 12:09:51,061 - WARNING - remote_module - _re_exists: OSError: ./RedCRAB/exchange/exchangejob22/fom_record.txt does not exist, exit code -3
2018-12-17 12:09:51,532 - INFO - opti_instance - opti_loop : Record not reached 
2018-12-17 12:09:51,564 - INFO - opti_instance - opti_loop : Waiting for pulse update...
2018-12-17 12:09:51,633 - INFO - opti_instance - _check_server_message : New server message
2018-12-17 12:09:51,864 - INFO - opti_instance - _read_server_message : Superiteration: 7, NM iteration: 0, NM function evaluation: 4, Total function evaluations: 28
2018-12-17 12:09:51,864 - INFO - opti_instance - opti_loop : Pulse updated
2018-12-17 12:09:51,864 - INFO - opti_instance - opti_loop : Downloading pulse...
2018-12-17 12:09:52,065 - INFO - opti_instance - opti_loop : Pulse downloaded
2018-12-17 12:09:52,065 - INFO - opti_instance - opti_loop : Preparing figure of merit evaluation...
2018-12-17 12:09:52,188 - INFO - opti_instance - opti_loop : Preparations complete
2018-12-17 12:09:52,188 - INFO - opti_instance - opti_loop : Waiting for figure of merit evaluation...
2018-12-17 12:09:52,251 - INFO - opti_instance - opti_loop : Figure of merit recieved
2018-12-17 12:09:52,251 - INFO - opti_instance - opti_loop : Checking server status
2018-12-17 12:09:52,382 - INFO - opti_instance - opti_loop : Status checked successfully
2018-12-17 12:09:52,388 - INFO - opti_instance - opti_loop : Sending figure of merit to server
2018-12-17 12:09:52,690 - INFO - opti_instance - opti_loop : Figure of merit was sent
2018-12-17 12:09:52,690 - INFO - opti_instance - opti_loop : Checking if figure of merit record is reached
2018-12-17 12:09:52,721 - WARNING - remote_module - _re_exists: OSError: ./RedCRAB/exchange/exchangejob22/fom_record.txt does not exist, exit code -3
2018-12-17 12:09:53,238 - INFO - opti_instance - opti_loop : Record not reached 
2018-12-17 12:09:53,270 - INFO - opti_instance - opti_loop : Waiting for pulse update...
2018-12-17 12:09:53,338 - INFO - opti_instance - _check_server_message : New server message
2018-12-17 12:09:53,571 - INFO - opti_instance - _read_server_message : Superiteration: 8, NM iteration: 0, NM function evaluation: 1, Total function evaluations: 29
2018-12-17 12:09:53,571 - INFO - opti_instance - opti_loop : Pulse updated
2018-12-17 12:09:53,571 - INFO - opti_instance - opti_loop : Downloading pulse...
2018-12-17 12:09:53,781 - INFO - opti_instance - opti_loop : Pulse downloaded
2018-12-17 12:09:53,781 - INFO - opti_instance - opti_loop : Preparing figure of merit evaluation...
2018-12-17 12:09:53,894 - INFO - opti_instance - opti_loop : Preparations complete
2018-12-17 12:09:53,894 - INFO - opti_instance - opti_loop : Waiting for figure of merit evaluation...
2018-12-17 12:09:53,972 - INFO - opti_instance - opti_loop : Figure of merit recieved
2018-12-17 12:09:53,972 - INFO - opti_instance - opti_loop : Checking server status
2018-12-17 12:09:54,088 - INFO - opti_instance - opti_loop : Status checked successfully
2018-12-17 12:09:54,088 - INFO - opti_instance - opti_loop : Sending figure of merit to server
2018-12-17 12:09:54,380 - INFO - opti_instance - opti_loop : Figure of merit was sent
2018-12-17 12:09:54,380 - INFO - opti_instance - opti_loop : Checking if figure of merit record is reached
2018-12-17 12:09:54,411 - WARNING - remote_module - _re_exists: OSError: ./RedCRAB/exchange/exchangejob22/fom_record.txt does not exist, exit code -3
2018-12-17 12:09:54,893 - INFO - opti_instance - opti_loop : Record not reached 
2018-12-17 12:09:54,916 - INFO - opti_instance - opti_loop : Waiting for pulse update...
2018-12-17 12:09:54,980 - INFO - opti_instance - _check_server_message : New server message
2018-12-17 12:09:55,213 - INFO - opti_instance - _read_server_message : Superiteration: 8, NM iteration: 0, NM function evaluation: 2, Total function evaluations: 30
2018-12-17 12:09:55,213 - INFO - opti_instance - opti_loop : Pulse updated
2018-12-17 12:09:55,213 - INFO - opti_instance - opti_loop : Downloading pulse...
2018-12-17 12:09:55,414 - INFO - opti_instance - opti_loop : Pulse downloaded
2018-12-17 12:09:55,430 - INFO - opti_instance - opti_loop : Preparing figure of merit evaluation...
2018-12-17 12:09:55,534 - INFO - opti_instance - opti_loop : Preparations complete
2018-12-17 12:09:55,549 - INFO - opti_instance - opti_loop : Waiting for figure of merit evaluation...
2018-12-17 12:09:55,616 - INFO - opti_instance - opti_loop : Figure of merit recieved
2018-12-17 12:09:55,616 - INFO - opti_instance - opti_loop : Checking server status
2018-12-17 12:09:55,747 - INFO - opti_instance - opti_loop : Status checked successfully
2018-12-17 12:09:55,747 - INFO - opti_instance - opti_loop : Sending figure of merit to server
2018-12-17 12:09:56,048 - INFO - opti_instance - opti_loop : Figure of merit was sent
2018-12-17 12:09:56,064 - INFO - opti_instance - opti_loop : Checking if figure of merit record is reached
2018-12-17 12:09:56,419 - INFO - opti_instance - opti_loop : Record not reached 
2018-12-17 12:09:56,450 - INFO - opti_instance - opti_loop : Waiting for pulse update...
2018-12-17 12:09:56,503 - INFO - opti_instance - _check_server_message : New server message
2018-12-17 12:09:56,750 - INFO - opti_instance - _read_server_message : Superiteration: 8, NM iteration: 0, NM function evaluation: 3, Total function evaluations: 31
2018-12-17 12:09:56,750 - INFO - opti_instance - opti_loop : Pulse updated
2018-12-17 12:09:56,750 - INFO - opti_instance - opti_loop : Downloading pulse...
2018-12-17 12:09:56,953 - INFO - opti_instance - opti_loop : Pulse downloaded
2018-12-17 12:09:56,953 - INFO - opti_instance - opti_loop : Preparing figure of merit evaluation...
2018-12-17 12:09:57,084 - INFO - opti_instance - opti_loop : Preparations complete
2018-12-17 12:09:57,084 - INFO - opti_instance - opti_loop : Waiting for figure of merit evaluation...
2018-12-17 12:09:57,137 - INFO - opti_instance - opti_loop : Figure of merit recieved
2018-12-17 12:09:57,137 - INFO - opti_instance - opti_loop : Checking server status
2018-12-17 12:09:57,253 - INFO - opti_instance - opti_loop : Status checked successfully
2018-12-17 12:09:57,253 - INFO - opti_instance - opti_loop : Sending figure of merit to server
2018-12-17 12:09:57,539 - INFO - opti_instance - opti_loop : Figure of merit was sent
2018-12-17 12:09:57,539 - INFO - opti_instance - opti_loop : Checking if figure of merit record is reached
2018-12-17 12:09:57,586 - WARNING - remote_module - _re_exists: OSError: ./RedCRAB/exchange/exchangejob22/fom_record.txt does not exist, exit code -3
2018-12-17 12:09:57,709 - WARNING - remote_module - _re_exists: OSError: ./RedCRAB/exchange/exchangejob22/fom_record.txt does not exist, exit code -3
2018-12-17 12:09:58,188 - INFO - opti_instance - opti_loop : Record not reached 
2018-12-17 12:09:58,204 - INFO - opti_instance - opti_loop : Waiting for pulse update...
2018-12-17 12:09:58,273 - INFO - opti_instance - _check_server_message : New server message
2018-12-17 12:09:58,505 - INFO - opti_instance - _read_server_message : Superiteration: 8, NM iteration: 0, NM function evaluation: 4, Total function evaluations: 32
2018-12-17 12:09:58,505 - INFO - opti_instance - opti_loop : Pulse updated
2018-12-17 12:09:58,506 - INFO - opti_instance - opti_loop : Downloading pulse...
2018-12-17 12:09:58,712 - INFO - opti_instance - opti_loop : Pulse downloaded
2018-12-17 12:09:58,712 - INFO - opti_instance - opti_loop : Preparing figure of merit evaluation...
2018-12-17 12:09:58,828 - INFO - opti_instance - opti_loop : Preparations complete
2018-12-17 12:09:58,844 - INFO - opti_instance - opti_loop : Waiting for figure of merit evaluation...
2018-12-17 12:09:58,906 - INFO - opti_instance - opti_loop : Figure of merit recieved
2018-12-17 12:09:58,906 - INFO - opti_instance - opti_loop : Checking server status
2018-12-17 12:09:59,013 - INFO - opti_instance - opti_loop : Status checked successfully
2018-12-17 12:09:59,013 - INFO - opti_instance - opti_loop : Sending figure of merit to server
2018-12-17 12:09:59,328 - INFO - opti_instance - opti_loop : Figure of merit was sent
2018-12-17 12:09:59,328 - INFO - opti_instance - opti_loop : Checking if figure of merit record is reached
2018-12-17 12:09:59,360 - WARNING - remote_module - _re_exists: OSError: ./RedCRAB/exchange/exchangejob22/fom_record.txt does not exist, exit code -3
2018-12-17 12:09:59,846 - INFO - opti_instance - opti_loop : Record not reached 
2018-12-17 12:09:59,862 - INFO - opti_instance - opti_loop : Waiting for pulse update...
2018-12-17 12:09:59,930 - INFO - opti_instance - _check_server_message : New server message
2018-12-17 12:10:00,163 - INFO - opti_instance - _read_server_message : Superiteration: 9, NM iteration: 0, NM function evaluation: 1, Total function evaluations: 33
2018-12-17 12:10:00,163 - INFO - opti_instance - opti_loop : Pulse updated
2018-12-17 12:10:00,163 - INFO - opti_instance - opti_loop : Downloading pulse...
2018-12-17 12:10:00,382 - INFO - opti_instance - opti_loop : Pulse downloaded
2018-12-17 12:10:00,382 - INFO - opti_instance - opti_loop : Preparing figure of merit evaluation...
2018-12-17 12:10:00,511 - INFO - opti_instance - opti_loop : Preparations complete
2018-12-17 12:10:00,511 - INFO - opti_instance - opti_loop : Waiting for figure of merit evaluation...
2018-12-17 12:10:00,580 - INFO - opti_instance - opti_loop : Figure of merit recieved
2018-12-17 12:10:00,580 - INFO - opti_instance - opti_loop : Checking server status
2018-12-17 12:10:00,696 - INFO - opti_instance - opti_loop : Status checked successfully
2018-12-17 12:10:00,696 - INFO - opti_instance - opti_loop : Sending figure of merit to server
2018-12-17 12:10:00,982 - INFO - opti_instance - opti_loop : Figure of merit was sent
2018-12-17 12:10:00,982 - INFO - opti_instance - opti_loop : Checking if figure of merit record is reached
2018-12-17 12:10:01,013 - WARNING - remote_module - _re_exists: OSError: ./RedCRAB/exchange/exchangejob22/fom_record.txt does not exist, exit code -3
2018-12-17 12:10:01,499 - INFO - opti_instance - opti_loop : Record not reached 
2018-12-17 12:10:01,526 - INFO - opti_instance - opti_loop : Waiting for pulse update...
2018-12-17 12:10:01,584 - INFO - opti_instance - _check_server_message : New server message
2018-12-17 12:10:01,816 - INFO - opti_instance - _read_server_message : Superiteration: 9, NM iteration: 0, NM function evaluation: 2, Total function evaluations: 34
2018-12-17 12:10:01,816 - INFO - opti_instance - opti_loop : Pulse updated
2018-12-17 12:10:01,816 - INFO - opti_instance - opti_loop : Downloading pulse...
2018-12-17 12:10:02,033 - INFO - opti_instance - opti_loop : Pulse downloaded
2018-12-17 12:10:02,039 - INFO - opti_instance - opti_loop : Preparing figure of merit evaluation...
2018-12-17 12:10:02,156 - INFO - opti_instance - opti_loop : Preparations complete
2018-12-17 12:10:02,156 - INFO - opti_instance - opti_loop : Waiting for figure of merit evaluation...
2018-12-17 12:10:02,203 - INFO - opti_instance - opti_loop : Figure of merit recieved
2018-12-17 12:10:02,203 - INFO - opti_instance - opti_loop : Checking server status
2018-12-17 12:10:02,318 - INFO - opti_instance - opti_loop : Status checked successfully
2018-12-17 12:10:02,318 - INFO - opti_instance - opti_loop : Sending figure of merit to server
2018-12-17 12:10:02,619 - INFO - opti_instance - opti_loop : Figure of merit was sent
2018-12-17 12:10:02,635 - INFO - opti_instance - opti_loop : Checking if figure of merit record is reached
2018-12-17 12:10:02,673 - WARNING - remote_module - _re_exists: OSError: ./RedCRAB/exchange/exchangejob22/fom_record.txt does not exist, exit code -3
2018-12-17 12:10:03,136 - INFO - opti_instance - opti_loop : Record not reached 
2018-12-17 12:10:03,158 - INFO - opti_instance - opti_loop : Waiting for pulse update...
2018-12-17 12:10:03,220 - INFO - opti_instance - _check_server_message : New server message
2018-12-17 12:10:03,459 - INFO - opti_instance - _read_server_message : Superiteration: 9, NM iteration: 0, NM function evaluation: 3, Total function evaluations: 35
2018-12-17 12:10:03,459 - INFO - opti_instance - opti_loop : Pulse updated
2018-12-17 12:10:03,459 - INFO - opti_instance - opti_loop : Downloading pulse...
2018-12-17 12:10:03,675 - INFO - opti_instance - opti_loop : Pulse downloaded
2018-12-17 12:10:03,675 - INFO - opti_instance - opti_loop : Preparing figure of merit evaluation...
2018-12-17 12:10:03,807 - INFO - opti_instance - opti_loop : Preparations complete
2018-12-17 12:10:03,807 - INFO - opti_instance - opti_loop : Waiting for figure of merit evaluation...
2018-12-17 12:10:03,860 - INFO - opti_instance - opti_loop : Figure of merit recieved
2018-12-17 12:10:03,860 - INFO - opti_instance - opti_loop : Checking server status
2018-12-17 12:10:03,967 - INFO - opti_instance - opti_loop : Status checked successfully
2018-12-17 12:10:03,967 - INFO - opti_instance - opti_loop : Sending figure of merit to server
2018-12-17 12:10:04,262 - INFO - opti_instance - opti_loop : Figure of merit was sent
2018-12-17 12:10:04,262 - INFO - opti_instance - opti_loop : Checking if figure of merit record is reached
2018-12-17 12:10:04,308 - WARNING - remote_module - _re_exists: OSError: ./RedCRAB/exchange/exchangejob22/fom_record.txt does not exist, exit code -3
2018-12-17 12:10:04,795 - INFO - opti_instance - opti_loop : Record not reached 
2018-12-17 12:10:04,810 - INFO - opti_instance - opti_loop : Waiting for pulse update...
2018-12-17 12:10:04,879 - INFO - opti_instance - _check_server_message : New server message
2018-12-17 12:10:05,111 - INFO - opti_instance - _read_server_message : Superiteration: 9, NM iteration: 0, NM function evaluation: 4, Total function evaluations: 36
2018-12-17 12:10:05,111 - INFO - opti_instance - opti_loop : Pulse updated
2018-12-17 12:10:05,111 - INFO - opti_instance - opti_loop : Downloading pulse...
2018-12-17 12:10:05,313 - INFO - opti_instance - opti_loop : Pulse downloaded
2018-12-17 12:10:05,313 - INFO - opti_instance - opti_loop : Preparing figure of merit evaluation...
2018-12-17 12:10:05,444 - INFO - opti_instance - opti_loop : Preparations complete
2018-12-17 12:10:05,444 - INFO - opti_instance - opti_loop : Waiting for figure of merit evaluation...
2018-12-17 12:10:05,498 - INFO - opti_instance - opti_loop : Figure of merit recieved
2018-12-17 12:10:05,498 - INFO - opti_instance - opti_loop : Checking server status
2018-12-17 12:10:05,618 - INFO - opti_instance - opti_loop : Status checked successfully
2018-12-17 12:10:05,618 - INFO - opti_instance - opti_loop : Sending figure of merit to server
2018-12-17 12:10:05,914 - INFO - opti_instance - opti_loop : Figure of merit was sent
2018-12-17 12:10:05,914 - INFO - opti_instance - opti_loop : Checking if figure of merit record is reached
2018-12-17 12:10:05,952 - WARNING - remote_module - _re_exists: OSError: ./RedCRAB/exchange/exchangejob22/fom_record.txt does not exist, exit code -3
2018-12-17 12:10:06,430 - INFO - opti_instance - opti_loop : Record not reached 
2018-12-17 12:10:06,445 - INFO - opti_instance - opti_loop : Waiting for pulse update...
2018-12-17 12:10:06,501 - INFO - opti_instance - _check_server_message : New server message
2018-12-17 12:10:06,733 - INFO - opti_instance - _read_server_message : Superiteration: 10, NM iteration: 0, NM function evaluation: 1, Total function evaluations: 37
2018-12-17 12:10:06,733 - INFO - opti_instance - opti_loop : Pulse updated
2018-12-17 12:10:06,733 - INFO - opti_instance - opti_loop : Downloading pulse...
2018-12-17 12:10:06,938 - INFO - opti_instance - opti_loop : Pulse downloaded
2018-12-17 12:10:06,939 - INFO - opti_instance - opti_loop : Preparing figure of merit evaluation...
2018-12-17 12:10:07,056 - INFO - opti_instance - opti_loop : Preparations complete
2018-12-17 12:10:07,056 - INFO - opti_instance - opti_loop : Waiting for figure of merit evaluation...
2018-12-17 12:10:07,134 - INFO - opti_instance - opti_loop : Figure of merit recieved
2018-12-17 12:10:07,134 - INFO - opti_instance - opti_loop : Checking server status
2018-12-17 12:10:07,240 - INFO - opti_instance - opti_loop : Status checked successfully
2018-12-17 12:10:07,240 - INFO - opti_instance - opti_loop : Sending figure of merit to server
2018-12-17 12:10:07,554 - INFO - opti_instance - opti_loop : Figure of merit was sent
2018-12-17 12:10:07,555 - INFO - opti_instance - opti_loop : Checking if figure of merit record is reached
2018-12-17 12:10:07,586 - WARNING - remote_module - _re_exists: OSError: ./RedCRAB/exchange/exchangejob22/fom_record.txt does not exist, exit code -3
2018-12-17 12:10:08,059 - INFO - opti_instance - opti_loop : Record not reached 
2018-12-17 12:10:08,107 - INFO - opti_instance - opti_loop : Waiting for pulse update...
2018-12-17 12:10:08,167 - INFO - opti_instance - _check_server_message : New server message
2018-12-17 12:10:08,408 - INFO - opti_instance - _read_server_message : Superiteration: 10, NM iteration: 0, NM function evaluation: 2, Total function evaluations: 38
2018-12-17 12:10:08,408 - INFO - opti_instance - opti_loop : Pulse updated
2018-12-17 12:10:08,408 - INFO - opti_instance - opti_loop : Downloading pulse...
2018-12-17 12:10:08,608 - INFO - opti_instance - opti_loop : Pulse downloaded
2018-12-17 12:10:08,624 - INFO - opti_instance - opti_loop : Preparing figure of merit evaluation...
2018-12-17 12:10:08,741 - INFO - opti_instance - opti_loop : Preparations complete
2018-12-17 12:10:08,743 - INFO - opti_instance - opti_loop : Waiting for figure of merit evaluation...
2018-12-17 12:10:08,799 - INFO - opti_instance - opti_loop : Figure of merit recieved
2018-12-17 12:10:08,799 - INFO - opti_instance - opti_loop : Checking server status
2018-12-17 12:10:08,910 - INFO - opti_instance - opti_loop : Status checked successfully
2018-12-17 12:10:08,910 - INFO - opti_instance - opti_loop : Sending figure of merit to server
2018-12-17 12:10:09,211 - INFO - opti_instance - opti_loop : Figure of merit was sent
2018-12-17 12:10:09,211 - INFO - opti_instance - opti_loop : Checking if figure of merit record is reached
2018-12-17 12:10:09,257 - WARNING - remote_module - _re_exists: OSError: ./RedCRAB/exchange/exchangejob22/fom_record.txt does not exist, exit code -3
2018-12-17 12:10:09,728 - INFO - opti_instance - opti_loop : Record not reached 
2018-12-17 12:10:09,744 - INFO - opti_instance - opti_loop : Waiting for pulse update...
2018-12-17 12:10:09,797 - INFO - opti_instance - _check_server_message : New server message
2018-12-17 12:10:10,038 - INFO - opti_instance - _read_server_message : Superiteration: 10, NM iteration: 0, NM function evaluation: 3, Total function evaluations: 39
2018-12-17 12:10:10,038 - INFO - opti_instance - opti_loop : Pulse updated
2018-12-17 12:10:10,038 - INFO - opti_instance - opti_loop : Downloading pulse...
2018-12-17 12:10:10,254 - INFO - opti_instance - opti_loop : Pulse downloaded
2018-12-17 12:10:10,254 - INFO - opti_instance - opti_loop : Preparing figure of merit evaluation...
2018-12-17 12:10:10,368 - INFO - opti_instance - opti_loop : Preparations complete
2018-12-17 12:10:10,384 - INFO - opti_instance - opti_loop : Waiting for figure of merit evaluation...
2018-12-17 12:10:10,447 - INFO - opti_instance - opti_loop : Figure of merit recieved
2018-12-17 12:10:10,447 - INFO - opti_instance - opti_loop : Checking server status
2018-12-17 12:10:10,565 - INFO - opti_instance - opti_loop : Status checked successfully
2018-12-17 12:10:10,568 - INFO - opti_instance - opti_loop : Sending figure of merit to server
2018-12-17 12:10:10,870 - INFO - opti_instance - opti_loop : Figure of merit was sent
2018-12-17 12:10:10,870 - INFO - opti_instance - opti_loop : Checking if figure of merit record is reached
2018-12-17 12:10:10,917 - WARNING - remote_module - _re_exists: OSError: ./RedCRAB/exchange/exchangejob22/fom_record.txt does not exist, exit code -3
2018-12-17 12:10:11,451 - INFO - opti_instance - opti_loop : Record not reached 
2018-12-17 12:10:11,489 - INFO - opti_instance - opti_loop : Waiting for pulse update...
2018-12-17 12:10:11,573 - INFO - opti_instance - _check_server_message : New server message
2018-12-17 12:10:11,834 - INFO - opti_instance - _read_server_message : Superiteration: 10, NM iteration: 0, NM function evaluation: 4, Total function evaluations: 40
2018-12-17 12:10:11,834 - INFO - opti_instance - opti_loop : Pulse updated
2018-12-17 12:10:11,834 - INFO - opti_instance - opti_loop : Downloading pulse...
2018-12-17 12:10:12,075 - INFO - opti_instance - opti_loop : Pulse downloaded
2018-12-17 12:10:12,075 - INFO - opti_instance - opti_loop : Preparing figure of merit evaluation...
2018-12-17 12:10:12,191 - INFO - opti_instance - opti_loop : Preparations complete
2018-12-17 12:10:12,191 - INFO - opti_instance - opti_loop : Waiting for figure of merit evaluation...
2018-12-17 12:10:12,257 - INFO - opti_instance - opti_loop : Figure of merit recieved
2018-12-17 12:10:12,257 - INFO - opti_instance - opti_loop : Checking server status
2018-12-17 12:10:12,389 - INFO - opti_instance - opti_loop : Status checked successfully
2018-12-17 12:10:12,392 - INFO - opti_instance - opti_loop : Sending figure of merit to server
2018-12-17 12:10:12,693 - INFO - opti_instance - opti_loop : Figure of merit was sent
2018-12-17 12:10:12,708 - INFO - opti_instance - opti_loop : Checking if figure of merit record is reached
2018-12-17 12:10:12,739 - WARNING - remote_module - _re_exists: OSError: ./RedCRAB/exchange/exchangejob22/fom_record.txt does not exist, exit code -3
2018-12-17 12:10:13,225 - INFO - opti_instance - opti_loop : Record not reached 
2018-12-17 12:10:13,256 - INFO - opti_instance - opti_loop : Waiting for pulse update...
2018-12-17 12:10:13,325 - INFO - opti_instance - _check_server_message : New server message
2018-12-17 12:10:13,564 - INFO - opti_instance - _read_server_message : Optimization finished without errors
2018-12-17 12:10:13,566 - INFO - redcrab - opti_instance : Handling exit.
2018-12-17 12:10:14,145 - INFO - remote_module - close_sftp_connection: SFTP connection closed
2018-12-17 12:10:14,145 - INFO - remote_module - close_ssh_connection: SSH connection closed
2018-12-17 12:10:14,145 - INFO - redcrab - opti_instance : Exit handled successfully.
2018-12-17 12:10:14,145 - INFO - redcrab - opti_instance : RedCRAB transmission ended.
