2018-12-17 12:23:57,528 - INFO - redcrab - main : Starting new RedCRAB optimization run
2018-12-17 12:23:57,528 - INFO - redcrab - main : Initialization...
2018-12-17 12:23:57,528 - WARNING - redcrab - _prepare_config_send : Job with ID: 226 already exists. Renaming to: 226_20181217_122357
2018-12-17 12:23:57,528 - INFO - redcrab - main : User Job id is: 226_20181217_122357
2018-12-17 12:23:57,528 - INFO - redcrab - main : Internal User Job id is: 1545045837528226
2018-12-17 12:23:57,528 - INFO - redcrab - main : Manage logging...
2018-12-17 12:23:57,528 - INFO - redcrab - main : Logging handled
2018-12-17 12:23:57,528 - INFO - redcrab - main : Establish server connection...
2018-12-17 12:23:57,544 - INFO - remote_module - ssh_connect: Trying to connect to granat.physik.uni-ulm.de (1/10)
2018-12-17 12:23:57,882 - INFO - remote_module - ssh_connect: Connected to granat.physik.uni-ulm.de
2018-12-17 12:23:58,162 - INFO - remote_module - sftp_connect: Opened ftp channel
2018-12-17 12:23:58,162 - INFO - remote_module - set_ftp_channel_timeout: set ftp channel timeout to: 15
2018-12-17 12:23:58,168 - INFO - redcrab - main : Checking server status
2018-12-17 12:23:58,246 - INFO - redcrab - main : Server status ok
2018-12-17 12:23:58,246 - INFO - redcrab - main : Sending config file to server...
2018-12-17 12:23:58,416 - INFO - redcrab - main : Config file sent sucessfully...
2018-12-17 12:23:58,416 - INFO - redcrab - main : Waiting for server answer...
2018-12-17 12:24:18,480 - INFO - redcrab - main : Server job id is: 25
2018-12-17 12:24:18,480 - INFO - redcrab - main : Server answer recieved
2018-12-17 12:24:18,480 - INFO - redcrab - main : Doing final preparations...
2018-12-17 12:24:20,765 - INFO - redcrab - main : Preparations finished...
2018-12-17 12:24:20,765 - INFO - redcrab - stopper_instance : Starting stopper instance.
2018-12-17 12:24:20,765 - INFO - redcrab - opti_instance : Initializing transmission...
2018-12-17 12:24:25,149 - INFO - redcrab - opti_instance : Starting transmission.
2018-12-17 12:24:25,180 - INFO - opti_instance - opti_loop : Waiting for pulse update...
2018-12-17 12:24:25,249 - INFO - opti_instance - _check_server_message : New server message
2018-12-17 12:24:25,480 - INFO - opti_instance - _read_server_message : Superiteration: 1, NM iteration: 0, NM function evaluation: 1, Total function evaluations: 1
2018-12-17 12:24:25,480 - INFO - opti_instance - opti_loop : Pulse updated
2018-12-17 12:24:25,480 - INFO - opti_instance - opti_loop : Downloading pulse...
2018-12-17 12:24:25,699 - INFO - opti_instance - opti_loop : Pulse downloaded
2018-12-17 12:24:25,699 - INFO - opti_instance - opti_loop : Preparing figure of merit evaluation...
2018-12-17 12:24:25,838 - INFO - opti_instance - opti_loop : Preparations complete
2018-12-17 12:24:25,838 - INFO - opti_instance - opti_loop : Waiting for figure of merit evaluation...
2018-12-17 12:24:26,816 - INFO - opti_instance - opti_loop : Figure of merit recieved
2018-12-17 12:24:26,818 - INFO - opti_instance - opti_loop : Checking server status
2018-12-17 12:24:26,941 - INFO - opti_instance - opti_loop : Status checked successfully
2018-12-17 12:24:26,941 - INFO - opti_instance - opti_loop : Sending figure of merit to server
2018-12-17 12:24:27,128 - INFO - opti_instance - _update_user_message : Had to create Msg_u.txt on client side
2018-12-17 12:24:27,244 - INFO - opti_instance - opti_loop : Figure of merit was sent
2018-12-17 12:24:27,244 - INFO - opti_instance - opti_loop : Checking if figure of merit record is reached
2018-12-17 12:24:27,282 - WARNING - remote_module - _re_exists: OSError: ./RedCRAB/exchange/exchangejob25/fom_record.txt does not exist, exit code -3
2018-12-17 12:24:27,761 - INFO - opti_instance - opti_loop : Fom_record reached. Update record file. 
2018-12-17 12:24:27,777 - INFO - opti_instance - opti_loop : Waiting for pulse update...
2018-12-17 12:24:27,830 - INFO - opti_instance - _check_server_message : New server message
2018-12-17 12:24:28,068 - INFO - opti_instance - _read_server_message : Superiteration: 1, NM iteration: 0, NM function evaluation: 2, Total function evaluations: 2
2018-12-17 12:24:28,068 - INFO - opti_instance - opti_loop : Pulse updated
2018-12-17 12:24:28,068 - INFO - opti_instance - opti_loop : Downloading pulse...
2018-12-17 12:24:28,264 - INFO - opti_instance - opti_loop : Pulse downloaded
2018-12-17 12:24:28,264 - INFO - opti_instance - opti_loop : Preparing figure of merit evaluation...
2018-12-17 12:24:28,386 - INFO - opti_instance - opti_loop : Preparations complete
2018-12-17 12:24:28,386 - INFO - opti_instance - opti_loop : Waiting for figure of merit evaluation...
2018-12-17 12:24:28,799 - INFO - opti_instance - opti_loop : Figure of merit recieved
2018-12-17 12:24:28,799 - INFO - opti_instance - opti_loop : Checking server status
2018-12-17 12:24:28,915 - INFO - opti_instance - opti_loop : Status checked successfully
2018-12-17 12:24:28,915 - INFO - opti_instance - opti_loop : Sending figure of merit to server
2018-12-17 12:24:29,199 - WARNING - remote_module - _file_put: OSError: Local file: D:\Work\Redcrab\RedCRAB_Client\bin\..\exchange\exchangejob25\Msg_u.txt or the folder to which the file: ./RedCRAB/exchange/exchangejob25/Msg_u.txt is to be transferred does not exist, exit code 3
2018-12-17 12:24:29,199 - WARNING - remote_module - file_put: OSError while calling _file_put in try: 1/3
2018-12-17 12:24:29,302 - INFO - remote_module - file_put: And file: ./RedCRAB/exchange/exchangejob25/Msg_u.txt does not exist (this is okay, as transmission raised an error).
2018-12-17 12:24:29,616 - INFO - opti_instance - opti_loop : Figure of merit was sent
2018-12-17 12:24:29,616 - INFO - opti_instance - opti_loop : Checking if figure of merit record is reached
2018-12-17 12:24:29,987 - INFO - opti_instance - opti_loop : Record not reached 
2018-12-17 12:24:30,019 - INFO - opti_instance - opti_loop : Waiting for pulse update...
2018-12-17 12:24:30,072 - INFO - opti_instance - _check_server_message : New server message
2018-12-17 12:24:30,320 - INFO - opti_instance - _read_server_message : Superiteration: 1, NM iteration: 0, NM function evaluation: 3, Total function evaluations: 3
2018-12-17 12:24:30,320 - INFO - opti_instance - opti_loop : Pulse updated
2018-12-17 12:24:30,320 - INFO - opti_instance - opti_loop : Downloading pulse...
2018-12-17 12:24:30,527 - INFO - opti_instance - opti_loop : Pulse downloaded
2018-12-17 12:24:30,527 - INFO - opti_instance - opti_loop : Preparing figure of merit evaluation...
2018-12-17 12:24:30,644 - ERROR - opti_instance - _check_for_user_message : Error: User message still exists, when it should not. Count = 1
2018-12-17 12:24:30,690 - ERROR - opti_instance - _check_for_user_message : Error: User message still exists, when it should not. Count = 2
2018-12-17 12:24:30,775 - INFO - opti_instance - opti_loop : Preparations complete
2018-12-17 12:24:30,775 - INFO - opti_instance - opti_loop : Waiting for figure of merit evaluation...
2018-12-17 12:24:31,196 - INFO - opti_instance - opti_loop : Figure of merit recieved
2018-12-17 12:24:31,196 - INFO - opti_instance - opti_loop : Checking server status
2018-12-17 12:24:31,328 - INFO - opti_instance - opti_loop : Status checked successfully
2018-12-17 12:24:31,328 - INFO - opti_instance - opti_loop : Sending figure of merit to server
2018-12-17 12:24:31,630 - WARNING - remote_module - _file_put: OSError: Local file: D:\Work\Redcrab\RedCRAB_Client\bin\..\exchange\exchangejob25\Msg_u.txt or the folder to which the file: ./RedCRAB/exchange/exchangejob25/Msg_u.txt is to be transferred does not exist, exit code 3
2018-12-17 12:24:31,630 - WARNING - remote_module - file_put: OSError while calling _file_put in try: 1/3
2018-12-17 12:24:31,713 - INFO - remote_module - file_put: And file: ./RedCRAB/exchange/exchangejob25/Msg_u.txt does not exist (this is okay, as transmission raised an error).
2018-12-17 12:24:32,017 - INFO - opti_instance - opti_loop : Figure of merit was sent
2018-12-17 12:24:32,017 - INFO - opti_instance - opti_loop : Checking if figure of merit record is reached
2018-12-17 12:24:32,379 - INFO - opti_instance - opti_loop : Record not reached 
2018-12-17 12:24:32,394 - INFO - opti_instance - opti_loop : Waiting for pulse update...
2018-12-17 12:24:32,449 - INFO - opti_instance - _check_server_message : New server message
2018-12-17 12:24:32,697 - INFO - opti_instance - _read_server_message : Superiteration: 1, NM iteration: 0, NM function evaluation: 4, Total function evaluations: 4
2018-12-17 12:24:32,697 - INFO - opti_instance - opti_loop : Pulse updated
2018-12-17 12:24:32,697 - INFO - opti_instance - opti_loop : Downloading pulse...
2018-12-17 12:24:32,910 - INFO - opti_instance - opti_loop : Pulse downloaded
2018-12-17 12:24:32,913 - INFO - opti_instance - opti_loop : Preparing figure of merit evaluation...
2018-12-17 12:24:33,020 - ERROR - opti_instance - _check_for_user_message : Error: User message still exists, when it should not. Count = 1
2018-12-17 12:24:33,067 - ERROR - opti_instance - _check_for_user_message : Error: User message still exists, when it should not. Count = 2
2018-12-17 12:24:33,152 - INFO - opti_instance - opti_loop : Preparations complete
2018-12-17 12:24:33,152 - INFO - opti_instance - opti_loop : Waiting for figure of merit evaluation...
2018-12-17 12:24:33,570 - INFO - opti_instance - opti_loop : Figure of merit recieved
2018-12-17 12:24:33,570 - INFO - opti_instance - opti_loop : Checking server status
2018-12-17 12:24:33,686 - INFO - opti_instance - opti_loop : Status checked successfully
2018-12-17 12:24:33,686 - INFO - opti_instance - opti_loop : Sending figure of merit to server
2018-12-17 12:24:33,974 - INFO - opti_instance - opti_loop : Figure of merit was sent
2018-12-17 12:24:33,974 - INFO - opti_instance - opti_loop : Checking if figure of merit record is reached
2018-12-17 12:24:34,343 - INFO - opti_instance - opti_loop : Record not reached 
2018-12-17 12:24:34,365 - INFO - opti_instance - opti_loop : Waiting for pulse update...
2018-12-17 12:24:34,428 - INFO - opti_instance - _check_server_message : New server message
2018-12-17 12:24:34,666 - INFO - opti_instance - _read_server_message : Superiteration: 2, NM iteration: 0, NM function evaluation: 1, Total function evaluations: 5
2018-12-17 12:24:34,666 - INFO - opti_instance - opti_loop : Pulse updated
2018-12-17 12:24:34,666 - INFO - opti_instance - opti_loop : Downloading pulse...
2018-12-17 12:24:34,867 - INFO - opti_instance - opti_loop : Pulse downloaded
2018-12-17 12:24:34,882 - INFO - opti_instance - opti_loop : Preparing figure of merit evaluation...
2018-12-17 12:24:35,014 - INFO - opti_instance - opti_loop : Preparations complete
2018-12-17 12:24:35,014 - INFO - opti_instance - opti_loop : Waiting for figure of merit evaluation...
2018-12-17 12:24:35,447 - INFO - opti_instance - opti_loop : Figure of merit recieved
2018-12-17 12:24:35,447 - INFO - opti_instance - opti_loop : Checking server status
2018-12-17 12:24:35,569 - INFO - opti_instance - opti_loop : Status checked successfully
2018-12-17 12:24:35,584 - INFO - opti_instance - opti_loop : Sending figure of merit to server
2018-12-17 12:24:35,888 - INFO - opti_instance - opti_loop : Figure of merit was sent
2018-12-17 12:24:35,889 - INFO - opti_instance - opti_loop : Checking if figure of merit record is reached
2018-12-17 12:24:35,925 - WARNING - remote_module - _re_exists: OSError: ./RedCRAB/exchange/exchangejob25/fom_record.txt does not exist, exit code -3
2018-12-17 12:24:36,403 - INFO - opti_instance - opti_loop : Record not reached 
2018-12-17 12:24:36,450 - INFO - opti_instance - opti_loop : Waiting for pulse update...
2018-12-17 12:24:36,519 - INFO - opti_instance - _check_server_message : New server message
2018-12-17 12:24:36,751 - INFO - opti_instance - _read_server_message : Superiteration: 2, NM iteration: 0, NM function evaluation: 2, Total function evaluations: 6
2018-12-17 12:24:36,751 - INFO - opti_instance - opti_loop : Pulse updated
2018-12-17 12:24:36,751 - INFO - opti_instance - opti_loop : Downloading pulse...
2018-12-17 12:24:36,952 - INFO - opti_instance - opti_loop : Pulse downloaded
2018-12-17 12:24:36,952 - INFO - opti_instance - opti_loop : Preparing figure of merit evaluation...
2018-12-17 12:24:37,059 - INFO - opti_instance - opti_loop : Preparations complete
2018-12-17 12:24:37,074 - INFO - opti_instance - opti_loop : Waiting for figure of merit evaluation...
2018-12-17 12:24:37,413 - INFO - opti_instance - opti_loop : Figure of merit recieved
2018-12-17 12:24:37,413 - INFO - opti_instance - opti_loop : Checking server status
2018-12-17 12:24:37,534 - INFO - opti_instance - opti_loop : Status checked successfully
2018-12-17 12:24:37,534 - INFO - opti_instance - opti_loop : Sending figure of merit to server
2018-12-17 12:24:37,820 - WARNING - remote_module - _file_put: OSError: Local file: D:\Work\Redcrab\RedCRAB_Client\bin\..\exchange\exchangejob25\Msg_u.txt or the folder to which the file: ./RedCRAB/exchange/exchangejob25/Msg_u.txt is to be transferred does not exist, exit code 3
2018-12-17 12:24:37,836 - WARNING - remote_module - file_put: OSError while calling _file_put in try: 1/3
2018-12-17 12:24:37,921 - INFO - remote_module - file_put: And file: ./RedCRAB/exchange/exchangejob25/Msg_u.txt does not exist (this is okay, as transmission raised an error).
2018-12-17 12:24:38,238 - INFO - opti_instance - opti_loop : Figure of merit was sent
2018-12-17 12:24:38,238 - INFO - opti_instance - opti_loop : Checking if figure of merit record is reached
2018-12-17 12:24:38,608 - INFO - opti_instance - opti_loop : Record not reached 
2018-12-17 12:24:38,624 - INFO - opti_instance - opti_loop : Waiting for pulse update...
2018-12-17 12:24:38,693 - INFO - opti_instance - _check_server_message : New server message
2018-12-17 12:24:38,925 - INFO - opti_instance - _read_server_message : Superiteration: 2, NM iteration: 0, NM function evaluation: 3, Total function evaluations: 7
2018-12-17 12:24:38,925 - INFO - opti_instance - opti_loop : Pulse updated
2018-12-17 12:24:38,927 - INFO - opti_instance - opti_loop : Downloading pulse...
2018-12-17 12:24:39,126 - INFO - opti_instance - opti_loop : Pulse downloaded
2018-12-17 12:24:39,126 - INFO - opti_instance - opti_loop : Preparing figure of merit evaluation...
2018-12-17 12:24:39,226 - ERROR - opti_instance - _check_for_user_message : Error: User message still exists, when it should not. Count = 1
2018-12-17 12:24:39,279 - ERROR - opti_instance - _check_for_user_message : Error: User message still exists, when it should not. Count = 2
2018-12-17 12:24:39,326 - ERROR - opti_instance - _check_for_user_message : Error: User message still exists, when it should not. Count = 3
2018-12-17 12:24:39,410 - INFO - opti_instance - opti_loop : Preparations complete
2018-12-17 12:24:39,410 - INFO - opti_instance - opti_loop : Waiting for figure of merit evaluation...
2018-12-17 12:24:39,742 - INFO - opti_instance - opti_loop : Figure of merit recieved
2018-12-17 12:24:39,742 - INFO - opti_instance - opti_loop : Checking server status
2018-12-17 12:24:39,858 - INFO - opti_instance - opti_loop : Status checked successfully
2018-12-17 12:24:39,858 - INFO - opti_instance - opti_loop : Sending figure of merit to server
2018-12-17 12:24:40,144 - INFO - opti_instance - opti_loop : Figure of merit was sent
2018-12-17 12:24:40,144 - INFO - opti_instance - opti_loop : Checking if figure of merit record is reached
2018-12-17 12:24:40,182 - WARNING - remote_module - _re_exists: OSError: ./RedCRAB/exchange/exchangejob25/fom_record.txt does not exist, exit code -3
2018-12-17 12:24:40,662 - INFO - opti_instance - opti_loop : Record not reached 
2018-12-17 12:24:40,684 - INFO - opti_instance - opti_loop : Waiting for pulse update...
2018-12-17 12:24:40,749 - INFO - opti_instance - _check_server_message : New server message
2018-12-17 12:24:40,986 - INFO - opti_instance - _read_server_message : Superiteration: 2, NM iteration: 0, NM function evaluation: 4, Total function evaluations: 8
2018-12-17 12:24:40,986 - INFO - opti_instance - opti_loop : Pulse updated
2018-12-17 12:24:40,986 - INFO - opti_instance - opti_loop : Downloading pulse...
2018-12-17 12:24:41,202 - INFO - opti_instance - opti_loop : Pulse downloaded
2018-12-17 12:24:41,202 - INFO - opti_instance - opti_loop : Preparing figure of merit evaluation...
2018-12-17 12:24:41,338 - INFO - opti_instance - opti_loop : Preparations complete
2018-12-17 12:24:41,338 - INFO - opti_instance - opti_loop : Waiting for figure of merit evaluation...
2018-12-17 12:24:41,650 - INFO - opti_instance - opti_loop : Figure of merit recieved
2018-12-17 12:24:41,650 - INFO - opti_instance - opti_loop : Checking server status
2018-12-17 12:24:41,767 - INFO - opti_instance - opti_loop : Status checked successfully
2018-12-17 12:24:41,773 - INFO - opti_instance - opti_loop : Sending figure of merit to server
2018-12-17 12:24:42,090 - INFO - opti_instance - opti_loop : Figure of merit was sent
2018-12-17 12:24:42,090 - INFO - opti_instance - opti_loop : Checking if figure of merit record is reached
2018-12-17 12:24:42,121 - WARNING - remote_module - _re_exists: OSError: ./RedCRAB/exchange/exchangejob25/fom_record.txt does not exist, exit code -3
2018-12-17 12:24:42,623 - INFO - opti_instance - opti_loop : Record not reached 
2018-12-17 12:24:42,639 - INFO - opti_instance - opti_loop : Waiting for pulse update...
2018-12-17 12:24:42,708 - INFO - opti_instance - _check_server_message : New server message
2018-12-17 12:24:42,940 - INFO - opti_instance - _read_server_message : Superiteration: 3, NM iteration: 0, NM function evaluation: 1, Total function evaluations: 9
2018-12-17 12:24:42,940 - INFO - opti_instance - opti_loop : Pulse updated
2018-12-17 12:24:42,940 - INFO - opti_instance - opti_loop : Downloading pulse...
2018-12-17 12:24:43,152 - INFO - opti_instance - opti_loop : Pulse downloaded
2018-12-17 12:24:43,153 - INFO - opti_instance - opti_loop : Preparing figure of merit evaluation...
2018-12-17 12:24:43,272 - INFO - opti_instance - opti_loop : Preparations complete
2018-12-17 12:24:43,272 - INFO - opti_instance - opti_loop : Waiting for figure of merit evaluation...
2018-12-17 12:24:43,610 - INFO - opti_instance - opti_loop : Figure of merit recieved
2018-12-17 12:24:43,610 - INFO - opti_instance - opti_loop : Checking server status
2018-12-17 12:24:43,729 - INFO - opti_instance - opti_loop : Status checked successfully
2018-12-17 12:24:43,731 - INFO - opti_instance - opti_loop : Sending figure of merit to server
2018-12-17 12:24:44,058 - INFO - opti_instance - opti_loop : Figure of merit was sent
2018-12-17 12:24:44,058 - INFO - opti_instance - opti_loop : Checking if figure of merit record is reached
2018-12-17 12:24:44,428 - INFO - opti_instance - opti_loop : Record not reached 
2018-12-17 12:24:44,460 - INFO - opti_instance - opti_loop : Waiting for pulse update...
2018-12-17 12:24:44,529 - INFO - opti_instance - _check_server_message : New server message
2018-12-17 12:24:44,761 - INFO - opti_instance - _read_server_message : Superiteration: 3, NM iteration: 0, NM function evaluation: 2, Total function evaluations: 10
2018-12-17 12:24:44,761 - INFO - opti_instance - opti_loop : Pulse updated
2018-12-17 12:24:44,761 - INFO - opti_instance - opti_loop : Downloading pulse...
2018-12-17 12:24:44,981 - INFO - opti_instance - opti_loop : Pulse downloaded
2018-12-17 12:24:44,984 - INFO - opti_instance - opti_loop : Preparing figure of merit evaluation...
2018-12-17 12:24:45,116 - INFO - opti_instance - opti_loop : Preparations complete
2018-12-17 12:24:45,116 - INFO - opti_instance - opti_loop : Waiting for figure of merit evaluation...
2018-12-17 12:24:45,448 - INFO - opti_instance - opti_loop : Figure of merit recieved
2018-12-17 12:24:45,448 - INFO - opti_instance - opti_loop : Checking server status
2018-12-17 12:24:45,566 - INFO - opti_instance - opti_loop : Status checked successfully
2018-12-17 12:24:45,566 - INFO - opti_instance - opti_loop : Sending figure of merit to server
2018-12-17 12:24:45,865 - WARNING - remote_module - _file_put: OSError: Local file: D:\Work\Redcrab\RedCRAB_Client\bin\..\exchange\exchangejob25\Msg_u.txt or the folder to which the file: ./RedCRAB/exchange/exchangejob25/Msg_u.txt is to be transferred does not exist, exit code 3
2018-12-17 12:24:45,865 - WARNING - remote_module - file_put: OSError while calling _file_put in try: 1/3
2018-12-17 12:24:45,966 - INFO - remote_module - file_put: And file: ./RedCRAB/exchange/exchangejob25/Msg_u.txt does not exist (this is okay, as transmission raised an error).
2018-12-17 12:24:46,289 - INFO - opti_instance - opti_loop : Figure of merit was sent
2018-12-17 12:24:46,289 - INFO - opti_instance - opti_loop : Checking if figure of merit record is reached
2018-12-17 12:24:46,690 - INFO - opti_instance - opti_loop : Record not reached 
2018-12-17 12:24:46,706 - INFO - opti_instance - opti_loop : Waiting for pulse update...
2018-12-17 12:24:46,769 - INFO - opti_instance - _check_server_message : New server message
2018-12-17 12:24:47,023 - INFO - opti_instance - _read_server_message : Superiteration: 3, NM iteration: 0, NM function evaluation: 3, Total function evaluations: 11
2018-12-17 12:24:47,023 - INFO - opti_instance - opti_loop : Pulse updated
2018-12-17 12:24:47,023 - INFO - opti_instance - opti_loop : Downloading pulse...
2018-12-17 12:24:47,239 - INFO - opti_instance - opti_loop : Pulse downloaded
2018-12-17 12:24:47,239 - INFO - opti_instance - opti_loop : Preparing figure of merit evaluation...
2018-12-17 12:24:47,339 - ERROR - opti_instance - _check_for_user_message : Error: User message still exists, when it should not. Count = 1
2018-12-17 12:24:47,440 - INFO - opti_instance - opti_loop : Preparations complete
2018-12-17 12:24:47,440 - INFO - opti_instance - opti_loop : Waiting for figure of merit evaluation...
2018-12-17 12:24:47,765 - INFO - opti_instance - opti_loop : Figure of merit recieved
2018-12-17 12:24:47,765 - INFO - opti_instance - opti_loop : Checking server status
2018-12-17 12:24:47,903 - INFO - opti_instance - opti_loop : Status checked successfully
2018-12-17 12:24:47,903 - INFO - opti_instance - opti_loop : Sending figure of merit to server
2018-12-17 12:24:48,225 - INFO - opti_instance - opti_loop : Figure of merit was sent
2018-12-17 12:24:48,225 - INFO - opti_instance - opti_loop : Checking if figure of merit record is reached
2018-12-17 12:24:48,596 - INFO - opti_instance - opti_loop : Record not reached 
2018-12-17 12:24:48,612 - INFO - opti_instance - opti_loop : Waiting for pulse update...
2018-12-17 12:24:48,681 - INFO - opti_instance - _check_server_message : New server message
2018-12-17 12:24:48,913 - INFO - opti_instance - _read_server_message : Superiteration: 3, NM iteration: 0, NM function evaluation: 4, Total function evaluations: 12
2018-12-17 12:24:48,913 - INFO - opti_instance - opti_loop : Pulse updated
2018-12-17 12:24:48,913 - INFO - opti_instance - opti_loop : Downloading pulse...
2018-12-17 12:24:49,130 - INFO - opti_instance - opti_loop : Pulse downloaded
2018-12-17 12:24:49,130 - INFO - opti_instance - opti_loop : Preparing figure of merit evaluation...
2018-12-17 12:24:49,263 - INFO - opti_instance - opti_loop : Preparations complete
2018-12-17 12:24:49,263 - INFO - opti_instance - opti_loop : Waiting for figure of merit evaluation...
2018-12-17 12:24:49,604 - INFO - opti_instance - opti_loop : Figure of merit recieved
2018-12-17 12:24:49,604 - INFO - opti_instance - opti_loop : Checking server status
2018-12-17 12:24:49,736 - INFO - opti_instance - opti_loop : Status checked successfully
2018-12-17 12:24:49,736 - INFO - opti_instance - opti_loop : Sending figure of merit to server
2018-12-17 12:24:50,037 - WARNING - remote_module - _file_put: OSError: Local file: D:\Work\Redcrab\RedCRAB_Client\bin\..\exchange\exchangejob25\Msg_u.txt or the folder to which the file: ./RedCRAB/exchange/exchangejob25/Msg_u.txt is to be transferred does not exist, exit code 3
2018-12-17 12:24:50,037 - WARNING - remote_module - file_put: OSError while calling _file_put in try: 1/3
2018-12-17 12:24:50,138 - INFO - remote_module - file_put: And file: ./RedCRAB/exchange/exchangejob25/Msg_u.txt does not exist (this is okay, as transmission raised an error).
2018-12-17 12:24:50,456 - INFO - opti_instance - opti_loop : Figure of merit was sent
2018-12-17 12:24:50,456 - INFO - opti_instance - opti_loop : Checking if figure of merit record is reached
2018-12-17 12:24:50,839 - INFO - opti_instance - opti_loop : Record not reached 
2018-12-17 12:24:50,855 - INFO - opti_instance - opti_loop : Waiting for pulse update...
2018-12-17 12:24:50,924 - INFO - opti_instance - _check_server_message : New server message
2018-12-17 12:24:51,156 - INFO - opti_instance - _read_server_message : Superiteration: 4, NM iteration: 0, NM function evaluation: 1, Total function evaluations: 13
2018-12-17 12:24:51,156 - INFO - opti_instance - opti_loop : Pulse updated
2018-12-17 12:24:51,156 - INFO - opti_instance - opti_loop : Downloading pulse...
2018-12-17 12:24:51,357 - INFO - opti_instance - opti_loop : Pulse downloaded
2018-12-17 12:24:51,372 - INFO - opti_instance - opti_loop : Preparing figure of merit evaluation...
2018-12-17 12:24:51,472 - ERROR - opti_instance - _check_for_user_message : Error: User message still exists, when it should not. Count = 1
2018-12-17 12:24:51,526 - ERROR - opti_instance - _check_for_user_message : Error: User message still exists, when it should not. Count = 2
2018-12-17 12:24:51,599 - INFO - opti_instance - opti_loop : Preparations complete
2018-12-17 12:24:51,599 - INFO - opti_instance - opti_loop : Waiting for figure of merit evaluation...
2018-12-17 12:24:51,968 - INFO - opti_instance - opti_loop : Figure of merit recieved
2018-12-17 12:24:51,970 - INFO - opti_instance - opti_loop : Checking server status
2018-12-17 12:24:52,105 - INFO - opti_instance - opti_loop : Status checked successfully
2018-12-17 12:24:52,105 - INFO - opti_instance - opti_loop : Sending figure of merit to server
2018-12-17 12:24:52,417 - WARNING - remote_module - _file_put: OSError: Local file: D:\Work\Redcrab\RedCRAB_Client\bin\..\exchange\exchangejob25\Msg_u.txt or the folder to which the file: ./RedCRAB/exchange/exchangejob25/Msg_u.txt is to be transferred does not exist, exit code 3
2018-12-17 12:24:52,417 - WARNING - remote_module - file_put: OSError while calling _file_put in try: 1/3
2018-12-17 12:24:52,502 - INFO - remote_module - file_put: And file: ./RedCRAB/exchange/exchangejob25/Msg_u.txt does not exist (this is okay, as transmission raised an error).
2018-12-17 12:24:52,831 - INFO - opti_instance - opti_loop : Figure of merit was sent
2018-12-17 12:24:52,832 - INFO - opti_instance - opti_loop : Checking if figure of merit record is reached
2018-12-17 12:24:53,204 - INFO - opti_instance - opti_loop : Record not reached 
2018-12-17 12:24:53,251 - INFO - opti_instance - opti_loop : Waiting for pulse update...
2018-12-17 12:24:53,305 - INFO - opti_instance - _check_server_message : New server message
2018-12-17 12:24:53,553 - INFO - opti_instance - _read_server_message : Superiteration: 4, NM iteration: 0, NM function evaluation: 2, Total function evaluations: 14
2018-12-17 12:24:53,553 - INFO - opti_instance - opti_loop : Pulse updated
2018-12-17 12:24:53,553 - INFO - opti_instance - opti_loop : Downloading pulse...
2018-12-17 12:24:53,769 - INFO - opti_instance - opti_loop : Pulse downloaded
2018-12-17 12:24:53,769 - INFO - opti_instance - opti_loop : Preparing figure of merit evaluation...
2018-12-17 12:24:53,870 - ERROR - opti_instance - _check_for_user_message : Error: User message still exists, when it should not. Count = 1
2018-12-17 12:24:53,923 - ERROR - opti_instance - _check_for_user_message : Error: User message still exists, when it should not. Count = 2
2018-12-17 12:24:54,009 - INFO - opti_instance - opti_loop : Preparations complete
2018-12-17 12:24:54,010 - INFO - opti_instance - opti_loop : Waiting for figure of merit evaluation...
2018-12-17 12:24:54,340 - INFO - opti_instance - opti_loop : Figure of merit recieved
2018-12-17 12:24:54,340 - INFO - opti_instance - opti_loop : Checking server status
2018-12-17 12:24:54,471 - INFO - opti_instance - opti_loop : Status checked successfully
2018-12-17 12:24:54,471 - INFO - opti_instance - opti_loop : Sending figure of merit to server
2018-12-17 12:24:54,772 - INFO - opti_instance - opti_loop : Figure of merit was sent
2018-12-17 12:24:54,787 - INFO - opti_instance - opti_loop : Checking if figure of merit record is reached
2018-12-17 12:24:55,158 - INFO - opti_instance - opti_loop : Record not reached 
2018-12-17 12:24:55,189 - INFO - opti_instance - opti_loop : Waiting for pulse update...
2018-12-17 12:24:55,256 - INFO - opti_instance - _check_server_message : New server message
2018-12-17 12:24:55,490 - INFO - opti_instance - _read_server_message : Superiteration: 4, NM iteration: 0, NM function evaluation: 3, Total function evaluations: 15
2018-12-17 12:24:55,490 - INFO - opti_instance - opti_loop : Pulse updated
2018-12-17 12:24:55,490 - INFO - opti_instance - opti_loop : Downloading pulse...
2018-12-17 12:24:55,691 - INFO - opti_instance - opti_loop : Pulse downloaded
2018-12-17 12:24:55,691 - INFO - opti_instance - opti_loop : Preparing figure of merit evaluation...
2018-12-17 12:24:55,815 - INFO - opti_instance - opti_loop : Preparations complete
2018-12-17 12:24:55,815 - INFO - opti_instance - opti_loop : Waiting for figure of merit evaluation...
2018-12-17 12:24:56,145 - INFO - opti_instance - opti_loop : Figure of merit recieved
2018-12-17 12:24:56,145 - INFO - opti_instance - opti_loop : Checking server status
2018-12-17 12:24:56,261 - INFO - opti_instance - opti_loop : Status checked successfully
2018-12-17 12:24:56,261 - INFO - opti_instance - opti_loop : Sending figure of merit to server
2018-12-17 12:24:56,579 - WARNING - remote_module - _file_put: OSError: Local file: D:\Work\Redcrab\RedCRAB_Client\bin\..\exchange\exchangejob25\Msg_u.txt or the folder to which the file: ./RedCRAB/exchange/exchangejob25/Msg_u.txt is to be transferred does not exist, exit code 3
2018-12-17 12:24:56,579 - WARNING - remote_module - file_put: OSError while calling _file_put in try: 1/3
2018-12-17 12:24:56,663 - INFO - remote_module - file_put: And file: ./RedCRAB/exchange/exchangejob25/Msg_u.txt does not exist (this is okay, as transmission raised an error).
2018-12-17 12:24:56,990 - INFO - opti_instance - opti_loop : Figure of merit was sent
2018-12-17 12:24:56,992 - INFO - opti_instance - opti_loop : Checking if figure of merit record is reached
2018-12-17 12:24:57,365 - INFO - opti_instance - opti_loop : Record not reached 
2018-12-17 12:24:57,381 - INFO - opti_instance - opti_loop : Waiting for pulse update...
2018-12-17 12:24:57,452 - INFO - opti_instance - _check_server_message : New server message
2018-12-17 12:24:57,669 - INFO - opti_instance - _read_server_message : Superiteration: 4, NM iteration: 0, NM function evaluation: 4, Total function evaluations: 16
2018-12-17 12:24:57,669 - INFO - opti_instance - opti_loop : Pulse updated
2018-12-17 12:24:57,669 - INFO - opti_instance - opti_loop : Downloading pulse...
2018-12-17 12:24:57,867 - INFO - opti_instance - opti_loop : Pulse downloaded
2018-12-17 12:24:57,867 - INFO - opti_instance - opti_loop : Preparing figure of merit evaluation...
2018-12-17 12:24:57,967 - ERROR - opti_instance - _check_for_user_message : Error: User message still exists, when it should not. Count = 1
2018-12-17 12:24:58,014 - ERROR - opti_instance - _check_for_user_message : Error: User message still exists, when it should not. Count = 2
2018-12-17 12:24:58,068 - ERROR - opti_instance - _check_for_user_message : Error: User message still exists, when it should not. Count = 3
2018-12-17 12:24:58,137 - INFO - opti_instance - opti_loop : Preparations complete
2018-12-17 12:24:58,137 - INFO - opti_instance - opti_loop : Waiting for figure of merit evaluation...
2018-12-17 12:24:58,485 - INFO - opti_instance - opti_loop : Figure of merit recieved
2018-12-17 12:24:58,485 - INFO - opti_instance - opti_loop : Checking server status
2018-12-17 12:24:58,601 - INFO - opti_instance - opti_loop : Status checked successfully
2018-12-17 12:24:58,601 - INFO - opti_instance - opti_loop : Sending figure of merit to server
2018-12-17 12:24:58,901 - INFO - opti_instance - opti_loop : Figure of merit was sent
2018-12-17 12:24:58,901 - INFO - opti_instance - opti_loop : Checking if figure of merit record is reached
2018-12-17 12:24:58,939 - WARNING - remote_module - _re_exists: OSError: ./RedCRAB/exchange/exchangejob25/fom_record.txt does not exist, exit code -3
2018-12-17 12:24:59,420 - INFO - opti_instance - opti_loop : Record not reached 
2018-12-17 12:24:59,427 - INFO - opti_instance - opti_loop : Waiting for pulse update...
2018-12-17 12:24:59,494 - INFO - opti_instance - _check_server_message : New server message
2018-12-17 12:24:59,719 - INFO - opti_instance - _read_server_message : Superiteration: 5, NM iteration: 0, NM function evaluation: 1, Total function evaluations: 17
2018-12-17 12:24:59,719 - INFO - opti_instance - opti_loop : Pulse updated
2018-12-17 12:24:59,719 - INFO - opti_instance - opti_loop : Downloading pulse...
2018-12-17 12:24:59,926 - INFO - opti_instance - opti_loop : Pulse downloaded
2018-12-17 12:24:59,941 - INFO - opti_instance - opti_loop : Preparing figure of merit evaluation...
2018-12-17 12:25:00,063 - INFO - opti_instance - opti_loop : Preparations complete
2018-12-17 12:25:00,063 - INFO - opti_instance - opti_loop : Waiting for figure of merit evaluation...
2018-12-17 12:25:00,405 - INFO - opti_instance - opti_loop : Figure of merit recieved
2018-12-17 12:25:00,405 - INFO - opti_instance - opti_loop : Checking server status
2018-12-17 12:25:00,521 - INFO - opti_instance - opti_loop : Status checked successfully
2018-12-17 12:25:00,527 - INFO - opti_instance - opti_loop : Sending figure of merit to server
2018-12-17 12:25:00,806 - INFO - opti_instance - opti_loop : Figure of merit was sent
2018-12-17 12:25:00,806 - INFO - opti_instance - opti_loop : Checking if figure of merit record is reached
2018-12-17 12:25:00,844 - WARNING - remote_module - _re_exists: OSError: ./RedCRAB/exchange/exchangejob25/fom_record.txt does not exist, exit code -3
2018-12-17 12:25:00,991 - WARNING - remote_module - _re_exists: OSError: ./RedCRAB/exchange/exchangejob25/fom_record.txt does not exist, exit code -3
2018-12-17 12:25:01,477 - INFO - opti_instance - opti_loop : Record not reached 
2018-12-17 12:25:01,509 - INFO - opti_instance - opti_loop : Waiting for pulse update...
2018-12-17 12:25:01,578 - INFO - opti_instance - _check_server_message : New server message
2018-12-17 12:25:01,809 - INFO - opti_instance - _read_server_message : Superiteration: 5, NM iteration: 0, NM function evaluation: 2, Total function evaluations: 18
2018-12-17 12:25:01,809 - INFO - opti_instance - opti_loop : Pulse updated
2018-12-17 12:25:01,811 - INFO - opti_instance - opti_loop : Downloading pulse...
2018-12-17 12:25:02,010 - INFO - opti_instance - opti_loop : Pulse downloaded
2018-12-17 12:25:02,010 - INFO - opti_instance - opti_loop : Preparing figure of merit evaluation...
2018-12-17 12:25:02,132 - INFO - opti_instance - opti_loop : Preparations complete
2018-12-17 12:25:02,148 - INFO - opti_instance - opti_loop : Waiting for figure of merit evaluation...
2018-12-17 12:25:02,486 - INFO - opti_instance - opti_loop : Figure of merit recieved
2018-12-17 12:25:02,486 - INFO - opti_instance - opti_loop : Checking server status
2018-12-17 12:25:02,601 - INFO - opti_instance - opti_loop : Status checked successfully
2018-12-17 12:25:02,601 - INFO - opti_instance - opti_loop : Sending figure of merit to server
2018-12-17 12:25:02,900 - INFO - opti_instance - opti_loop : Figure of merit was sent
2018-12-17 12:25:02,900 - INFO - opti_instance - opti_loop : Checking if figure of merit record is reached
2018-12-17 12:25:02,928 - WARNING - remote_module - _re_exists: OSError: ./RedCRAB/exchange/exchangejob25/fom_record.txt does not exist, exit code -3
2018-12-17 12:25:03,078 - WARNING - remote_module - _re_exists: OSError: ./RedCRAB/exchange/exchangejob25/fom_record.txt does not exist, exit code -3
2018-12-17 12:25:03,561 - INFO - opti_instance - opti_loop : Record not reached 
2018-12-17 12:25:03,592 - INFO - opti_instance - opti_loop : Waiting for pulse update...
2018-12-17 12:25:03,652 - INFO - opti_instance - _check_server_message : New server message
2018-12-17 12:25:03,893 - INFO - opti_instance - _read_server_message : Superiteration: 5, NM iteration: 0, NM function evaluation: 3, Total function evaluations: 19
2018-12-17 12:25:03,893 - INFO - opti_instance - opti_loop : Pulse updated
2018-12-17 12:25:03,893 - INFO - opti_instance - opti_loop : Downloading pulse...
2018-12-17 12:25:04,107 - INFO - opti_instance - opti_loop : Pulse downloaded
2018-12-17 12:25:04,107 - INFO - opti_instance - opti_loop : Preparing figure of merit evaluation...
2018-12-17 12:25:04,234 - INFO - opti_instance - opti_loop : Preparations complete
2018-12-17 12:25:04,237 - INFO - opti_instance - opti_loop : Waiting for figure of merit evaluation...
2018-12-17 12:25:04,570 - INFO - opti_instance - opti_loop : Figure of merit recieved
2018-12-17 12:25:04,570 - INFO - opti_instance - opti_loop : Checking server status
2018-12-17 12:25:04,685 - INFO - opti_instance - opti_loop : Status checked successfully
2018-12-17 12:25:04,685 - INFO - opti_instance - opti_loop : Sending figure of merit to server
2018-12-17 12:25:04,988 - INFO - opti_instance - opti_loop : Figure of merit was sent
2018-12-17 12:25:04,988 - INFO - opti_instance - opti_loop : Checking if figure of merit record is reached
2018-12-17 12:25:05,035 - WARNING - remote_module - _re_exists: OSError: ./RedCRAB/exchange/exchangejob25/fom_record.txt does not exist, exit code -3
2018-12-17 12:25:05,529 - INFO - opti_instance - opti_loop : Record not reached 
2018-12-17 12:25:05,559 - INFO - opti_instance - opti_loop : Waiting for pulse update...
2018-12-17 12:25:05,621 - INFO - opti_instance - _check_server_message : New server message
2018-12-17 12:25:05,859 - INFO - opti_instance - _read_server_message : Superiteration: 5, NM iteration: 0, NM function evaluation: 4, Total function evaluations: 20
2018-12-17 12:25:05,859 - INFO - opti_instance - opti_loop : Pulse updated
2018-12-17 12:25:05,859 - INFO - opti_instance - opti_loop : Downloading pulse...
2018-12-17 12:25:06,072 - INFO - opti_instance - opti_loop : Pulse downloaded
2018-12-17 12:25:06,072 - INFO - opti_instance - opti_loop : Preparing figure of merit evaluation...
2018-12-17 12:25:06,192 - INFO - opti_instance - opti_loop : Preparations complete
2018-12-17 12:25:06,192 - INFO - opti_instance - opti_loop : Waiting for figure of merit evaluation...
2018-12-17 12:25:06,519 - INFO - opti_instance - opti_loop : Figure of merit recieved
2018-12-17 12:25:06,519 - INFO - opti_instance - opti_loop : Checking server status
2018-12-17 12:25:06,633 - INFO - opti_instance - opti_loop : Status checked successfully
2018-12-17 12:25:06,633 - INFO - opti_instance - opti_loop : Sending figure of merit to server
2018-12-17 12:25:06,926 - WARNING - remote_module - _file_put: OSError: Local file: D:\Work\Redcrab\RedCRAB_Client\bin\..\exchange\exchangejob25\Msg_u.txt or the folder to which the file: ./RedCRAB/exchange/exchangejob25/Msg_u.txt is to be transferred does not exist, exit code 3
2018-12-17 12:25:06,926 - WARNING - remote_module - file_put: OSError while calling _file_put in try: 1/3
2018-12-17 12:25:07,027 - INFO - remote_module - file_put: And file: ./RedCRAB/exchange/exchangejob25/Msg_u.txt does not exist (this is okay, as transmission raised an error).
2018-12-17 12:25:07,344 - INFO - opti_instance - opti_loop : Figure of merit was sent
2018-12-17 12:25:07,344 - INFO - opti_instance - opti_loop : Checking if figure of merit record is reached
2018-12-17 12:25:07,728 - INFO - opti_instance - opti_loop : Record not reached 
2018-12-17 12:25:07,744 - INFO - opti_instance - opti_loop : Waiting for pulse update...
2018-12-17 12:25:07,813 - INFO - opti_instance - _check_server_message : New server message
2018-12-17 12:25:08,046 - INFO - opti_instance - _read_server_message : Superiteration: 6, NM iteration: 0, NM function evaluation: 1, Total function evaluations: 21
2018-12-17 12:25:08,046 - INFO - opti_instance - opti_loop : Pulse updated
2018-12-17 12:25:08,046 - INFO - opti_instance - opti_loop : Downloading pulse...
2018-12-17 12:25:08,247 - INFO - opti_instance - opti_loop : Pulse downloaded
2018-12-17 12:25:08,247 - INFO - opti_instance - opti_loop : Preparing figure of merit evaluation...
2018-12-17 12:25:08,347 - ERROR - opti_instance - _check_for_user_message : Error: User message still exists, when it should not. Count = 1
2018-12-17 12:25:08,400 - ERROR - opti_instance - _check_for_user_message : Error: User message still exists, when it should not. Count = 2
2018-12-17 12:25:08,447 - ERROR - opti_instance - _check_for_user_message : Error: User message still exists, when it should not. Count = 3
2018-12-17 12:25:08,529 - INFO - opti_instance - opti_loop : Preparations complete
2018-12-17 12:25:08,529 - INFO - opti_instance - opti_loop : Waiting for figure of merit evaluation...
2018-12-17 12:25:08,886 - INFO - opti_instance - opti_loop : Figure of merit recieved
2018-12-17 12:25:08,886 - INFO - opti_instance - opti_loop : Checking server status
2018-12-17 12:25:09,021 - INFO - opti_instance - opti_loop : Status checked successfully
2018-12-17 12:25:09,021 - INFO - opti_instance - opti_loop : Sending figure of merit to server
2018-12-17 12:25:09,310 - INFO - opti_instance - opti_loop : Figure of merit was sent
2018-12-17 12:25:09,310 - INFO - opti_instance - opti_loop : Checking if figure of merit record is reached
2018-12-17 12:25:09,677 - INFO - opti_instance - opti_loop : Record not reached 
2018-12-17 12:25:09,705 - INFO - opti_instance - opti_loop : Waiting for pulse update...
2018-12-17 12:25:09,772 - INFO - opti_instance - _check_server_message : New server message
2018-12-17 12:25:09,996 - INFO - opti_instance - _read_server_message : Superiteration: 6, NM iteration: 0, NM function evaluation: 2, Total function evaluations: 22
2018-12-17 12:25:09,996 - INFO - opti_instance - opti_loop : Pulse updated
2018-12-17 12:25:09,996 - INFO - opti_instance - opti_loop : Downloading pulse...
2018-12-17 12:25:10,212 - INFO - opti_instance - opti_loop : Pulse downloaded
2018-12-17 12:25:10,212 - INFO - opti_instance - opti_loop : Preparing figure of merit evaluation...
2018-12-17 12:25:10,345 - INFO - opti_instance - opti_loop : Preparations complete
2018-12-17 12:25:10,345 - INFO - opti_instance - opti_loop : Waiting for figure of merit evaluation...
2018-12-17 12:25:10,690 - INFO - opti_instance - opti_loop : Figure of merit recieved
2018-12-17 12:25:10,690 - INFO - opti_instance - opti_loop : Checking server status
2018-12-17 12:25:10,804 - INFO - opti_instance - opti_loop : Status checked successfully
2018-12-17 12:25:10,804 - INFO - opti_instance - opti_loop : Sending figure of merit to server
2018-12-17 12:25:11,103 - WARNING - remote_module - _file_put: OSError: Local file: D:\Work\Redcrab\RedCRAB_Client\bin\..\exchange\exchangejob25\Msg_u.txt or the folder to which the file: ./RedCRAB/exchange/exchangejob25/Msg_u.txt is to be transferred does not exist, exit code 3
2018-12-17 12:25:11,103 - WARNING - remote_module - file_put: OSError while calling _file_put in try: 1/3
2018-12-17 12:25:11,203 - INFO - remote_module - file_put: And file: ./RedCRAB/exchange/exchangejob25/Msg_u.txt does not exist (this is okay, as transmission raised an error).
2018-12-17 12:25:11,530 - INFO - opti_instance - opti_loop : Figure of merit was sent
2018-12-17 12:25:11,530 - INFO - opti_instance - opti_loop : Checking if figure of merit record is reached
2018-12-17 12:25:11,904 - INFO - opti_instance - opti_loop : Record not reached 
2018-12-17 12:25:11,935 - INFO - opti_instance - opti_loop : Waiting for pulse update...
2018-12-17 12:25:12,004 - INFO - opti_instance - _check_server_message : New server message
2018-12-17 12:25:12,236 - INFO - opti_instance - _read_server_message : Superiteration: 6, NM iteration: 0, NM function evaluation: 3, Total function evaluations: 23
2018-12-17 12:25:12,236 - INFO - opti_instance - opti_loop : Pulse updated
2018-12-17 12:25:12,236 - INFO - opti_instance - opti_loop : Downloading pulse...
2018-12-17 12:25:12,436 - INFO - opti_instance - opti_loop : Pulse downloaded
2018-12-17 12:25:12,436 - INFO - opti_instance - opti_loop : Preparing figure of merit evaluation...
2018-12-17 12:25:12,537 - ERROR - opti_instance - _check_for_user_message : Error: User message still exists, when it should not. Count = 1
2018-12-17 12:25:12,591 - ERROR - opti_instance - _check_for_user_message : Error: User message still exists, when it should not. Count = 2
2018-12-17 12:25:12,659 - INFO - opti_instance - opti_loop : Preparations complete
2018-12-17 12:25:12,659 - INFO - opti_instance - opti_loop : Waiting for figure of merit evaluation...
2018-12-17 12:25:13,013 - INFO - opti_instance - opti_loop : Figure of merit recieved
2018-12-17 12:25:13,013 - INFO - opti_instance - opti_loop : Checking server status
2018-12-17 12:25:13,146 - INFO - opti_instance - opti_loop : Status checked successfully
2018-12-17 12:25:13,146 - INFO - opti_instance - opti_loop : Sending figure of merit to server
2018-12-17 12:25:13,427 - INFO - opti_instance - opti_loop : Figure of merit was sent
2018-12-17 12:25:13,443 - INFO - opti_instance - opti_loop : Checking if figure of merit record is reached
2018-12-17 12:25:13,475 - WARNING - remote_module - _re_exists: OSError: ./RedCRAB/exchange/exchangejob25/fom_record.txt does not exist, exit code -3
2018-12-17 12:25:13,958 - INFO - opti_instance - opti_loop : Record not reached 
2018-12-17 12:25:13,989 - INFO - opti_instance - opti_loop : Waiting for pulse update...
2018-12-17 12:25:14,060 - INFO - opti_instance - _check_server_message : New server message
2018-12-17 12:25:14,276 - INFO - opti_instance - _read_server_message : Superiteration: 6, NM iteration: 0, NM function evaluation: 4, Total function evaluations: 24
2018-12-17 12:25:14,276 - INFO - opti_instance - opti_loop : Pulse updated
2018-12-17 12:25:14,276 - INFO - opti_instance - opti_loop : Downloading pulse...
2018-12-17 12:25:14,477 - INFO - opti_instance - opti_loop : Pulse downloaded
2018-12-17 12:25:14,477 - INFO - opti_instance - opti_loop : Preparing figure of merit evaluation...
2018-12-17 12:25:14,606 - INFO - opti_instance - opti_loop : Preparations complete
2018-12-17 12:25:14,606 - INFO - opti_instance - opti_loop : Waiting for figure of merit evaluation...
2018-12-17 12:25:15,062 - INFO - opti_instance - opti_loop : Figure of merit recieved
2018-12-17 12:25:15,062 - INFO - opti_instance - opti_loop : Checking server status
2018-12-17 12:25:15,179 - INFO - opti_instance - opti_loop : Status checked successfully
2018-12-17 12:25:15,183 - INFO - opti_instance - opti_loop : Sending figure of merit to server
2018-12-17 12:25:15,483 - INFO - opti_instance - opti_loop : Figure of merit was sent
2018-12-17 12:25:15,483 - INFO - opti_instance - opti_loop : Checking if figure of merit record is reached
2018-12-17 12:25:15,531 - WARNING - remote_module - _re_exists: OSError: ./RedCRAB/exchange/exchangejob25/fom_record.txt does not exist, exit code -3
2018-12-17 12:25:16,001 - INFO - opti_instance - opti_loop : Record not reached 
2018-12-17 12:25:16,033 - INFO - opti_instance - opti_loop : Waiting for pulse update...
2018-12-17 12:25:16,101 - INFO - opti_instance - _check_server_message : New server message
2018-12-17 12:25:16,324 - INFO - opti_instance - _read_server_message : Superiteration: 7, NM iteration: 0, NM function evaluation: 1, Total function evaluations: 25
2018-12-17 12:25:16,324 - INFO - opti_instance - opti_loop : Pulse updated
2018-12-17 12:25:16,325 - INFO - opti_instance - opti_loop : Downloading pulse...
2018-12-17 12:25:16,519 - INFO - opti_instance - opti_loop : Pulse downloaded
2018-12-17 12:25:16,519 - INFO - opti_instance - opti_loop : Preparing figure of merit evaluation...
2018-12-17 12:25:16,651 - INFO - opti_instance - opti_loop : Preparations complete
2018-12-17 12:25:16,651 - INFO - opti_instance - opti_loop : Waiting for figure of merit evaluation...
2018-12-17 12:25:16,983 - INFO - opti_instance - opti_loop : Figure of merit recieved
2018-12-17 12:25:16,983 - INFO - opti_instance - opti_loop : Checking server status
2018-12-17 12:25:17,097 - INFO - opti_instance - opti_loop : Status checked successfully
2018-12-17 12:25:17,097 - INFO - opti_instance - opti_loop : Sending figure of merit to server
2018-12-17 12:25:17,401 - INFO - opti_instance - opti_loop : Figure of merit was sent
2018-12-17 12:25:17,401 - INFO - opti_instance - opti_loop : Checking if figure of merit record is reached
2018-12-17 12:25:17,439 - WARNING - remote_module - _re_exists: OSError: ./RedCRAB/exchange/exchangejob25/fom_record.txt does not exist, exit code -3
2018-12-17 12:25:17,565 - WARNING - remote_module - _re_exists: OSError: ./RedCRAB/exchange/exchangejob25/fom_record.txt does not exist, exit code -3
2018-12-17 12:25:18,042 - INFO - opti_instance - opti_loop : Record not reached 
2018-12-17 12:25:18,089 - INFO - opti_instance - opti_loop : Waiting for pulse update...
2018-12-17 12:25:18,158 - INFO - opti_instance - _check_server_message : New server message
2018-12-17 12:25:18,390 - INFO - opti_instance - _read_server_message : Superiteration: 7, NM iteration: 0, NM function evaluation: 2, Total function evaluations: 26
2018-12-17 12:25:18,390 - INFO - opti_instance - opti_loop : Pulse updated
2018-12-17 12:25:18,390 - INFO - opti_instance - opti_loop : Downloading pulse...
2018-12-17 12:25:18,591 - INFO - opti_instance - opti_loop : Pulse downloaded
2018-12-17 12:25:18,606 - INFO - opti_instance - opti_loop : Preparing figure of merit evaluation...
2018-12-17 12:25:18,746 - INFO - opti_instance - opti_loop : Preparations complete
2018-12-17 12:25:18,747 - INFO - opti_instance - opti_loop : Waiting for figure of merit evaluation...
2018-12-17 12:25:19,100 - INFO - opti_instance - opti_loop : Figure of merit recieved
2018-12-17 12:25:19,100 - INFO - opti_instance - opti_loop : Checking server status
2018-12-17 12:25:19,234 - INFO - opti_instance - opti_loop : Status checked successfully
2018-12-17 12:25:19,234 - INFO - opti_instance - opti_loop : Sending figure of merit to server
2018-12-17 12:25:19,529 - INFO - opti_instance - opti_loop : Figure of merit was sent
2018-12-17 12:25:19,529 - INFO - opti_instance - opti_loop : Checking if figure of merit record is reached
2018-12-17 12:25:19,567 - WARNING - remote_module - _re_exists: OSError: ./RedCRAB/exchange/exchangejob25/fom_record.txt does not exist, exit code -3
2018-12-17 12:25:20,045 - INFO - opti_instance - opti_loop : Record not reached 
2018-12-17 12:25:20,085 - INFO - opti_instance - opti_loop : Waiting for pulse update...
2018-12-17 12:25:20,154 - INFO - opti_instance - _check_server_message : New server message
2018-12-17 12:25:20,387 - INFO - opti_instance - _read_server_message : Superiteration: 7, NM iteration: 0, NM function evaluation: 3, Total function evaluations: 27
2018-12-17 12:25:20,387 - INFO - opti_instance - opti_loop : Pulse updated
2018-12-17 12:25:20,387 - INFO - opti_instance - opti_loop : Downloading pulse...
2018-12-17 12:25:20,598 - INFO - opti_instance - opti_loop : Pulse downloaded
2018-12-17 12:25:20,598 - INFO - opti_instance - opti_loop : Preparing figure of merit evaluation...
2018-12-17 12:25:20,719 - INFO - opti_instance - opti_loop : Preparations complete
2018-12-17 12:25:20,719 - INFO - opti_instance - opti_loop : Waiting for figure of merit evaluation...
2018-12-17 12:25:21,052 - INFO - opti_instance - opti_loop : Figure of merit recieved
2018-12-17 12:25:21,054 - INFO - opti_instance - opti_loop : Checking server status
2018-12-17 12:25:21,184 - INFO - opti_instance - opti_loop : Status checked successfully
2018-12-17 12:25:21,184 - INFO - opti_instance - opti_loop : Sending figure of merit to server
2018-12-17 12:25:21,499 - INFO - opti_instance - opti_loop : Figure of merit was sent
2018-12-17 12:25:21,499 - INFO - opti_instance - opti_loop : Checking if figure of merit record is reached
2018-12-17 12:25:21,530 - WARNING - remote_module - _re_exists: OSError: ./RedCRAB/exchange/exchangejob25/fom_record.txt does not exist, exit code -3
2018-12-17 12:25:21,684 - WARNING - remote_module - _re_exists: OSError: ./RedCRAB/exchange/exchangejob25/fom_record.txt does not exist, exit code -3
2018-12-17 12:25:22,139 - INFO - opti_instance - opti_loop : Record not reached 
2018-12-17 12:25:22,170 - INFO - opti_instance - opti_loop : Waiting for pulse update...
2018-12-17 12:25:22,239 - INFO - opti_instance - _check_server_message : New server message
2018-12-17 12:25:22,472 - INFO - opti_instance - _read_server_message : Superiteration: 7, NM iteration: 0, NM function evaluation: 4, Total function evaluations: 28
2018-12-17 12:25:22,472 - INFO - opti_instance - opti_loop : Pulse updated
2018-12-17 12:25:22,472 - INFO - opti_instance - opti_loop : Downloading pulse...
2018-12-17 12:25:22,673 - INFO - opti_instance - opti_loop : Pulse downloaded
2018-12-17 12:25:22,688 - INFO - opti_instance - opti_loop : Preparing figure of merit evaluation...
2018-12-17 12:25:22,804 - INFO - opti_instance - opti_loop : Preparations complete
2018-12-17 12:25:22,804 - INFO - opti_instance - opti_loop : Waiting for figure of merit evaluation...
2018-12-17 12:25:23,120 - INFO - opti_instance - opti_loop : Figure of merit recieved
2018-12-17 12:25:23,120 - INFO - opti_instance - opti_loop : Checking server status
2018-12-17 12:25:23,242 - INFO - opti_instance - opti_loop : Status checked successfully
2018-12-17 12:25:23,242 - INFO - opti_instance - opti_loop : Sending figure of merit to server
2018-12-17 12:25:23,543 - WARNING - remote_module - _file_put: OSError: Local file: D:\Work\Redcrab\RedCRAB_Client\bin\..\exchange\exchangejob25\Msg_u.txt or the folder to which the file: ./RedCRAB/exchange/exchangejob25/Msg_u.txt is to be transferred does not exist, exit code 3
2018-12-17 12:25:23,543 - WARNING - remote_module - file_put: OSError while calling _file_put in try: 1/3
2018-12-17 12:25:23,631 - INFO - remote_module - file_put: And file: ./RedCRAB/exchange/exchangejob25/Msg_u.txt does not exist (this is okay, as transmission raised an error).
2018-12-17 12:25:23,945 - INFO - opti_instance - opti_loop : Figure of merit was sent
2018-12-17 12:25:23,945 - INFO - opti_instance - opti_loop : Checking if figure of merit record is reached
2018-12-17 12:25:24,309 - INFO - opti_instance - opti_loop : Record not reached 
2018-12-17 12:25:24,325 - INFO - opti_instance - opti_loop : Waiting for pulse update...
2018-12-17 12:25:24,394 - INFO - opti_instance - _check_server_message : New server message
2018-12-17 12:25:24,626 - INFO - opti_instance - _read_server_message : Superiteration: 8, NM iteration: 0, NM function evaluation: 1, Total function evaluations: 29
2018-12-17 12:25:24,626 - INFO - opti_instance - opti_loop : Pulse updated
2018-12-17 12:25:24,626 - INFO - opti_instance - opti_loop : Downloading pulse...
2018-12-17 12:25:24,830 - INFO - opti_instance - opti_loop : Pulse downloaded
2018-12-17 12:25:24,830 - INFO - opti_instance - opti_loop : Preparing figure of merit evaluation...
2018-12-17 12:25:24,927 - ERROR - opti_instance - _check_for_user_message : Error: User message still exists, when it should not. Count = 1
2018-12-17 12:25:24,980 - ERROR - opti_instance - _check_for_user_message : Error: User message still exists, when it should not. Count = 2
2018-12-17 12:25:25,049 - INFO - opti_instance - opti_loop : Preparations complete
2018-12-17 12:25:25,065 - INFO - opti_instance - opti_loop : Waiting for figure of merit evaluation...
2018-12-17 12:25:25,402 - INFO - opti_instance - opti_loop : Figure of merit recieved
2018-12-17 12:25:25,403 - INFO - opti_instance - opti_loop : Checking server status
2018-12-17 12:25:25,523 - INFO - opti_instance - opti_loop : Status checked successfully
2018-12-17 12:25:25,523 - INFO - opti_instance - opti_loop : Sending figure of merit to server
2018-12-17 12:25:25,824 - INFO - opti_instance - opti_loop : Figure of merit was sent
2018-12-17 12:25:25,824 - INFO - opti_instance - opti_loop : Checking if figure of merit record is reached
2018-12-17 12:25:25,872 - WARNING - remote_module - _re_exists: OSError: ./RedCRAB/exchange/exchangejob25/fom_record.txt does not exist, exit code -3
2018-12-17 12:25:26,374 - INFO - opti_instance - opti_loop : Record not reached 
2018-12-17 12:25:26,404 - INFO - opti_instance - opti_loop : Waiting for pulse update...
2018-12-17 12:25:26,474 - INFO - opti_instance - _check_server_message : New server message
2018-12-17 12:25:26,709 - INFO - opti_instance - _read_server_message : Superiteration: 8, NM iteration: 0, NM function evaluation: 2, Total function evaluations: 30
2018-12-17 12:25:26,709 - INFO - opti_instance - opti_loop : Pulse updated
2018-12-17 12:25:26,709 - INFO - opti_instance - opti_loop : Downloading pulse...
2018-12-17 12:25:26,922 - INFO - opti_instance - opti_loop : Pulse downloaded
2018-12-17 12:25:26,928 - INFO - opti_instance - opti_loop : Preparing figure of merit evaluation...
2018-12-17 12:25:27,045 - INFO - opti_instance - opti_loop : Preparations complete
2018-12-17 12:25:27,045 - INFO - opti_instance - opti_loop : Waiting for figure of merit evaluation...
2018-12-17 12:25:27,392 - INFO - opti_instance - opti_loop : Figure of merit recieved
2018-12-17 12:25:27,392 - INFO - opti_instance - opti_loop : Checking server status
2018-12-17 12:25:27,508 - INFO - opti_instance - opti_loop : Status checked successfully
2018-12-17 12:25:27,508 - INFO - opti_instance - opti_loop : Sending figure of merit to server
2018-12-17 12:25:27,793 - INFO - opti_instance - opti_loop : Figure of merit was sent
2018-12-17 12:25:27,793 - INFO - opti_instance - opti_loop : Checking if figure of merit record is reached
2018-12-17 12:25:27,831 - WARNING - remote_module - _re_exists: OSError: ./RedCRAB/exchange/exchangejob25/fom_record.txt does not exist, exit code -3
2018-12-17 12:25:28,311 - INFO - opti_instance - opti_loop : Record not reached 
2018-12-17 12:25:28,349 - INFO - opti_instance - opti_loop : Waiting for pulse update...
2018-12-17 12:25:28,422 - INFO - opti_instance - _check_server_message : New server message
2018-12-17 12:25:28,651 - INFO - opti_instance - _read_server_message : Superiteration: 8, NM iteration: 0, NM function evaluation: 3, Total function evaluations: 31
2018-12-17 12:25:28,651 - INFO - opti_instance - opti_loop : Pulse updated
2018-12-17 12:25:28,651 - INFO - opti_instance - opti_loop : Downloading pulse...
2018-12-17 12:25:28,867 - INFO - opti_instance - opti_loop : Pulse downloaded
2018-12-17 12:25:28,867 - INFO - opti_instance - opti_loop : Preparing figure of merit evaluation...
2018-12-17 12:25:28,983 - INFO - opti_instance - opti_loop : Preparations complete
2018-12-17 12:25:28,983 - INFO - opti_instance - opti_loop : Waiting for figure of merit evaluation...
2018-12-17 12:25:29,315 - INFO - opti_instance - opti_loop : Figure of merit recieved
2018-12-17 12:25:29,315 - INFO - opti_instance - opti_loop : Checking server status
2018-12-17 12:25:29,431 - INFO - opti_instance - opti_loop : Status checked successfully
2018-12-17 12:25:29,431 - INFO - opti_instance - opti_loop : Sending figure of merit to server
2018-12-17 12:25:29,754 - WARNING - remote_module - _file_put: OSError: Local file: D:\Work\Redcrab\RedCRAB_Client\bin\..\exchange\exchangejob25\Msg_u.txt or the folder to which the file: ./RedCRAB/exchange/exchangejob25/Msg_u.txt is to be transferred does not exist, exit code 3
2018-12-17 12:25:29,754 - WARNING - remote_module - file_put: OSError while calling _file_put in try: 1/3
2018-12-17 12:25:29,832 - INFO - remote_module - file_put: And file: ./RedCRAB/exchange/exchangejob25/Msg_u.txt does not exist (this is okay, as transmission raised an error).
2018-12-17 12:25:30,156 - INFO - opti_instance - opti_loop : Figure of merit was sent
2018-12-17 12:25:30,156 - INFO - opti_instance - opti_loop : Checking if figure of merit record is reached
2018-12-17 12:25:30,541 - INFO - opti_instance - opti_loop : Record not reached 
2018-12-17 12:25:30,573 - INFO - opti_instance - opti_loop : Waiting for pulse update...
2018-12-17 12:25:30,642 - INFO - opti_instance - _check_server_message : New server message
2018-12-17 12:25:30,864 - INFO - opti_instance - _read_server_message : Superiteration: 8, NM iteration: 0, NM function evaluation: 4, Total function evaluations: 32
2018-12-17 12:25:30,864 - INFO - opti_instance - opti_loop : Pulse updated
2018-12-17 12:25:30,864 - INFO - opti_instance - opti_loop : Downloading pulse...
2018-12-17 12:25:31,075 - INFO - opti_instance - opti_loop : Pulse downloaded
2018-12-17 12:25:31,075 - INFO - opti_instance - opti_loop : Preparing figure of merit evaluation...
2018-12-17 12:25:31,175 - ERROR - opti_instance - _check_for_user_message : Error: User message still exists, when it should not. Count = 1
2018-12-17 12:25:31,222 - ERROR - opti_instance - _check_for_user_message : Error: User message still exists, when it should not. Count = 2
2018-12-17 12:25:31,307 - INFO - opti_instance - opti_loop : Preparations complete
2018-12-17 12:25:31,307 - INFO - opti_instance - opti_loop : Waiting for figure of merit evaluation...
2018-12-17 12:25:31,646 - INFO - opti_instance - opti_loop : Figure of merit recieved
2018-12-17 12:25:31,646 - INFO - opti_instance - opti_loop : Checking server status
2018-12-17 12:25:31,761 - INFO - opti_instance - opti_loop : Status checked successfully
2018-12-17 12:25:31,761 - INFO - opti_instance - opti_loop : Sending figure of merit to server
2018-12-17 12:25:32,057 - INFO - opti_instance - opti_loop : Figure of merit was sent
2018-12-17 12:25:32,058 - INFO - opti_instance - opti_loop : Checking if figure of merit record is reached
2018-12-17 12:25:32,085 - WARNING - remote_module - _re_exists: OSError: ./RedCRAB/exchange/exchangejob25/fom_record.txt does not exist, exit code -3
2018-12-17 12:25:32,571 - INFO - opti_instance - opti_loop : Record not reached 
2018-12-17 12:25:32,618 - INFO - opti_instance - opti_loop : Waiting for pulse update...
2018-12-17 12:25:32,671 - INFO - opti_instance - _check_server_message : New server message
2018-12-17 12:25:32,909 - INFO - opti_instance - _read_server_message : Superiteration: 9, NM iteration: 0, NM function evaluation: 1, Total function evaluations: 33
2018-12-17 12:25:32,909 - INFO - opti_instance - opti_loop : Pulse updated
2018-12-17 12:25:32,909 - INFO - opti_instance - opti_loop : Downloading pulse...
2018-12-17 12:25:33,105 - INFO - opti_instance - opti_loop : Pulse downloaded
2018-12-17 12:25:33,120 - INFO - opti_instance - opti_loop : Preparing figure of merit evaluation...
2018-12-17 12:25:33,240 - INFO - opti_instance - opti_loop : Preparations complete
2018-12-17 12:25:33,242 - INFO - opti_instance - opti_loop : Waiting for figure of merit evaluation...
2018-12-17 12:25:33,587 - INFO - opti_instance - opti_loop : Figure of merit recieved
2018-12-17 12:25:33,587 - INFO - opti_instance - opti_loop : Checking server status
2018-12-17 12:25:33,703 - INFO - opti_instance - opti_loop : Status checked successfully
2018-12-17 12:25:33,703 - INFO - opti_instance - opti_loop : Sending figure of merit to server
2018-12-17 12:25:34,004 - INFO - opti_instance - opti_loop : Figure of merit was sent
2018-12-17 12:25:34,004 - INFO - opti_instance - opti_loop : Checking if figure of merit record is reached
2018-12-17 12:25:34,035 - WARNING - remote_module - _re_exists: OSError: ./RedCRAB/exchange/exchangejob25/fom_record.txt does not exist, exit code -3
2018-12-17 12:25:34,537 - INFO - opti_instance - opti_loop : Record not reached 
2018-12-17 12:25:34,568 - INFO - opti_instance - opti_loop : Waiting for pulse update...
2018-12-17 12:25:34,637 - INFO - opti_instance - _check_server_message : New server message
2018-12-17 12:25:34,870 - INFO - opti_instance - _read_server_message : Superiteration: 9, NM iteration: 0, NM function evaluation: 2, Total function evaluations: 34
2018-12-17 12:25:34,870 - INFO - opti_instance - opti_loop : Pulse updated
2018-12-17 12:25:34,870 - INFO - opti_instance - opti_loop : Downloading pulse...
2018-12-17 12:25:35,077 - INFO - opti_instance - opti_loop : Pulse downloaded
2018-12-17 12:25:35,077 - INFO - opti_instance - opti_loop : Preparing figure of merit evaluation...
2018-12-17 12:25:35,193 - INFO - opti_instance - opti_loop : Preparations complete
2018-12-17 12:25:35,209 - INFO - opti_instance - opti_loop : Waiting for figure of merit evaluation...
2018-12-17 12:25:35,525 - INFO - opti_instance - opti_loop : Figure of merit recieved
2018-12-17 12:25:35,525 - INFO - opti_instance - opti_loop : Checking server status
2018-12-17 12:25:35,641 - INFO - opti_instance - opti_loop : Status checked successfully
2018-12-17 12:25:35,641 - INFO - opti_instance - opti_loop : Sending figure of merit to server
2018-12-17 12:25:35,958 - WARNING - remote_module - _file_put: OSError: Local file: D:\Work\Redcrab\RedCRAB_Client\bin\..\exchange\exchangejob25\Msg_u.txt or the folder to which the file: ./RedCRAB/exchange/exchangejob25/Msg_u.txt is to be transferred does not exist, exit code 3
2018-12-17 12:25:35,958 - WARNING - remote_module - file_put: OSError while calling _file_put in try: 1/3
2018-12-17 12:25:36,043 - INFO - remote_module - file_put: And file: ./RedCRAB/exchange/exchangejob25/Msg_u.txt does not exist (this is okay, as transmission raised an error).
2018-12-17 12:25:36,359 - INFO - opti_instance - opti_loop : Figure of merit was sent
2018-12-17 12:25:36,359 - INFO - opti_instance - opti_loop : Checking if figure of merit record is reached
2018-12-17 12:25:36,745 - INFO - opti_instance - opti_loop : Record not reached 
2018-12-17 12:25:36,760 - INFO - opti_instance - opti_loop : Waiting for pulse update...
2018-12-17 12:25:36,814 - INFO - opti_instance - _check_server_message : New server message
2018-12-17 12:25:37,046 - INFO - opti_instance - _read_server_message : Superiteration: 9, NM iteration: 0, NM function evaluation: 3, Total function evaluations: 35
2018-12-17 12:25:37,046 - INFO - opti_instance - opti_loop : Pulse updated
2018-12-17 12:25:37,046 - INFO - opti_instance - opti_loop : Downloading pulse...
2018-12-17 12:25:37,262 - INFO - opti_instance - opti_loop : Pulse downloaded
2018-12-17 12:25:37,262 - INFO - opti_instance - opti_loop : Preparing figure of merit evaluation...
2018-12-17 12:25:37,347 - ERROR - opti_instance - _check_for_user_message : Error: User message still exists, when it should not. Count = 1
2018-12-17 12:25:37,394 - ERROR - opti_instance - _check_for_user_message : Error: User message still exists, when it should not. Count = 2
2018-12-17 12:25:37,447 - ERROR - opti_instance - _check_for_user_message : Error: User message still exists, when it should not. Count = 3
2018-12-17 12:25:37,517 - INFO - opti_instance - opti_loop : Preparations complete
2018-12-17 12:25:37,517 - INFO - opti_instance - opti_loop : Waiting for figure of merit evaluation...
2018-12-17 12:25:37,853 - INFO - opti_instance - opti_loop : Figure of merit recieved
2018-12-17 12:25:37,853 - INFO - opti_instance - opti_loop : Checking server status
2018-12-17 12:25:37,967 - INFO - opti_instance - opti_loop : Status checked successfully
2018-12-17 12:25:37,967 - INFO - opti_instance - opti_loop : Sending figure of merit to server
2018-12-17 12:25:38,250 - INFO - opti_instance - opti_loop : Figure of merit was sent
2018-12-17 12:25:38,250 - INFO - opti_instance - opti_loop : Checking if figure of merit record is reached
2018-12-17 12:25:38,297 - WARNING - remote_module - _re_exists: OSError: ./RedCRAB/exchange/exchangejob25/fom_record.txt does not exist, exit code -3
2018-12-17 12:25:38,792 - INFO - opti_instance - opti_loop : Record not reached 
2018-12-17 12:25:38,821 - INFO - opti_instance - opti_loop : Waiting for pulse update...
2018-12-17 12:25:38,884 - INFO - opti_instance - _check_server_message : New server message
2018-12-17 12:25:39,123 - INFO - opti_instance - _read_server_message : Superiteration: 9, NM iteration: 0, NM function evaluation: 4, Total function evaluations: 36
2018-12-17 12:25:39,123 - INFO - opti_instance - opti_loop : Pulse updated
2018-12-17 12:25:39,123 - INFO - opti_instance - opti_loop : Downloading pulse...
2018-12-17 12:25:39,346 - INFO - opti_instance - opti_loop : Pulse downloaded
2018-12-17 12:25:39,346 - INFO - opti_instance - opti_loop : Preparing figure of merit evaluation...
2018-12-17 12:25:39,486 - INFO - opti_instance - opti_loop : Preparations complete
2018-12-17 12:25:39,486 - INFO - opti_instance - opti_loop : Waiting for figure of merit evaluation...
2018-12-17 12:25:39,820 - INFO - opti_instance - opti_loop : Figure of merit recieved
2018-12-17 12:25:39,820 - INFO - opti_instance - opti_loop : Checking server status
2018-12-17 12:25:39,930 - INFO - opti_instance - opti_loop : Status checked successfully
2018-12-17 12:25:39,930 - INFO - opti_instance - opti_loop : Sending figure of merit to server
2018-12-17 12:25:40,223 - INFO - opti_instance - opti_loop : Figure of merit was sent
2018-12-17 12:25:40,223 - INFO - opti_instance - opti_loop : Checking if figure of merit record is reached
2018-12-17 12:25:40,255 - WARNING - remote_module - _re_exists: OSError: ./RedCRAB/exchange/exchangejob25/fom_record.txt does not exist, exit code -3
2018-12-17 12:25:40,718 - INFO - opti_instance - opti_loop : Record not reached 
2018-12-17 12:25:40,756 - INFO - opti_instance - opti_loop : Waiting for pulse update...
2018-12-17 12:25:40,825 - INFO - opti_instance - _check_server_message : New server message
2018-12-17 12:25:41,057 - INFO - opti_instance - _read_server_message : Superiteration: 10, NM iteration: 0, NM function evaluation: 1, Total function evaluations: 37
2018-12-17 12:25:41,057 - INFO - opti_instance - opti_loop : Pulse updated
2018-12-17 12:25:41,057 - INFO - opti_instance - opti_loop : Downloading pulse...
2018-12-17 12:25:41,273 - INFO - opti_instance - opti_loop : Pulse downloaded
2018-12-17 12:25:41,273 - INFO - opti_instance - opti_loop : Preparing figure of merit evaluation...
2018-12-17 12:25:41,404 - INFO - opti_instance - opti_loop : Preparations complete
2018-12-17 12:25:41,404 - INFO - opti_instance - opti_loop : Waiting for figure of merit evaluation...
2018-12-17 12:25:41,733 - INFO - opti_instance - opti_loop : Figure of merit recieved
2018-12-17 12:25:41,733 - INFO - opti_instance - opti_loop : Checking server status
2018-12-17 12:25:41,843 - INFO - opti_instance - opti_loop : Status checked successfully
2018-12-17 12:25:41,843 - INFO - opti_instance - opti_loop : Sending figure of merit to server
2018-12-17 12:25:42,145 - INFO - opti_instance - opti_loop : Figure of merit was sent
2018-12-17 12:25:42,145 - INFO - opti_instance - opti_loop : Checking if figure of merit record is reached
2018-12-17 12:25:42,509 - INFO - opti_instance - opti_loop : Record not reached 
2018-12-17 12:25:42,547 - INFO - opti_instance - opti_loop : Waiting for pulse update...
2018-12-17 12:25:42,610 - INFO - opti_instance - _check_server_message : New server message
2018-12-17 12:25:42,848 - INFO - opti_instance - _read_server_message : Superiteration: 10, NM iteration: 0, NM function evaluation: 2, Total function evaluations: 38
2018-12-17 12:25:42,848 - INFO - opti_instance - opti_loop : Pulse updated
2018-12-17 12:25:42,848 - INFO - opti_instance - opti_loop : Downloading pulse...
2018-12-17 12:25:43,049 - INFO - opti_instance - opti_loop : Pulse downloaded
2018-12-17 12:25:43,049 - INFO - opti_instance - opti_loop : Preparing figure of merit evaluation...
2018-12-17 12:25:43,181 - INFO - opti_instance - opti_loop : Preparations complete
2018-12-17 12:25:43,181 - INFO - opti_instance - opti_loop : Waiting for figure of merit evaluation...
2018-12-17 12:25:43,513 - INFO - opti_instance - opti_loop : Figure of merit recieved
2018-12-17 12:25:43,513 - INFO - opti_instance - opti_loop : Checking server status
2018-12-17 12:25:43,635 - INFO - opti_instance - opti_loop : Status checked successfully
2018-12-17 12:25:43,635 - INFO - opti_instance - opti_loop : Sending figure of merit to server
2018-12-17 12:25:43,939 - WARNING - remote_module - _file_put: OSError: Local file: D:\Work\Redcrab\RedCRAB_Client\bin\..\exchange\exchangejob25\Msg_u.txt or the folder to which the file: ./RedCRAB/exchange/exchangejob25/Msg_u.txt is to be transferred does not exist, exit code 3
2018-12-17 12:25:43,941 - WARNING - remote_module - file_put: OSError while calling _file_put in try: 1/3
2018-12-17 12:25:44,020 - INFO - remote_module - file_put: And file: ./RedCRAB/exchange/exchangejob25/Msg_u.txt does not exist (this is okay, as transmission raised an error).
2018-12-17 12:25:44,332 - INFO - opti_instance - opti_loop : Figure of merit was sent
2018-12-17 12:25:44,338 - INFO - opti_instance - opti_loop : Checking if figure of merit record is reached
2018-12-17 12:25:44,702 - INFO - opti_instance - opti_loop : Record not reached 
2018-12-17 12:25:44,733 - INFO - opti_instance - opti_loop : Waiting for pulse update...
2018-12-17 12:25:44,787 - INFO - opti_instance - _check_server_message : New server message
2018-12-17 12:25:45,034 - INFO - opti_instance - _read_server_message : Superiteration: 10, NM iteration: 0, NM function evaluation: 3, Total function evaluations: 39
2018-12-17 12:25:45,034 - INFO - opti_instance - opti_loop : Pulse updated
2018-12-17 12:25:45,034 - INFO - opti_instance - opti_loop : Downloading pulse...
2018-12-17 12:25:45,241 - INFO - opti_instance - opti_loop : Pulse downloaded
2018-12-17 12:25:45,241 - INFO - opti_instance - opti_loop : Preparing figure of merit evaluation...
2018-12-17 12:25:45,336 - ERROR - opti_instance - _check_for_user_message : Error: User message still exists, when it should not. Count = 1
2018-12-17 12:25:45,381 - ERROR - opti_instance - _check_for_user_message : Error: User message still exists, when it should not. Count = 2
2018-12-17 12:25:45,436 - ERROR - opti_instance - _check_for_user_message : Error: User message still exists, when it should not. Count = 3
2018-12-17 12:25:45,521 - INFO - opti_instance - opti_loop : Preparations complete
2018-12-17 12:25:45,521 - INFO - opti_instance - opti_loop : Waiting for figure of merit evaluation...
2018-12-17 12:25:45,856 - INFO - opti_instance - opti_loop : Figure of merit recieved
2018-12-17 12:25:45,856 - INFO - opti_instance - opti_loop : Checking server status
2018-12-17 12:25:45,968 - INFO - opti_instance - opti_loop : Status checked successfully
2018-12-17 12:25:45,968 - INFO - opti_instance - opti_loop : Sending figure of merit to server
2018-12-17 12:25:46,258 - INFO - opti_instance - opti_loop : Figure of merit was sent
2018-12-17 12:25:46,273 - INFO - opti_instance - opti_loop : Checking if figure of merit record is reached
2018-12-17 12:25:46,311 - WARNING - remote_module - _re_exists: OSError: ./RedCRAB/exchange/exchangejob25/fom_record.txt does not exist, exit code -3
2018-12-17 12:25:46,798 - INFO - opti_instance - opti_loop : Record not reached 
2018-12-17 12:25:46,814 - INFO - opti_instance - opti_loop : Waiting for pulse update...
2018-12-17 12:25:46,877 - INFO - opti_instance - _check_server_message : New server message
2018-12-17 12:25:47,100 - INFO - opti_instance - _read_server_message : Superiteration: 10, NM iteration: 0, NM function evaluation: 4, Total function evaluations: 40
2018-12-17 12:25:47,100 - INFO - opti_instance - opti_loop : Pulse updated
2018-12-17 12:25:47,100 - INFO - opti_instance - opti_loop : Downloading pulse...
2018-12-17 12:25:47,300 - INFO - opti_instance - opti_loop : Pulse downloaded
2018-12-17 12:25:47,300 - INFO - opti_instance - opti_loop : Preparing figure of merit evaluation...
2018-12-17 12:25:47,432 - INFO - opti_instance - opti_loop : Preparations complete
2018-12-17 12:25:47,432 - INFO - opti_instance - opti_loop : Waiting for figure of merit evaluation...
2018-12-17 12:25:47,764 - INFO - opti_instance - opti_loop : Figure of merit recieved
2018-12-17 12:25:47,764 - INFO - opti_instance - opti_loop : Checking server status
2018-12-17 12:25:47,869 - INFO - opti_instance - opti_loop : Status checked successfully
2018-12-17 12:25:47,869 - INFO - opti_instance - opti_loop : Sending figure of merit to server
2018-12-17 12:25:48,181 - INFO - opti_instance - opti_loop : Figure of merit was sent
2018-12-17 12:25:48,181 - INFO - opti_instance - opti_loop : Checking if figure of merit record is reached
2018-12-17 12:25:48,219 - WARNING - remote_module - _re_exists: OSError: ./RedCRAB/exchange/exchangejob25/fom_record.txt does not exist, exit code -3
2018-12-17 12:25:48,366 - WARNING - remote_module - _re_exists: OSError: ./RedCRAB/exchange/exchangejob25/fom_record.txt does not exist, exit code -3
2018-12-17 12:25:48,836 - INFO - opti_instance - opti_loop : Record not reached 
2018-12-17 12:25:48,852 - INFO - opti_instance - opti_loop : Waiting for pulse update...
2018-12-17 12:25:48,905 - INFO - opti_instance - _check_server_message : New server message
2018-12-17 12:25:49,137 - INFO - opti_instance - _read_server_message : Optimization finished without errors
2018-12-17 12:25:49,137 - INFO - redcrab - opti_instance : Handling exit.
2018-12-17 12:25:49,708 - INFO - remote_module - close_sftp_connection: SFTP connection closed
2018-12-17 12:25:49,708 - INFO - remote_module - close_ssh_connection: SSH connection closed
2018-12-17 12:25:49,708 - INFO - redcrab - opti_instance : Exit handled successfully.
2018-12-17 12:25:49,708 - INFO - redcrab - opti_instance : RedCRAB transmission ended.
