2018-12-17 11:41:32,566 - INFO - redcrab - main : Starting new RedCRAB optimization run
2018-12-17 11:41:32,582 - INFO - redcrab - main : Initialization...
2018-12-17 11:41:32,582 - INFO - redcrab - main : User Job id is: 222
2018-12-17 11:41:32,582 - INFO - redcrab - main : Internal User Job id is: 1545043292582222
2018-12-17 11:41:32,582 - INFO - redcrab - main : Manage logging...
2018-12-17 11:41:32,582 - INFO - redcrab - main : Logging handled
2018-12-17 11:41:32,582 - INFO - redcrab - main : Establish server connection...
2018-12-17 11:41:32,582 - INFO - remote_module - ssh_connect: Trying to connect to granat.physik.uni-ulm.de (1/10)
2018-12-17 11:41:32,882 - INFO - remote_module - ssh_connect: Connected to granat.physik.uni-ulm.de
2018-12-17 11:41:33,167 - INFO - remote_module - sftp_connect: Opened ftp channel
2018-12-17 11:41:33,167 - INFO - remote_module - set_ftp_channel_timeout: set ftp channel timeout to: 15
2018-12-17 11:41:33,167 - INFO - redcrab - main : Checking server status
2018-12-17 11:41:33,245 - INFO - redcrab - main : Server status ok
2018-12-17 11:41:33,252 - INFO - redcrab - main : Sending config file to server...
2018-12-17 11:41:33,415 - INFO - redcrab - main : Config file sent sucessfully...
2018-12-17 11:41:33,430 - INFO - redcrab - main : Waiting for server answer...
2018-12-17 11:41:40,452 - INFO - redcrab - main : Server job id is: 21
2018-12-17 11:41:40,452 - INFO - redcrab - main : Server answer recieved
2018-12-17 11:41:40,452 - INFO - redcrab - main : Doing final preparations...
2018-12-17 11:41:42,734 - INFO - redcrab - main : Preparations finished...
2018-12-17 11:41:42,744 - INFO - redcrab - stopper_instance : Starting stopper instance.
2018-12-17 11:41:42,744 - INFO - redcrab - opti_instance : Initializing transmission...
2018-12-17 11:41:47,008 - INFO - redcrab - opti_instance : Starting transmission.
2018-12-17 11:41:47,024 - INFO - opti_instance - opti_loop : Waiting for pulse update...
2018-12-17 11:41:47,093 - INFO - opti_instance - _check_server_message : New server message
2018-12-17 11:41:47,324 - INFO - opti_instance - _read_server_message : Superiteration: 1, NM iteration: 0, NM function evaluation: 1, Total function evaluations: 1
2018-12-17 11:41:47,324 - INFO - opti_instance - opti_loop : Pulse updated
2018-12-17 11:41:47,324 - INFO - opti_instance - opti_loop : Downloading pulse...
2018-12-17 11:41:47,656 - INFO - opti_instance - opti_loop : Pulse downloaded
2018-12-17 11:41:47,656 - INFO - opti_instance - opti_loop : Preparing figure of merit evaluation...
2018-12-17 11:41:47,818 - INFO - opti_instance - opti_loop : Preparations complete
2018-12-17 11:41:47,820 - INFO - opti_instance - opti_loop : Waiting for figure of merit evaluation...
2018-12-17 11:41:48,366 - INFO - opti_instance - opti_loop : Figure of merit recieved
2018-12-17 11:41:48,368 - INFO - opti_instance - opti_loop : Checking server status
2018-12-17 11:41:48,475 - INFO - opti_instance - opti_loop : Status checked successfully
2018-12-17 11:41:48,475 - INFO - opti_instance - opti_loop : Sending figure of merit to server
2018-12-17 11:41:48,677 - INFO - opti_instance - _update_user_message : Had to create Msg_u.txt on client side
2018-12-17 11:41:48,778 - INFO - opti_instance - opti_loop : Figure of merit was sent
2018-12-17 11:41:48,778 - INFO - opti_instance - opti_loop : Checking if figure of merit record is reached
2018-12-17 11:41:48,824 - WARNING - remote_module - _re_exists: OSError: ./RedCRAB/exchange/exchangejob21/fom_record.txt does not exist, exit code -3
2018-12-17 11:41:49,311 - INFO - opti_instance - opti_loop : Fom_record reached. Update record file. 
2018-12-17 11:41:49,349 - INFO - opti_instance - opti_loop : Waiting for pulse update...
2018-12-17 11:41:49,412 - INFO - opti_instance - _check_server_message : New server message
2018-12-17 11:41:49,631 - INFO - opti_instance - _read_server_message : Superiteration: 1, NM iteration: 0, NM function evaluation: 2, Total function evaluations: 2
2018-12-17 11:41:49,631 - INFO - opti_instance - opti_loop : Pulse updated
2018-12-17 11:41:49,631 - INFO - opti_instance - opti_loop : Downloading pulse...
2018-12-17 11:41:49,935 - INFO - opti_instance - opti_loop : Pulse downloaded
2018-12-17 11:41:49,935 - INFO - opti_instance - opti_loop : Preparing figure of merit evaluation...
2018-12-17 11:41:50,130 - INFO - opti_instance - opti_loop : Preparations complete
2018-12-17 11:41:50,136 - INFO - opti_instance - opti_loop : Waiting for figure of merit evaluation...
2018-12-17 11:41:50,314 - INFO - opti_instance - opti_loop : Figure of merit recieved
2018-12-17 11:41:50,314 - INFO - opti_instance - opti_loop : Checking server status
2018-12-17 11:41:50,436 - INFO - opti_instance - opti_loop : Status checked successfully
2018-12-17 11:41:50,436 - INFO - opti_instance - opti_loop : Sending figure of merit to server
2018-12-17 11:41:50,737 - INFO - opti_instance - opti_loop : Figure of merit was sent
2018-12-17 11:41:50,737 - INFO - opti_instance - opti_loop : Checking if figure of merit record is reached
2018-12-17 11:41:50,769 - WARNING - remote_module - _re_exists: OSError: ./RedCRAB/exchange/exchangejob21/fom_record.txt does not exist, exit code -3
2018-12-17 11:41:51,239 - INFO - opti_instance - opti_loop : Record not reached 
2018-12-17 11:41:51,270 - INFO - opti_instance - opti_loop : Waiting for pulse update...
2018-12-17 11:41:51,333 - INFO - opti_instance - _check_server_message : New server message
2018-12-17 11:41:51,571 - INFO - opti_instance - _read_server_message : Superiteration: 1, NM iteration: 0, NM function evaluation: 3, Total function evaluations: 3
2018-12-17 11:41:51,571 - INFO - opti_instance - opti_loop : Pulse updated
2018-12-17 11:41:51,571 - INFO - opti_instance - opti_loop : Downloading pulse...
2018-12-17 11:41:51,888 - INFO - opti_instance - opti_loop : Pulse downloaded
2018-12-17 11:41:51,888 - INFO - opti_instance - opti_loop : Preparing figure of merit evaluation...
2018-12-17 11:41:52,052 - INFO - opti_instance - opti_loop : Preparations complete
2018-12-17 11:41:52,053 - INFO - opti_instance - opti_loop : Waiting for figure of merit evaluation...
2018-12-17 11:41:52,220 - INFO - opti_instance - opti_loop : Figure of merit recieved
2018-12-17 11:41:52,220 - INFO - opti_instance - opti_loop : Checking server status
2018-12-17 11:41:52,336 - INFO - opti_instance - opti_loop : Status checked successfully
2018-12-17 11:41:52,336 - INFO - opti_instance - opti_loop : Sending figure of merit to server
2018-12-17 11:41:52,640 - INFO - opti_instance - opti_loop : Figure of merit was sent
2018-12-17 11:41:52,642 - INFO - opti_instance - opti_loop : Checking if figure of merit record is reached
2018-12-17 11:41:52,668 - WARNING - remote_module - _re_exists: OSError: ./RedCRAB/exchange/exchangejob21/fom_record.txt does not exist, exit code -3
2018-12-17 11:41:53,145 - INFO - opti_instance - opti_loop : Record not reached 
2018-12-17 11:41:53,177 - INFO - opti_instance - opti_loop : Waiting for pulse update...
2018-12-17 11:41:53,247 - INFO - opti_instance - _check_server_message : New server message
2018-12-17 11:41:53,463 - INFO - opti_instance - _read_server_message : Superiteration: 1, NM iteration: 0, NM function evaluation: 4, Total function evaluations: 4
2018-12-17 11:41:53,463 - INFO - opti_instance - opti_loop : Pulse updated
2018-12-17 11:41:53,463 - INFO - opti_instance - opti_loop : Downloading pulse...
2018-12-17 11:41:53,726 - INFO - opti_instance - opti_loop : Pulse downloaded
2018-12-17 11:41:53,726 - INFO - opti_instance - opti_loop : Preparing figure of merit evaluation...
2018-12-17 11:41:53,899 - INFO - opti_instance - opti_loop : Preparations complete
2018-12-17 11:41:53,899 - INFO - opti_instance - opti_loop : Waiting for figure of merit evaluation...
2018-12-17 11:41:54,065 - INFO - opti_instance - opti_loop : Figure of merit recieved
2018-12-17 11:41:54,065 - INFO - opti_instance - opti_loop : Checking server status
2018-12-17 11:41:54,193 - INFO - opti_instance - opti_loop : Status checked successfully
2018-12-17 11:41:54,193 - INFO - opti_instance - opti_loop : Sending figure of merit to server
2018-12-17 11:41:54,467 - INFO - opti_instance - opti_loop : Figure of merit was sent
2018-12-17 11:41:54,483 - INFO - opti_instance - opti_loop : Checking if figure of merit record is reached
2018-12-17 11:41:54,845 - INFO - opti_instance - opti_loop : Record not reached 
2018-12-17 11:41:54,867 - INFO - opti_instance - opti_loop : Waiting for pulse update...
2018-12-17 11:41:54,929 - INFO - opti_instance - _check_server_message : New server message
2018-12-17 11:41:55,167 - INFO - opti_instance - _read_server_message : Superiteration: 2, NM iteration: 0, NM function evaluation: 1, Total function evaluations: 5
2018-12-17 11:41:55,167 - INFO - opti_instance - opti_loop : Pulse updated
2018-12-17 11:41:55,167 - INFO - opti_instance - opti_loop : Downloading pulse...
2018-12-17 11:41:55,484 - INFO - opti_instance - opti_loop : Pulse downloaded
2018-12-17 11:41:55,484 - INFO - opti_instance - opti_loop : Preparing figure of merit evaluation...
2018-12-17 11:41:55,664 - INFO - opti_instance - opti_loop : Preparations complete
2018-12-17 11:41:55,665 - INFO - opti_instance - opti_loop : Waiting for figure of merit evaluation...
2018-12-17 11:41:55,885 - INFO - opti_instance - opti_loop : Figure of merit recieved
2018-12-17 11:41:55,885 - INFO - opti_instance - opti_loop : Checking server status
2018-12-17 11:41:56,016 - INFO - opti_instance - opti_loop : Status checked successfully
2018-12-17 11:41:56,016 - INFO - opti_instance - opti_loop : Sending figure of merit to server
2018-12-17 11:41:56,315 - INFO - opti_instance - opti_loop : Figure of merit was sent
2018-12-17 11:41:56,315 - INFO - opti_instance - opti_loop : Checking if figure of merit record is reached
2018-12-17 11:41:56,355 - WARNING - remote_module - _re_exists: OSError: ./RedCRAB/exchange/exchangejob21/fom_record.txt does not exist, exit code -3
2018-12-17 11:41:56,835 - INFO - opti_instance - opti_loop : Record not reached 
2018-12-17 11:41:56,866 - INFO - opti_instance - opti_loop : Waiting for pulse update...
2018-12-17 11:41:56,932 - INFO - opti_instance - _check_server_message : New server message
2018-12-17 11:41:57,151 - INFO - opti_instance - _read_server_message : Superiteration: 2, NM iteration: 0, NM function evaluation: 2, Total function evaluations: 6
2018-12-17 11:41:57,151 - INFO - opti_instance - opti_loop : Pulse updated
2018-12-17 11:41:57,151 - INFO - opti_instance - opti_loop : Downloading pulse...
2018-12-17 11:41:57,474 - INFO - opti_instance - opti_loop : Pulse downloaded
2018-12-17 11:41:57,475 - INFO - opti_instance - opti_loop : Preparing figure of merit evaluation...
2018-12-17 11:41:57,636 - INFO - opti_instance - opti_loop : Preparations complete
2018-12-17 11:41:57,636 - INFO - opti_instance - opti_loop : Waiting for figure of merit evaluation...
2018-12-17 11:41:57,821 - INFO - opti_instance - opti_loop : Figure of merit recieved
2018-12-17 11:41:57,821 - INFO - opti_instance - opti_loop : Checking server status
2018-12-17 11:41:57,953 - INFO - opti_instance - opti_loop : Status checked successfully
2018-12-17 11:41:57,953 - INFO - opti_instance - opti_loop : Sending figure of merit to server
2018-12-17 11:41:58,222 - INFO - opti_instance - opti_loop : Figure of merit was sent
2018-12-17 11:41:58,222 - INFO - opti_instance - opti_loop : Checking if figure of merit record is reached
2018-12-17 11:41:58,260 - WARNING - remote_module - _re_exists: OSError: ./RedCRAB/exchange/exchangejob21/fom_record.txt does not exist, exit code -3
2018-12-17 11:41:58,732 - INFO - opti_instance - opti_loop : Record not reached 
2018-12-17 11:41:58,747 - INFO - opti_instance - opti_loop : Waiting for pulse update...
2018-12-17 11:41:58,808 - INFO - opti_instance - _check_server_message : New server message
2018-12-17 11:41:59,040 - INFO - opti_instance - _read_server_message : Superiteration: 2, NM iteration: 0, NM function evaluation: 3, Total function evaluations: 7
2018-12-17 11:41:59,040 - INFO - opti_instance - opti_loop : Pulse updated
2018-12-17 11:41:59,040 - INFO - opti_instance - opti_loop : Downloading pulse...
2018-12-17 11:41:59,442 - INFO - opti_instance - opti_loop : Pulse downloaded
2018-12-17 11:41:59,442 - INFO - opti_instance - opti_loop : Preparing figure of merit evaluation...
2018-12-17 11:41:59,611 - INFO - opti_instance - opti_loop : Preparations complete
2018-12-17 11:41:59,611 - INFO - opti_instance - opti_loop : Waiting for figure of merit evaluation...
2018-12-17 11:41:59,780 - INFO - opti_instance - opti_loop : Figure of merit recieved
2018-12-17 11:41:59,780 - INFO - opti_instance - opti_loop : Checking server status
2018-12-17 11:41:59,899 - INFO - opti_instance - opti_loop : Status checked successfully
2018-12-17 11:41:59,899 - INFO - opti_instance - opti_loop : Sending figure of merit to server
2018-12-17 11:42:00,198 - INFO - opti_instance - opti_loop : Figure of merit was sent
2018-12-17 11:42:00,198 - INFO - opti_instance - opti_loop : Checking if figure of merit record is reached
2018-12-17 11:42:00,228 - WARNING - remote_module - _re_exists: OSError: ./RedCRAB/exchange/exchangejob21/fom_record.txt does not exist, exit code -3
2018-12-17 11:42:00,715 - INFO - opti_instance - opti_loop : Record not reached 
2018-12-17 11:42:00,731 - INFO - opti_instance - opti_loop : Waiting for pulse update...
2018-12-17 11:42:00,785 - INFO - opti_instance - _check_server_message : New server message
2018-12-17 11:42:01,032 - INFO - opti_instance - _read_server_message : Superiteration: 2, NM iteration: 0, NM function evaluation: 4, Total function evaluations: 8
2018-12-17 11:42:01,032 - INFO - opti_instance - opti_loop : Pulse updated
2018-12-17 11:42:01,032 - INFO - opti_instance - opti_loop : Downloading pulse...
2018-12-17 11:42:01,286 - INFO - opti_instance - opti_loop : Pulse downloaded
2018-12-17 11:42:01,286 - INFO - opti_instance - opti_loop : Preparing figure of merit evaluation...
2018-12-17 11:42:01,449 - INFO - opti_instance - opti_loop : Preparations complete
2018-12-17 11:42:01,449 - INFO - opti_instance - opti_loop : Waiting for figure of merit evaluation...
2018-12-17 11:42:01,602 - INFO - opti_instance - opti_loop : Figure of merit recieved
2018-12-17 11:42:01,602 - INFO - opti_instance - opti_loop : Checking server status
2018-12-17 11:42:01,719 - INFO - opti_instance - opti_loop : Status checked successfully
2018-12-17 11:42:01,719 - INFO - opti_instance - opti_loop : Sending figure of merit to server
2018-12-17 11:42:02,003 - INFO - opti_instance - opti_loop : Figure of merit was sent
2018-12-17 11:42:02,003 - INFO - opti_instance - opti_loop : Checking if figure of merit record is reached
2018-12-17 11:42:02,050 - WARNING - remote_module - _re_exists: OSError: ./RedCRAB/exchange/exchangejob21/fom_record.txt does not exist, exit code -3
2018-12-17 11:42:02,197 - WARNING - remote_module - _re_exists: OSError: ./RedCRAB/exchange/exchangejob21/fom_record.txt does not exist, exit code -3
2018-12-17 11:42:02,684 - INFO - opti_instance - opti_loop : Record not reached 
2018-12-17 11:42:02,699 - INFO - opti_instance - opti_loop : Waiting for pulse update...
2018-12-17 11:42:02,769 - INFO - opti_instance - _check_server_message : New server message
2018-12-17 11:42:02,998 - INFO - opti_instance - _read_server_message : Superiteration: 3, NM iteration: 0, NM function evaluation: 1, Total function evaluations: 9
2018-12-17 11:42:02,998 - INFO - opti_instance - opti_loop : Pulse updated
2018-12-17 11:42:02,998 - INFO - opti_instance - opti_loop : Downloading pulse...
2018-12-17 11:42:03,309 - INFO - opti_instance - opti_loop : Pulse downloaded
2018-12-17 11:42:03,325 - INFO - opti_instance - opti_loop : Preparing figure of merit evaluation...
2018-12-17 11:42:03,490 - INFO - opti_instance - opti_loop : Preparations complete
2018-12-17 11:42:03,493 - INFO - opti_instance - opti_loop : Waiting for figure of merit evaluation...
2018-12-17 11:42:03,673 - INFO - opti_instance - opti_loop : Figure of merit recieved
2018-12-17 11:42:03,673 - INFO - opti_instance - opti_loop : Checking server status
2018-12-17 11:42:03,789 - INFO - opti_instance - opti_loop : Status checked successfully
2018-12-17 11:42:03,789 - INFO - opti_instance - opti_loop : Sending figure of merit to server
2018-12-17 11:42:04,101 - INFO - opti_instance - opti_loop : Figure of merit was sent
2018-12-17 11:42:04,101 - INFO - opti_instance - opti_loop : Checking if figure of merit record is reached
2018-12-17 11:42:04,144 - WARNING - remote_module - _re_exists: OSError: ./RedCRAB/exchange/exchangejob21/fom_record.txt does not exist, exit code -3
2018-12-17 11:42:04,608 - INFO - opti_instance - opti_loop : Record not reached 
2018-12-17 11:42:04,646 - INFO - opti_instance - opti_loop : Waiting for pulse update...
2018-12-17 11:42:04,714 - INFO - opti_instance - _check_server_message : New server message
2018-12-17 11:42:04,931 - INFO - opti_instance - _read_server_message : Superiteration: 3, NM iteration: 0, NM function evaluation: 2, Total function evaluations: 10
2018-12-17 11:42:04,931 - INFO - opti_instance - opti_loop : Pulse updated
2018-12-17 11:42:04,931 - INFO - opti_instance - opti_loop : Downloading pulse...
2018-12-17 11:42:05,263 - INFO - opti_instance - opti_loop : Pulse downloaded
2018-12-17 11:42:05,263 - INFO - opti_instance - opti_loop : Preparing figure of merit evaluation...
2018-12-17 11:42:05,435 - INFO - opti_instance - opti_loop : Preparations complete
2018-12-17 11:42:05,435 - INFO - opti_instance - opti_loop : Waiting for figure of merit evaluation...
2018-12-17 11:42:05,597 - INFO - opti_instance - opti_loop : Figure of merit recieved
2018-12-17 11:42:05,597 - INFO - opti_instance - opti_loop : Checking server status
2018-12-17 11:42:05,714 - INFO - opti_instance - opti_loop : Status checked successfully
2018-12-17 11:42:05,720 - INFO - opti_instance - opti_loop : Sending figure of merit to server
2018-12-17 11:42:06,012 - INFO - opti_instance - opti_loop : Figure of merit was sent
2018-12-17 11:42:06,012 - INFO - opti_instance - opti_loop : Checking if figure of merit record is reached
2018-12-17 11:42:06,052 - WARNING - remote_module - _re_exists: OSError: ./RedCRAB/exchange/exchangejob21/fom_record.txt does not exist, exit code -3
2018-12-17 11:42:06,520 - INFO - opti_instance - opti_loop : Record not reached 
2018-12-17 11:42:06,550 - INFO - opti_instance - opti_loop : Waiting for pulse update...
2018-12-17 11:42:06,615 - INFO - opti_instance - _check_server_message : New server message
2018-12-17 11:42:06,840 - INFO - opti_instance - _read_server_message : Superiteration: 3, NM iteration: 0, NM function evaluation: 3, Total function evaluations: 11
2018-12-17 11:42:06,840 - INFO - opti_instance - opti_loop : Pulse updated
2018-12-17 11:42:06,840 - INFO - opti_instance - opti_loop : Downloading pulse...
2018-12-17 11:42:07,087 - INFO - opti_instance - opti_loop : Pulse downloaded
2018-12-17 11:42:07,104 - INFO - opti_instance - opti_loop : Preparing figure of merit evaluation...
2018-12-17 11:42:07,273 - INFO - opti_instance - opti_loop : Preparations complete
2018-12-17 11:42:07,273 - INFO - opti_instance - opti_loop : Waiting for figure of merit evaluation...
2018-12-17 11:42:07,420 - INFO - opti_instance - opti_loop : Figure of merit recieved
2018-12-17 11:42:07,420 - INFO - opti_instance - opti_loop : Checking server status
2018-12-17 11:42:07,526 - INFO - opti_instance - opti_loop : Status checked successfully
2018-12-17 11:42:07,542 - INFO - opti_instance - opti_loop : Sending figure of merit to server
2018-12-17 11:42:07,844 - INFO - opti_instance - opti_loop : Figure of merit was sent
2018-12-17 11:42:07,844 - INFO - opti_instance - opti_loop : Checking if figure of merit record is reached
2018-12-17 11:42:07,891 - WARNING - remote_module - _re_exists: OSError: ./RedCRAB/exchange/exchangejob21/fom_record.txt does not exist, exit code -3
2018-12-17 11:42:08,029 - WARNING - remote_module - _re_exists: OSError: ./RedCRAB/exchange/exchangejob21/fom_record.txt does not exist, exit code -3
2018-12-17 11:42:08,508 - INFO - opti_instance - opti_loop : Record not reached 
2018-12-17 11:42:08,545 - INFO - opti_instance - opti_loop : Waiting for pulse update...
2018-12-17 11:42:08,608 - INFO - opti_instance - _check_server_message : New server message
2018-12-17 11:42:08,846 - INFO - opti_instance - _read_server_message : Superiteration: 3, NM iteration: 0, NM function evaluation: 4, Total function evaluations: 12
2018-12-17 11:42:08,846 - INFO - opti_instance - opti_loop : Pulse updated
2018-12-17 11:42:08,846 - INFO - opti_instance - opti_loop : Downloading pulse...
2018-12-17 11:42:09,178 - INFO - opti_instance - opti_loop : Pulse downloaded
2018-12-17 11:42:09,178 - INFO - opti_instance - opti_loop : Preparing figure of merit evaluation...
2018-12-17 11:42:09,379 - INFO - opti_instance - opti_loop : Preparations complete
2018-12-17 11:42:09,379 - INFO - opti_instance - opti_loop : Waiting for figure of merit evaluation...
2018-12-17 11:42:09,538 - INFO - opti_instance - opti_loop : Figure of merit recieved
2018-12-17 11:42:09,539 - INFO - opti_instance - opti_loop : Checking server status
2018-12-17 11:42:09,649 - INFO - opti_instance - opti_loop : Status checked successfully
2018-12-17 11:42:09,649 - INFO - opti_instance - opti_loop : Sending figure of merit to server
2018-12-17 11:42:09,965 - INFO - opti_instance - opti_loop : Figure of merit was sent
2018-12-17 11:42:09,965 - INFO - opti_instance - opti_loop : Checking if figure of merit record is reached
2018-12-17 11:42:09,996 - WARNING - remote_module - _re_exists: OSError: ./RedCRAB/exchange/exchangejob21/fom_record.txt does not exist, exit code -3
2018-12-17 11:42:10,451 - INFO - opti_instance - opti_loop : Record not reached 
2018-12-17 11:42:10,482 - INFO - opti_instance - opti_loop : Waiting for pulse update...
2018-12-17 11:42:10,552 - INFO - opti_instance - _check_server_message : New server message
2018-12-17 11:42:10,781 - INFO - opti_instance - _read_server_message : Optimization finished without errors
2018-12-17 11:42:10,781 - INFO - redcrab - opti_instance : Handling exit.
2018-12-17 11:42:11,351 - INFO - remote_module - close_sftp_connection: SFTP connection closed
2018-12-17 11:42:11,354 - INFO - remote_module - close_ssh_connection: SSH connection closed
2018-12-17 11:42:11,362 - INFO - redcrab - opti_instance : Exit handled successfully.
2018-12-17 11:42:11,362 - INFO - redcrab - opti_instance : RedCRAB transmission ended.
