2018-12-17 12:21:06,163 - INFO - redcrab - main : Starting new RedCRAB optimization run
2018-12-17 12:21:06,163 - INFO - redcrab - main : Initialization...
2018-12-17 12:21:06,163 - INFO - redcrab - main : User Job id is: 226
2018-12-17 12:21:06,163 - INFO - redcrab - main : Internal User Job id is: 1545045666164226
2018-12-17 12:21:06,163 - INFO - redcrab - main : Manage logging...
2018-12-17 12:21:06,163 - INFO - redcrab - main : Logging handled
2018-12-17 12:21:06,163 - INFO - redcrab - main : Establish server connection...
2018-12-17 12:21:06,163 - INFO - remote_module - ssh_connect: Trying to connect to granat.physik.uni-ulm.de (1/10)
2018-12-17 12:21:06,518 - INFO - remote_module - ssh_connect: Connected to granat.physik.uni-ulm.de
2018-12-17 12:21:06,798 - INFO - remote_module - sftp_connect: Opened ftp channel
2018-12-17 12:21:06,798 - INFO - remote_module - set_ftp_channel_timeout: set ftp channel timeout to: 15
2018-12-17 12:21:06,798 - INFO - redcrab - main : Checking server status
2018-12-17 12:21:06,862 - INFO - redcrab - main : Server status ok
2018-12-17 12:21:06,862 - INFO - redcrab - main : Sending config file to server...
2018-12-17 12:21:07,035 - INFO - redcrab - main : Config file sent sucessfully...
2018-12-17 12:21:07,050 - INFO - redcrab - main : Waiting for server answer...
2018-12-17 12:21:20,622 - INFO - redcrab - main : Server job id is: 24
2018-12-17 12:21:20,622 - INFO - redcrab - main : Server answer recieved
2018-12-17 12:21:20,622 - INFO - redcrab - main : Doing final preparations...
2018-12-17 12:21:22,898 - INFO - redcrab - main : Preparations finished...
2018-12-17 12:21:22,898 - INFO - redcrab - stopper_instance : Starting stopper instance.
2018-12-17 12:21:22,898 - INFO - redcrab - opti_instance : Initializing transmission...
2018-12-17 12:21:27,341 - INFO - redcrab - opti_instance : Starting transmission.
2018-12-17 12:21:27,376 - INFO - opti_instance - opti_loop : Waiting for pulse update...
2018-12-17 12:21:27,438 - INFO - opti_instance - _check_server_message : New server message
2018-12-17 12:21:27,670 - INFO - opti_instance - _read_server_message : Superiteration: 1, NM iteration: 0, NM function evaluation: 1, Total function evaluations: 1
2018-12-17 12:21:27,670 - INFO - opti_instance - opti_loop : Pulse updated
2018-12-17 12:21:27,670 - INFO - opti_instance - opti_loop : Downloading pulse...
2018-12-17 12:21:27,896 - INFO - opti_instance - opti_loop : Pulse downloaded
2018-12-17 12:21:27,897 - INFO - opti_instance - opti_loop : Preparing figure of merit evaluation...
2018-12-17 12:21:28,039 - INFO - opti_instance - opti_loop : Preparations complete
2018-12-17 12:21:28,039 - INFO - opti_instance - opti_loop : Waiting for figure of merit evaluation...
2018-12-17 12:21:29,110 - INFO - opti_instance - opti_loop : Figure of merit recieved
2018-12-17 12:21:29,110 - INFO - opti_instance - opti_loop : Checking server status
2018-12-17 12:21:29,235 - INFO - opti_instance - opti_loop : Status checked successfully
2018-12-17 12:21:29,235 - INFO - opti_instance - opti_loop : Sending figure of merit to server
2018-12-17 12:21:29,427 - INFO - opti_instance - _update_user_message : Had to create Msg_u.txt on client side
2018-12-17 12:21:29,543 - INFO - opti_instance - opti_loop : Figure of merit was sent
2018-12-17 12:21:29,549 - INFO - opti_instance - opti_loop : Checking if figure of merit record is reached
2018-12-17 12:21:29,580 - WARNING - remote_module - _re_exists: OSError: ./RedCRAB/exchange/exchangejob24/fom_record.txt does not exist, exit code -3
2018-12-17 12:21:30,065 - INFO - opti_instance - opti_loop : Fom_record reached. Update record file. 
2018-12-17 12:21:30,112 - INFO - opti_instance - opti_loop : Waiting for pulse update...
2018-12-17 12:21:30,181 - INFO - opti_instance - _check_server_message : New server message
2018-12-17 12:21:30,411 - INFO - opti_instance - _read_server_message : Superiteration: 1, NM iteration: 0, NM function evaluation: 2, Total function evaluations: 2
2018-12-17 12:21:30,411 - INFO - opti_instance - opti_loop : Pulse updated
2018-12-17 12:21:30,411 - INFO - opti_instance - opti_loop : Downloading pulse...
2018-12-17 12:21:30,613 - INFO - opti_instance - opti_loop : Pulse downloaded
2018-12-17 12:21:30,613 - INFO - opti_instance - opti_loop : Preparing figure of merit evaluation...
2018-12-17 12:21:30,745 - INFO - opti_instance - opti_loop : Preparations complete
2018-12-17 12:21:30,745 - INFO - opti_instance - opti_loop : Waiting for figure of merit evaluation...
2018-12-17 12:21:31,199 - INFO - opti_instance - opti_loop : Figure of merit recieved
2018-12-17 12:21:31,199 - INFO - opti_instance - opti_loop : Checking server status
2018-12-17 12:21:31,315 - INFO - opti_instance - opti_loop : Status checked successfully
2018-12-17 12:21:31,315 - INFO - opti_instance - opti_loop : Sending figure of merit to server
2018-12-17 12:21:31,613 - INFO - opti_instance - opti_loop : Figure of merit was sent
2018-12-17 12:21:31,613 - INFO - opti_instance - opti_loop : Checking if figure of merit record is reached
2018-12-17 12:21:31,645 - WARNING - remote_module - _re_exists: OSError: ./RedCRAB/exchange/exchangejob24/fom_record.txt does not exist, exit code -3
2018-12-17 12:21:32,133 - INFO - opti_instance - opti_loop : Record not reached 
2018-12-17 12:21:32,163 - INFO - opti_instance - opti_loop : Waiting for pulse update...
2018-12-17 12:21:32,231 - INFO - opti_instance - _check_server_message : New server message
2018-12-17 12:21:32,456 - INFO - opti_instance - _read_server_message : Superiteration: 1, NM iteration: 0, NM function evaluation: 3, Total function evaluations: 3
2018-12-17 12:21:32,456 - INFO - opti_instance - opti_loop : Pulse updated
2018-12-17 12:21:32,456 - INFO - opti_instance - opti_loop : Downloading pulse...
2018-12-17 12:21:32,672 - INFO - opti_instance - opti_loop : Pulse downloaded
2018-12-17 12:21:32,672 - INFO - opti_instance - opti_loop : Preparing figure of merit evaluation...
2018-12-17 12:21:32,789 - INFO - opti_instance - opti_loop : Preparations complete
2018-12-17 12:21:32,789 - INFO - opti_instance - opti_loop : Waiting for figure of merit evaluation...
2018-12-17 12:21:33,229 - INFO - opti_instance - opti_loop : Figure of merit recieved
2018-12-17 12:21:33,229 - INFO - opti_instance - opti_loop : Checking server status
2018-12-17 12:21:33,353 - INFO - opti_instance - opti_loop : Status checked successfully
2018-12-17 12:21:33,355 - INFO - opti_instance - opti_loop : Sending figure of merit to server
2018-12-17 12:21:33,649 - INFO - opti_instance - opti_loop : Figure of merit was sent
2018-12-17 12:21:33,649 - INFO - opti_instance - opti_loop : Checking if figure of merit record is reached
2018-12-17 12:21:33,688 - WARNING - remote_module - _re_exists: OSError: ./RedCRAB/exchange/exchangejob24/fom_record.txt does not exist, exit code -3
2018-12-17 12:21:34,166 - INFO - opti_instance - opti_loop : Record not reached 
2018-12-17 12:21:34,204 - INFO - opti_instance - opti_loop : Waiting for pulse update...
2018-12-17 12:21:34,273 - INFO - opti_instance - _check_server_message : New server message
2018-12-17 12:21:34,505 - INFO - opti_instance - _read_server_message : Superiteration: 1, NM iteration: 0, NM function evaluation: 4, Total function evaluations: 4
2018-12-17 12:21:34,505 - INFO - opti_instance - opti_loop : Pulse updated
2018-12-17 12:21:34,505 - INFO - opti_instance - opti_loop : Downloading pulse...
2018-12-17 12:21:34,721 - INFO - opti_instance - opti_loop : Pulse downloaded
2018-12-17 12:21:34,721 - INFO - opti_instance - opti_loop : Preparing figure of merit evaluation...
2018-12-17 12:21:34,853 - INFO - opti_instance - opti_loop : Preparations complete
2018-12-17 12:21:34,853 - INFO - opti_instance - opti_loop : Waiting for figure of merit evaluation...
2018-12-17 12:21:35,268 - INFO - opti_instance - opti_loop : Figure of merit recieved
2018-12-17 12:21:35,268 - INFO - opti_instance - opti_loop : Checking server status
2018-12-17 12:21:35,388 - INFO - opti_instance - opti_loop : Status checked successfully
2018-12-17 12:21:35,404 - INFO - opti_instance - opti_loop : Sending figure of merit to server
2018-12-17 12:21:35,706 - INFO - opti_instance - opti_loop : Figure of merit was sent
2018-12-17 12:21:35,706 - INFO - opti_instance - opti_loop : Checking if figure of merit record is reached
2018-12-17 12:21:35,753 - WARNING - remote_module - _re_exists: OSError: ./RedCRAB/exchange/exchangejob24/fom_record.txt does not exist, exit code -3
2018-12-17 12:21:35,891 - WARNING - remote_module - _re_exists: OSError: ./RedCRAB/exchange/exchangejob24/fom_record.txt does not exist, exit code -3
2018-12-17 12:21:36,391 - INFO - opti_instance - opti_loop : Record not reached 
2018-12-17 12:21:36,424 - INFO - opti_instance - opti_loop : Waiting for pulse update...
2018-12-17 12:21:36,493 - INFO - opti_instance - _check_server_message : New server message
2018-12-17 12:21:36,725 - INFO - opti_instance - _read_server_message : Superiteration: 2, NM iteration: 0, NM function evaluation: 1, Total function evaluations: 5
2018-12-17 12:21:36,725 - INFO - opti_instance - opti_loop : Pulse updated
2018-12-17 12:21:36,725 - INFO - opti_instance - opti_loop : Downloading pulse...
2018-12-17 12:21:36,926 - INFO - opti_instance - opti_loop : Pulse downloaded
2018-12-17 12:21:36,926 - INFO - opti_instance - opti_loop : Preparing figure of merit evaluation...
2018-12-17 12:21:37,054 - INFO - opti_instance - opti_loop : Preparations complete
2018-12-17 12:21:37,054 - INFO - opti_instance - opti_loop : Waiting for figure of merit evaluation...
2018-12-17 12:21:37,473 - INFO - opti_instance - opti_loop : Figure of merit recieved
2018-12-17 12:21:37,473 - INFO - opti_instance - opti_loop : Checking server status
2018-12-17 12:21:37,592 - INFO - opti_instance - opti_loop : Status checked successfully
2018-12-17 12:21:37,592 - INFO - opti_instance - opti_loop : Sending figure of merit to server
2018-12-17 12:21:37,898 - INFO - opti_instance - opti_loop : Figure of merit was sent
2018-12-17 12:21:37,898 - INFO - opti_instance - opti_loop : Checking if figure of merit record is reached
2018-12-17 12:21:37,929 - WARNING - remote_module - _re_exists: OSError: ./RedCRAB/exchange/exchangejob24/fom_record.txt does not exist, exit code -3
2018-12-17 12:21:38,400 - INFO - opti_instance - opti_loop : Record not reached 
2018-12-17 12:21:38,431 - INFO - opti_instance - opti_loop : Waiting for pulse update...
2018-12-17 12:21:38,500 - INFO - opti_instance - _check_server_message : New server message
2018-12-17 12:21:38,733 - INFO - opti_instance - _read_server_message : Superiteration: 2, NM iteration: 0, NM function evaluation: 2, Total function evaluations: 6
2018-12-17 12:21:38,733 - INFO - opti_instance - opti_loop : Pulse updated
2018-12-17 12:21:38,733 - INFO - opti_instance - opti_loop : Downloading pulse...
2018-12-17 12:21:38,933 - INFO - opti_instance - opti_loop : Pulse downloaded
2018-12-17 12:21:38,948 - INFO - opti_instance - opti_loop : Preparing figure of merit evaluation...
2018-12-17 12:21:39,065 - INFO - opti_instance - opti_loop : Preparations complete
2018-12-17 12:21:39,065 - INFO - opti_instance - opti_loop : Waiting for figure of merit evaluation...
2018-12-17 12:21:39,402 - INFO - opti_instance - opti_loop : Figure of merit recieved
2018-12-17 12:21:39,403 - INFO - opti_instance - opti_loop : Checking server status
2018-12-17 12:21:39,519 - INFO - opti_instance - opti_loop : Status checked successfully
2018-12-17 12:21:39,519 - INFO - opti_instance - opti_loop : Sending figure of merit to server
2018-12-17 12:21:39,820 - WARNING - remote_module - _file_put: OSError: Local file: D:\Work\Redcrab\RedCRAB_Client\bin\..\exchange\exchangejob24\Msg_u.txt or the folder to which the file: ./RedCRAB/exchange/exchangejob24/Msg_u.txt is to be transferred does not exist, exit code 3
2018-12-17 12:21:39,820 - WARNING - remote_module - file_put: OSError while calling _file_put in try: 1/3
2018-12-17 12:21:39,905 - INFO - remote_module - file_put: And file: ./RedCRAB/exchange/exchangejob24/Msg_u.txt does not exist (this is okay, as transmission raised an error).
2018-12-17 12:21:40,222 - INFO - opti_instance - opti_loop : Figure of merit was sent
2018-12-17 12:21:40,222 - INFO - opti_instance - opti_loop : Checking if figure of merit record is reached
2018-12-17 12:21:40,605 - INFO - opti_instance - opti_loop : Record not reached 
2018-12-17 12:21:40,624 - INFO - opti_instance - opti_loop : Waiting for pulse update...
2018-12-17 12:21:40,687 - INFO - opti_instance - _check_server_message : New server message
2018-12-17 12:21:40,925 - INFO - opti_instance - _read_server_message : Superiteration: 2, NM iteration: 0, NM function evaluation: 3, Total function evaluations: 7
2018-12-17 12:21:40,925 - INFO - opti_instance - opti_loop : Pulse updated
2018-12-17 12:21:40,925 - INFO - opti_instance - opti_loop : Downloading pulse...
2018-12-17 12:21:41,126 - INFO - opti_instance - opti_loop : Pulse downloaded
2018-12-17 12:21:41,126 - INFO - opti_instance - opti_loop : Preparing figure of merit evaluation...
2018-12-17 12:21:41,242 - ERROR - opti_instance - _check_for_user_message : Error: User message still exists, when it should not. Count = 1
2018-12-17 12:21:41,289 - ERROR - opti_instance - _check_for_user_message : Error: User message still exists, when it should not. Count = 2
2018-12-17 12:21:41,374 - INFO - opti_instance - opti_loop : Preparations complete
2018-12-17 12:21:41,374 - INFO - opti_instance - opti_loop : Waiting for figure of merit evaluation...
2018-12-17 12:21:41,729 - INFO - opti_instance - opti_loop : Figure of merit recieved
2018-12-17 12:21:41,729 - INFO - opti_instance - opti_loop : Checking server status
2018-12-17 12:21:41,844 - INFO - opti_instance - opti_loop : Status checked successfully
2018-12-17 12:21:41,844 - INFO - opti_instance - opti_loop : Sending figure of merit to server
2018-12-17 12:21:42,147 - INFO - opti_instance - opti_loop : Figure of merit was sent
2018-12-17 12:21:42,147 - INFO - opti_instance - opti_loop : Checking if figure of merit record is reached
2018-12-17 12:21:42,178 - WARNING - remote_module - _re_exists: OSError: ./RedCRAB/exchange/exchangejob24/fom_record.txt does not exist, exit code -3
2018-12-17 12:21:42,664 - INFO - opti_instance - opti_loop : Record not reached 
2018-12-17 12:21:42,695 - INFO - opti_instance - opti_loop : Waiting for pulse update...
2018-12-17 12:21:42,766 - INFO - opti_instance - _check_server_message : New server message
2018-12-17 12:21:42,997 - INFO - opti_instance - _read_server_message : Superiteration: 2, NM iteration: 0, NM function evaluation: 4, Total function evaluations: 8
2018-12-17 12:21:42,997 - INFO - opti_instance - opti_loop : Pulse updated
2018-12-17 12:21:42,998 - INFO - opti_instance - opti_loop : Downloading pulse...
2018-12-17 12:21:43,197 - INFO - opti_instance - opti_loop : Pulse downloaded
2018-12-17 12:21:43,197 - INFO - opti_instance - opti_loop : Preparing figure of merit evaluation...
2018-12-17 12:21:43,319 - INFO - opti_instance - opti_loop : Preparations complete
2018-12-17 12:21:43,319 - INFO - opti_instance - opti_loop : Waiting for figure of merit evaluation...
2018-12-17 12:21:43,662 - INFO - opti_instance - opti_loop : Figure of merit recieved
2018-12-17 12:21:43,663 - INFO - opti_instance - opti_loop : Checking server status
2018-12-17 12:21:43,775 - INFO - opti_instance - opti_loop : Status checked successfully
2018-12-17 12:21:43,781 - INFO - opti_instance - opti_loop : Sending figure of merit to server
2018-12-17 12:21:44,083 - INFO - opti_instance - opti_loop : Figure of merit was sent
2018-12-17 12:21:44,083 - INFO - opti_instance - opti_loop : Checking if figure of merit record is reached
2018-12-17 12:21:44,114 - WARNING - remote_module - _re_exists: OSError: ./RedCRAB/exchange/exchangejob24/fom_record.txt does not exist, exit code -3
2018-12-17 12:21:44,262 - WARNING - remote_module - _re_exists: OSError: ./RedCRAB/exchange/exchangejob24/fom_record.txt does not exist, exit code -3
2018-12-17 12:21:44,748 - INFO - opti_instance - opti_loop : Record not reached 
2018-12-17 12:21:44,764 - INFO - opti_instance - opti_loop : Waiting for pulse update...
2018-12-17 12:21:44,823 - INFO - opti_instance - _check_server_message : New server message
2018-12-17 12:21:45,065 - INFO - opti_instance - _read_server_message : Superiteration: 3, NM iteration: 0, NM function evaluation: 1, Total function evaluations: 9
2018-12-17 12:21:45,065 - INFO - opti_instance - opti_loop : Pulse updated
2018-12-17 12:21:45,065 - INFO - opti_instance - opti_loop : Downloading pulse...
2018-12-17 12:21:45,282 - INFO - opti_instance - opti_loop : Pulse downloaded
2018-12-17 12:21:45,288 - INFO - opti_instance - opti_loop : Preparing figure of merit evaluation...
2018-12-17 12:21:45,415 - INFO - opti_instance - opti_loop : Preparations complete
2018-12-17 12:21:45,417 - INFO - opti_instance - opti_loop : Waiting for figure of merit evaluation...
2018-12-17 12:21:45,768 - INFO - opti_instance - opti_loop : Figure of merit recieved
2018-12-17 12:21:45,768 - INFO - opti_instance - opti_loop : Checking server status
2018-12-17 12:21:45,884 - INFO - opti_instance - opti_loop : Status checked successfully
2018-12-17 12:21:45,884 - INFO - opti_instance - opti_loop : Sending figure of merit to server
2018-12-17 12:21:46,170 - INFO - opti_instance - opti_loop : Figure of merit was sent
2018-12-17 12:21:46,170 - INFO - opti_instance - opti_loop : Checking if figure of merit record is reached
2018-12-17 12:21:46,223 - WARNING - remote_module - _re_exists: OSError: ./RedCRAB/exchange/exchangejob24/fom_record.txt does not exist, exit code -3
2018-12-17 12:21:46,709 - INFO - opti_instance - opti_loop : Record not reached 
2018-12-17 12:21:46,740 - INFO - opti_instance - opti_loop : Waiting for pulse update...
2018-12-17 12:21:46,810 - INFO - opti_instance - _check_server_message : New server message
2018-12-17 12:21:47,042 - INFO - opti_instance - _read_server_message : Superiteration: 3, NM iteration: 0, NM function evaluation: 2, Total function evaluations: 10
2018-12-17 12:21:47,042 - INFO - opti_instance - opti_loop : Pulse updated
2018-12-17 12:21:47,042 - INFO - opti_instance - opti_loop : Downloading pulse...
2018-12-17 12:21:47,263 - INFO - opti_instance - opti_loop : Pulse downloaded
2018-12-17 12:21:47,263 - INFO - opti_instance - opti_loop : Preparing figure of merit evaluation...
2018-12-17 12:21:47,391 - INFO - opti_instance - opti_loop : Preparations complete
2018-12-17 12:21:47,391 - INFO - opti_instance - opti_loop : Waiting for figure of merit evaluation...
2018-12-17 12:21:47,728 - INFO - opti_instance - opti_loop : Figure of merit recieved
2018-12-17 12:21:47,728 - INFO - opti_instance - opti_loop : Checking server status
2018-12-17 12:21:47,840 - INFO - opti_instance - opti_loop : Status checked successfully
2018-12-17 12:21:47,840 - INFO - opti_instance - opti_loop : Sending figure of merit to server
2018-12-17 12:21:48,146 - WARNING - remote_module - _file_put: OSError: Local file: D:\Work\Redcrab\RedCRAB_Client\bin\..\exchange\exchangejob24\Msg_u.txt or the folder to which the file: ./RedCRAB/exchange/exchangejob24/Msg_u.txt is to be transferred does not exist, exit code 3
2018-12-17 12:21:48,146 - WARNING - remote_module - file_put: OSError while calling _file_put in try: 1/3
2018-12-17 12:21:48,246 - INFO - remote_module - file_put: And file: ./RedCRAB/exchange/exchangejob24/Msg_u.txt does not exist (this is okay, as transmission raised an error).
2018-12-17 12:21:48,547 - INFO - opti_instance - opti_loop : Figure of merit was sent
2018-12-17 12:21:48,547 - INFO - opti_instance - opti_loop : Checking if figure of merit record is reached
2018-12-17 12:21:48,901 - INFO - opti_instance - opti_loop : Record not reached 
2018-12-17 12:21:48,933 - INFO - opti_instance - opti_loop : Waiting for pulse update...
2018-12-17 12:21:49,001 - INFO - opti_instance - _check_server_message : New server message
2018-12-17 12:21:49,234 - INFO - opti_instance - _read_server_message : Superiteration: 3, NM iteration: 0, NM function evaluation: 3, Total function evaluations: 11
2018-12-17 12:21:49,234 - INFO - opti_instance - opti_loop : Pulse updated
2018-12-17 12:21:49,234 - INFO - opti_instance - opti_loop : Downloading pulse...
2018-12-17 12:21:49,450 - INFO - opti_instance - opti_loop : Pulse downloaded
2018-12-17 12:21:49,450 - INFO - opti_instance - opti_loop : Preparing figure of merit evaluation...
2018-12-17 12:21:49,550 - ERROR - opti_instance - _check_for_user_message : Error: User message still exists, when it should not. Count = 1
2018-12-17 12:21:49,597 - ERROR - opti_instance - _check_for_user_message : Error: User message still exists, when it should not. Count = 2
2018-12-17 12:21:49,655 - ERROR - opti_instance - _check_for_user_message : Error: User message still exists, when it should not. Count = 3
2018-12-17 12:21:49,702 - ERROR - opti_instance - _check_for_user_message : Error: User message still exists, when it should not. Count = 4
2018-12-17 12:21:49,782 - INFO - opti_instance - opti_loop : Preparations complete
2018-12-17 12:21:49,782 - INFO - opti_instance - opti_loop : Waiting for figure of merit evaluation...
2018-12-17 12:21:50,141 - INFO - opti_instance - opti_loop : Figure of merit recieved
2018-12-17 12:21:50,141 - INFO - opti_instance - opti_loop : Checking server status
2018-12-17 12:21:50,260 - INFO - opti_instance - opti_loop : Status checked successfully
2018-12-17 12:21:50,260 - INFO - opti_instance - opti_loop : Sending figure of merit to server
2018-12-17 12:21:50,561 - INFO - opti_instance - opti_loop : Figure of merit was sent
2018-12-17 12:21:50,561 - INFO - opti_instance - opti_loop : Checking if figure of merit record is reached
2018-12-17 12:21:50,607 - WARNING - remote_module - _re_exists: OSError: ./RedCRAB/exchange/exchangejob24/fom_record.txt does not exist, exit code -3
2018-12-17 12:21:51,094 - INFO - opti_instance - opti_loop : Record not reached 
2018-12-17 12:21:51,126 - INFO - opti_instance - opti_loop : Waiting for pulse update...
2018-12-17 12:21:51,194 - INFO - opti_instance - _check_server_message : New server message
2018-12-17 12:21:51,426 - INFO - opti_instance - _read_server_message : Superiteration: 3, NM iteration: 0, NM function evaluation: 4, Total function evaluations: 12
2018-12-17 12:21:51,426 - INFO - opti_instance - opti_loop : Pulse updated
2018-12-17 12:21:51,426 - INFO - opti_instance - opti_loop : Downloading pulse...
2018-12-17 12:21:51,649 - INFO - opti_instance - opti_loop : Pulse downloaded
2018-12-17 12:21:51,649 - INFO - opti_instance - opti_loop : Preparing figure of merit evaluation...
2018-12-17 12:21:51,812 - INFO - opti_instance - opti_loop : Preparations complete
2018-12-17 12:21:51,812 - INFO - opti_instance - opti_loop : Waiting for figure of merit evaluation...
2018-12-17 12:21:52,174 - INFO - opti_instance - opti_loop : Figure of merit recieved
2018-12-17 12:21:52,174 - INFO - opti_instance - opti_loop : Checking server status
2018-12-17 12:21:52,290 - INFO - opti_instance - opti_loop : Status checked successfully
2018-12-17 12:21:52,290 - INFO - opti_instance - opti_loop : Sending figure of merit to server
2018-12-17 12:21:52,591 - INFO - opti_instance - opti_loop : Figure of merit was sent
2018-12-17 12:21:52,591 - INFO - opti_instance - opti_loop : Checking if figure of merit record is reached
2018-12-17 12:21:52,622 - WARNING - remote_module - _re_exists: OSError: ./RedCRAB/exchange/exchangejob24/fom_record.txt does not exist, exit code -3
2018-12-17 12:21:53,092 - INFO - opti_instance - opti_loop : Record not reached 
2018-12-17 12:21:53,124 - INFO - opti_instance - opti_loop : Waiting for pulse update...
2018-12-17 12:21:53,177 - INFO - opti_instance - _check_server_message : New server message
2018-12-17 12:21:53,408 - INFO - opti_instance - _read_server_message : Superiteration: 4, NM iteration: 0, NM function evaluation: 1, Total function evaluations: 13
2018-12-17 12:21:53,408 - INFO - opti_instance - opti_loop : Pulse updated
2018-12-17 12:21:53,408 - INFO - opti_instance - opti_loop : Downloading pulse...
2018-12-17 12:21:53,608 - INFO - opti_instance - opti_loop : Pulse downloaded
2018-12-17 12:21:53,608 - INFO - opti_instance - opti_loop : Preparing figure of merit evaluation...
2018-12-17 12:21:53,740 - INFO - opti_instance - opti_loop : Preparations complete
2018-12-17 12:21:53,740 - INFO - opti_instance - opti_loop : Waiting for figure of merit evaluation...
2018-12-17 12:21:54,095 - INFO - opti_instance - opti_loop : Figure of merit recieved
2018-12-17 12:21:54,095 - INFO - opti_instance - opti_loop : Checking server status
2018-12-17 12:21:54,226 - INFO - opti_instance - opti_loop : Status checked successfully
2018-12-17 12:21:54,226 - INFO - opti_instance - opti_loop : Sending figure of merit to server
2018-12-17 12:21:54,525 - WARNING - remote_module - _file_put: OSError: Local file: D:\Work\Redcrab\RedCRAB_Client\bin\..\exchange\exchangejob24\Msg_u.txt or the folder to which the file: ./RedCRAB/exchange/exchangejob24/Msg_u.txt is to be transferred does not exist, exit code 3
2018-12-17 12:21:54,525 - WARNING - remote_module - file_put: OSError while calling _file_put in try: 1/3
2018-12-17 12:21:54,628 - INFO - remote_module - file_put: And file: ./RedCRAB/exchange/exchangejob24/Msg_u.txt does not exist (this is okay, as transmission raised an error).
2018-12-17 12:21:54,945 - INFO - opti_instance - opti_loop : Figure of merit was sent
2018-12-17 12:21:54,945 - INFO - opti_instance - opti_loop : Checking if figure of merit record is reached
2018-12-17 12:21:55,298 - INFO - opti_instance - opti_loop : Record not reached 
2018-12-17 12:21:55,345 - INFO - opti_instance - opti_loop : Waiting for pulse update...
2018-12-17 12:21:55,399 - INFO - opti_instance - _check_server_message : New server message
2018-12-17 12:21:55,631 - INFO - opti_instance - _read_server_message : Superiteration: 4, NM iteration: 0, NM function evaluation: 2, Total function evaluations: 14
2018-12-17 12:21:55,631 - INFO - opti_instance - opti_loop : Pulse updated
2018-12-17 12:21:55,631 - INFO - opti_instance - opti_loop : Downloading pulse...
2018-12-17 12:21:55,832 - INFO - opti_instance - opti_loop : Pulse downloaded
2018-12-17 12:21:55,832 - INFO - opti_instance - opti_loop : Preparing figure of merit evaluation...
2018-12-17 12:21:55,916 - ERROR - opti_instance - _check_for_user_message : Error: User message still exists, when it should not. Count = 1
2018-12-17 12:21:55,963 - ERROR - opti_instance - _check_for_user_message : Error: User message still exists, when it should not. Count = 2
2018-12-17 12:21:56,017 - ERROR - opti_instance - _check_for_user_message : Error: User message still exists, when it should not. Count = 3
2018-12-17 12:21:56,086 - INFO - opti_instance - opti_loop : Preparations complete
2018-12-17 12:21:56,101 - INFO - opti_instance - opti_loop : Waiting for figure of merit evaluation...
2018-12-17 12:21:56,461 - INFO - opti_instance - opti_loop : Figure of merit recieved
2018-12-17 12:21:56,461 - INFO - opti_instance - opti_loop : Checking server status
2018-12-17 12:21:56,575 - INFO - opti_instance - opti_loop : Status checked successfully
2018-12-17 12:21:56,575 - INFO - opti_instance - opti_loop : Sending figure of merit to server
2018-12-17 12:21:56,865 - INFO - opti_instance - opti_loop : Figure of merit was sent
2018-12-17 12:21:56,866 - INFO - opti_instance - opti_loop : Checking if figure of merit record is reached
2018-12-17 12:21:56,889 - WARNING - remote_module - _re_exists: OSError: ./RedCRAB/exchange/exchangejob24/fom_record.txt does not exist, exit code -3
2018-12-17 12:21:57,349 - INFO - opti_instance - opti_loop : Record not reached 
2018-12-17 12:21:57,365 - INFO - opti_instance - opti_loop : Waiting for pulse update...
2018-12-17 12:21:57,434 - INFO - opti_instance - _check_server_message : New server message
2018-12-17 12:21:57,650 - INFO - opti_instance - _read_server_message : Superiteration: 4, NM iteration: 0, NM function evaluation: 3, Total function evaluations: 15
2018-12-17 12:21:57,650 - INFO - opti_instance - opti_loop : Pulse updated
2018-12-17 12:21:57,650 - INFO - opti_instance - opti_loop : Downloading pulse...
2018-12-17 12:21:57,850 - INFO - opti_instance - opti_loop : Pulse downloaded
2018-12-17 12:21:57,850 - INFO - opti_instance - opti_loop : Preparing figure of merit evaluation...
2018-12-17 12:21:57,966 - INFO - opti_instance - opti_loop : Preparations complete
2018-12-17 12:21:57,966 - INFO - opti_instance - opti_loop : Waiting for figure of merit evaluation...
2018-12-17 12:21:58,336 - INFO - opti_instance - opti_loop : Figure of merit recieved
2018-12-17 12:21:58,336 - INFO - opti_instance - opti_loop : Checking server status
2018-12-17 12:21:58,452 - INFO - opti_instance - opti_loop : Status checked successfully
2018-12-17 12:21:58,452 - INFO - opti_instance - opti_loop : Sending figure of merit to server
2018-12-17 12:21:58,749 - INFO - opti_instance - opti_loop : Figure of merit was sent
2018-12-17 12:21:58,749 - INFO - opti_instance - opti_loop : Checking if figure of merit record is reached
2018-12-17 12:21:58,789 - WARNING - remote_module - _re_exists: OSError: ./RedCRAB/exchange/exchangejob24/fom_record.txt does not exist, exit code -3
2018-12-17 12:21:58,936 - WARNING - remote_module - _re_exists: OSError: ./RedCRAB/exchange/exchangejob24/fom_record.txt does not exist, exit code -3
2018-12-17 12:21:59,407 - INFO - opti_instance - opti_loop : Record not reached 
2018-12-17 12:21:59,438 - INFO - opti_instance - opti_loop : Waiting for pulse update...
2018-12-17 12:21:59,507 - INFO - opti_instance - _check_server_message : New server message
2018-12-17 12:21:59,724 - INFO - opti_instance - _read_server_message : Superiteration: 4, NM iteration: 0, NM function evaluation: 4, Total function evaluations: 16
2018-12-17 12:21:59,724 - INFO - opti_instance - opti_loop : Pulse updated
2018-12-17 12:21:59,724 - INFO - opti_instance - opti_loop : Downloading pulse...
2018-12-17 12:21:59,922 - INFO - opti_instance - opti_loop : Pulse downloaded
2018-12-17 12:21:59,922 - INFO - opti_instance - opti_loop : Preparing figure of merit evaluation...
2018-12-17 12:22:00,057 - INFO - opti_instance - opti_loop : Preparations complete
2018-12-17 12:22:00,057 - INFO - opti_instance - opti_loop : Waiting for figure of merit evaluation...
2018-12-17 12:22:00,412 - INFO - opti_instance - opti_loop : Figure of merit recieved
2018-12-17 12:22:00,412 - INFO - opti_instance - opti_loop : Checking server status
2018-12-17 12:22:00,522 - INFO - opti_instance - opti_loop : Status checked successfully
2018-12-17 12:22:00,522 - INFO - opti_instance - opti_loop : Sending figure of merit to server
2018-12-17 12:22:00,813 - WARNING - remote_module - _file_put: OSError: Local file: D:\Work\Redcrab\RedCRAB_Client\bin\..\exchange\exchangejob24\Msg_u.txt or the folder to which the file: ./RedCRAB/exchange/exchangejob24/Msg_u.txt is to be transferred does not exist, exit code 3
2018-12-17 12:22:00,813 - WARNING - remote_module - file_put: OSError while calling _file_put in try: 1/3
2018-12-17 12:22:00,898 - INFO - remote_module - file_put: And file: ./RedCRAB/exchange/exchangejob24/Msg_u.txt does not exist (this is okay, as transmission raised an error).
2018-12-17 12:22:01,215 - INFO - opti_instance - opti_loop : Figure of merit was sent
2018-12-17 12:22:01,215 - INFO - opti_instance - opti_loop : Checking if figure of merit record is reached
2018-12-17 12:22:01,595 - INFO - opti_instance - opti_loop : Record not reached 
2018-12-17 12:22:01,617 - INFO - opti_instance - opti_loop : Waiting for pulse update...
2018-12-17 12:22:01,685 - INFO - opti_instance - _check_server_message : New server message
2018-12-17 12:22:01,917 - INFO - opti_instance - _read_server_message : Superiteration: 5, NM iteration: 0, NM function evaluation: 1, Total function evaluations: 17
2018-12-17 12:22:01,917 - INFO - opti_instance - opti_loop : Pulse updated
2018-12-17 12:22:01,917 - INFO - opti_instance - opti_loop : Downloading pulse...
2018-12-17 12:22:02,118 - INFO - opti_instance - opti_loop : Pulse downloaded
2018-12-17 12:22:02,118 - INFO - opti_instance - opti_loop : Preparing figure of merit evaluation...
2018-12-17 12:22:02,218 - ERROR - opti_instance - _check_for_user_message : Error: User message still exists, when it should not. Count = 1
2018-12-17 12:22:02,265 - ERROR - opti_instance - _check_for_user_message : Error: User message still exists, when it should not. Count = 2
2018-12-17 12:22:02,352 - INFO - opti_instance - opti_loop : Preparations complete
2018-12-17 12:22:02,352 - INFO - opti_instance - opti_loop : Waiting for figure of merit evaluation...
2018-12-17 12:22:02,721 - INFO - opti_instance - opti_loop : Figure of merit recieved
2018-12-17 12:22:02,721 - INFO - opti_instance - opti_loop : Checking server status
2018-12-17 12:22:02,852 - INFO - opti_instance - opti_loop : Status checked successfully
2018-12-17 12:22:02,852 - INFO - opti_instance - opti_loop : Sending figure of merit to server
2018-12-17 12:22:03,137 - INFO - opti_instance - opti_loop : Figure of merit was sent
2018-12-17 12:22:03,137 - INFO - opti_instance - opti_loop : Checking if figure of merit record is reached
2018-12-17 12:22:03,168 - WARNING - remote_module - _re_exists: OSError: ./RedCRAB/exchange/exchangejob24/fom_record.txt does not exist, exit code -3
2018-12-17 12:22:03,655 - INFO - opti_instance - opti_loop : Record not reached 
2018-12-17 12:22:03,686 - INFO - opti_instance - opti_loop : Waiting for pulse update...
2018-12-17 12:22:03,739 - INFO - opti_instance - _check_server_message : New server message
2018-12-17 12:22:03,971 - INFO - opti_instance - _read_server_message : Superiteration: 5, NM iteration: 0, NM function evaluation: 2, Total function evaluations: 18
2018-12-17 12:22:03,971 - INFO - opti_instance - opti_loop : Pulse updated
2018-12-17 12:22:03,971 - INFO - opti_instance - opti_loop : Downloading pulse...
2018-12-17 12:22:04,188 - INFO - opti_instance - opti_loop : Pulse downloaded
2018-12-17 12:22:04,188 - INFO - opti_instance - opti_loop : Preparing figure of merit evaluation...
2018-12-17 12:22:04,310 - INFO - opti_instance - opti_loop : Preparations complete
2018-12-17 12:22:04,325 - INFO - opti_instance - opti_loop : Waiting for figure of merit evaluation...
2018-12-17 12:22:04,673 - INFO - opti_instance - opti_loop : Figure of merit recieved
2018-12-17 12:22:04,673 - INFO - opti_instance - opti_loop : Checking server status
2018-12-17 12:22:04,785 - INFO - opti_instance - opti_loop : Status checked successfully
2018-12-17 12:22:04,785 - INFO - opti_instance - opti_loop : Sending figure of merit to server
2018-12-17 12:22:05,075 - INFO - opti_instance - opti_loop : Figure of merit was sent
2018-12-17 12:22:05,075 - INFO - opti_instance - opti_loop : Checking if figure of merit record is reached
2018-12-17 12:22:05,112 - WARNING - remote_module - _re_exists: OSError: ./RedCRAB/exchange/exchangejob24/fom_record.txt does not exist, exit code -3
2018-12-17 12:22:05,260 - WARNING - remote_module - _re_exists: OSError: ./RedCRAB/exchange/exchangejob24/fom_record.txt does not exist, exit code -3
2018-12-17 12:22:05,715 - INFO - opti_instance - opti_loop : Record not reached 
2018-12-17 12:22:05,746 - INFO - opti_instance - opti_loop : Waiting for pulse update...
2018-12-17 12:22:05,808 - INFO - opti_instance - _check_server_message : New server message
2018-12-17 12:22:06,046 - INFO - opti_instance - _read_server_message : Superiteration: 5, NM iteration: 0, NM function evaluation: 3, Total function evaluations: 19
2018-12-17 12:22:06,046 - INFO - opti_instance - opti_loop : Pulse updated
2018-12-17 12:22:06,046 - INFO - opti_instance - opti_loop : Downloading pulse...
2018-12-17 12:22:06,247 - INFO - opti_instance - opti_loop : Pulse downloaded
2018-12-17 12:22:06,247 - INFO - opti_instance - opti_loop : Preparing figure of merit evaluation...
2018-12-17 12:22:06,378 - INFO - opti_instance - opti_loop : Preparations complete
2018-12-17 12:22:06,378 - INFO - opti_instance - opti_loop : Waiting for figure of merit evaluation...
2018-12-17 12:22:06,740 - INFO - opti_instance - opti_loop : Figure of merit recieved
2018-12-17 12:22:06,742 - INFO - opti_instance - opti_loop : Checking server status
2018-12-17 12:22:06,852 - INFO - opti_instance - opti_loop : Status checked successfully
2018-12-17 12:22:06,852 - INFO - opti_instance - opti_loop : Sending figure of merit to server
2018-12-17 12:22:07,138 - INFO - opti_instance - opti_loop : Figure of merit was sent
2018-12-17 12:22:07,138 - INFO - opti_instance - opti_loop : Checking if figure of merit record is reached
2018-12-17 12:22:07,176 - WARNING - remote_module - _re_exists: OSError: ./RedCRAB/exchange/exchangejob24/fom_record.txt does not exist, exit code -3
2018-12-17 12:22:07,309 - WARNING - remote_module - _re_exists: OSError: ./RedCRAB/exchange/exchangejob24/fom_record.txt does not exist, exit code -3
2018-12-17 12:22:07,777 - INFO - opti_instance - opti_loop : Record not reached 
2018-12-17 12:22:07,824 - INFO - opti_instance - opti_loop : Waiting for pulse update...
2018-12-17 12:22:07,896 - INFO - opti_instance - _check_server_message : New server message
2018-12-17 12:22:08,133 - INFO - opti_instance - _read_server_message : Superiteration: 5, NM iteration: 0, NM function evaluation: 4, Total function evaluations: 20
2018-12-17 12:22:08,133 - INFO - opti_instance - opti_loop : Pulse updated
2018-12-17 12:22:08,133 - INFO - opti_instance - opti_loop : Downloading pulse...
2018-12-17 12:22:08,353 - INFO - opti_instance - opti_loop : Pulse downloaded
2018-12-17 12:22:08,354 - INFO - opti_instance - opti_loop : Preparing figure of merit evaluation...
2018-12-17 12:22:08,468 - INFO - opti_instance - opti_loop : Preparations complete
2018-12-17 12:22:08,483 - INFO - opti_instance - opti_loop : Waiting for figure of merit evaluation...
2018-12-17 12:22:08,816 - INFO - opti_instance - opti_loop : Figure of merit recieved
2018-12-17 12:22:08,816 - INFO - opti_instance - opti_loop : Checking server status
2018-12-17 12:22:08,936 - INFO - opti_instance - opti_loop : Status checked successfully
2018-12-17 12:22:08,939 - INFO - opti_instance - opti_loop : Sending figure of merit to server
2018-12-17 12:22:09,248 - INFO - opti_instance - opti_loop : Figure of merit was sent
2018-12-17 12:22:09,248 - INFO - opti_instance - opti_loop : Checking if figure of merit record is reached
2018-12-17 12:22:09,286 - WARNING - remote_module - _re_exists: OSError: ./RedCRAB/exchange/exchangejob24/fom_record.txt does not exist, exit code -3
2018-12-17 12:22:09,756 - INFO - opti_instance - opti_loop : Record not reached 
2018-12-17 12:22:09,787 - INFO - opti_instance - opti_loop : Waiting for pulse update...
2018-12-17 12:22:09,855 - INFO - opti_instance - _check_server_message : New server message
2018-12-17 12:22:10,088 - INFO - opti_instance - _read_server_message : Superiteration: 6, NM iteration: 0, NM function evaluation: 1, Total function evaluations: 21
2018-12-17 12:22:10,089 - INFO - opti_instance - opti_loop : Pulse updated
2018-12-17 12:22:10,091 - INFO - opti_instance - opti_loop : Downloading pulse...
2018-12-17 12:22:10,304 - INFO - opti_instance - opti_loop : Pulse downloaded
2018-12-17 12:22:10,319 - INFO - opti_instance - opti_loop : Preparing figure of merit evaluation...
2018-12-17 12:22:10,436 - INFO - opti_instance - opti_loop : Preparations complete
2018-12-17 12:22:10,436 - INFO - opti_instance - opti_loop : Waiting for figure of merit evaluation...
2018-12-17 12:22:10,805 - INFO - opti_instance - opti_loop : Figure of merit recieved
2018-12-17 12:22:10,805 - INFO - opti_instance - opti_loop : Checking server status
2018-12-17 12:22:10,921 - INFO - opti_instance - opti_loop : Status checked successfully
2018-12-17 12:22:10,921 - INFO - opti_instance - opti_loop : Sending figure of merit to server
2018-12-17 12:22:11,239 - WARNING - remote_module - _file_put: OSError: Local file: D:\Work\Redcrab\RedCRAB_Client\bin\..\exchange\exchangejob24\Msg_u.txt or the folder to which the file: ./RedCRAB/exchange/exchangejob24/Msg_u.txt is to be transferred does not exist, exit code 3
2018-12-17 12:22:11,239 - WARNING - remote_module - file_put: OSError while calling _file_put in try: 1/3
2018-12-17 12:22:11,328 - INFO - remote_module - file_put: And file: ./RedCRAB/exchange/exchangejob24/Msg_u.txt does not exist (this is okay, as transmission raised an error).
2018-12-17 12:22:11,640 - INFO - opti_instance - opti_loop : Figure of merit was sent
2018-12-17 12:22:11,640 - INFO - opti_instance - opti_loop : Checking if figure of merit record is reached
2018-12-17 12:22:12,025 - INFO - opti_instance - opti_loop : Record not reached 
2018-12-17 12:22:12,079 - INFO - opti_instance - opti_loop : Waiting for pulse update...
2018-12-17 12:22:12,141 - INFO - opti_instance - _check_server_message : New server message
2018-12-17 12:22:12,380 - INFO - opti_instance - _read_server_message : Superiteration: 6, NM iteration: 0, NM function evaluation: 2, Total function evaluations: 22
2018-12-17 12:22:12,380 - INFO - opti_instance - opti_loop : Pulse updated
2018-12-17 12:22:12,380 - INFO - opti_instance - opti_loop : Downloading pulse...
2018-12-17 12:22:12,595 - INFO - opti_instance - opti_loop : Pulse downloaded
2018-12-17 12:22:12,595 - INFO - opti_instance - opti_loop : Preparing figure of merit evaluation...
2018-12-17 12:22:12,680 - ERROR - opti_instance - _check_for_user_message : Error: User message still exists, when it should not. Count = 1
2018-12-17 12:22:12,726 - ERROR - opti_instance - _check_for_user_message : Error: User message still exists, when it should not. Count = 2
2018-12-17 12:22:12,809 - INFO - opti_instance - opti_loop : Preparations complete
2018-12-17 12:22:12,809 - INFO - opti_instance - opti_loop : Waiting for figure of merit evaluation...
2018-12-17 12:22:13,150 - INFO - opti_instance - opti_loop : Figure of merit recieved
2018-12-17 12:22:13,151 - INFO - opti_instance - opti_loop : Checking server status
2018-12-17 12:22:13,266 - INFO - opti_instance - opti_loop : Status checked successfully
2018-12-17 12:22:13,266 - INFO - opti_instance - opti_loop : Sending figure of merit to server
2018-12-17 12:22:13,567 - INFO - opti_instance - opti_loop : Figure of merit was sent
2018-12-17 12:22:13,567 - INFO - opti_instance - opti_loop : Checking if figure of merit record is reached
2018-12-17 12:22:13,614 - WARNING - remote_module - _re_exists: OSError: ./RedCRAB/exchange/exchangejob24/fom_record.txt does not exist, exit code -3
2018-12-17 12:22:14,084 - INFO - opti_instance - opti_loop : Record not reached 
2018-12-17 12:22:14,115 - INFO - opti_instance - opti_loop : Waiting for pulse update...
2018-12-17 12:22:14,185 - INFO - opti_instance - _check_server_message : New server message
2018-12-17 12:22:14,417 - INFO - opti_instance - _read_server_message : Superiteration: 6, NM iteration: 0, NM function evaluation: 3, Total function evaluations: 23
2018-12-17 12:22:14,417 - INFO - opti_instance - opti_loop : Pulse updated
2018-12-17 12:22:14,417 - INFO - opti_instance - opti_loop : Downloading pulse...
2018-12-17 12:22:14,633 - INFO - opti_instance - opti_loop : Pulse downloaded
2018-12-17 12:22:14,633 - INFO - opti_instance - opti_loop : Preparing figure of merit evaluation...
2018-12-17 12:22:14,765 - INFO - opti_instance - opti_loop : Preparations complete
2018-12-17 12:22:14,765 - INFO - opti_instance - opti_loop : Waiting for figure of merit evaluation...
2018-12-17 12:22:15,115 - INFO - opti_instance - opti_loop : Figure of merit recieved
2018-12-17 12:22:15,115 - INFO - opti_instance - opti_loop : Checking server status
2018-12-17 12:22:15,251 - INFO - opti_instance - opti_loop : Status checked successfully
2018-12-17 12:22:15,251 - INFO - opti_instance - opti_loop : Sending figure of merit to server
2018-12-17 12:22:15,573 - INFO - opti_instance - opti_loop : Figure of merit was sent
2018-12-17 12:22:15,573 - INFO - opti_instance - opti_loop : Checking if figure of merit record is reached
2018-12-17 12:22:15,605 - WARNING - remote_module - _re_exists: OSError: ./RedCRAB/exchange/exchangejob24/fom_record.txt does not exist, exit code -3
2018-12-17 12:22:16,074 - INFO - opti_instance - opti_loop : Record not reached 
2018-12-17 12:22:16,106 - INFO - opti_instance - opti_loop : Waiting for pulse update...
2018-12-17 12:22:16,172 - INFO - opti_instance - _check_server_message : New server message
2018-12-17 12:22:16,406 - INFO - opti_instance - _read_server_message : Superiteration: 6, NM iteration: 0, NM function evaluation: 4, Total function evaluations: 24
2018-12-17 12:22:16,406 - INFO - opti_instance - opti_loop : Pulse updated
2018-12-17 12:22:16,406 - INFO - opti_instance - opti_loop : Downloading pulse...
2018-12-17 12:22:16,622 - INFO - opti_instance - opti_loop : Pulse downloaded
2018-12-17 12:22:16,622 - INFO - opti_instance - opti_loop : Preparing figure of merit evaluation...
2018-12-17 12:22:16,756 - INFO - opti_instance - opti_loop : Preparations complete
2018-12-17 12:22:16,757 - INFO - opti_instance - opti_loop : Waiting for figure of merit evaluation...
2018-12-17 12:22:17,107 - INFO - opti_instance - opti_loop : Figure of merit recieved
2018-12-17 12:22:17,107 - INFO - opti_instance - opti_loop : Checking server status
2018-12-17 12:22:17,238 - INFO - opti_instance - opti_loop : Status checked successfully
2018-12-17 12:22:17,238 - INFO - opti_instance - opti_loop : Sending figure of merit to server
2018-12-17 12:22:17,555 - INFO - opti_instance - opti_loop : Figure of merit was sent
2018-12-17 12:22:17,562 - INFO - opti_instance - opti_loop : Checking if figure of merit record is reached
2018-12-17 12:22:17,594 - WARNING - remote_module - _re_exists: OSError: ./RedCRAB/exchange/exchangejob24/fom_record.txt does not exist, exit code -3
2018-12-17 12:22:17,740 - WARNING - remote_module - _re_exists: OSError: ./RedCRAB/exchange/exchangejob24/fom_record.txt does not exist, exit code -3
2018-12-17 12:22:18,226 - INFO - opti_instance - opti_loop : Record not reached 
2018-12-17 12:22:18,242 - INFO - opti_instance - opti_loop : Waiting for pulse update...
2018-12-17 12:22:18,311 - INFO - opti_instance - _check_server_message : New server message
2018-12-17 12:22:18,559 - INFO - opti_instance - _read_server_message : Superiteration: 7, NM iteration: 0, NM function evaluation: 1, Total function evaluations: 25
2018-12-17 12:22:18,559 - INFO - opti_instance - opti_loop : Pulse updated
2018-12-17 12:22:18,562 - INFO - opti_instance - opti_loop : Downloading pulse...
2018-12-17 12:22:18,780 - INFO - opti_instance - opti_loop : Pulse downloaded
2018-12-17 12:22:18,780 - INFO - opti_instance - opti_loop : Preparing figure of merit evaluation...
2018-12-17 12:22:18,911 - INFO - opti_instance - opti_loop : Preparations complete
2018-12-17 12:22:18,911 - INFO - opti_instance - opti_loop : Waiting for figure of merit evaluation...
2018-12-17 12:22:19,281 - INFO - opti_instance - opti_loop : Figure of merit recieved
2018-12-17 12:22:19,281 - INFO - opti_instance - opti_loop : Checking server status
2018-12-17 12:22:19,413 - INFO - opti_instance - opti_loop : Status checked successfully
2018-12-17 12:22:19,413 - INFO - opti_instance - opti_loop : Sending figure of merit to server
2018-12-17 12:22:19,714 - INFO - opti_instance - opti_loop : Figure of merit was sent
2018-12-17 12:22:19,714 - INFO - opti_instance - opti_loop : Checking if figure of merit record is reached
2018-12-17 12:22:19,745 - WARNING - remote_module - _re_exists: OSError: ./RedCRAB/exchange/exchangejob24/fom_record.txt does not exist, exit code -3
2018-12-17 12:22:20,231 - INFO - opti_instance - opti_loop : Record not reached 
2018-12-17 12:22:20,262 - INFO - opti_instance - opti_loop : Waiting for pulse update...
2018-12-17 12:22:20,331 - INFO - opti_instance - _check_server_message : New server message
2018-12-17 12:22:20,563 - INFO - opti_instance - _read_server_message : Superiteration: 7, NM iteration: 0, NM function evaluation: 2, Total function evaluations: 26
2018-12-17 12:22:20,563 - INFO - opti_instance - opti_loop : Pulse updated
2018-12-17 12:22:20,563 - INFO - opti_instance - opti_loop : Downloading pulse...
2018-12-17 12:22:20,770 - INFO - opti_instance - opti_loop : Pulse downloaded
2018-12-17 12:22:20,770 - INFO - opti_instance - opti_loop : Preparing figure of merit evaluation...
2018-12-17 12:22:20,918 - INFO - opti_instance - opti_loop : Preparations complete
2018-12-17 12:22:20,918 - INFO - opti_instance - opti_loop : Waiting for figure of merit evaluation...
2018-12-17 12:22:21,282 - INFO - opti_instance - opti_loop : Figure of merit recieved
2018-12-17 12:22:21,282 - INFO - opti_instance - opti_loop : Checking server status
2018-12-17 12:22:21,398 - INFO - opti_instance - opti_loop : Status checked successfully
2018-12-17 12:22:21,398 - INFO - opti_instance - opti_loop : Sending figure of merit to server
2018-12-17 12:22:21,683 - WARNING - remote_module - _file_put: OSError: Local file: D:\Work\Redcrab\RedCRAB_Client\bin\..\exchange\exchangejob24\Msg_u.txt or the folder to which the file: ./RedCRAB/exchange/exchangejob24/Msg_u.txt is to be transferred does not exist, exit code 3
2018-12-17 12:22:21,683 - WARNING - remote_module - file_put: OSError while calling _file_put in try: 1/3
2018-12-17 12:22:21,776 - INFO - remote_module - file_put: And file: ./RedCRAB/exchange/exchangejob24/Msg_u.txt does not exist (this is okay, as transmission raised an error).
2018-12-17 12:22:22,077 - INFO - opti_instance - opti_loop : Figure of merit was sent
2018-12-17 12:22:22,077 - INFO - opti_instance - opti_loop : Checking if figure of merit record is reached
2018-12-17 12:22:22,448 - INFO - opti_instance - opti_loop : Record not reached 
2018-12-17 12:22:22,479 - INFO - opti_instance - opti_loop : Waiting for pulse update...
2018-12-17 12:22:22,547 - INFO - opti_instance - _check_server_message : New server message
2018-12-17 12:22:22,763 - INFO - opti_instance - _read_server_message : Superiteration: 7, NM iteration: 0, NM function evaluation: 3, Total function evaluations: 27
2018-12-17 12:22:22,763 - INFO - opti_instance - opti_loop : Pulse updated
2018-12-17 12:22:22,763 - INFO - opti_instance - opti_loop : Downloading pulse...
2018-12-17 12:22:22,965 - INFO - opti_instance - opti_loop : Pulse downloaded
2018-12-17 12:22:22,965 - INFO - opti_instance - opti_loop : Preparing figure of merit evaluation...
2018-12-17 12:22:23,065 - ERROR - opti_instance - _check_for_user_message : Error: User message still exists, when it should not. Count = 1
2018-12-17 12:22:23,119 - ERROR - opti_instance - _check_for_user_message : Error: User message still exists, when it should not. Count = 2
2018-12-17 12:22:23,165 - ERROR - opti_instance - _check_for_user_message : Error: User message still exists, when it should not. Count = 3
2018-12-17 12:22:23,250 - INFO - opti_instance - opti_loop : Preparations complete
2018-12-17 12:22:23,250 - INFO - opti_instance - opti_loop : Waiting for figure of merit evaluation...
2018-12-17 12:22:23,621 - INFO - opti_instance - opti_loop : Figure of merit recieved
2018-12-17 12:22:23,621 - INFO - opti_instance - opti_loop : Checking server status
2018-12-17 12:22:23,752 - INFO - opti_instance - opti_loop : Status checked successfully
2018-12-17 12:22:23,752 - INFO - opti_instance - opti_loop : Sending figure of merit to server
2018-12-17 12:22:24,053 - INFO - opti_instance - opti_loop : Figure of merit was sent
2018-12-17 12:22:24,053 - INFO - opti_instance - opti_loop : Checking if figure of merit record is reached
2018-12-17 12:22:24,424 - INFO - opti_instance - opti_loop : Record not reached 
2018-12-17 12:22:24,471 - INFO - opti_instance - opti_loop : Waiting for pulse update...
2018-12-17 12:22:24,524 - INFO - opti_instance - _check_server_message : New server message
2018-12-17 12:22:24,756 - INFO - opti_instance - _read_server_message : Superiteration: 7, NM iteration: 0, NM function evaluation: 4, Total function evaluations: 28
2018-12-17 12:22:24,756 - INFO - opti_instance - opti_loop : Pulse updated
2018-12-17 12:22:24,756 - INFO - opti_instance - opti_loop : Downloading pulse...
2018-12-17 12:22:24,957 - INFO - opti_instance - opti_loop : Pulse downloaded
2018-12-17 12:22:24,957 - INFO - opti_instance - opti_loop : Preparing figure of merit evaluation...
2018-12-17 12:22:25,088 - INFO - opti_instance - opti_loop : Preparations complete
2018-12-17 12:22:25,088 - INFO - opti_instance - opti_loop : Waiting for figure of merit evaluation...
2018-12-17 12:22:25,427 - INFO - opti_instance - opti_loop : Figure of merit recieved
2018-12-17 12:22:25,427 - INFO - opti_instance - opti_loop : Checking server status
2018-12-17 12:22:25,558 - INFO - opti_instance - opti_loop : Status checked successfully
2018-12-17 12:22:25,558 - INFO - opti_instance - opti_loop : Sending figure of merit to server
2018-12-17 12:22:25,853 - INFO - opti_instance - opti_loop : Figure of merit was sent
2018-12-17 12:22:25,868 - INFO - opti_instance - opti_loop : Checking if figure of merit record is reached
2018-12-17 12:22:26,213 - INFO - opti_instance - opti_loop : Record not reached 
2018-12-17 12:22:26,244 - INFO - opti_instance - opti_loop : Waiting for pulse update...
2018-12-17 12:22:26,307 - INFO - opti_instance - _check_server_message : New server message
2018-12-17 12:22:26,530 - INFO - opti_instance - _read_server_message : Superiteration: 8, NM iteration: 0, NM function evaluation: 1, Total function evaluations: 29
2018-12-17 12:22:26,530 - INFO - opti_instance - opti_loop : Pulse updated
2018-12-17 12:22:26,530 - INFO - opti_instance - opti_loop : Downloading pulse...
2018-12-17 12:22:26,730 - INFO - opti_instance - opti_loop : Pulse downloaded
2018-12-17 12:22:26,730 - INFO - opti_instance - opti_loop : Preparing figure of merit evaluation...
2018-12-17 12:22:26,862 - INFO - opti_instance - opti_loop : Preparations complete
2018-12-17 12:22:26,862 - INFO - opti_instance - opti_loop : Waiting for figure of merit evaluation...
2018-12-17 12:22:27,238 - INFO - opti_instance - opti_loop : Figure of merit recieved
2018-12-17 12:22:27,238 - INFO - opti_instance - opti_loop : Checking server status
2018-12-17 12:22:27,358 - INFO - opti_instance - opti_loop : Status checked successfully
2018-12-17 12:22:27,358 - INFO - opti_instance - opti_loop : Sending figure of merit to server
2018-12-17 12:22:27,659 - WARNING - remote_module - _file_put: OSError: Local file: D:\Work\Redcrab\RedCRAB_Client\bin\..\exchange\exchangejob24\Msg_u.txt or the folder to which the file: ./RedCRAB/exchange/exchangejob24/Msg_u.txt is to be transferred does not exist, exit code 3
2018-12-17 12:22:27,659 - WARNING - remote_module - file_put: OSError while calling _file_put in try: 1/3
2018-12-17 12:22:27,743 - INFO - remote_module - file_put: And file: ./RedCRAB/exchange/exchangejob24/Msg_u.txt does not exist (this is okay, as transmission raised an error).
2018-12-17 12:22:28,060 - INFO - opti_instance - opti_loop : Figure of merit was sent
2018-12-17 12:22:28,060 - INFO - opti_instance - opti_loop : Checking if figure of merit record is reached
2018-12-17 12:22:28,430 - INFO - opti_instance - opti_loop : Record not reached 
2018-12-17 12:22:28,462 - INFO - opti_instance - opti_loop : Waiting for pulse update...
2018-12-17 12:22:28,531 - INFO - opti_instance - _check_server_message : New server message
2018-12-17 12:22:28,762 - INFO - opti_instance - _read_server_message : Superiteration: 8, NM iteration: 0, NM function evaluation: 2, Total function evaluations: 30
2018-12-17 12:22:28,762 - INFO - opti_instance - opti_loop : Pulse updated
2018-12-17 12:22:28,762 - INFO - opti_instance - opti_loop : Downloading pulse...
2018-12-17 12:22:28,962 - INFO - opti_instance - opti_loop : Pulse downloaded
2018-12-17 12:22:28,962 - INFO - opti_instance - opti_loop : Preparing figure of merit evaluation...
2018-12-17 12:22:29,063 - ERROR - opti_instance - _check_for_user_message : Error: User message still exists, when it should not. Count = 1
2018-12-17 12:22:29,116 - ERROR - opti_instance - _check_for_user_message : Error: User message still exists, when it should not. Count = 2
2018-12-17 12:22:29,163 - ERROR - opti_instance - _check_for_user_message : Error: User message still exists, when it should not. Count = 3
2018-12-17 12:22:29,248 - INFO - opti_instance - opti_loop : Preparations complete
2018-12-17 12:22:29,248 - INFO - opti_instance - opti_loop : Waiting for figure of merit evaluation...
2018-12-17 12:22:29,621 - INFO - opti_instance - opti_loop : Figure of merit recieved
2018-12-17 12:22:29,621 - INFO - opti_instance - opti_loop : Checking server status
2018-12-17 12:22:29,743 - INFO - opti_instance - opti_loop : Status checked successfully
2018-12-17 12:22:29,743 - INFO - opti_instance - opti_loop : Sending figure of merit to server
2018-12-17 12:22:30,046 - INFO - opti_instance - opti_loop : Figure of merit was sent
2018-12-17 12:22:30,047 - INFO - opti_instance - opti_loop : Checking if figure of merit record is reached
2018-12-17 12:22:30,407 - INFO - opti_instance - opti_loop : Record not reached 
2018-12-17 12:22:30,422 - INFO - opti_instance - opti_loop : Waiting for pulse update...
2018-12-17 12:22:30,476 - INFO - opti_instance - _check_server_message : New server message
2018-12-17 12:22:30,720 - INFO - opti_instance - _read_server_message : Superiteration: 8, NM iteration: 0, NM function evaluation: 3, Total function evaluations: 31
2018-12-17 12:22:30,720 - INFO - opti_instance - opti_loop : Pulse updated
2018-12-17 12:22:30,720 - INFO - opti_instance - opti_loop : Downloading pulse...
2018-12-17 12:22:30,908 - INFO - opti_instance - opti_loop : Pulse downloaded
2018-12-17 12:22:30,924 - INFO - opti_instance - opti_loop : Preparing figure of merit evaluation...
2018-12-17 12:22:31,040 - INFO - opti_instance - opti_loop : Preparations complete
2018-12-17 12:22:31,046 - INFO - opti_instance - opti_loop : Waiting for figure of merit evaluation...
2018-12-17 12:22:31,425 - INFO - opti_instance - opti_loop : Figure of merit recieved
2018-12-17 12:22:31,425 - INFO - opti_instance - opti_loop : Checking server status
2018-12-17 12:22:31,542 - INFO - opti_instance - opti_loop : Status checked successfully
2018-12-17 12:22:31,542 - INFO - opti_instance - opti_loop : Sending figure of merit to server
2018-12-17 12:22:31,836 - INFO - opti_instance - opti_loop : Figure of merit was sent
2018-12-17 12:22:31,837 - INFO - opti_instance - opti_loop : Checking if figure of merit record is reached
2018-12-17 12:22:32,197 - INFO - opti_instance - opti_loop : Record not reached 
2018-12-17 12:22:32,228 - INFO - opti_instance - opti_loop : Waiting for pulse update...
2018-12-17 12:22:32,297 - INFO - opti_instance - _check_server_message : New server message
2018-12-17 12:22:32,527 - INFO - opti_instance - _read_server_message : Superiteration: 8, NM iteration: 0, NM function evaluation: 4, Total function evaluations: 32
2018-12-17 12:22:32,527 - INFO - opti_instance - opti_loop : Pulse updated
2018-12-17 12:22:32,527 - INFO - opti_instance - opti_loop : Downloading pulse...
2018-12-17 12:22:32,730 - INFO - opti_instance - opti_loop : Pulse downloaded
2018-12-17 12:22:32,730 - INFO - opti_instance - opti_loop : Preparing figure of merit evaluation...
2018-12-17 12:22:32,852 - INFO - opti_instance - opti_loop : Preparations complete
2018-12-17 12:22:32,868 - INFO - opti_instance - opti_loop : Waiting for figure of merit evaluation...
2018-12-17 12:22:33,217 - INFO - opti_instance - opti_loop : Figure of merit recieved
2018-12-17 12:22:33,217 - INFO - opti_instance - opti_loop : Checking server status
2018-12-17 12:22:33,349 - INFO - opti_instance - opti_loop : Status checked successfully
2018-12-17 12:22:33,355 - INFO - opti_instance - opti_loop : Sending figure of merit to server
2018-12-17 12:22:33,656 - WARNING - remote_module - _file_put: OSError: Local file: D:\Work\Redcrab\RedCRAB_Client\bin\..\exchange\exchangejob24\Msg_u.txt or the folder to which the file: ./RedCRAB/exchange/exchangejob24/Msg_u.txt is to be transferred does not exist, exit code 3
2018-12-17 12:22:33,656 - WARNING - remote_module - file_put: OSError while calling _file_put in try: 1/3
2018-12-17 12:22:33,734 - INFO - remote_module - file_put: And file: ./RedCRAB/exchange/exchangejob24/Msg_u.txt does not exist (this is okay, as transmission raised an error).
2018-12-17 12:22:34,051 - INFO - opti_instance - opti_loop : Figure of merit was sent
2018-12-17 12:22:34,057 - INFO - opti_instance - opti_loop : Checking if figure of merit record is reached
2018-12-17 12:22:34,422 - INFO - opti_instance - opti_loop : Record not reached 
2018-12-17 12:22:34,438 - INFO - opti_instance - opti_loop : Waiting for pulse update...
2018-12-17 12:22:34,491 - INFO - opti_instance - _check_server_message : New server message
2018-12-17 12:22:34,723 - INFO - opti_instance - _read_server_message : Superiteration: 9, NM iteration: 0, NM function evaluation: 1, Total function evaluations: 33
2018-12-17 12:22:34,723 - INFO - opti_instance - opti_loop : Pulse updated
2018-12-17 12:22:34,723 - INFO - opti_instance - opti_loop : Downloading pulse...
2018-12-17 12:22:34,925 - INFO - opti_instance - opti_loop : Pulse downloaded
2018-12-17 12:22:34,925 - INFO - opti_instance - opti_loop : Preparing figure of merit evaluation...
2018-12-17 12:22:35,025 - ERROR - opti_instance - _check_for_user_message : Error: User message still exists, when it should not. Count = 1
2018-12-17 12:22:35,079 - ERROR - opti_instance - _check_for_user_message : Error: User message still exists, when it should not. Count = 2
2018-12-17 12:22:35,126 - ERROR - opti_instance - _check_for_user_message : Error: User message still exists, when it should not. Count = 3
2018-12-17 12:22:35,180 - ERROR - opti_instance - _check_for_user_message : Error: User message still exists, when it should not. Count = 4
2018-12-17 12:22:35,257 - INFO - opti_instance - opti_loop : Preparations complete
2018-12-17 12:22:35,257 - INFO - opti_instance - opti_loop : Waiting for figure of merit evaluation...
2018-12-17 12:22:35,620 - INFO - opti_instance - opti_loop : Figure of merit recieved
2018-12-17 12:22:35,620 - INFO - opti_instance - opti_loop : Checking server status
2018-12-17 12:22:35,754 - INFO - opti_instance - opti_loop : Status checked successfully
2018-12-17 12:22:35,754 - INFO - opti_instance - opti_loop : Sending figure of merit to server
2018-12-17 12:22:36,070 - INFO - opti_instance - opti_loop : Figure of merit was sent
2018-12-17 12:22:36,073 - INFO - opti_instance - opti_loop : Checking if figure of merit record is reached
2018-12-17 12:22:36,423 - INFO - opti_instance - opti_loop : Record not reached 
2018-12-17 12:22:36,471 - INFO - opti_instance - opti_loop : Waiting for pulse update...
2018-12-17 12:22:36,524 - INFO - opti_instance - _check_server_message : New server message
2018-12-17 12:22:36,755 - INFO - opti_instance - _read_server_message : Superiteration: 9, NM iteration: 0, NM function evaluation: 2, Total function evaluations: 34
2018-12-17 12:22:36,755 - INFO - opti_instance - opti_loop : Pulse updated
2018-12-17 12:22:36,755 - INFO - opti_instance - opti_loop : Downloading pulse...
2018-12-17 12:22:36,956 - INFO - opti_instance - opti_loop : Pulse downloaded
2018-12-17 12:22:36,972 - INFO - opti_instance - opti_loop : Preparing figure of merit evaluation...
2018-12-17 12:22:37,088 - INFO - opti_instance - opti_loop : Preparations complete
2018-12-17 12:22:37,088 - INFO - opti_instance - opti_loop : Waiting for figure of merit evaluation...
2018-12-17 12:22:37,450 - INFO - opti_instance - opti_loop : Figure of merit recieved
2018-12-17 12:22:37,451 - INFO - opti_instance - opti_loop : Checking server status
2018-12-17 12:22:37,574 - INFO - opti_instance - opti_loop : Status checked successfully
2018-12-17 12:22:37,574 - INFO - opti_instance - opti_loop : Sending figure of merit to server
2018-12-17 12:22:37,870 - INFO - opti_instance - opti_loop : Figure of merit was sent
2018-12-17 12:22:37,870 - INFO - opti_instance - opti_loop : Checking if figure of merit record is reached
2018-12-17 12:22:38,229 - INFO - opti_instance - opti_loop : Record not reached 
2018-12-17 12:22:38,277 - INFO - opti_instance - opti_loop : Waiting for pulse update...
2018-12-17 12:22:38,330 - INFO - opti_instance - _check_server_message : New server message
2018-12-17 12:22:38,562 - INFO - opti_instance - _read_server_message : Superiteration: 9, NM iteration: 0, NM function evaluation: 3, Total function evaluations: 35
2018-12-17 12:22:38,562 - INFO - opti_instance - opti_loop : Pulse updated
2018-12-17 12:22:38,562 - INFO - opti_instance - opti_loop : Downloading pulse...
2018-12-17 12:22:38,763 - INFO - opti_instance - opti_loop : Pulse downloaded
2018-12-17 12:22:38,763 - INFO - opti_instance - opti_loop : Preparing figure of merit evaluation...
2018-12-17 12:22:38,894 - INFO - opti_instance - opti_loop : Preparations complete
2018-12-17 12:22:38,894 - INFO - opti_instance - opti_loop : Waiting for figure of merit evaluation...
2018-12-17 12:22:39,264 - INFO - opti_instance - opti_loop : Figure of merit recieved
2018-12-17 12:22:39,264 - INFO - opti_instance - opti_loop : Checking server status
2018-12-17 12:22:39,378 - INFO - opti_instance - opti_loop : Status checked successfully
2018-12-17 12:22:39,378 - INFO - opti_instance - opti_loop : Sending figure of merit to server
2018-12-17 12:22:39,670 - WARNING - remote_module - _file_put: OSError: Local file: D:\Work\Redcrab\RedCRAB_Client\bin\..\exchange\exchangejob24\Msg_u.txt or the folder to which the file: ./RedCRAB/exchange/exchangejob24/Msg_u.txt is to be transferred does not exist, exit code 3
2018-12-17 12:22:39,670 - WARNING - remote_module - file_put: OSError while calling _file_put in try: 1/3
2018-12-17 12:22:39,767 - INFO - remote_module - file_put: And file: ./RedCRAB/exchange/exchangejob24/Msg_u.txt does not exist (this is okay, as transmission raised an error).
2018-12-17 12:22:40,084 - INFO - opti_instance - opti_loop : Figure of merit was sent
2018-12-17 12:22:40,090 - INFO - opti_instance - opti_loop : Checking if figure of merit record is reached
2018-12-17 12:22:40,454 - INFO - opti_instance - opti_loop : Record not reached 
2018-12-17 12:22:40,486 - INFO - opti_instance - opti_loop : Waiting for pulse update...
2018-12-17 12:22:40,555 - INFO - opti_instance - _check_server_message : New server message
2018-12-17 12:22:40,771 - INFO - opti_instance - _read_server_message : Superiteration: 9, NM iteration: 0, NM function evaluation: 4, Total function evaluations: 36
2018-12-17 12:22:40,771 - INFO - opti_instance - opti_loop : Pulse updated
2018-12-17 12:22:40,771 - INFO - opti_instance - opti_loop : Downloading pulse...
2018-12-17 12:22:40,987 - INFO - opti_instance - opti_loop : Pulse downloaded
2018-12-17 12:22:40,987 - INFO - opti_instance - opti_loop : Preparing figure of merit evaluation...
2018-12-17 12:22:41,072 - ERROR - opti_instance - _check_for_user_message : Error: User message still exists, when it should not. Count = 1
2018-12-17 12:22:41,125 - ERROR - opti_instance - _check_for_user_message : Error: User message still exists, when it should not. Count = 2
2018-12-17 12:22:41,172 - ERROR - opti_instance - _check_for_user_message : Error: User message still exists, when it should not. Count = 3
2018-12-17 12:22:41,257 - INFO - opti_instance - opti_loop : Preparations complete
2018-12-17 12:22:41,257 - INFO - opti_instance - opti_loop : Waiting for figure of merit evaluation...
2018-12-17 12:22:41,620 - INFO - opti_instance - opti_loop : Figure of merit recieved
2018-12-17 12:22:41,622 - INFO - opti_instance - opti_loop : Checking server status
2018-12-17 12:22:41,755 - INFO - opti_instance - opti_loop : Status checked successfully
2018-12-17 12:22:41,755 - INFO - opti_instance - opti_loop : Sending figure of merit to server
2018-12-17 12:22:42,067 - INFO - opti_instance - opti_loop : Figure of merit was sent
2018-12-17 12:22:42,070 - INFO - opti_instance - opti_loop : Checking if figure of merit record is reached
2018-12-17 12:22:42,426 - INFO - opti_instance - opti_loop : Record not reached 
2018-12-17 12:22:42,472 - INFO - opti_instance - opti_loop : Waiting for pulse update...
2018-12-17 12:22:42,526 - INFO - opti_instance - _check_server_message : New server message
2018-12-17 12:22:42,757 - INFO - opti_instance - _read_server_message : Superiteration: 10, NM iteration: 0, NM function evaluation: 1, Total function evaluations: 37
2018-12-17 12:22:42,757 - INFO - opti_instance - opti_loop : Pulse updated
2018-12-17 12:22:42,757 - INFO - opti_instance - opti_loop : Downloading pulse...
2018-12-17 12:22:42,958 - INFO - opti_instance - opti_loop : Pulse downloaded
2018-12-17 12:22:42,958 - INFO - opti_instance - opti_loop : Preparing figure of merit evaluation...
2018-12-17 12:22:43,090 - INFO - opti_instance - opti_loop : Preparations complete
2018-12-17 12:22:43,090 - INFO - opti_instance - opti_loop : Waiting for figure of merit evaluation...
2018-12-17 12:22:43,468 - INFO - opti_instance - opti_loop : Figure of merit recieved
2018-12-17 12:22:43,468 - INFO - opti_instance - opti_loop : Checking server status
2018-12-17 12:22:43,583 - INFO - opti_instance - opti_loop : Status checked successfully
2018-12-17 12:22:43,583 - INFO - opti_instance - opti_loop : Sending figure of merit to server
2018-12-17 12:22:43,895 - WARNING - remote_module - _file_put: OSError: Local file: D:\Work\Redcrab\RedCRAB_Client\bin\..\exchange\exchangejob24\Msg_u.txt or the folder to which the file: ./RedCRAB/exchange/exchangejob24/Msg_u.txt is to be transferred does not exist, exit code 3
2018-12-17 12:22:43,896 - WARNING - remote_module - file_put: OSError while calling _file_put in try: 1/3
2018-12-17 12:22:43,982 - INFO - remote_module - file_put: And file: ./RedCRAB/exchange/exchangejob24/Msg_u.txt does not exist (this is okay, as transmission raised an error).
2018-12-17 12:22:44,294 - INFO - opti_instance - opti_loop : Figure of merit was sent
2018-12-17 12:22:44,300 - INFO - opti_instance - opti_loop : Checking if figure of merit record is reached
2018-12-17 12:22:44,664 - INFO - opti_instance - opti_loop : Record not reached 
2018-12-17 12:22:44,695 - INFO - opti_instance - opti_loop : Waiting for pulse update...
2018-12-17 12:22:44,764 - INFO - opti_instance - _check_server_message : New server message
2018-12-17 12:22:44,996 - INFO - opti_instance - _read_server_message : Superiteration: 10, NM iteration: 0, NM function evaluation: 2, Total function evaluations: 38
2018-12-17 12:22:44,996 - INFO - opti_instance - opti_loop : Pulse updated
2018-12-17 12:22:44,996 - INFO - opti_instance - opti_loop : Downloading pulse...
2018-12-17 12:22:45,203 - INFO - opti_instance - opti_loop : Pulse downloaded
2018-12-17 12:22:45,203 - INFO - opti_instance - opti_loop : Preparing figure of merit evaluation...
2018-12-17 12:22:45,297 - ERROR - opti_instance - _check_for_user_message : Error: User message still exists, when it should not. Count = 1
2018-12-17 12:22:45,350 - ERROR - opti_instance - _check_for_user_message : Error: User message still exists, when it should not. Count = 2
2018-12-17 12:22:45,397 - ERROR - opti_instance - _check_for_user_message : Error: User message still exists, when it should not. Count = 3
2018-12-17 12:22:45,482 - INFO - opti_instance - opti_loop : Preparations complete
2018-12-17 12:22:45,482 - INFO - opti_instance - opti_loop : Waiting for figure of merit evaluation...
2018-12-17 12:22:45,852 - INFO - opti_instance - opti_loop : Figure of merit recieved
2018-12-17 12:22:45,852 - INFO - opti_instance - opti_loop : Checking server status
2018-12-17 12:22:45,968 - INFO - opti_instance - opti_loop : Status checked successfully
2018-12-17 12:22:45,968 - INFO - opti_instance - opti_loop : Sending figure of merit to server
2018-12-17 12:22:46,253 - INFO - opti_instance - opti_loop : Figure of merit was sent
2018-12-17 12:22:46,253 - INFO - opti_instance - opti_loop : Checking if figure of merit record is reached
2018-12-17 12:22:46,294 - WARNING - remote_module - _re_exists: OSError: ./RedCRAB/exchange/exchangejob24/fom_record.txt does not exist, exit code -3
2018-12-17 12:22:46,756 - INFO - opti_instance - opti_loop : Record not reached 
2018-12-17 12:22:46,787 - INFO - opti_instance - opti_loop : Waiting for pulse update...
2018-12-17 12:22:46,841 - INFO - opti_instance - _check_server_message : New server message
2018-12-17 12:22:47,088 - INFO - opti_instance - _read_server_message : Superiteration: 10, NM iteration: 0, NM function evaluation: 3, Total function evaluations: 39
2018-12-17 12:22:47,088 - INFO - opti_instance - opti_loop : Pulse updated
2018-12-17 12:22:47,088 - INFO - opti_instance - opti_loop : Downloading pulse...
2018-12-17 12:22:47,289 - INFO - opti_instance - opti_loop : Pulse downloaded
2018-12-17 12:22:47,289 - INFO - opti_instance - opti_loop : Preparing figure of merit evaluation...
2018-12-17 12:22:47,411 - INFO - opti_instance - opti_loop : Preparations complete
2018-12-17 12:22:47,427 - INFO - opti_instance - opti_loop : Waiting for figure of merit evaluation...
2018-12-17 12:22:47,786 - INFO - opti_instance - opti_loop : Figure of merit recieved
2018-12-17 12:22:47,788 - INFO - opti_instance - opti_loop : Checking server status
2018-12-17 12:22:47,900 - INFO - opti_instance - opti_loop : Status checked successfully
2018-12-17 12:22:47,900 - INFO - opti_instance - opti_loop : Sending figure of merit to server
2018-12-17 12:22:48,180 - INFO - opti_instance - opti_loop : Figure of merit was sent
2018-12-17 12:22:48,180 - INFO - opti_instance - opti_loop : Checking if figure of merit record is reached
2018-12-17 12:22:48,219 - WARNING - remote_module - _re_exists: OSError: ./RedCRAB/exchange/exchangejob24/fom_record.txt does not exist, exit code -3
2018-12-17 12:22:48,366 - WARNING - remote_module - _re_exists: OSError: ./RedCRAB/exchange/exchangejob24/fom_record.txt does not exist, exit code -3
2018-12-17 12:22:48,821 - INFO - opti_instance - opti_loop : Record not reached 
2018-12-17 12:22:48,852 - INFO - opti_instance - opti_loop : Waiting for pulse update...
2018-12-17 12:22:48,915 - INFO - opti_instance - _check_server_message : New server message
2018-12-17 12:22:49,138 - INFO - opti_instance - _read_server_message : Superiteration: 10, NM iteration: 0, NM function evaluation: 4, Total function evaluations: 40
2018-12-17 12:22:49,138 - INFO - opti_instance - opti_loop : Pulse updated
2018-12-17 12:22:49,138 - INFO - opti_instance - opti_loop : Downloading pulse...
2018-12-17 12:22:49,352 - INFO - opti_instance - opti_loop : Pulse downloaded
2018-12-17 12:22:49,352 - INFO - opti_instance - opti_loop : Preparing figure of merit evaluation...
2018-12-17 12:22:49,486 - INFO - opti_instance - opti_loop : Preparations complete
2018-12-17 12:22:49,486 - INFO - opti_instance - opti_loop : Waiting for figure of merit evaluation...
2018-12-17 12:22:49,838 - INFO - opti_instance - opti_loop : Figure of merit recieved
2018-12-17 12:22:49,838 - INFO - opti_instance - opti_loop : Checking server status
2018-12-17 12:22:49,938 - INFO - opti_instance - opti_loop : Status checked successfully
2018-12-17 12:22:49,954 - INFO - opti_instance - opti_loop : Sending figure of merit to server
2018-12-17 12:22:50,239 - INFO - opti_instance - opti_loop : Figure of merit was sent
2018-12-17 12:22:50,239 - INFO - opti_instance - opti_loop : Checking if figure of merit record is reached
2018-12-17 12:22:50,270 - WARNING - remote_module - _re_exists: OSError: ./RedCRAB/exchange/exchangejob24/fom_record.txt does not exist, exit code -3
2018-12-17 12:22:50,410 - WARNING - remote_module - _re_exists: OSError: ./RedCRAB/exchange/exchangejob24/fom_record.txt does not exist, exit code -3
2018-12-17 12:22:50,855 - INFO - opti_instance - opti_loop : Record not reached 
2018-12-17 12:22:50,886 - INFO - opti_instance - opti_loop : Waiting for pulse update...
2018-12-17 12:22:50,939 - INFO - opti_instance - _check_server_message : New server message
2018-12-17 12:22:51,171 - INFO - opti_instance - _read_server_message : Optimization finished without errors
2018-12-17 12:22:51,171 - INFO - redcrab - opti_instance : Handling exit.
2018-12-17 12:22:51,741 - INFO - remote_module - close_sftp_connection: SFTP connection closed
2018-12-17 12:22:51,741 - INFO - remote_module - close_ssh_connection: SSH connection closed
2018-12-17 12:22:51,757 - INFO - redcrab - opti_instance : Exit handled successfully.
2018-12-17 12:22:51,757 - INFO - redcrab - opti_instance : RedCRAB transmission ended.
