2019-04-02 14:22:12,849 - INFO - redcrab - main : Starting new RedCRAB optimization run
2019-04-02 14:22:12,849 - INFO - redcrab - main : Initialization...
2019-04-02 14:22:12,865 - INFO - redcrab - main : User Job id is: 6
2019-04-02 14:22:12,865 - INFO - redcrab - main : Internal User Job id is: 15542077328506
2019-04-02 14:22:12,865 - INFO - redcrab - main : Manage logging...
2019-04-02 14:22:12,881 - INFO - redcrab - main : Logging handled
2019-04-02 14:22:12,881 - INFO - redcrab - main : Establish server connection...
2019-04-02 14:22:12,881 - INFO - remote_module - ssh_connect: Trying to connect to granat.physik.uni-ulm.de (1/10)
2019-04-02 14:22:13,267 - INFO - remote_module - ssh_connect: Connected to granat.physik.uni-ulm.de
2019-04-02 14:22:13,501 - INFO - remote_module - sftp_connect: Opened ftp channel
2019-04-02 14:22:13,501 - INFO - remote_module - set_ftp_channel_timeout: set ftp channel timeout to: 15
2019-04-02 14:22:13,501 - INFO - redcrab - main : Checking server status
2019-04-02 14:22:13,567 - INFO - redcrab - main : Server status ok
2019-04-02 14:22:13,567 - INFO - redcrab - main : Sending config file to server...
2019-04-02 14:22:13,752 - INFO - redcrab - main : Config file sent sucessfully...
2019-04-02 14:22:13,752 - INFO - redcrab - main : Waiting for server answer...
2019-04-02 14:22:20,681 - INFO - redcrab - main : Server job id is: 290
2019-04-02 14:22:20,681 - INFO - redcrab - main : Server answer recieved
2019-04-02 14:22:20,681 - INFO - redcrab - main : Doing final preparations...
2019-04-02 14:22:22,924 - INFO - redcrab - main : Preparations finished...
2019-04-02 14:22:22,924 - INFO - redcrab - stopper_instance : Starting stopper instance.
2019-04-02 14:22:22,924 - INFO - redcrab - opti_instance : Initializing transmission...
2019-04-02 14:22:28,956 - INFO - redcrab - opti_instance : Starting transmission.
2019-04-02 14:22:29,007 - INFO - opti_instance - opti_loop : Waiting for pulse update...
2019-04-02 14:22:29,081 - INFO - opti_instance - _check_server_message : New server message
2019-04-02 14:22:29,297 - INFO - opti_instance - _read_server_message : Superiteration: 1, NM iteration: 0, NM function evaluation: 1, Total function evaluations: 1
2019-04-02 14:22:29,297 - INFO - opti_instance - opti_loop : Pulse updated
2019-04-02 14:22:29,297 - INFO - opti_instance - opti_loop : Downloading pulse...
2019-04-02 14:22:29,525 - INFO - opti_instance - opti_loop : Pulse downloaded
2019-04-02 14:22:29,525 - INFO - opti_instance - opti_loop : Preparing figure of merit evaluation...
2019-04-02 14:22:29,649 - INFO - opti_instance - opti_loop : Preparations complete
2019-04-02 14:22:29,649 - INFO - opti_instance - opti_loop : Waiting for figure of merit evaluation...
2019-04-02 14:22:29,680 - INFO - redcrab - opti_instance : An unhandled exception occurred:
2019-04-02 14:22:29,680 - INFO - redcrab - opti_instance : Type: MatlabExecutionError Arguments: ("Undefined function 'objectivefunwrap' for input arguments of type 'double'.\n",)
2019-04-02 14:22:29,696 - INFO - redcrab - opti_instance : Handling exit.
